<testsuites name="test_manipulation.launch.test_manipulation.launch" tests="5" failures="1" errors="3" time="0.234">
    <testsuite name="test_manipulation.launch.test_manipulation.launch.launch_tests" tests="5" failures="1" errors="3" skipped="0" time="0.234">
        <testcase classname="test_manipulation.launch.TestProcOutput" name="test_rosbag_play_finished" time="0.209"/>
        <testcase classname="test_manipulation.launch.TestProcOutputAfterShutdown" name="test_exit_code" time="0.0">
            <failure message="Traceback (most recent call last): File &quot;/ws/src/src/test_manipulation.launch.py&quot;, line 91, in test_exit_code assert proc_info[play_rosbag].returncode == 0 AssertionError "/>
        </testcase>
        <testcase classname="test_manipulation.launch.TestProcOutputAfterShutdown" name="test_servicer_ee_end_position" time="0.023">
            <error message="Traceback (most recent call last): File &quot;/ws/src/src/test_manipulation.launch.py&quot;, line 80, in test_servicer_ee_end_position assert final_servicer_ee_distance &lt; 2.5 TypeError: &apos;&lt;&apos; not supported between instances of &apos;NoneType&apos; and &apos;float&apos; "/>
        </testcase>
        <testcase classname="test_manipulation.launch.TestProcOutputAfterShutdown" name="test_servicer_ee_relative_speed" time="0.001">
            <error message="Traceback (most recent call last): File &quot;/ws/src/src/test_manipulation.launch.py&quot;, line 86, in test_servicer_ee_relative_speed assert final_servicer_ee_relative_speed &lt; 0.1 TypeError: &apos;&lt;&apos; not supported between instances of &apos;NoneType&apos; and &apos;float&apos; "/>
        </testcase>
        <testcase classname="test_manipulation.launch.TestProcOutputAfterShutdown" name="test_servicer_end_position" time="0.001">
            <error message="Traceback (most recent call last): File &quot;/ws/src/src/test_manipulation.launch.py&quot;, line 74, in test_servicer_end_position assert final_servicer_distance &lt; 5.0 TypeError: &apos;&lt;&apos; not supported between instances of &apos;NoneType&apos; and &apos;float&apos; "/>
        </testcase>
    </testsuite>
</testsuites>