[26-01-20 18:37:35] [INFO    ] [DataRetrievalPlugin|DataRetrievalPlugin.__init__] 초기화 시작 params={'args': (<Mock spec='DataLoadService' id='2705674533616'>, <Mock spec='DataAcquisitionPlugin' id='2705674533760'>)}
[26-01-20 18:37:35] [INFO    ] [DataRetrievalPlugin|DataRetrievalPlugin.__init__] 초기화 완료
[26-01-20 18:37:35] [INFO    ] [DataRetrievalPlugin|DataRetrievalPlugin.load_with_auto_fetch] 시작 params={'args': (<candle_data_manager.Core.Models.Symbol.Symbol object at 0x00000275F6C4FD90>, 1609459200, 1609545600)}
[26-01-20 18:37:35] [INFO    ] [DataRetrievalPlugin|DataRetrievalPlugin.load_with_auto_fetch] 종료 result=    timestamp     open     high      low    close  volume
0  1609459200  29000.0  29500.0  28500.0  29200.0  1000.0
1  1609462800  29200.0  29800.0  29000.0  29500.0  1200.0
[26-01-20 18:37:35] [INFO    ] [DataRetrievalPlugin|DataRetrievalPlugin.__init__] 초기화 시작 params={'args': (<Mock spec='DataLoadService' id='2705674829152'>, <Mock spec='DataAcquisitionPlugin' id='2705674829056'>)}
[26-01-20 18:37:35] [INFO    ] [DataRetrievalPlugin|DataRetrievalPlugin.__init__] 초기화 완료
[26-01-20 18:37:35] [INFO    ] [DataRetrievalPlugin|DataRetrievalPlugin.load_with_auto_fetch] 시작 params={'args': (<candle_data_manager.Core.Models.Symbol.Symbol object at 0x00000275F6C96C20>, 1609459200, 1609545600)}
[26-01-20 18:37:35] [INFO    ] [DataRetrievalPlugin|DataRetrievalPlugin.load_with_auto_fetch] 종료 result=    timestamp     open     high      low    close  volume
0  1609459200  29000.0  29500.0  28500.0  29200.0  1000.0
1  1609462800  29200.0  29800.0  29000.0  29500.0  1200.0
[26-01-20 18:37:35] [INFO    ] [DataRetrievalPlugin|DataRetrievalPlugin.__init__] 초기화 시작 params={'args': (<Mock spec='DataLoadService' id='2705674828192'>, <Mock spec='DataAcquisitionPlugin' id='2705674827040'>)}
[26-01-20 18:37:35] [INFO    ] [DataRetrievalPlugin|DataRetrievalPlugin.__init__] 초기화 완료
[26-01-20 18:37:35] [INFO    ] [DataRetrievalPlugin|DataRetrievalPlugin.load_with_auto_fetch] 시작 params={'args': (<candle_data_manager.Core.Models.Symbol.Symbol object at 0x00000275F6C97A60>, 1609459200, 1609545600)}
[26-01-20 18:37:35] [INFO    ] [DataRetrievalPlugin|DataRetrievalPlugin.load_with_auto_fetch] 종료 result=    timestamp     open     high      low    close  volume
0  1609459200  29000.0  29500.0  28500.0  29200.0  1000.0
[26-01-20 18:37:35] [INFO    ] [DataRetrievalPlugin|DataRetrievalPlugin.__init__] 초기화 시작 params={'args': (<Mock spec='DataLoadService' id='2705675231744'>, <Mock spec='DataAcquisitionPlugin' id='2705675226128'>)}
[26-01-20 18:37:35] [INFO    ] [DataRetrievalPlugin|DataRetrievalPlugin.__init__] 초기화 완료
[26-01-20 18:37:35] [INFO    ] [DataRetrievalPlugin|DataRetrievalPlugin.load_with_auto_fetch] 시작 params={'args': (<candle_data_manager.Core.Models.Symbol.Symbol object at 0x00000275F6CF8CD0>, 1609459200, 1609545600)}
[26-01-20 18:37:35] [ERROR   ] [DataRetrievalPlugin|DataRetrievalPlugin.load_with_auto_fetch] 오류 발생
Traceback (most recent call last):

  File "C:\ProgramData\miniconda3\envs\py310\lib\runpy.py", line 196, in _run_module_as_main
    return _run_code(code, main_globals, None,
           │         │     └ {'__name__': '__main__', '__doc__': None, '__package__': '', '__loader__': <zipimporter object "C:\ProgramData\Miniconda3\env...
           │         └ <code object <module> at 0x00000275D68D87C0, file "C:\ProgramData\Miniconda3\envs\py310\Scripts\pytest.exe\__main__.py", line 1>
           └ <function _run_code at 0x00000275D68B5240>

  File "C:\ProgramData\miniconda3\envs\py310\lib\runpy.py", line 86, in _run_code
    exec(code, run_globals)
         │     └ {'__name__': '__main__', '__doc__': None, '__package__': '', '__loader__': <zipimporter object "C:\ProgramData\Miniconda3\env...
         └ <code object <module> at 0x00000275D68D87C0, file "C:\ProgramData\Miniconda3\envs\py310\Scripts\pytest.exe\__main__.py", line 1>

  File "C:\ProgramData\Miniconda3\envs\py310\Scripts\pytest.exe\__main__.py", line 6, in <module>

  File "C:\ProgramData\miniconda3\envs\py310\lib\site-packages\_pytest\config\__init__.py", line 221, in console_main
    code = main()
           └ <function main at 0x00000275D74CB7F0>

  File "C:\ProgramData\miniconda3\envs\py310\lib\site-packages\_pytest\config\__init__.py", line 197, in main
    ret: ExitCode | int = config.hook.pytest_cmdline_main(config=config)
         │                │      │    │                          └ <_pytest.config.Config object at 0x00000275D7767580>
         │                │      │    └ <HookCaller 'pytest_cmdline_main'>
         │                │      └ <_pytest.config.compat.PathAwareHookProxy object at 0x00000275D77A0550>
         │                └ <_pytest.config.Config object at 0x00000275D7767580>
         └ <enum 'ExitCode'>

  File "C:\ProgramData\miniconda3\envs\py310\lib\site-packages\pluggy\_hooks.py", line 512, in __call__
    return self._hookexec(self.name, self._hookimpls.copy(), kwargs, firstresult)
           │    │         │    │     │    │                  │       └ True
           │    │         │    │     │    │                  └ {'config': <_pytest.config.Config object at 0x00000275D7767580>}
           │    │         │    │     │    └ <member '_hookimpls' of 'HookCaller' objects>
           │    │         │    │     └ <HookCaller 'pytest_cmdline_main'>
           │    │         │    └ <member 'name' of 'HookCaller' objects>
           │    │         └ <HookCaller 'pytest_cmdline_main'>
           │    └ <member '_hookexec' of 'HookCaller' objects>
           └ <HookCaller 'pytest_cmdline_main'>

  File "C:\ProgramData\miniconda3\envs\py310\lib\site-packages\pluggy\_manager.py", line 120, in _hookexec
    return self._inner_hookexec(hook_name, methods, kwargs, firstresult)
           │    │               │          │        │       └ True
           │    │               │          │        └ {'config': <_pytest.config.Config object at 0x00000275D7767580>}
           │    │               │          └ [<HookImpl plugin_name='main', plugin=<module '_pytest.main' from 'C:\\ProgramData\\miniconda3\\envs\\py310\\lib\\site-packag...
           │    │               └ 'pytest_cmdline_main'
           │    └ <function _multicall at 0x00000275D6C14C10>
           └ <_pytest.config.PytestPluginManager object at 0x00000275D68A9210>

  File "C:\ProgramData\miniconda3\envs\py310\lib\site-packages\pluggy\_callers.py", line 121, in _multicall
    res = hook_impl.function(*args)
          │         │         └ [<_pytest.config.Config object at 0x00000275D7767580>]
          │         └ <member 'function' of 'HookImpl' objects>
          └ <HookImpl plugin_name='main', plugin=<module '_pytest.main' from 'C:\\ProgramData\\miniconda3\\envs\\py310\\lib\\site-package...

  File "C:\ProgramData\miniconda3\envs\py310\lib\site-packages\_pytest\main.py", line 365, in pytest_cmdline_main
    return wrap_session(config, _main)
           │            │       └ <function _main at 0x00000275D757AC20>
           │            └ <_pytest.config.Config object at 0x00000275D7767580>
           └ <function wrap_session at 0x00000275D757AB00>

  File "C:\ProgramData\miniconda3\envs\py310\lib\site-packages\_pytest\main.py", line 318, in wrap_session
    session.exitstatus = doit(config, session) or 0
    │       │            │    │       └ <Session  exitstatus=<ExitCode.OK: 0> testsfailed=0 testscollected=5>
    │       │            │    └ <_pytest.config.Config object at 0x00000275D7767580>
    │       │            └ <function _main at 0x00000275D757AC20>
    │       └ <ExitCode.OK: 0>
    └ <Session  exitstatus=<ExitCode.OK: 0> testsfailed=0 testscollected=5>

  File "C:\ProgramData\miniconda3\envs\py310\lib\site-packages\_pytest\main.py", line 372, in _main
    config.hook.pytest_runtestloop(session=session)
    │      │    │                          └ <Session  exitstatus=<ExitCode.OK: 0> testsfailed=0 testscollected=5>
    │      │    └ <HookCaller 'pytest_runtestloop'>
    │      └ <_pytest.config.compat.PathAwareHookProxy object at 0x00000275D77A0550>
    └ <_pytest.config.Config object at 0x00000275D7767580>

  File "C:\ProgramData\miniconda3\envs\py310\lib\site-packages\pluggy\_hooks.py", line 512, in __call__
    return self._hookexec(self.name, self._hookimpls.copy(), kwargs, firstresult)
           │    │         │    │     │    │                  │       └ True
           │    │         │    │     │    │                  └ {'session': <Session  exitstatus=<ExitCode.OK: 0> testsfailed=0 testscollected=5>}
           │    │         │    │     │    └ <member '_hookimpls' of 'HookCaller' objects>
           │    │         │    │     └ <HookCaller 'pytest_runtestloop'>
           │    │         │    └ <member 'name' of 'HookCaller' objects>
           │    │         └ <HookCaller 'pytest_runtestloop'>
           │    └ <member '_hookexec' of 'HookCaller' objects>
           └ <HookCaller 'pytest_runtestloop'>

  File "C:\ProgramData\miniconda3\envs\py310\lib\site-packages\pluggy\_manager.py", line 120, in _hookexec
    return self._inner_hookexec(hook_name, methods, kwargs, firstresult)
           │    │               │          │        │       └ True
           │    │               │          │        └ {'session': <Session  exitstatus=<ExitCode.OK: 0> testsfailed=0 testscollected=5>}
           │    │               │          └ [<HookImpl plugin_name='main', plugin=<module '_pytest.main' from 'C:\\ProgramData\\miniconda3\\envs\\py310\\lib\\site-packag...
           │    │               └ 'pytest_runtestloop'
           │    └ <function _multicall at 0x00000275D6C14C10>
           └ <_pytest.config.PytestPluginManager object at 0x00000275D68A9210>

  File "C:\ProgramData\miniconda3\envs\py310\lib\site-packages\pluggy\_callers.py", line 121, in _multicall
    res = hook_impl.function(*args)
          │         │         └ [<Session  exitstatus=<ExitCode.OK: 0> testsfailed=0 testscollected=5>]
          │         └ <member 'function' of 'HookImpl' objects>
          └ <HookImpl plugin_name='main', plugin=<module '_pytest.main' from 'C:\\ProgramData\\miniconda3\\envs\\py310\\lib\\site-package...

  File "C:\ProgramData\miniconda3\envs\py310\lib\site-packages\_pytest\main.py", line 396, in pytest_runtestloop
    item.config.hook.pytest_runtest_protocol(item=item, nextitem=nextitem)
    │    │                                        │              └ <Function test_load_with_auto_fetch_propagates_acquisition_error>
    │    │                                        └ <Function test_load_with_auto_fetch_propagates_load_error>
    │    └ <member 'config' of 'Node' objects>
    └ <Function test_load_with_auto_fetch_propagates_load_error>

  File "C:\ProgramData\miniconda3\envs\py310\lib\site-packages\pluggy\_hooks.py", line 512, in __call__
    return self._hookexec(self.name, self._hookimpls.copy(), kwargs, firstresult)
           │    │         │    │     │    │                  │       └ True
           │    │         │    │     │    │                  └ {'item': <Function test_load_with_auto_fetch_propagates_load_error>, 'nextitem': <Function test_load_with_auto_fetch_propagat...
           │    │         │    │     │    └ <member '_hookimpls' of 'HookCaller' objects>
           │    │         │    │     └ <HookCaller 'pytest_runtest_protocol'>
           │    │         │    └ <member 'name' of 'HookCaller' objects>
           │    │         └ <HookCaller 'pytest_runtest_protocol'>
           │    └ <member '_hookexec' of 'HookCaller' objects>
           └ <HookCaller 'pytest_runtest_protocol'>

  File "C:\ProgramData\miniconda3\envs\py310\lib\site-packages\pluggy\_manager.py", line 120, in _hookexec
    return self._inner_hookexec(hook_name, methods, kwargs, firstresult)
           │    │               │          │        │       └ True
           │    │               │          │        └ {'item': <Function test_load_with_auto_fetch_propagates_load_error>, 'nextitem': <Function test_load_with_auto_fetch_propagat...
           │    │               │          └ [<HookImpl plugin_name='runner', plugin=<module '_pytest.runner' from 'C:\\ProgramData\\miniconda3\\envs\\py310\\lib\\site-pa...
           │    │               └ 'pytest_runtest_protocol'
           │    └ <function _multicall at 0x00000275D6C14C10>
           └ <_pytest.config.PytestPluginManager object at 0x00000275D68A9210>

  File "C:\ProgramData\miniconda3\envs\py310\lib\site-packages\pluggy\_callers.py", line 121, in _multicall
    res = hook_impl.function(*args)
          │         │         └ [<Function test_load_with_auto_fetch_propagates_load_error>, <Function test_load_with_auto_fetch_propagates_acquisition_error>]
          │         └ <member 'function' of 'HookImpl' objects>
          └ <HookImpl plugin_name='runner', plugin=<module '_pytest.runner' from 'C:\\ProgramData\\miniconda3\\envs\\py310\\lib\\site-pac...

  File "C:\ProgramData\miniconda3\envs\py310\lib\site-packages\_pytest\runner.py", line 118, in pytest_runtest_protocol
    runtestprotocol(item, nextitem=nextitem)
    │               │              └ <Function test_load_with_auto_fetch_propagates_acquisition_error>
    │               └ <Function test_load_with_auto_fetch_propagates_load_error>
    └ <function runtestprotocol at 0x00000275D7579E10>

  File "C:\ProgramData\miniconda3\envs\py310\lib\site-packages\_pytest\runner.py", line 137, in runtestprotocol
    reports.append(call_and_report(item, "call", log))
    │       │      │               │             └ True
    │       │      │               └ <Function test_load_with_auto_fetch_propagates_load_error>
    │       │      └ <function call_and_report at 0x00000275D757A200>
    │       └ <method 'append' of 'list' objects>
    └ [<TestReport 'tests/Plugin/DataRetrievalPlugin/test_data_retrieval_plugin.py::test_load_with_auto_fetch_propagates_load_error...

  File "C:\ProgramData\miniconda3\envs\py310\lib\site-packages\_pytest\runner.py", line 244, in call_and_report
    call = CallInfo.from_call(
           │        └ <classmethod(<function CallInfo.from_call at 0x00000275D757A560>)>
           └ <class '_pytest.runner.CallInfo'>

  File "C:\ProgramData\miniconda3\envs\py310\lib\site-packages\_pytest\runner.py", line 353, in from_call
    result: TResult | None = func()
            │                └ <function call_and_report.<locals>.<lambda> at 0x00000275F6C6F880>
            └ +TResult

  File "C:\ProgramData\miniconda3\envs\py310\lib\site-packages\_pytest\runner.py", line 245, in <lambda>
    lambda: runtest_hook(item=item, **kwds),
            │                 │       └ {}
            │                 └ <Function test_load_with_auto_fetch_propagates_load_error>
            └ <HookCaller 'pytest_runtest_call'>

  File "C:\ProgramData\miniconda3\envs\py310\lib\site-packages\pluggy\_hooks.py", line 512, in __call__
    return self._hookexec(self.name, self._hookimpls.copy(), kwargs, firstresult)
           │    │         │    │     │    │                  │       └ False
           │    │         │    │     │    │                  └ {'item': <Function test_load_with_auto_fetch_propagates_load_error>}
           │    │         │    │     │    └ <member '_hookimpls' of 'HookCaller' objects>
           │    │         │    │     └ <HookCaller 'pytest_runtest_call'>
           │    │         │    └ <member 'name' of 'HookCaller' objects>
           │    │         └ <HookCaller 'pytest_runtest_call'>
           │    └ <member '_hookexec' of 'HookCaller' objects>
           └ <HookCaller 'pytest_runtest_call'>

  File "C:\ProgramData\miniconda3\envs\py310\lib\site-packages\pluggy\_manager.py", line 120, in _hookexec
    return self._inner_hookexec(hook_name, methods, kwargs, firstresult)
           │    │               │          │        │       └ False
           │    │               │          │        └ {'item': <Function test_load_with_auto_fetch_propagates_load_error>}
           │    │               │          └ [<HookImpl plugin_name='threadexception', plugin=<module '_pytest.threadexception' from 'C:\\ProgramData\\miniconda3\\envs\\p...
           │    │               └ 'pytest_runtest_call'
           │    └ <function _multicall at 0x00000275D6C14C10>
           └ <_pytest.config.PytestPluginManager object at 0x00000275D68A9210>

  File "C:\ProgramData\miniconda3\envs\py310\lib\site-packages\pluggy\_callers.py", line 121, in _multicall
    res = hook_impl.function(*args)
          │         │         └ [<Function test_load_with_auto_fetch_propagates_load_error>]
          │         └ <member 'function' of 'HookImpl' objects>
          └ <HookImpl plugin_name='runner', plugin=<module '_pytest.runner' from 'C:\\ProgramData\\miniconda3\\envs\\py310\\lib\\site-pac...

  File "C:\ProgramData\miniconda3\envs\py310\lib\site-packages\_pytest\runner.py", line 179, in pytest_runtest_call
    item.runtest()
    │    └ <function Function.runtest at 0x00000275D76AAE60>
    └ <Function test_load_with_auto_fetch_propagates_load_error>

  File "C:\ProgramData\miniconda3\envs\py310\lib\site-packages\_pytest\python.py", line 1720, in runtest
    self.ihook.pytest_pyfunc_call(pyfuncitem=self)
    │    │                                   └ <Function test_load_with_auto_fetch_propagates_load_error>
    │    └ <property object at 0x00000275D74F1DA0>
    └ <Function test_load_with_auto_fetch_propagates_load_error>

  File "C:\ProgramData\miniconda3\envs\py310\lib\site-packages\pluggy\_hooks.py", line 512, in __call__
    return self._hookexec(self.name, self._hookimpls.copy(), kwargs, firstresult)
           │    │         │    │     │    │                  │       └ True
           │    │         │    │     │    │                  └ {'pyfuncitem': <Function test_load_with_auto_fetch_propagates_load_error>}
           │    │         │    │     │    └ <member '_hookimpls' of 'HookCaller' objects>
           │    │         │    │     └ <HookCaller 'pytest_pyfunc_call'>
           │    │         │    └ <member 'name' of 'HookCaller' objects>
           │    │         └ <HookCaller 'pytest_pyfunc_call'>
           │    └ <member '_hookexec' of 'HookCaller' objects>
           └ <HookCaller 'pytest_pyfunc_call'>

  File "C:\ProgramData\miniconda3\envs\py310\lib\site-packages\pluggy\_manager.py", line 120, in _hookexec
    return self._inner_hookexec(hook_name, methods, kwargs, firstresult)
           │    │               │          │        │       └ True
           │    │               │          │        └ {'pyfuncitem': <Function test_load_with_auto_fetch_propagates_load_error>}
           │    │               │          └ [<HookImpl plugin_name='python', plugin=<module '_pytest.python' from 'C:\\ProgramData\\miniconda3\\envs\\py310\\lib\\site-pa...
           │    │               └ 'pytest_pyfunc_call'
           │    └ <function _multicall at 0x00000275D6C14C10>
           └ <_pytest.config.PytestPluginManager object at 0x00000275D68A9210>

  File "C:\ProgramData\miniconda3\envs\py310\lib\site-packages\pluggy\_callers.py", line 121, in _multicall
    res = hook_impl.function(*args)
          │         │         └ [<Function test_load_with_auto_fetch_propagates_load_error>]
          │         └ <member 'function' of 'HookImpl' objects>
          └ <HookImpl plugin_name='python', plugin=<module '_pytest.python' from 'C:\\ProgramData\\miniconda3\\envs\\py310\\lib\\site-pac...

  File "C:\ProgramData\miniconda3\envs\py310\lib\site-packages\_pytest\python.py", line 166, in pytest_pyfunc_call
    result = testfunction(**testargs)
             │              └ {'data_retrieval_plugin': <candle_data_manager.Plugin.DataRetrievalPlugin.DataRetrievalPlugin.DataRetrievalPlugin object at 0...
             └ <function test_load_with_auto_fetch_propagates_load_error at 0x00000275F6C6F0A0>

  File "C:\Projects\CandleDataManager\tests\Plugin\DataRetrievalPlugin\test_data_retrieval_plugin.py", line 151, in test_load_with_auto_fetch_propagates_load_error
    data_retrieval_plugin.load_with_auto_fetch(sample_symbol, start_at, end_at)
    │                     │                    │              │         └ 1609545600
    │                     │                    │              └ 1609459200
    │                     │                    └ <candle_data_manager.Core.Models.Symbol.Symbol object at 0x00000275F6CF8CD0>
    │                     └ <function DataRetrievalPlugin.load_with_auto_fetch at 0x00000275F6C6EEF0>
    └ <candle_data_manager.Plugin.DataRetrievalPlugin.DataRetrievalPlugin.DataRetrievalPlugin object at 0x00000275F6CF8D30>

> File "C:\ProgramData\miniconda3\envs\py310\lib\site-packages\simple_logger\logger.py", line 202, in sync_wrapper
    result = func(*args, **kwargs)
             │     │       └ {}
             │     └ (<candle_data_manager.Plugin.DataRetrievalPlugin.DataRetrievalPlugin.DataRetrievalPlugin object at 0x00000275F6CF8D30>, <cand...
             └ <function DataRetrievalPlugin.load_with_auto_fetch at 0x00000275F3F00040>

  File "C:\Projects\CandleDataManager\src\candle_data_manager\Plugin\DataRetrievalPlugin\DataRetrievalPlugin.py", line 27, in load_with_auto_fetch
    df = self._load_service.load(symbol, start_at, end_at)
         │    │                  │       │         └ 1609545600
         │    │                  │       └ 1609459200
         │    │                  └ <candle_data_manager.Core.Models.Symbol.Symbol object at 0x00000275F6CF8CD0>
         │    └ <Mock spec='DataLoadService' id='2705675231744'>
         └ <candle_data_manager.Plugin.DataRetrievalPlugin.DataRetrievalPlugin.DataRetrievalPlugin object at 0x00000275F6CF8D30>

  File "C:\ProgramData\miniconda3\envs\py310\lib\unittest\mock.py", line 1114, in __call__
    return self._mock_call(*args, **kwargs)
           │    │           │       └ {}
           │    │           └ (<candle_data_manager.Core.Models.Symbol.Symbol object at 0x00000275F6CF8CD0>, 1609459200, 1609545600)
           │    └ <function CallableMixin._mock_call at 0x00000275F30F3F40>
           └ <Mock name='mock.load' id='2705674828000'>

  File "C:\ProgramData\miniconda3\envs\py310\lib\unittest\mock.py", line 1118, in _mock_call
    return self._execute_mock_call(*args, **kwargs)
           │    │                   │       └ {}
           │    │                   └ (<candle_data_manager.Core.Models.Symbol.Symbol object at 0x00000275F6CF8CD0>, 1609459200, 1609545600)
           │    └ <function CallableMixin._execute_mock_call at 0x00000275F31180D0>
           └ <Mock name='mock.load' id='2705674828000'>

  File "C:\ProgramData\miniconda3\envs\py310\lib\unittest\mock.py", line 1173, in _execute_mock_call
    raise effect
          └ Exception('Database error')

Exception: Database error
[26-01-20 18:37:36] [INFO    ] [DataRetrievalPlugin|DataRetrievalPlugin.__init__] 초기화 시작 params={'args': (<Mock spec='DataLoadService' id='2705675236160'>, <Mock spec='DataAcquisitionPlugin' id='2705675223968'>)}
[26-01-20 18:37:36] [INFO    ] [DataRetrievalPlugin|DataRetrievalPlugin.__init__] 초기화 완료
[26-01-20 18:37:36] [INFO    ] [DataRetrievalPlugin|DataRetrievalPlugin.load_with_auto_fetch] 시작 params={'args': (<candle_data_manager.Core.Models.Symbol.Symbol object at 0x00000275F6CF8BB0>, 1609459200, 1609545600)}
[26-01-20 18:37:36] [ERROR   ] [DataRetrievalPlugin|DataRetrievalPlugin.load_with_auto_fetch] 오류 발생
Traceback (most recent call last):

  File "C:\ProgramData\miniconda3\envs\py310\lib\runpy.py", line 196, in _run_module_as_main
    return _run_code(code, main_globals, None,
           │         │     └ {'__name__': '__main__', '__doc__': None, '__package__': '', '__loader__': <zipimporter object "C:\ProgramData\Miniconda3\env...
           │         └ <code object <module> at 0x00000275D68D87C0, file "C:\ProgramData\Miniconda3\envs\py310\Scripts\pytest.exe\__main__.py", line 1>
           └ <function _run_code at 0x00000275D68B5240>

  File "C:\ProgramData\miniconda3\envs\py310\lib\runpy.py", line 86, in _run_code
    exec(code, run_globals)
         │     └ {'__name__': '__main__', '__doc__': None, '__package__': '', '__loader__': <zipimporter object "C:\ProgramData\Miniconda3\env...
         └ <code object <module> at 0x00000275D68D87C0, file "C:\ProgramData\Miniconda3\envs\py310\Scripts\pytest.exe\__main__.py", line 1>

  File "C:\ProgramData\Miniconda3\envs\py310\Scripts\pytest.exe\__main__.py", line 6, in <module>

  File "C:\ProgramData\miniconda3\envs\py310\lib\site-packages\_pytest\config\__init__.py", line 221, in console_main
    code = main()
           └ <function main at 0x00000275D74CB7F0>

  File "C:\ProgramData\miniconda3\envs\py310\lib\site-packages\_pytest\config\__init__.py", line 197, in main
    ret: ExitCode | int = config.hook.pytest_cmdline_main(config=config)
         │                │      │    │                          └ <_pytest.config.Config object at 0x00000275D7767580>
         │                │      │    └ <HookCaller 'pytest_cmdline_main'>
         │                │      └ <_pytest.config.compat.PathAwareHookProxy object at 0x00000275D77A0550>
         │                └ <_pytest.config.Config object at 0x00000275D7767580>
         └ <enum 'ExitCode'>

  File "C:\ProgramData\miniconda3\envs\py310\lib\site-packages\pluggy\_hooks.py", line 512, in __call__
    return self._hookexec(self.name, self._hookimpls.copy(), kwargs, firstresult)
           │    │         │    │     │    │                  │       └ True
           │    │         │    │     │    │                  └ {'config': <_pytest.config.Config object at 0x00000275D7767580>}
           │    │         │    │     │    └ <member '_hookimpls' of 'HookCaller' objects>
           │    │         │    │     └ <HookCaller 'pytest_cmdline_main'>
           │    │         │    └ <member 'name' of 'HookCaller' objects>
           │    │         └ <HookCaller 'pytest_cmdline_main'>
           │    └ <member '_hookexec' of 'HookCaller' objects>
           └ <HookCaller 'pytest_cmdline_main'>

  File "C:\ProgramData\miniconda3\envs\py310\lib\site-packages\pluggy\_manager.py", line 120, in _hookexec
    return self._inner_hookexec(hook_name, methods, kwargs, firstresult)
           │    │               │          │        │       └ True
           │    │               │          │        └ {'config': <_pytest.config.Config object at 0x00000275D7767580>}
           │    │               │          └ [<HookImpl plugin_name='main', plugin=<module '_pytest.main' from 'C:\\ProgramData\\miniconda3\\envs\\py310\\lib\\site-packag...
           │    │               └ 'pytest_cmdline_main'
           │    └ <function _multicall at 0x00000275D6C14C10>
           └ <_pytest.config.PytestPluginManager object at 0x00000275D68A9210>

  File "C:\ProgramData\miniconda3\envs\py310\lib\site-packages\pluggy\_callers.py", line 121, in _multicall
    res = hook_impl.function(*args)
          │         │         └ [<_pytest.config.Config object at 0x00000275D7767580>]
          │         └ <member 'function' of 'HookImpl' objects>
          └ <HookImpl plugin_name='main', plugin=<module '_pytest.main' from 'C:\\ProgramData\\miniconda3\\envs\\py310\\lib\\site-package...

  File "C:\ProgramData\miniconda3\envs\py310\lib\site-packages\_pytest\main.py", line 365, in pytest_cmdline_main
    return wrap_session(config, _main)
           │            │       └ <function _main at 0x00000275D757AC20>
           │            └ <_pytest.config.Config object at 0x00000275D7767580>
           └ <function wrap_session at 0x00000275D757AB00>

  File "C:\ProgramData\miniconda3\envs\py310\lib\site-packages\_pytest\main.py", line 318, in wrap_session
    session.exitstatus = doit(config, session) or 0
    │       │            │    │       └ <Session  exitstatus=<ExitCode.OK: 0> testsfailed=0 testscollected=5>
    │       │            │    └ <_pytest.config.Config object at 0x00000275D7767580>
    │       │            └ <function _main at 0x00000275D757AC20>
    │       └ <ExitCode.OK: 0>
    └ <Session  exitstatus=<ExitCode.OK: 0> testsfailed=0 testscollected=5>

  File "C:\ProgramData\miniconda3\envs\py310\lib\site-packages\_pytest\main.py", line 372, in _main
    config.hook.pytest_runtestloop(session=session)
    │      │    │                          └ <Session  exitstatus=<ExitCode.OK: 0> testsfailed=0 testscollected=5>
    │      │    └ <HookCaller 'pytest_runtestloop'>
    │      └ <_pytest.config.compat.PathAwareHookProxy object at 0x00000275D77A0550>
    └ <_pytest.config.Config object at 0x00000275D7767580>

  File "C:\ProgramData\miniconda3\envs\py310\lib\site-packages\pluggy\_hooks.py", line 512, in __call__
    return self._hookexec(self.name, self._hookimpls.copy(), kwargs, firstresult)
           │    │         │    │     │    │                  │       └ True
           │    │         │    │     │    │                  └ {'session': <Session  exitstatus=<ExitCode.OK: 0> testsfailed=0 testscollected=5>}
           │    │         │    │     │    └ <member '_hookimpls' of 'HookCaller' objects>
           │    │         │    │     └ <HookCaller 'pytest_runtestloop'>
           │    │         │    └ <member 'name' of 'HookCaller' objects>
           │    │         └ <HookCaller 'pytest_runtestloop'>
           │    └ <member '_hookexec' of 'HookCaller' objects>
           └ <HookCaller 'pytest_runtestloop'>

  File "C:\ProgramData\miniconda3\envs\py310\lib\site-packages\pluggy\_manager.py", line 120, in _hookexec
    return self._inner_hookexec(hook_name, methods, kwargs, firstresult)
           │    │               │          │        │       └ True
           │    │               │          │        └ {'session': <Session  exitstatus=<ExitCode.OK: 0> testsfailed=0 testscollected=5>}
           │    │               │          └ [<HookImpl plugin_name='main', plugin=<module '_pytest.main' from 'C:\\ProgramData\\miniconda3\\envs\\py310\\lib\\site-packag...
           │    │               └ 'pytest_runtestloop'
           │    └ <function _multicall at 0x00000275D6C14C10>
           └ <_pytest.config.PytestPluginManager object at 0x00000275D68A9210>

  File "C:\ProgramData\miniconda3\envs\py310\lib\site-packages\pluggy\_callers.py", line 121, in _multicall
    res = hook_impl.function(*args)
          │         │         └ [<Session  exitstatus=<ExitCode.OK: 0> testsfailed=0 testscollected=5>]
          │         └ <member 'function' of 'HookImpl' objects>
          └ <HookImpl plugin_name='main', plugin=<module '_pytest.main' from 'C:\\ProgramData\\miniconda3\\envs\\py310\\lib\\site-package...

  File "C:\ProgramData\miniconda3\envs\py310\lib\site-packages\_pytest\main.py", line 396, in pytest_runtestloop
    item.config.hook.pytest_runtest_protocol(item=item, nextitem=nextitem)
    │    │                                        │              └ None
    │    │                                        └ <Function test_load_with_auto_fetch_propagates_acquisition_error>
    │    └ <member 'config' of 'Node' objects>
    └ <Function test_load_with_auto_fetch_propagates_acquisition_error>

  File "C:\ProgramData\miniconda3\envs\py310\lib\site-packages\pluggy\_hooks.py", line 512, in __call__
    return self._hookexec(self.name, self._hookimpls.copy(), kwargs, firstresult)
           │    │         │    │     │    │                  │       └ True
           │    │         │    │     │    │                  └ {'item': <Function test_load_with_auto_fetch_propagates_acquisition_error>, 'nextitem': None}
           │    │         │    │     │    └ <member '_hookimpls' of 'HookCaller' objects>
           │    │         │    │     └ <HookCaller 'pytest_runtest_protocol'>
           │    │         │    └ <member 'name' of 'HookCaller' objects>
           │    │         └ <HookCaller 'pytest_runtest_protocol'>
           │    └ <member '_hookexec' of 'HookCaller' objects>
           └ <HookCaller 'pytest_runtest_protocol'>

  File "C:\ProgramData\miniconda3\envs\py310\lib\site-packages\pluggy\_manager.py", line 120, in _hookexec
    return self._inner_hookexec(hook_name, methods, kwargs, firstresult)
           │    │               │          │        │       └ True
           │    │               │          │        └ {'item': <Function test_load_with_auto_fetch_propagates_acquisition_error>, 'nextitem': None}
           │    │               │          └ [<HookImpl plugin_name='runner', plugin=<module '_pytest.runner' from 'C:\\ProgramData\\miniconda3\\envs\\py310\\lib\\site-pa...
           │    │               └ 'pytest_runtest_protocol'
           │    └ <function _multicall at 0x00000275D6C14C10>
           └ <_pytest.config.PytestPluginManager object at 0x00000275D68A9210>

  File "C:\ProgramData\miniconda3\envs\py310\lib\site-packages\pluggy\_callers.py", line 121, in _multicall
    res = hook_impl.function(*args)
          │         │         └ [<Function test_load_with_auto_fetch_propagates_acquisition_error>, None]
          │         └ <member 'function' of 'HookImpl' objects>
          └ <HookImpl plugin_name='runner', plugin=<module '_pytest.runner' from 'C:\\ProgramData\\miniconda3\\envs\\py310\\lib\\site-pac...

  File "C:\ProgramData\miniconda3\envs\py310\lib\site-packages\_pytest\runner.py", line 118, in pytest_runtest_protocol
    runtestprotocol(item, nextitem=nextitem)
    │               │              └ None
    │               └ <Function test_load_with_auto_fetch_propagates_acquisition_error>
    └ <function runtestprotocol at 0x00000275D7579E10>

  File "C:\ProgramData\miniconda3\envs\py310\lib\site-packages\_pytest\runner.py", line 137, in runtestprotocol
    reports.append(call_and_report(item, "call", log))
    │       │      │               │             └ True
    │       │      │               └ <Function test_load_with_auto_fetch_propagates_acquisition_error>
    │       │      └ <function call_and_report at 0x00000275D757A200>
    │       └ <method 'append' of 'list' objects>
    └ [<TestReport 'tests/Plugin/DataRetrievalPlugin/test_data_retrieval_plugin.py::test_load_with_auto_fetch_propagates_acquisitio...

  File "C:\ProgramData\miniconda3\envs\py310\lib\site-packages\_pytest\runner.py", line 244, in call_and_report
    call = CallInfo.from_call(
           │        └ <classmethod(<function CallInfo.from_call at 0x00000275D757A560>)>
           └ <class '_pytest.runner.CallInfo'>

  File "C:\ProgramData\miniconda3\envs\py310\lib\site-packages\_pytest\runner.py", line 353, in from_call
    result: TResult | None = func()
            │                └ <function call_and_report.<locals>.<lambda> at 0x00000275F6C6F6D0>
            └ +TResult

  File "C:\ProgramData\miniconda3\envs\py310\lib\site-packages\_pytest\runner.py", line 245, in <lambda>
    lambda: runtest_hook(item=item, **kwds),
            │                 │       └ {}
            │                 └ <Function test_load_with_auto_fetch_propagates_acquisition_error>
            └ <HookCaller 'pytest_runtest_call'>

  File "C:\ProgramData\miniconda3\envs\py310\lib\site-packages\pluggy\_hooks.py", line 512, in __call__
    return self._hookexec(self.name, self._hookimpls.copy(), kwargs, firstresult)
           │    │         │    │     │    │                  │       └ False
           │    │         │    │     │    │                  └ {'item': <Function test_load_with_auto_fetch_propagates_acquisition_error>}
           │    │         │    │     │    └ <member '_hookimpls' of 'HookCaller' objects>
           │    │         │    │     └ <HookCaller 'pytest_runtest_call'>
           │    │         │    └ <member 'name' of 'HookCaller' objects>
           │    │         └ <HookCaller 'pytest_runtest_call'>
           │    └ <member '_hookexec' of 'HookCaller' objects>
           └ <HookCaller 'pytest_runtest_call'>

  File "C:\ProgramData\miniconda3\envs\py310\lib\site-packages\pluggy\_manager.py", line 120, in _hookexec
    return self._inner_hookexec(hook_name, methods, kwargs, firstresult)
           │    │               │          │        │       └ False
           │    │               │          │        └ {'item': <Function test_load_with_auto_fetch_propagates_acquisition_error>}
           │    │               │          └ [<HookImpl plugin_name='threadexception', plugin=<module '_pytest.threadexception' from 'C:\\ProgramData\\miniconda3\\envs\\p...
           │    │               └ 'pytest_runtest_call'
           │    └ <function _multicall at 0x00000275D6C14C10>
           └ <_pytest.config.PytestPluginManager object at 0x00000275D68A9210>

  File "C:\ProgramData\miniconda3\envs\py310\lib\site-packages\pluggy\_callers.py", line 121, in _multicall
    res = hook_impl.function(*args)
          │         │         └ [<Function test_load_with_auto_fetch_propagates_acquisition_error>]
          │         └ <member 'function' of 'HookImpl' objects>
          └ <HookImpl plugin_name='runner', plugin=<module '_pytest.runner' from 'C:\\ProgramData\\miniconda3\\envs\\py310\\lib\\site-pac...

  File "C:\ProgramData\miniconda3\envs\py310\lib\site-packages\_pytest\runner.py", line 179, in pytest_runtest_call
    item.runtest()
    │    └ <function Function.runtest at 0x00000275D76AAE60>
    └ <Function test_load_with_auto_fetch_propagates_acquisition_error>

  File "C:\ProgramData\miniconda3\envs\py310\lib\site-packages\_pytest\python.py", line 1720, in runtest
    self.ihook.pytest_pyfunc_call(pyfuncitem=self)
    │    │                                   └ <Function test_load_with_auto_fetch_propagates_acquisition_error>
    │    └ <property object at 0x00000275D74F1DA0>
    └ <Function test_load_with_auto_fetch_propagates_acquisition_error>

  File "C:\ProgramData\miniconda3\envs\py310\lib\site-packages\pluggy\_hooks.py", line 512, in __call__
    return self._hookexec(self.name, self._hookimpls.copy(), kwargs, firstresult)
           │    │         │    │     │    │                  │       └ True
           │    │         │    │     │    │                  └ {'pyfuncitem': <Function test_load_with_auto_fetch_propagates_acquisition_error>}
           │    │         │    │     │    └ <member '_hookimpls' of 'HookCaller' objects>
           │    │         │    │     └ <HookCaller 'pytest_pyfunc_call'>
           │    │         │    └ <member 'name' of 'HookCaller' objects>
           │    │         └ <HookCaller 'pytest_pyfunc_call'>
           │    └ <member '_hookexec' of 'HookCaller' objects>
           └ <HookCaller 'pytest_pyfunc_call'>

  File "C:\ProgramData\miniconda3\envs\py310\lib\site-packages\pluggy\_manager.py", line 120, in _hookexec
    return self._inner_hookexec(hook_name, methods, kwargs, firstresult)
           │    │               │          │        │       └ True
           │    │               │          │        └ {'pyfuncitem': <Function test_load_with_auto_fetch_propagates_acquisition_error>}
           │    │               │          └ [<HookImpl plugin_name='python', plugin=<module '_pytest.python' from 'C:\\ProgramData\\miniconda3\\envs\\py310\\lib\\site-pa...
           │    │               └ 'pytest_pyfunc_call'
           │    └ <function _multicall at 0x00000275D6C14C10>
           └ <_pytest.config.PytestPluginManager object at 0x00000275D68A9210>

  File "C:\ProgramData\miniconda3\envs\py310\lib\site-packages\pluggy\_callers.py", line 121, in _multicall
    res = hook_impl.function(*args)
          │         │         └ [<Function test_load_with_auto_fetch_propagates_acquisition_error>]
          │         └ <member 'function' of 'HookImpl' objects>
          └ <HookImpl plugin_name='python', plugin=<module '_pytest.python' from 'C:\\ProgramData\\miniconda3\\envs\\py310\\lib\\site-pac...

  File "C:\ProgramData\miniconda3\envs\py310\lib\site-packages\_pytest\python.py", line 166, in pytest_pyfunc_call
    result = testfunction(**testargs)
             │              └ {'data_retrieval_plugin': <candle_data_manager.Plugin.DataRetrievalPlugin.DataRetrievalPlugin.DataRetrievalPlugin object at 0...
             └ <function test_load_with_auto_fetch_propagates_acquisition_error at 0x00000275F6C6F130>

  File "C:\Projects\CandleDataManager\tests\Plugin\DataRetrievalPlugin\test_data_retrieval_plugin.py", line 170, in test_load_with_auto_fetch_propagates_acquisition_error
    data_retrieval_plugin.load_with_auto_fetch(sample_symbol, start_at, end_at)
    │                     │                    │              │         └ 1609545600
    │                     │                    │              └ 1609459200
    │                     │                    └ <candle_data_manager.Core.Models.Symbol.Symbol object at 0x00000275F6CF8BB0>
    │                     └ <function DataRetrievalPlugin.load_with_auto_fetch at 0x00000275F6C6EEF0>
    └ <candle_data_manager.Plugin.DataRetrievalPlugin.DataRetrievalPlugin.DataRetrievalPlugin object at 0x00000275F6CFA410>

> File "C:\ProgramData\miniconda3\envs\py310\lib\site-packages\simple_logger\logger.py", line 202, in sync_wrapper
    result = func(*args, **kwargs)
             │     │       └ {}
             │     └ (<candle_data_manager.Plugin.DataRetrievalPlugin.DataRetrievalPlugin.DataRetrievalPlugin object at 0x00000275F6CFA410>, <cand...
             └ <function DataRetrievalPlugin.load_with_auto_fetch at 0x00000275F3F00040>

  File "C:\Projects\CandleDataManager\src\candle_data_manager\Plugin\DataRetrievalPlugin\DataRetrievalPlugin.py", line 31, in load_with_auto_fetch
    self._acquisition_plugin.acquire_and_save(symbol, start_at, end_at)
    │    │                                    │       │         └ 1609545600
    │    │                                    │       └ 1609459200
    │    │                                    └ <candle_data_manager.Core.Models.Symbol.Symbol object at 0x00000275F6CF8BB0>
    │    └ <Mock spec='DataAcquisitionPlugin' id='2705675223968'>
    └ <candle_data_manager.Plugin.DataRetrievalPlugin.DataRetrievalPlugin.DataRetrievalPlugin object at 0x00000275F6CFA410>

  File "C:\ProgramData\miniconda3\envs\py310\lib\unittest\mock.py", line 1114, in __call__
    return self._mock_call(*args, **kwargs)
           │    │           │       └ {}
           │    │           └ (<candle_data_manager.Core.Models.Symbol.Symbol object at 0x00000275F6CF8BB0>, 1609459200, 1609545600)
           │    └ <function CallableMixin._mock_call at 0x00000275F30F3F40>
           └ <Mock name='mock.acquire_and_save' id='2705675232464'>

  File "C:\ProgramData\miniconda3\envs\py310\lib\unittest\mock.py", line 1118, in _mock_call
    return self._execute_mock_call(*args, **kwargs)
           │    │                   │       └ {}
           │    │                   └ (<candle_data_manager.Core.Models.Symbol.Symbol object at 0x00000275F6CF8BB0>, 1609459200, 1609545600)
           │    └ <function CallableMixin._execute_mock_call at 0x00000275F31180D0>
           └ <Mock name='mock.acquire_and_save' id='2705675232464'>

  File "C:\ProgramData\miniconda3\envs\py310\lib\unittest\mock.py", line 1173, in _execute_mock_call
    raise effect
          └ Exception('Fetch error')

Exception: Fetch error
