[26-01-20 18:46:46] [INFO    ] [CandleDataAPI|CandleDataAPI.__init__] 초기화 시작 params={'kwargs': {'connection_manager': <Mock spec='ConnectionManager' id='2646256512416'>, 'update_plugin': <Mock spec='UpdateOrchestrationPlugin' id='2646256586128'>, 'retrieval_plugin': <Mock spec='DataRetrievalPlugin' id='2646256586224'>, 'symbol_service': <Mock spec='SymbolService' id='2646256586464'>, 'market_factory': <Mock spec='MarketFactoryService' id='2646256586608'>}}
[26-01-20 18:46:46] [INFO    ] [CandleDataAPI|CandleDataAPI.__init__] 초기화 완료
[26-01-20 18:46:46] [INFO    ] [CandleDataAPI|CandleDataAPI.active_update] 시작 params={'kwargs': {'archetype': 'CRYPTO', 'exchange': 'BINANCE', 'tradetype': 'SPOT'}}
[26-01-20 18:46:47] [INFO    ] [CandleDataAPI|CandleDataAPI.active_update] 종료 result=UpdateResult(success_symbols=[<candle_data_manager.Core.Models.Symbol.Symbol object at 0x00000268212DD360>], failed_symbols=[], total_rows=1000)
[26-01-20 18:46:47] [INFO    ] [CandleDataAPI|CandleDataAPI.__init__] 초기화 시작 params={'kwargs': {'connection_manager': <Mock spec='ConnectionManager' id='2646256507808'>, 'update_plugin': <Mock spec='UpdateOrchestrationPlugin' id='2646256916496'>, 'retrieval_plugin': <Mock spec='DataRetrievalPlugin' id='2646256916688'>, 'symbol_service': <Mock spec='SymbolService' id='2646256917024'>, 'market_factory': <Mock spec='MarketFactoryService' id='2646256917168'>}}
[26-01-20 18:46:47] [INFO    ] [CandleDataAPI|CandleDataAPI.__init__] 초기화 완료
[26-01-20 18:46:47] [INFO    ] [CandleDataAPI|CandleDataAPI.passive_update] 시작 params={'kwargs': {'archetype': 'CRYPTO', 'exchange': 'BINANCE', 'tradetype': 'SPOT', 'base': 'BTC', 'quote': 'USDT', 'timeframe': '1h', 'buffer_size': 50000}}
[26-01-20 18:46:47] [INFO    ] [CandleDataAPI|CandleDataAPI.passive_update] 종료 result=UpdateResult(success_symbols=[<candle_data_manager.Core.Models.Symbol.Symbol object at 0x0000026821341C90>], failed_symbols=[], total_rows=500)
[26-01-20 18:46:47] [INFO    ] [CandleDataAPI|CandleDataAPI.__init__] 초기화 시작 params={'kwargs': {'connection_manager': <Mock spec='ConnectionManager' id='2646256917600'>, 'update_plugin': <Mock spec='UpdateOrchestrationPlugin' id='2646256926432'>, 'retrieval_plugin': <Mock spec='DataRetrievalPlugin' id='2646256926624'>, 'symbol_service': <Mock spec='SymbolService' id='2646256992560'>, 'market_factory': <Mock spec='MarketFactoryService' id='2646256992704'>}}
[26-01-20 18:46:47] [INFO    ] [CandleDataAPI|CandleDataAPI.__init__] 초기화 완료
[26-01-20 18:46:47] [INFO    ] [CandleDataAPI|CandleDataAPI.passive_update] 시작 params={'kwargs': {'archetype': 'CRYPTO', 'exchange': 'BINANCE'}}
[26-01-20 18:46:47] [INFO    ] [CandleDataAPI|CandleDataAPI.passive_update] 종료 result=UpdateResult(success_symbols=[], failed_symbols=[], total_rows=0)
[26-01-20 18:46:47] [INFO    ] [CandleDataAPI|CandleDataAPI.__init__] 초기화 시작 params={'kwargs': {'connection_manager': <Mock spec='ConnectionManager' id='2646256926624'>, 'update_plugin': <Mock spec='UpdateOrchestrationPlugin' id='2646256597456'>, 'retrieval_plugin': <Mock spec='DataRetrievalPlugin' id='2646256586512'>, 'symbol_service': <Mock spec='SymbolService' id='2646256992560'>, 'market_factory': <Mock spec='MarketFactoryService' id='2646256992656'>}}
[26-01-20 18:46:47] [INFO    ] [CandleDataAPI|CandleDataAPI.__init__] 초기화 완료
[26-01-20 18:46:47] [INFO    ] [CandleDataAPI|CandleDataAPI.load] 시작 params={'kwargs': {'archetype': 'CRYPTO', 'exchange': 'BINANCE', 'tradetype': 'SPOT', 'quote': 'USDT', 'timeframe': '1h', 'start_at': 1609459200, 'end_at': 1609545600, 'limit': 100}}
[26-01-20 18:46:47] [INFO    ] [CandleDataAPI|CandleDataAPI.load] 종료 result=[Market(symbol=<candle_data_manager.Core.Models.Symbol.Symbol object at 0x00000268212F0F40>, candles=   timestamp  close
0          1  100.0), Market(symbol=<candle_data_manager.Core.Models.Symbol.Symbol object at 0x00000268212F39A0>, candles=   timestamp  close
0          1  200.0)]
[26-01-20 18:46:47] [INFO    ] [CandleDataAPI|CandleDataAPI.__init__] 초기화 시작 params={'kwargs': {'connection_manager': <Mock spec='ConnectionManager' id='2646258120736'>, 'update_plugin': <Mock spec='UpdateOrchestrationPlugin' id='2646258112240'>, 'retrieval_plugin': <Mock spec='DataRetrievalPlugin' id='2646258111760'>, 'symbol_service': <Mock spec='SymbolService' id='2646258111568'>, 'market_factory': <Mock spec='MarketFactoryService' id='2646258115024'>}}
[26-01-20 18:46:47] [INFO    ] [CandleDataAPI|CandleDataAPI.__init__] 초기화 완료
[26-01-20 18:46:47] [INFO    ] [CandleDataAPI|CandleDataAPI.load] 시작 params={'kwargs': {'archetype': 'CRYPTO'}}
[26-01-20 18:46:47] [INFO    ] [CandleDataAPI|CandleDataAPI.load] 종료 result=[]
[26-01-20 18:46:47] [INFO    ] [CandleDataAPI|CandleDataAPI.__init__] 초기화 시작 params={'kwargs': {'connection_manager': <Mock spec='ConnectionManager' id='2646258121168'>, 'update_plugin': <Mock spec='UpdateOrchestrationPlugin' id='2646256586032'>, 'retrieval_plugin': <Mock spec='DataRetrievalPlugin' id='2646256597120'>, 'symbol_service': <Mock spec='SymbolService' id='2646256596304'>, 'market_factory': <Mock spec='MarketFactoryService' id='2646256586320'>}}
[26-01-20 18:46:47] [INFO    ] [CandleDataAPI|CandleDataAPI.__init__] 초기화 완료
[26-01-20 18:46:47] [INFO    ] [CandleDataAPI|CandleDataAPI.load] 시작 params={'kwargs': {'limit': 50}}
[26-01-20 18:46:47] [INFO    ] [CandleDataAPI|CandleDataAPI.load] 종료 result=[Market(symbol=<candle_data_manager.Core.Models.Symbol.Symbol object at 0x0000026821343D00>, candles=   timestamp  close
0          1  100.0)]
[26-01-20 18:46:47] [INFO    ] [CandleDataAPI|CandleDataAPI.__init__] 초기화 시작 params={'kwargs': {'connection_manager': <Mock spec='ConnectionManager' id='2646258121600'>, 'update_plugin': <Mock spec='UpdateOrchestrationPlugin' id='2646256922640'>, 'retrieval_plugin': <Mock spec='DataRetrievalPlugin' id='2646256922496'>, 'symbol_service': <Mock spec='SymbolService' id='2646256922592'>, 'market_factory': <Mock spec='MarketFactoryService' id='2646256922064'>}}
[26-01-20 18:46:47] [INFO    ] [CandleDataAPI|CandleDataAPI.__init__] 초기화 완료
[26-01-20 18:46:47] [INFO    ] [CandleDataAPI|CandleDataAPI.get_symbol] 시작 params={'args': ('CRYPTO-BINANCE-SPOT-BTC-USDT-1h',)}
[26-01-20 18:46:47] [INFO    ] [CandleDataAPI|CandleDataAPI.get_symbol] 종료 result=CRYPTO-BINANCE-SPOT-BTC-USDT-1h
[26-01-20 18:46:47] [INFO    ] [CandleDataAPI|CandleDataAPI.__init__] 초기화 시작 params={'kwargs': {'connection_manager': <Mock spec='ConnectionManager' id='2646256922496'>, 'update_plugin': <Mock spec='UpdateOrchestrationPlugin' id='2646228104000'>, 'retrieval_plugin': <Mock spec='DataRetrievalPlugin' id='2646256922592'>, 'symbol_service': <Mock spec='SymbolService' id='2646256922928'>, 'market_factory': <Mock spec='MarketFactoryService' id='2646256921872'>}}
[26-01-20 18:46:47] [INFO    ] [CandleDataAPI|CandleDataAPI.__init__] 초기화 완료
[26-01-20 18:46:47] [INFO    ] [CandleDataAPI|CandleDataAPI.get_symbol] 시작 params={'args': ('INVALID-SYMBOL-STRING',)}
[26-01-20 18:46:47] [INFO    ] [CandleDataAPI|CandleDataAPI.get_symbol] 종료 result=None
[26-01-20 18:46:47] [INFO    ] [CandleDataAPI|CandleDataAPI.__init__] 초기화 시작 params={'kwargs': {'connection_manager': <Mock spec='ConnectionManager' id='2646256921104'>, 'update_plugin': <Mock spec='UpdateOrchestrationPlugin' id='2646258113440'>, 'retrieval_plugin': <Mock spec='DataRetrievalPlugin' id='2646258115888'>, 'symbol_service': <Mock spec='SymbolService' id='2646258115984'>, 'market_factory': <Mock spec='MarketFactoryService' id='2646258115792'>}}
[26-01-20 18:46:47] [INFO    ] [CandleDataAPI|CandleDataAPI.__init__] 초기화 완료
[26-01-20 18:46:47] [INFO    ] [CandleDataAPI|CandleDataAPI.active_update] 시작 params={'kwargs': {'archetype': 'CRYPTO', 'exchange': 'BINANCE', 'tradetype': 'SPOT'}}
[26-01-20 18:46:47] [ERROR   ] [CandleDataAPI|CandleDataAPI.active_update] 오류 발생
Traceback (most recent call last):

  File "C:\ProgramData\Miniconda3\envs\py310\lib\runpy.py", line 196, in _run_module_as_main
    return _run_code(code, main_globals, None,
           │         │     └ {'__name__': '__main__', '__doc__': 'The pytest entry point.', '__package__': 'pytest', '__loader__': <_frozen_importlib_exte...
           │         └ <code object <module> at 0x0000026800E79B00, file "C:\ProgramData\Miniconda3\envs\py310\lib\site-packages\pytest\__main__.py"...
           └ <function _run_code at 0x0000026800E75240>

  File "C:\ProgramData\Miniconda3\envs\py310\lib\runpy.py", line 86, in _run_code
    exec(code, run_globals)
         │     └ {'__name__': '__main__', '__doc__': 'The pytest entry point.', '__package__': 'pytest', '__loader__': <_frozen_importlib_exte...
         └ <code object <module> at 0x0000026800E79B00, file "C:\ProgramData\Miniconda3\envs\py310\lib\site-packages\pytest\__main__.py"...

  File "C:\ProgramData\Miniconda3\envs\py310\lib\site-packages\pytest\__main__.py", line 9, in <module>
    raise SystemExit(pytest.console_main())
                     │      └ <function console_main at 0x00000268016777F0>
                     └ <module 'pytest' from 'C:\\ProgramData\\Miniconda3\\envs\\py310\\lib\\site-packages\\pytest\\__init__.py'>

  File "C:\ProgramData\Miniconda3\envs\py310\lib\site-packages\_pytest\config\__init__.py", line 221, in console_main
    code = main()
           └ <function main at 0x0000026801677760>

  File "C:\ProgramData\Miniconda3\envs\py310\lib\site-packages\_pytest\config\__init__.py", line 197, in main
    ret: ExitCode | int = config.hook.pytest_cmdline_main(config=config)
         │                │      │    │                          └ <_pytest.config.Config object at 0x0000026801D176D0>
         │                │      │    └ <HookCaller 'pytest_cmdline_main'>
         │                │      └ <_pytest.config.compat.PathAwareHookProxy object at 0x0000026801D50D90>
         │                └ <_pytest.config.Config object at 0x0000026801D176D0>
         └ <enum 'ExitCode'>

  File "C:\ProgramData\Miniconda3\envs\py310\lib\site-packages\pluggy\_hooks.py", line 512, in __call__
    return self._hookexec(self.name, self._hookimpls.copy(), kwargs, firstresult)
           │    │         │    │     │    │                  │       └ True
           │    │         │    │     │    │                  └ {'config': <_pytest.config.Config object at 0x0000026801D176D0>}
           │    │         │    │     │    └ <member '_hookimpls' of 'HookCaller' objects>
           │    │         │    │     └ <HookCaller 'pytest_cmdline_main'>
           │    │         │    └ <member 'name' of 'HookCaller' objects>
           │    │         └ <HookCaller 'pytest_cmdline_main'>
           │    └ <member '_hookexec' of 'HookCaller' objects>
           └ <HookCaller 'pytest_cmdline_main'>

  File "C:\ProgramData\Miniconda3\envs\py310\lib\site-packages\pluggy\_manager.py", line 120, in _hookexec
    return self._inner_hookexec(hook_name, methods, kwargs, firstresult)
           │    │               │          │        │       └ True
           │    │               │          │        └ {'config': <_pytest.config.Config object at 0x0000026801D176D0>}
           │    │               │          └ [<HookImpl plugin_name='main', plugin=<module '_pytest.main' from 'C:\\ProgramData\\Miniconda3\\envs\\py310\\lib\\site-packag...
           │    │               └ 'pytest_cmdline_main'
           │    └ <function _multicall at 0x00000268011D4B80>
           └ <_pytest.config.PytestPluginManager object at 0x0000026800E69150>

  File "C:\ProgramData\Miniconda3\envs\py310\lib\site-packages\pluggy\_callers.py", line 121, in _multicall
    res = hook_impl.function(*args)
          │         │         └ [<_pytest.config.Config object at 0x0000026801D176D0>]
          │         └ <member 'function' of 'HookImpl' objects>
          └ <HookImpl plugin_name='main', plugin=<module '_pytest.main' from 'C:\\ProgramData\\Miniconda3\\envs\\py310\\lib\\site-package...

  File "C:\ProgramData\Miniconda3\envs\py310\lib\site-packages\_pytest\main.py", line 365, in pytest_cmdline_main
    return wrap_session(config, _main)
           │            │       └ <function _main at 0x0000026801B2AB90>
           │            └ <_pytest.config.Config object at 0x0000026801D176D0>
           └ <function wrap_session at 0x0000026801B2AA70>

  File "C:\ProgramData\Miniconda3\envs\py310\lib\site-packages\_pytest\main.py", line 318, in wrap_session
    session.exitstatus = doit(config, session) or 0
    │       │            │    │       └ <Session  exitstatus=<ExitCode.OK: 0> testsfailed=1 testscollected=11>
    │       │            │    └ <_pytest.config.Config object at 0x0000026801D176D0>
    │       │            └ <function _main at 0x0000026801B2AB90>
    │       └ <ExitCode.OK: 0>
    └ <Session  exitstatus=<ExitCode.OK: 0> testsfailed=1 testscollected=11>

  File "C:\ProgramData\Miniconda3\envs\py310\lib\site-packages\_pytest\main.py", line 372, in _main
    config.hook.pytest_runtestloop(session=session)
    │      │    │                          └ <Session  exitstatus=<ExitCode.OK: 0> testsfailed=1 testscollected=11>
    │      │    └ <HookCaller 'pytest_runtestloop'>
    │      └ <_pytest.config.compat.PathAwareHookProxy object at 0x0000026801D50D90>
    └ <_pytest.config.Config object at 0x0000026801D176D0>

  File "C:\ProgramData\Miniconda3\envs\py310\lib\site-packages\pluggy\_hooks.py", line 512, in __call__
    return self._hookexec(self.name, self._hookimpls.copy(), kwargs, firstresult)
           │    │         │    │     │    │                  │       └ True
           │    │         │    │     │    │                  └ {'session': <Session  exitstatus=<ExitCode.OK: 0> testsfailed=1 testscollected=11>}
           │    │         │    │     │    └ <member '_hookimpls' of 'HookCaller' objects>
           │    │         │    │     └ <HookCaller 'pytest_runtestloop'>
           │    │         │    └ <member 'name' of 'HookCaller' objects>
           │    │         └ <HookCaller 'pytest_runtestloop'>
           │    └ <member '_hookexec' of 'HookCaller' objects>
           └ <HookCaller 'pytest_runtestloop'>

  File "C:\ProgramData\Miniconda3\envs\py310\lib\site-packages\pluggy\_manager.py", line 120, in _hookexec
    return self._inner_hookexec(hook_name, methods, kwargs, firstresult)
           │    │               │          │        │       └ True
           │    │               │          │        └ {'session': <Session  exitstatus=<ExitCode.OK: 0> testsfailed=1 testscollected=11>}
           │    │               │          └ [<HookImpl plugin_name='main', plugin=<module '_pytest.main' from 'C:\\ProgramData\\Miniconda3\\envs\\py310\\lib\\site-packag...
           │    │               └ 'pytest_runtestloop'
           │    └ <function _multicall at 0x00000268011D4B80>
           └ <_pytest.config.PytestPluginManager object at 0x0000026800E69150>

  File "C:\ProgramData\Miniconda3\envs\py310\lib\site-packages\pluggy\_callers.py", line 121, in _multicall
    res = hook_impl.function(*args)
          │         │         └ [<Session  exitstatus=<ExitCode.OK: 0> testsfailed=1 testscollected=11>]
          │         └ <member 'function' of 'HookImpl' objects>
          └ <HookImpl plugin_name='main', plugin=<module '_pytest.main' from 'C:\\ProgramData\\Miniconda3\\envs\\py310\\lib\\site-package...

  File "C:\ProgramData\Miniconda3\envs\py310\lib\site-packages\_pytest\main.py", line 396, in pytest_runtestloop
    item.config.hook.pytest_runtest_protocol(item=item, nextitem=nextitem)
    │    │                                        │              └ <Function test_load_propagates_exception_from_symbol_service>
    │    │                                        └ <Function test_active_update_propagates_exception>
    │    └ <member 'config' of 'Node' objects>
    └ <Function test_active_update_propagates_exception>

  File "C:\ProgramData\Miniconda3\envs\py310\lib\site-packages\pluggy\_hooks.py", line 512, in __call__
    return self._hookexec(self.name, self._hookimpls.copy(), kwargs, firstresult)
           │    │         │    │     │    │                  │       └ True
           │    │         │    │     │    │                  └ {'item': <Function test_active_update_propagates_exception>, 'nextitem': <Function test_load_propagates_exception_from_symbol...
           │    │         │    │     │    └ <member '_hookimpls' of 'HookCaller' objects>
           │    │         │    │     └ <HookCaller 'pytest_runtest_protocol'>
           │    │         │    └ <member 'name' of 'HookCaller' objects>
           │    │         └ <HookCaller 'pytest_runtest_protocol'>
           │    └ <member '_hookexec' of 'HookCaller' objects>
           └ <HookCaller 'pytest_runtest_protocol'>

  File "C:\ProgramData\Miniconda3\envs\py310\lib\site-packages\pluggy\_manager.py", line 120, in _hookexec
    return self._inner_hookexec(hook_name, methods, kwargs, firstresult)
           │    │               │          │        │       └ True
           │    │               │          │        └ {'item': <Function test_active_update_propagates_exception>, 'nextitem': <Function test_load_propagates_exception_from_symbol...
           │    │               │          └ [<HookImpl plugin_name='runner', plugin=<module '_pytest.runner' from 'C:\\ProgramData\\Miniconda3\\envs\\py310\\lib\\site-pa...
           │    │               └ 'pytest_runtest_protocol'
           │    └ <function _multicall at 0x00000268011D4B80>
           └ <_pytest.config.PytestPluginManager object at 0x0000026800E69150>

  File "C:\ProgramData\Miniconda3\envs\py310\lib\site-packages\pluggy\_callers.py", line 121, in _multicall
    res = hook_impl.function(*args)
          │         │         └ [<Function test_active_update_propagates_exception>, <Function test_load_propagates_exception_from_symbol_service>]
          │         └ <member 'function' of 'HookImpl' objects>
          └ <HookImpl plugin_name='runner', plugin=<module '_pytest.runner' from 'C:\\ProgramData\\Miniconda3\\envs\\py310\\lib\\site-pac...

  File "C:\ProgramData\Miniconda3\envs\py310\lib\site-packages\_pytest\runner.py", line 118, in pytest_runtest_protocol
    runtestprotocol(item, nextitem=nextitem)
    │               │              └ <Function test_load_propagates_exception_from_symbol_service>
    │               └ <Function test_active_update_propagates_exception>
    └ <function runtestprotocol at 0x0000026801B29D80>

  File "C:\ProgramData\Miniconda3\envs\py310\lib\site-packages\_pytest\runner.py", line 137, in runtestprotocol
    reports.append(call_and_report(item, "call", log))
    │       │      │               │             └ True
    │       │      │               └ <Function test_active_update_propagates_exception>
    │       │      └ <function call_and_report at 0x0000026801B2A170>
    │       └ <method 'append' of 'list' objects>
    └ [<TestReport 'tests/API/CandleDataAPI/test_candle_data_api.py::test_active_update_propagates_exception' when='setup' outcome=...

  File "C:\ProgramData\Miniconda3\envs\py310\lib\site-packages\_pytest\runner.py", line 244, in call_and_report
    call = CallInfo.from_call(
           │        └ <classmethod(<function CallInfo.from_call at 0x0000026801B2A4D0>)>
           └ <class '_pytest.runner.CallInfo'>

  File "C:\ProgramData\Miniconda3\envs\py310\lib\site-packages\_pytest\runner.py", line 353, in from_call
    result: TResult | None = func()
            │                └ <function call_and_report.<locals>.<lambda> at 0x0000026803E64DC0>
            └ +TResult

  File "C:\ProgramData\Miniconda3\envs\py310\lib\site-packages\_pytest\runner.py", line 245, in <lambda>
    lambda: runtest_hook(item=item, **kwds),
            │                 │       └ {}
            │                 └ <Function test_active_update_propagates_exception>
            └ <HookCaller 'pytest_runtest_call'>

  File "C:\ProgramData\Miniconda3\envs\py310\lib\site-packages\pluggy\_hooks.py", line 512, in __call__
    return self._hookexec(self.name, self._hookimpls.copy(), kwargs, firstresult)
           │    │         │    │     │    │                  │       └ False
           │    │         │    │     │    │                  └ {'item': <Function test_active_update_propagates_exception>}
           │    │         │    │     │    └ <member '_hookimpls' of 'HookCaller' objects>
           │    │         │    │     └ <HookCaller 'pytest_runtest_call'>
           │    │         │    └ <member 'name' of 'HookCaller' objects>
           │    │         └ <HookCaller 'pytest_runtest_call'>
           │    └ <member '_hookexec' of 'HookCaller' objects>
           └ <HookCaller 'pytest_runtest_call'>

  File "C:\ProgramData\Miniconda3\envs\py310\lib\site-packages\pluggy\_manager.py", line 120, in _hookexec
    return self._inner_hookexec(hook_name, methods, kwargs, firstresult)
           │    │               │          │        │       └ False
           │    │               │          │        └ {'item': <Function test_active_update_propagates_exception>}
           │    │               │          └ [<HookImpl plugin_name='threadexception', plugin=<module '_pytest.threadexception' from 'C:\\ProgramData\\Miniconda3\\envs\\p...
           │    │               └ 'pytest_runtest_call'
           │    └ <function _multicall at 0x00000268011D4B80>
           └ <_pytest.config.PytestPluginManager object at 0x0000026800E69150>

  File "C:\ProgramData\Miniconda3\envs\py310\lib\site-packages\pluggy\_callers.py", line 121, in _multicall
    res = hook_impl.function(*args)
          │         │         └ [<Function test_active_update_propagates_exception>]
          │         └ <member 'function' of 'HookImpl' objects>
          └ <HookImpl plugin_name='runner', plugin=<module '_pytest.runner' from 'C:\\ProgramData\\Miniconda3\\envs\\py310\\lib\\site-pac...

  File "C:\ProgramData\Miniconda3\envs\py310\lib\site-packages\_pytest\runner.py", line 179, in pytest_runtest_call
    item.runtest()
    │    └ <function Function.runtest at 0x0000026801C5ADD0>
    └ <Function test_active_update_propagates_exception>

  File "C:\ProgramData\Miniconda3\envs\py310\lib\site-packages\_pytest\python.py", line 1720, in runtest
    self.ihook.pytest_pyfunc_call(pyfuncitem=self)
    │    │                                   └ <Function test_active_update_propagates_exception>
    │    └ <property object at 0x00000268016A6020>
    └ <Function test_active_update_propagates_exception>

  File "C:\ProgramData\Miniconda3\envs\py310\lib\site-packages\pluggy\_hooks.py", line 512, in __call__
    return self._hookexec(self.name, self._hookimpls.copy(), kwargs, firstresult)
           │    │         │    │     │    │                  │       └ True
           │    │         │    │     │    │                  └ {'pyfuncitem': <Function test_active_update_propagates_exception>}
           │    │         │    │     │    └ <member '_hookimpls' of 'HookCaller' objects>
           │    │         │    │     └ <HookCaller 'pytest_pyfunc_call'>
           │    │         │    └ <member 'name' of 'HookCaller' objects>
           │    │         └ <HookCaller 'pytest_pyfunc_call'>
           │    └ <member '_hookexec' of 'HookCaller' objects>
           └ <HookCaller 'pytest_pyfunc_call'>

  File "C:\ProgramData\Miniconda3\envs\py310\lib\site-packages\pluggy\_manager.py", line 120, in _hookexec
    return self._inner_hookexec(hook_name, methods, kwargs, firstresult)
           │    │               │          │        │       └ True
           │    │               │          │        └ {'pyfuncitem': <Function test_active_update_propagates_exception>}
           │    │               │          └ [<HookImpl plugin_name='python', plugin=<module '_pytest.python' from 'C:\\ProgramData\\Miniconda3\\envs\\py310\\lib\\site-pa...
           │    │               └ 'pytest_pyfunc_call'
           │    └ <function _multicall at 0x00000268011D4B80>
           └ <_pytest.config.PytestPluginManager object at 0x0000026800E69150>

  File "C:\ProgramData\Miniconda3\envs\py310\lib\site-packages\pluggy\_callers.py", line 121, in _multicall
    res = hook_impl.function(*args)
          │         │         └ [<Function test_active_update_propagates_exception>]
          │         └ <member 'function' of 'HookImpl' objects>
          └ <HookImpl plugin_name='python', plugin=<module '_pytest.python' from 'C:\\ProgramData\\Miniconda3\\envs\\py310\\lib\\site-pac...

  File "C:\ProgramData\Miniconda3\envs\py310\lib\site-packages\_pytest\python.py", line 166, in pytest_pyfunc_call
    result = testfunction(**testargs)
             │              └ {'candle_data_api': <candle_data_manager.API.CandleDataAPI.CandleDataAPI.CandleDataAPI object at 0x0000026821466980>, 'mock_c...
             └ <function test_active_update_propagates_exception at 0x00000268212D8E50>

  File "C:\Projects\CandleDataManager\tests\API\CandleDataAPI\test_candle_data_api.py", line 320, in test_active_update_propagates_exception
    candle_data_api.active_update(
    │               └ <function CandleDataAPI.active_update at 0x00000268212D83A0>
    └ <candle_data_manager.API.CandleDataAPI.CandleDataAPI.CandleDataAPI object at 0x0000026821466980>

> File "C:\ProgramData\Miniconda3\envs\py310\lib\site-packages\simple_logger\logger.py", line 202, in sync_wrapper
    result = func(*args, **kwargs)
             │     │       └ {'archetype': 'CRYPTO', 'exchange': 'BINANCE', 'tradetype': 'SPOT'}
             │     └ (<candle_data_manager.API.CandleDataAPI.CandleDataAPI.CandleDataAPI object at 0x0000026821466980>,)
             └ <function CandleDataAPI.active_update at 0x00000268212D8040>

  File "C:\Projects\CandleDataManager\src\candle_data_manager\API\CandleDataAPI\CandleDataAPI.py", line 39, in active_update
    return self._update_plugin.active_update(
           │    └ <Mock spec='UpdateOrchestrationPlugin' id='2646258113440'>
           └ <candle_data_manager.API.CandleDataAPI.CandleDataAPI.CandleDataAPI object at 0x0000026821466980>

  File "C:\ProgramData\Miniconda3\envs\py310\lib\unittest\mock.py", line 1114, in __call__
    return self._mock_call(*args, **kwargs)
           │    │           │       └ {'session': <MagicMock id='2646256924464'>, 'archetype': 'CRYPTO', 'exchange': 'BINANCE', 'tradetype': 'SPOT'}
           │    │           └ ()
           │    └ <function CallableMixin._mock_call at 0x0000026803F1D000>
           └ <Mock name='mock.active_update' id='2646256921728'>

  File "C:\ProgramData\Miniconda3\envs\py310\lib\unittest\mock.py", line 1118, in _mock_call
    return self._execute_mock_call(*args, **kwargs)
           │    │                   │       └ {'session': <MagicMock id='2646256924464'>, 'archetype': 'CRYPTO', 'exchange': 'BINANCE', 'tradetype': 'SPOT'}
           │    │                   └ ()
           │    └ <function CallableMixin._execute_mock_call at 0x0000026803F1D120>
           └ <Mock name='mock.active_update' id='2646256921728'>

  File "C:\ProgramData\Miniconda3\envs\py310\lib\unittest\mock.py", line 1173, in _execute_mock_call
    raise effect
          └ Exception('Update failed')

Exception: Update failed
[26-01-20 18:46:47] [INFO    ] [CandleDataAPI|CandleDataAPI.__init__] 초기화 시작 params={'kwargs': {'connection_manager': <Mock spec='ConnectionManager' id='2646258114112'>, 'update_plugin': <Mock spec='UpdateOrchestrationPlugin' id='2646256924512'>, 'retrieval_plugin': <Mock spec='DataRetrievalPlugin' id='2646256924176'>, 'symbol_service': <Mock spec='SymbolService' id='2646256923888'>, 'market_factory': <Mock spec='MarketFactoryService' id='2646256924032'>}}
[26-01-20 18:46:47] [INFO    ] [CandleDataAPI|CandleDataAPI.__init__] 초기화 완료
[26-01-20 18:46:47] [INFO    ] [CandleDataAPI|CandleDataAPI.load] 시작 params={'kwargs': {'archetype': 'CRYPTO'}}
[26-01-20 18:46:47] [ERROR   ] [CandleDataAPI|CandleDataAPI.load] 오류 발생
Traceback (most recent call last):

  File "C:\ProgramData\Miniconda3\envs\py310\lib\runpy.py", line 196, in _run_module_as_main
    return _run_code(code, main_globals, None,
           │         │     └ {'__name__': '__main__', '__doc__': 'The pytest entry point.', '__package__': 'pytest', '__loader__': <_frozen_importlib_exte...
           │         └ <code object <module> at 0x0000026800E79B00, file "C:\ProgramData\Miniconda3\envs\py310\lib\site-packages\pytest\__main__.py"...
           └ <function _run_code at 0x0000026800E75240>

  File "C:\ProgramData\Miniconda3\envs\py310\lib\runpy.py", line 86, in _run_code
    exec(code, run_globals)
         │     └ {'__name__': '__main__', '__doc__': 'The pytest entry point.', '__package__': 'pytest', '__loader__': <_frozen_importlib_exte...
         └ <code object <module> at 0x0000026800E79B00, file "C:\ProgramData\Miniconda3\envs\py310\lib\site-packages\pytest\__main__.py"...

  File "C:\ProgramData\Miniconda3\envs\py310\lib\site-packages\pytest\__main__.py", line 9, in <module>
    raise SystemExit(pytest.console_main())
                     │      └ <function console_main at 0x00000268016777F0>
                     └ <module 'pytest' from 'C:\\ProgramData\\Miniconda3\\envs\\py310\\lib\\site-packages\\pytest\\__init__.py'>

  File "C:\ProgramData\Miniconda3\envs\py310\lib\site-packages\_pytest\config\__init__.py", line 221, in console_main
    code = main()
           └ <function main at 0x0000026801677760>

  File "C:\ProgramData\Miniconda3\envs\py310\lib\site-packages\_pytest\config\__init__.py", line 197, in main
    ret: ExitCode | int = config.hook.pytest_cmdline_main(config=config)
         │                │      │    │                          └ <_pytest.config.Config object at 0x0000026801D176D0>
         │                │      │    └ <HookCaller 'pytest_cmdline_main'>
         │                │      └ <_pytest.config.compat.PathAwareHookProxy object at 0x0000026801D50D90>
         │                └ <_pytest.config.Config object at 0x0000026801D176D0>
         └ <enum 'ExitCode'>

  File "C:\ProgramData\Miniconda3\envs\py310\lib\site-packages\pluggy\_hooks.py", line 512, in __call__
    return self._hookexec(self.name, self._hookimpls.copy(), kwargs, firstresult)
           │    │         │    │     │    │                  │       └ True
           │    │         │    │     │    │                  └ {'config': <_pytest.config.Config object at 0x0000026801D176D0>}
           │    │         │    │     │    └ <member '_hookimpls' of 'HookCaller' objects>
           │    │         │    │     └ <HookCaller 'pytest_cmdline_main'>
           │    │         │    └ <member 'name' of 'HookCaller' objects>
           │    │         └ <HookCaller 'pytest_cmdline_main'>
           │    └ <member '_hookexec' of 'HookCaller' objects>
           └ <HookCaller 'pytest_cmdline_main'>

  File "C:\ProgramData\Miniconda3\envs\py310\lib\site-packages\pluggy\_manager.py", line 120, in _hookexec
    return self._inner_hookexec(hook_name, methods, kwargs, firstresult)
           │    │               │          │        │       └ True
           │    │               │          │        └ {'config': <_pytest.config.Config object at 0x0000026801D176D0>}
           │    │               │          └ [<HookImpl plugin_name='main', plugin=<module '_pytest.main' from 'C:\\ProgramData\\Miniconda3\\envs\\py310\\lib\\site-packag...
           │    │               └ 'pytest_cmdline_main'
           │    └ <function _multicall at 0x00000268011D4B80>
           └ <_pytest.config.PytestPluginManager object at 0x0000026800E69150>

  File "C:\ProgramData\Miniconda3\envs\py310\lib\site-packages\pluggy\_callers.py", line 121, in _multicall
    res = hook_impl.function(*args)
          │         │         └ [<_pytest.config.Config object at 0x0000026801D176D0>]
          │         └ <member 'function' of 'HookImpl' objects>
          └ <HookImpl plugin_name='main', plugin=<module '_pytest.main' from 'C:\\ProgramData\\Miniconda3\\envs\\py310\\lib\\site-package...

  File "C:\ProgramData\Miniconda3\envs\py310\lib\site-packages\_pytest\main.py", line 365, in pytest_cmdline_main
    return wrap_session(config, _main)
           │            │       └ <function _main at 0x0000026801B2AB90>
           │            └ <_pytest.config.Config object at 0x0000026801D176D0>
           └ <function wrap_session at 0x0000026801B2AA70>

  File "C:\ProgramData\Miniconda3\envs\py310\lib\site-packages\_pytest\main.py", line 318, in wrap_session
    session.exitstatus = doit(config, session) or 0
    │       │            │    │       └ <Session  exitstatus=<ExitCode.OK: 0> testsfailed=1 testscollected=11>
    │       │            │    └ <_pytest.config.Config object at 0x0000026801D176D0>
    │       │            └ <function _main at 0x0000026801B2AB90>
    │       └ <ExitCode.OK: 0>
    └ <Session  exitstatus=<ExitCode.OK: 0> testsfailed=1 testscollected=11>

  File "C:\ProgramData\Miniconda3\envs\py310\lib\site-packages\_pytest\main.py", line 372, in _main
    config.hook.pytest_runtestloop(session=session)
    │      │    │                          └ <Session  exitstatus=<ExitCode.OK: 0> testsfailed=1 testscollected=11>
    │      │    └ <HookCaller 'pytest_runtestloop'>
    │      └ <_pytest.config.compat.PathAwareHookProxy object at 0x0000026801D50D90>
    └ <_pytest.config.Config object at 0x0000026801D176D0>

  File "C:\ProgramData\Miniconda3\envs\py310\lib\site-packages\pluggy\_hooks.py", line 512, in __call__
    return self._hookexec(self.name, self._hookimpls.copy(), kwargs, firstresult)
           │    │         │    │     │    │                  │       └ True
           │    │         │    │     │    │                  └ {'session': <Session  exitstatus=<ExitCode.OK: 0> testsfailed=1 testscollected=11>}
           │    │         │    │     │    └ <member '_hookimpls' of 'HookCaller' objects>
           │    │         │    │     └ <HookCaller 'pytest_runtestloop'>
           │    │         │    └ <member 'name' of 'HookCaller' objects>
           │    │         └ <HookCaller 'pytest_runtestloop'>
           │    └ <member '_hookexec' of 'HookCaller' objects>
           └ <HookCaller 'pytest_runtestloop'>

  File "C:\ProgramData\Miniconda3\envs\py310\lib\site-packages\pluggy\_manager.py", line 120, in _hookexec
    return self._inner_hookexec(hook_name, methods, kwargs, firstresult)
           │    │               │          │        │       └ True
           │    │               │          │        └ {'session': <Session  exitstatus=<ExitCode.OK: 0> testsfailed=1 testscollected=11>}
           │    │               │          └ [<HookImpl plugin_name='main', plugin=<module '_pytest.main' from 'C:\\ProgramData\\Miniconda3\\envs\\py310\\lib\\site-packag...
           │    │               └ 'pytest_runtestloop'
           │    └ <function _multicall at 0x00000268011D4B80>
           └ <_pytest.config.PytestPluginManager object at 0x0000026800E69150>

  File "C:\ProgramData\Miniconda3\envs\py310\lib\site-packages\pluggy\_callers.py", line 121, in _multicall
    res = hook_impl.function(*args)
          │         │         └ [<Session  exitstatus=<ExitCode.OK: 0> testsfailed=1 testscollected=11>]
          │         └ <member 'function' of 'HookImpl' objects>
          └ <HookImpl plugin_name='main', plugin=<module '_pytest.main' from 'C:\\ProgramData\\Miniconda3\\envs\\py310\\lib\\site-package...

  File "C:\ProgramData\Miniconda3\envs\py310\lib\site-packages\_pytest\main.py", line 396, in pytest_runtestloop
    item.config.hook.pytest_runtest_protocol(item=item, nextitem=nextitem)
    │    │                                        │              └ <Function test_load_propagates_exception_from_retrieval_plugin>
    │    │                                        └ <Function test_load_propagates_exception_from_symbol_service>
    │    └ <member 'config' of 'Node' objects>
    └ <Function test_load_propagates_exception_from_symbol_service>

  File "C:\ProgramData\Miniconda3\envs\py310\lib\site-packages\pluggy\_hooks.py", line 512, in __call__
    return self._hookexec(self.name, self._hookimpls.copy(), kwargs, firstresult)
           │    │         │    │     │    │                  │       └ True
           │    │         │    │     │    │                  └ {'item': <Function test_load_propagates_exception_from_symbol_service>, 'nextitem': <Function test_load_propagates_exception_...
           │    │         │    │     │    └ <member '_hookimpls' of 'HookCaller' objects>
           │    │         │    │     └ <HookCaller 'pytest_runtest_protocol'>
           │    │         │    └ <member 'name' of 'HookCaller' objects>
           │    │         └ <HookCaller 'pytest_runtest_protocol'>
           │    └ <member '_hookexec' of 'HookCaller' objects>
           └ <HookCaller 'pytest_runtest_protocol'>

  File "C:\ProgramData\Miniconda3\envs\py310\lib\site-packages\pluggy\_manager.py", line 120, in _hookexec
    return self._inner_hookexec(hook_name, methods, kwargs, firstresult)
           │    │               │          │        │       └ True
           │    │               │          │        └ {'item': <Function test_load_propagates_exception_from_symbol_service>, 'nextitem': <Function test_load_propagates_exception_...
           │    │               │          └ [<HookImpl plugin_name='runner', plugin=<module '_pytest.runner' from 'C:\\ProgramData\\Miniconda3\\envs\\py310\\lib\\site-pa...
           │    │               └ 'pytest_runtest_protocol'
           │    └ <function _multicall at 0x00000268011D4B80>
           └ <_pytest.config.PytestPluginManager object at 0x0000026800E69150>

  File "C:\ProgramData\Miniconda3\envs\py310\lib\site-packages\pluggy\_callers.py", line 121, in _multicall
    res = hook_impl.function(*args)
          │         │         └ [<Function test_load_propagates_exception_from_symbol_service>, <Function test_load_propagates_exception_from_retrieval_plugin>]
          │         └ <member 'function' of 'HookImpl' objects>
          └ <HookImpl plugin_name='runner', plugin=<module '_pytest.runner' from 'C:\\ProgramData\\Miniconda3\\envs\\py310\\lib\\site-pac...

  File "C:\ProgramData\Miniconda3\envs\py310\lib\site-packages\_pytest\runner.py", line 118, in pytest_runtest_protocol
    runtestprotocol(item, nextitem=nextitem)
    │               │              └ <Function test_load_propagates_exception_from_retrieval_plugin>
    │               └ <Function test_load_propagates_exception_from_symbol_service>
    └ <function runtestprotocol at 0x0000026801B29D80>

  File "C:\ProgramData\Miniconda3\envs\py310\lib\site-packages\_pytest\runner.py", line 137, in runtestprotocol
    reports.append(call_and_report(item, "call", log))
    │       │      │               │             └ True
    │       │      │               └ <Function test_load_propagates_exception_from_symbol_service>
    │       │      └ <function call_and_report at 0x0000026801B2A170>
    │       └ <method 'append' of 'list' objects>
    └ [<TestReport 'tests/API/CandleDataAPI/test_candle_data_api.py::test_load_propagates_exception_from_symbol_service' when='setu...

  File "C:\ProgramData\Miniconda3\envs\py310\lib\site-packages\_pytest\runner.py", line 244, in call_and_report
    call = CallInfo.from_call(
           │        └ <classmethod(<function CallInfo.from_call at 0x0000026801B2A4D0>)>
           └ <class '_pytest.runner.CallInfo'>

  File "C:\ProgramData\Miniconda3\envs\py310\lib\site-packages\_pytest\runner.py", line 353, in from_call
    result: TResult | None = func()
            │                └ <function call_and_report.<locals>.<lambda> at 0x00000268212D9900>
            └ +TResult

  File "C:\ProgramData\Miniconda3\envs\py310\lib\site-packages\_pytest\runner.py", line 245, in <lambda>
    lambda: runtest_hook(item=item, **kwds),
            │                 │       └ {}
            │                 └ <Function test_load_propagates_exception_from_symbol_service>
            └ <HookCaller 'pytest_runtest_call'>

  File "C:\ProgramData\Miniconda3\envs\py310\lib\site-packages\pluggy\_hooks.py", line 512, in __call__
    return self._hookexec(self.name, self._hookimpls.copy(), kwargs, firstresult)
           │    │         │    │     │    │                  │       └ False
           │    │         │    │     │    │                  └ {'item': <Function test_load_propagates_exception_from_symbol_service>}
           │    │         │    │     │    └ <member '_hookimpls' of 'HookCaller' objects>
           │    │         │    │     └ <HookCaller 'pytest_runtest_call'>
           │    │         │    └ <member 'name' of 'HookCaller' objects>
           │    │         └ <HookCaller 'pytest_runtest_call'>
           │    └ <member '_hookexec' of 'HookCaller' objects>
           └ <HookCaller 'pytest_runtest_call'>

  File "C:\ProgramData\Miniconda3\envs\py310\lib\site-packages\pluggy\_manager.py", line 120, in _hookexec
    return self._inner_hookexec(hook_name, methods, kwargs, firstresult)
           │    │               │          │        │       └ False
           │    │               │          │        └ {'item': <Function test_load_propagates_exception_from_symbol_service>}
           │    │               │          └ [<HookImpl plugin_name='threadexception', plugin=<module '_pytest.threadexception' from 'C:\\ProgramData\\Miniconda3\\envs\\p...
           │    │               └ 'pytest_runtest_call'
           │    └ <function _multicall at 0x00000268011D4B80>
           └ <_pytest.config.PytestPluginManager object at 0x0000026800E69150>

  File "C:\ProgramData\Miniconda3\envs\py310\lib\site-packages\pluggy\_callers.py", line 121, in _multicall
    res = hook_impl.function(*args)
          │         │         └ [<Function test_load_propagates_exception_from_symbol_service>]
          │         └ <member 'function' of 'HookImpl' objects>
          └ <HookImpl plugin_name='runner', plugin=<module '_pytest.runner' from 'C:\\ProgramData\\Miniconda3\\envs\\py310\\lib\\site-pac...

  File "C:\ProgramData\Miniconda3\envs\py310\lib\site-packages\_pytest\runner.py", line 179, in pytest_runtest_call
    item.runtest()
    │    └ <function Function.runtest at 0x0000026801C5ADD0>
    └ <Function test_load_propagates_exception_from_symbol_service>

  File "C:\ProgramData\Miniconda3\envs\py310\lib\site-packages\_pytest\python.py", line 1720, in runtest
    self.ihook.pytest_pyfunc_call(pyfuncitem=self)
    │    │                                   └ <Function test_load_propagates_exception_from_symbol_service>
    │    └ <property object at 0x00000268016A6020>
    └ <Function test_load_propagates_exception_from_symbol_service>

  File "C:\ProgramData\Miniconda3\envs\py310\lib\site-packages\pluggy\_hooks.py", line 512, in __call__
    return self._hookexec(self.name, self._hookimpls.copy(), kwargs, firstresult)
           │    │         │    │     │    │                  │       └ True
           │    │         │    │     │    │                  └ {'pyfuncitem': <Function test_load_propagates_exception_from_symbol_service>}
           │    │         │    │     │    └ <member '_hookimpls' of 'HookCaller' objects>
           │    │         │    │     └ <HookCaller 'pytest_pyfunc_call'>
           │    │         │    └ <member 'name' of 'HookCaller' objects>
           │    │         └ <HookCaller 'pytest_pyfunc_call'>
           │    └ <member '_hookexec' of 'HookCaller' objects>
           └ <HookCaller 'pytest_pyfunc_call'>

  File "C:\ProgramData\Miniconda3\envs\py310\lib\site-packages\pluggy\_manager.py", line 120, in _hookexec
    return self._inner_hookexec(hook_name, methods, kwargs, firstresult)
           │    │               │          │        │       └ True
           │    │               │          │        └ {'pyfuncitem': <Function test_load_propagates_exception_from_symbol_service>}
           │    │               │          └ [<HookImpl plugin_name='python', plugin=<module '_pytest.python' from 'C:\\ProgramData\\Miniconda3\\envs\\py310\\lib\\site-pa...
           │    │               └ 'pytest_pyfunc_call'
           │    └ <function _multicall at 0x00000268011D4B80>
           └ <_pytest.config.PytestPluginManager object at 0x0000026800E69150>

  File "C:\ProgramData\Miniconda3\envs\py310\lib\site-packages\pluggy\_callers.py", line 121, in _multicall
    res = hook_impl.function(*args)
          │         │         └ [<Function test_load_propagates_exception_from_symbol_service>]
          │         └ <member 'function' of 'HookImpl' objects>
          └ <HookImpl plugin_name='python', plugin=<module '_pytest.python' from 'C:\\ProgramData\\Miniconda3\\envs\\py310\\lib\\site-pac...

  File "C:\ProgramData\Miniconda3\envs\py310\lib\site-packages\_pytest\python.py", line 166, in pytest_pyfunc_call
    result = testfunction(**testargs)
             │              └ {'candle_data_api': <candle_data_manager.API.CandleDataAPI.CandleDataAPI.CandleDataAPI object at 0x0000026821343130>, 'mock_c...
             └ <function test_load_propagates_exception_from_symbol_service at 0x00000268212D8EE0>

  File "C:\Projects\CandleDataManager\tests\API\CandleDataAPI\test_candle_data_api.py", line 335, in test_load_propagates_exception_from_symbol_service
    candle_data_api.load(archetype="CRYPTO")
    │               └ <function CandleDataAPI.load at 0x00000268212D85E0>
    └ <candle_data_manager.API.CandleDataAPI.CandleDataAPI.CandleDataAPI object at 0x0000026821343130>

> File "C:\ProgramData\Miniconda3\envs\py310\lib\site-packages\simple_logger\logger.py", line 202, in sync_wrapper
    result = func(*args, **kwargs)
             │     │       └ {'archetype': 'CRYPTO'}
             │     └ (<candle_data_manager.API.CandleDataAPI.CandleDataAPI.CandleDataAPI object at 0x0000026821343130>,)
             └ <function CandleDataAPI.load at 0x00000268212D8550>

  File "C:\Projects\CandleDataManager\src\candle_data_manager\API\CandleDataAPI\CandleDataAPI.py", line 85, in load
    symbols = self._symbol_service.find_symbols(
              │    └ <Mock spec='SymbolService' id='2646256923888'>
              └ <candle_data_manager.API.CandleDataAPI.CandleDataAPI.CandleDataAPI object at 0x0000026821343130>

  File "C:\ProgramData\Miniconda3\envs\py310\lib\unittest\mock.py", line 1114, in __call__
    return self._mock_call(*args, **kwargs)
           │    │           │       └ {'session': <MagicMock id='2646258113824'>, 'archetype': 'CRYPTO', 'exchange': None, 'tradetype': None, 'base': None, 'quote'...
           │    │           └ ()
           │    └ <function CallableMixin._mock_call at 0x0000026803F1D000>
           └ <Mock name='mock.find_symbols' id='2646256924368'>

  File "C:\ProgramData\Miniconda3\envs\py310\lib\unittest\mock.py", line 1118, in _mock_call
    return self._execute_mock_call(*args, **kwargs)
           │    │                   │       └ {'session': <MagicMock id='2646258113824'>, 'archetype': 'CRYPTO', 'exchange': None, 'tradetype': None, 'base': None, 'quote'...
           │    │                   └ ()
           │    └ <function CallableMixin._execute_mock_call at 0x0000026803F1D120>
           └ <Mock name='mock.find_symbols' id='2646256924368'>

  File "C:\ProgramData\Miniconda3\envs\py310\lib\unittest\mock.py", line 1173, in _execute_mock_call
    raise effect
          └ Exception('Database error')

Exception: Database error
[26-01-20 18:46:47] [INFO    ] [CandleDataAPI|CandleDataAPI.__init__] 초기화 시작 params={'kwargs': {'connection_manager': <Mock spec='ConnectionManager' id='2646256916544'>, 'update_plugin': <Mock spec='UpdateOrchestrationPlugin' id='2646258113968'>, 'retrieval_plugin': <Mock spec='DataRetrievalPlugin' id='2646258114160'>, 'symbol_service': <Mock spec='SymbolService' id='2646258116992'>, 'market_factory': <Mock spec='MarketFactoryService' id='2646258115936'>}}
[26-01-20 18:46:47] [INFO    ] [CandleDataAPI|CandleDataAPI.__init__] 초기화 완료
[26-01-20 18:46:47] [INFO    ] [CandleDataAPI|CandleDataAPI.load] 시작 params={'kwargs': {'archetype': 'CRYPTO'}}
[26-01-20 18:46:47] [ERROR   ] [CandleDataAPI|CandleDataAPI.load] 오류 발생
Traceback (most recent call last):

  File "C:\ProgramData\Miniconda3\envs\py310\lib\runpy.py", line 196, in _run_module_as_main
    return _run_code(code, main_globals, None,
           │         │     └ {'__name__': '__main__', '__doc__': 'The pytest entry point.', '__package__': 'pytest', '__loader__': <_frozen_importlib_exte...
           │         └ <code object <module> at 0x0000026800E79B00, file "C:\ProgramData\Miniconda3\envs\py310\lib\site-packages\pytest\__main__.py"...
           └ <function _run_code at 0x0000026800E75240>

  File "C:\ProgramData\Miniconda3\envs\py310\lib\runpy.py", line 86, in _run_code
    exec(code, run_globals)
         │     └ {'__name__': '__main__', '__doc__': 'The pytest entry point.', '__package__': 'pytest', '__loader__': <_frozen_importlib_exte...
         └ <code object <module> at 0x0000026800E79B00, file "C:\ProgramData\Miniconda3\envs\py310\lib\site-packages\pytest\__main__.py"...

  File "C:\ProgramData\Miniconda3\envs\py310\lib\site-packages\pytest\__main__.py", line 9, in <module>
    raise SystemExit(pytest.console_main())
                     │      └ <function console_main at 0x00000268016777F0>
                     └ <module 'pytest' from 'C:\\ProgramData\\Miniconda3\\envs\\py310\\lib\\site-packages\\pytest\\__init__.py'>

  File "C:\ProgramData\Miniconda3\envs\py310\lib\site-packages\_pytest\config\__init__.py", line 221, in console_main
    code = main()
           └ <function main at 0x0000026801677760>

  File "C:\ProgramData\Miniconda3\envs\py310\lib\site-packages\_pytest\config\__init__.py", line 197, in main
    ret: ExitCode | int = config.hook.pytest_cmdline_main(config=config)
         │                │      │    │                          └ <_pytest.config.Config object at 0x0000026801D176D0>
         │                │      │    └ <HookCaller 'pytest_cmdline_main'>
         │                │      └ <_pytest.config.compat.PathAwareHookProxy object at 0x0000026801D50D90>
         │                └ <_pytest.config.Config object at 0x0000026801D176D0>
         └ <enum 'ExitCode'>

  File "C:\ProgramData\Miniconda3\envs\py310\lib\site-packages\pluggy\_hooks.py", line 512, in __call__
    return self._hookexec(self.name, self._hookimpls.copy(), kwargs, firstresult)
           │    │         │    │     │    │                  │       └ True
           │    │         │    │     │    │                  └ {'config': <_pytest.config.Config object at 0x0000026801D176D0>}
           │    │         │    │     │    └ <member '_hookimpls' of 'HookCaller' objects>
           │    │         │    │     └ <HookCaller 'pytest_cmdline_main'>
           │    │         │    └ <member 'name' of 'HookCaller' objects>
           │    │         └ <HookCaller 'pytest_cmdline_main'>
           │    └ <member '_hookexec' of 'HookCaller' objects>
           └ <HookCaller 'pytest_cmdline_main'>

  File "C:\ProgramData\Miniconda3\envs\py310\lib\site-packages\pluggy\_manager.py", line 120, in _hookexec
    return self._inner_hookexec(hook_name, methods, kwargs, firstresult)
           │    │               │          │        │       └ True
           │    │               │          │        └ {'config': <_pytest.config.Config object at 0x0000026801D176D0>}
           │    │               │          └ [<HookImpl plugin_name='main', plugin=<module '_pytest.main' from 'C:\\ProgramData\\Miniconda3\\envs\\py310\\lib\\site-packag...
           │    │               └ 'pytest_cmdline_main'
           │    └ <function _multicall at 0x00000268011D4B80>
           └ <_pytest.config.PytestPluginManager object at 0x0000026800E69150>

  File "C:\ProgramData\Miniconda3\envs\py310\lib\site-packages\pluggy\_callers.py", line 121, in _multicall
    res = hook_impl.function(*args)
          │         │         └ [<_pytest.config.Config object at 0x0000026801D176D0>]
          │         └ <member 'function' of 'HookImpl' objects>
          └ <HookImpl plugin_name='main', plugin=<module '_pytest.main' from 'C:\\ProgramData\\Miniconda3\\envs\\py310\\lib\\site-package...

  File "C:\ProgramData\Miniconda3\envs\py310\lib\site-packages\_pytest\main.py", line 365, in pytest_cmdline_main
    return wrap_session(config, _main)
           │            │       └ <function _main at 0x0000026801B2AB90>
           │            └ <_pytest.config.Config object at 0x0000026801D176D0>
           └ <function wrap_session at 0x0000026801B2AA70>

  File "C:\ProgramData\Miniconda3\envs\py310\lib\site-packages\_pytest\main.py", line 318, in wrap_session
    session.exitstatus = doit(config, session) or 0
    │       │            │    │       └ <Session  exitstatus=<ExitCode.OK: 0> testsfailed=1 testscollected=11>
    │       │            │    └ <_pytest.config.Config object at 0x0000026801D176D0>
    │       │            └ <function _main at 0x0000026801B2AB90>
    │       └ <ExitCode.OK: 0>
    └ <Session  exitstatus=<ExitCode.OK: 0> testsfailed=1 testscollected=11>

  File "C:\ProgramData\Miniconda3\envs\py310\lib\site-packages\_pytest\main.py", line 372, in _main
    config.hook.pytest_runtestloop(session=session)
    │      │    │                          └ <Session  exitstatus=<ExitCode.OK: 0> testsfailed=1 testscollected=11>
    │      │    └ <HookCaller 'pytest_runtestloop'>
    │      └ <_pytest.config.compat.PathAwareHookProxy object at 0x0000026801D50D90>
    └ <_pytest.config.Config object at 0x0000026801D176D0>

  File "C:\ProgramData\Miniconda3\envs\py310\lib\site-packages\pluggy\_hooks.py", line 512, in __call__
    return self._hookexec(self.name, self._hookimpls.copy(), kwargs, firstresult)
           │    │         │    │     │    │                  │       └ True
           │    │         │    │     │    │                  └ {'session': <Session  exitstatus=<ExitCode.OK: 0> testsfailed=1 testscollected=11>}
           │    │         │    │     │    └ <member '_hookimpls' of 'HookCaller' objects>
           │    │         │    │     └ <HookCaller 'pytest_runtestloop'>
           │    │         │    └ <member 'name' of 'HookCaller' objects>
           │    │         └ <HookCaller 'pytest_runtestloop'>
           │    └ <member '_hookexec' of 'HookCaller' objects>
           └ <HookCaller 'pytest_runtestloop'>

  File "C:\ProgramData\Miniconda3\envs\py310\lib\site-packages\pluggy\_manager.py", line 120, in _hookexec
    return self._inner_hookexec(hook_name, methods, kwargs, firstresult)
           │    │               │          │        │       └ True
           │    │               │          │        └ {'session': <Session  exitstatus=<ExitCode.OK: 0> testsfailed=1 testscollected=11>}
           │    │               │          └ [<HookImpl plugin_name='main', plugin=<module '_pytest.main' from 'C:\\ProgramData\\Miniconda3\\envs\\py310\\lib\\site-packag...
           │    │               └ 'pytest_runtestloop'
           │    └ <function _multicall at 0x00000268011D4B80>
           └ <_pytest.config.PytestPluginManager object at 0x0000026800E69150>

  File "C:\ProgramData\Miniconda3\envs\py310\lib\site-packages\pluggy\_callers.py", line 121, in _multicall
    res = hook_impl.function(*args)
          │         │         └ [<Session  exitstatus=<ExitCode.OK: 0> testsfailed=1 testscollected=11>]
          │         └ <member 'function' of 'HookImpl' objects>
          └ <HookImpl plugin_name='main', plugin=<module '_pytest.main' from 'C:\\ProgramData\\Miniconda3\\envs\\py310\\lib\\site-package...

  File "C:\ProgramData\Miniconda3\envs\py310\lib\site-packages\_pytest\main.py", line 396, in pytest_runtestloop
    item.config.hook.pytest_runtest_protocol(item=item, nextitem=nextitem)
    │    │                                        │              └ None
    │    │                                        └ <Function test_load_propagates_exception_from_retrieval_plugin>
    │    └ <member 'config' of 'Node' objects>
    └ <Function test_load_propagates_exception_from_retrieval_plugin>

  File "C:\ProgramData\Miniconda3\envs\py310\lib\site-packages\pluggy\_hooks.py", line 512, in __call__
    return self._hookexec(self.name, self._hookimpls.copy(), kwargs, firstresult)
           │    │         │    │     │    │                  │       └ True
           │    │         │    │     │    │                  └ {'item': <Function test_load_propagates_exception_from_retrieval_plugin>, 'nextitem': None}
           │    │         │    │     │    └ <member '_hookimpls' of 'HookCaller' objects>
           │    │         │    │     └ <HookCaller 'pytest_runtest_protocol'>
           │    │         │    └ <member 'name' of 'HookCaller' objects>
           │    │         └ <HookCaller 'pytest_runtest_protocol'>
           │    └ <member '_hookexec' of 'HookCaller' objects>
           └ <HookCaller 'pytest_runtest_protocol'>

  File "C:\ProgramData\Miniconda3\envs\py310\lib\site-packages\pluggy\_manager.py", line 120, in _hookexec
    return self._inner_hookexec(hook_name, methods, kwargs, firstresult)
           │    │               │          │        │       └ True
           │    │               │          │        └ {'item': <Function test_load_propagates_exception_from_retrieval_plugin>, 'nextitem': None}
           │    │               │          └ [<HookImpl plugin_name='runner', plugin=<module '_pytest.runner' from 'C:\\ProgramData\\Miniconda3\\envs\\py310\\lib\\site-pa...
           │    │               └ 'pytest_runtest_protocol'
           │    └ <function _multicall at 0x00000268011D4B80>
           └ <_pytest.config.PytestPluginManager object at 0x0000026800E69150>

  File "C:\ProgramData\Miniconda3\envs\py310\lib\site-packages\pluggy\_callers.py", line 121, in _multicall
    res = hook_impl.function(*args)
          │         │         └ [<Function test_load_propagates_exception_from_retrieval_plugin>, None]
          │         └ <member 'function' of 'HookImpl' objects>
          └ <HookImpl plugin_name='runner', plugin=<module '_pytest.runner' from 'C:\\ProgramData\\Miniconda3\\envs\\py310\\lib\\site-pac...

  File "C:\ProgramData\Miniconda3\envs\py310\lib\site-packages\_pytest\runner.py", line 118, in pytest_runtest_protocol
    runtestprotocol(item, nextitem=nextitem)
    │               │              └ None
    │               └ <Function test_load_propagates_exception_from_retrieval_plugin>
    └ <function runtestprotocol at 0x0000026801B29D80>

  File "C:\ProgramData\Miniconda3\envs\py310\lib\site-packages\_pytest\runner.py", line 137, in runtestprotocol
    reports.append(call_and_report(item, "call", log))
    │       │      │               │             └ True
    │       │      │               └ <Function test_load_propagates_exception_from_retrieval_plugin>
    │       │      └ <function call_and_report at 0x0000026801B2A170>
    │       └ <method 'append' of 'list' objects>
    └ [<TestReport 'tests/API/CandleDataAPI/test_candle_data_api.py::test_load_propagates_exception_from_retrieval_plugin' when='se...

  File "C:\ProgramData\Miniconda3\envs\py310\lib\site-packages\_pytest\runner.py", line 244, in call_and_report
    call = CallInfo.from_call(
           │        └ <classmethod(<function CallInfo.from_call at 0x0000026801B2A4D0>)>
           └ <class '_pytest.runner.CallInfo'>

  File "C:\ProgramData\Miniconda3\envs\py310\lib\site-packages\_pytest\runner.py", line 353, in from_call
    result: TResult | None = func()
            │                └ <function call_and_report.<locals>.<lambda> at 0x00000268212D9A20>
            └ +TResult

  File "C:\ProgramData\Miniconda3\envs\py310\lib\site-packages\_pytest\runner.py", line 245, in <lambda>
    lambda: runtest_hook(item=item, **kwds),
            │                 │       └ {}
            │                 └ <Function test_load_propagates_exception_from_retrieval_plugin>
            └ <HookCaller 'pytest_runtest_call'>

  File "C:\ProgramData\Miniconda3\envs\py310\lib\site-packages\pluggy\_hooks.py", line 512, in __call__
    return self._hookexec(self.name, self._hookimpls.copy(), kwargs, firstresult)
           │    │         │    │     │    │                  │       └ False
           │    │         │    │     │    │                  └ {'item': <Function test_load_propagates_exception_from_retrieval_plugin>}
           │    │         │    │     │    └ <member '_hookimpls' of 'HookCaller' objects>
           │    │         │    │     └ <HookCaller 'pytest_runtest_call'>
           │    │         │    └ <member 'name' of 'HookCaller' objects>
           │    │         └ <HookCaller 'pytest_runtest_call'>
           │    └ <member '_hookexec' of 'HookCaller' objects>
           └ <HookCaller 'pytest_runtest_call'>

  File "C:\ProgramData\Miniconda3\envs\py310\lib\site-packages\pluggy\_manager.py", line 120, in _hookexec
    return self._inner_hookexec(hook_name, methods, kwargs, firstresult)
           │    │               │          │        │       └ False
           │    │               │          │        └ {'item': <Function test_load_propagates_exception_from_retrieval_plugin>}
           │    │               │          └ [<HookImpl plugin_name='threadexception', plugin=<module '_pytest.threadexception' from 'C:\\ProgramData\\Miniconda3\\envs\\p...
           │    │               └ 'pytest_runtest_call'
           │    └ <function _multicall at 0x00000268011D4B80>
           └ <_pytest.config.PytestPluginManager object at 0x0000026800E69150>

  File "C:\ProgramData\Miniconda3\envs\py310\lib\site-packages\pluggy\_callers.py", line 121, in _multicall
    res = hook_impl.function(*args)
          │         │         └ [<Function test_load_propagates_exception_from_retrieval_plugin>]
          │         └ <member 'function' of 'HookImpl' objects>
          └ <HookImpl plugin_name='runner', plugin=<module '_pytest.runner' from 'C:\\ProgramData\\Miniconda3\\envs\\py310\\lib\\site-pac...

  File "C:\ProgramData\Miniconda3\envs\py310\lib\site-packages\_pytest\runner.py", line 179, in pytest_runtest_call
    item.runtest()
    │    └ <function Function.runtest at 0x0000026801C5ADD0>
    └ <Function test_load_propagates_exception_from_retrieval_plugin>

  File "C:\ProgramData\Miniconda3\envs\py310\lib\site-packages\_pytest\python.py", line 1720, in runtest
    self.ihook.pytest_pyfunc_call(pyfuncitem=self)
    │    │                                   └ <Function test_load_propagates_exception_from_retrieval_plugin>
    │    └ <property object at 0x00000268016A6020>
    └ <Function test_load_propagates_exception_from_retrieval_plugin>

  File "C:\ProgramData\Miniconda3\envs\py310\lib\site-packages\pluggy\_hooks.py", line 512, in __call__
    return self._hookexec(self.name, self._hookimpls.copy(), kwargs, firstresult)
           │    │         │    │     │    │                  │       └ True
           │    │         │    │     │    │                  └ {'pyfuncitem': <Function test_load_propagates_exception_from_retrieval_plugin>}
           │    │         │    │     │    └ <member '_hookimpls' of 'HookCaller' objects>
           │    │         │    │     └ <HookCaller 'pytest_pyfunc_call'>
           │    │         │    └ <member 'name' of 'HookCaller' objects>
           │    │         └ <HookCaller 'pytest_pyfunc_call'>
           │    └ <member '_hookexec' of 'HookCaller' objects>
           └ <HookCaller 'pytest_pyfunc_call'>

  File "C:\ProgramData\Miniconda3\envs\py310\lib\site-packages\pluggy\_manager.py", line 120, in _hookexec
    return self._inner_hookexec(hook_name, methods, kwargs, firstresult)
           │    │               │          │        │       └ True
           │    │               │          │        └ {'pyfuncitem': <Function test_load_propagates_exception_from_retrieval_plugin>}
           │    │               │          └ [<HookImpl plugin_name='python', plugin=<module '_pytest.python' from 'C:\\ProgramData\\Miniconda3\\envs\\py310\\lib\\site-pa...
           │    │               └ 'pytest_pyfunc_call'
           │    └ <function _multicall at 0x00000268011D4B80>
           └ <_pytest.config.PytestPluginManager object at 0x0000026800E69150>

  File "C:\ProgramData\Miniconda3\envs\py310\lib\site-packages\pluggy\_callers.py", line 121, in _multicall
    res = hook_impl.function(*args)
          │         │         └ [<Function test_load_propagates_exception_from_retrieval_plugin>]
          │         └ <member 'function' of 'HookImpl' objects>
          └ <HookImpl plugin_name='python', plugin=<module '_pytest.python' from 'C:\\ProgramData\\Miniconda3\\envs\\py310\\lib\\site-pac...

  File "C:\ProgramData\Miniconda3\envs\py310\lib\site-packages\_pytest\python.py", line 166, in pytest_pyfunc_call
    result = testfunction(**testargs)
             │              └ {'candle_data_api': <candle_data_manager.API.CandleDataAPI.CandleDataAPI.CandleDataAPI object at 0x0000026821465BA0>, 'mock_c...
             └ <function test_load_propagates_exception_from_retrieval_plugin at 0x00000268212D8F70>

  File "C:\Projects\CandleDataManager\tests\API\CandleDataAPI\test_candle_data_api.py", line 353, in test_load_propagates_exception_from_retrieval_plugin
    candle_data_api.load(archetype="CRYPTO")
    │               └ <function CandleDataAPI.load at 0x00000268212D85E0>
    └ <candle_data_manager.API.CandleDataAPI.CandleDataAPI.CandleDataAPI object at 0x0000026821465BA0>

> File "C:\ProgramData\Miniconda3\envs\py310\lib\site-packages\simple_logger\logger.py", line 202, in sync_wrapper
    result = func(*args, **kwargs)
             │     │       └ {'archetype': 'CRYPTO'}
             │     └ (<candle_data_manager.API.CandleDataAPI.CandleDataAPI.CandleDataAPI object at 0x0000026821465BA0>,)
             └ <function CandleDataAPI.load at 0x00000268212D8550>

  File "C:\Projects\CandleDataManager\src\candle_data_manager\API\CandleDataAPI\CandleDataAPI.py", line 103, in load
    df = self._retrieval_plugin.load_with_auto_fetch(
         │    └ <Mock spec='DataRetrievalPlugin' id='2646258114160'>
         └ <candle_data_manager.API.CandleDataAPI.CandleDataAPI.CandleDataAPI object at 0x0000026821465BA0>

  File "C:\ProgramData\Miniconda3\envs\py310\lib\unittest\mock.py", line 1114, in __call__
    return self._mock_call(*args, **kwargs)
           │    │           │       └ {'symbol': <candle_data_manager.Core.Models.Symbol.Symbol object at 0x00000268214662C0>, 'start_at': 0, 'end_at': 1768902407}
           │    │           └ ()
           │    └ <function CallableMixin._mock_call at 0x0000026803F1D000>
           └ <Mock name='mock.load_with_auto_fetch' id='2646258115792'>

  File "C:\ProgramData\Miniconda3\envs\py310\lib\unittest\mock.py", line 1118, in _mock_call
    return self._execute_mock_call(*args, **kwargs)
           │    │                   │       └ {'symbol': <candle_data_manager.Core.Models.Symbol.Symbol object at 0x00000268214662C0>, 'start_at': 0, 'end_at': 1768902407}
           │    │                   └ ()
           │    └ <function CallableMixin._execute_mock_call at 0x0000026803F1D120>
           └ <Mock name='mock.load_with_auto_fetch' id='2646258115792'>

  File "C:\ProgramData\Miniconda3\envs\py310\lib\unittest\mock.py", line 1173, in _execute_mock_call
    raise effect
          └ Exception('Fetch error')

Exception: Fetch error
