[26-01-20 18:35:11] [INFO    ] [DataAcquisitionPlugin|DataAcquisitionPlugin.__init__] 초기화 시작 params={'args': (<Mock spec='DataFetchService' id='2737504580368'>, <Mock spec='DataSaveService' id='2737504580416'>)}
[26-01-20 18:35:11] [INFO    ] [DataAcquisitionPlugin|DataAcquisitionPlugin.__init__] 초기화 완료
[26-01-20 18:35:11] [INFO    ] [DataAcquisitionPlugin|DataAcquisitionPlugin.acquire_and_save] 시작 params={'args': (<candle_data_manager.Core.Models.Symbol.Symbol object at 0x0000027D5FFCF5B0>, 1609459200, 1609545600)}
[26-01-20 18:35:11] [INFO    ] [DataAcquisitionPlugin|DataAcquisitionPlugin.acquire_and_save] 종료 result=None
[26-01-20 18:35:11] [INFO    ] [DataAcquisitionPlugin|DataAcquisitionPlugin.__init__] 초기화 시작 params={'args': (<Mock spec='DataFetchService' id='2737504917280'>, <Mock spec='DataSaveService' id='2737504918048'>)}
[26-01-20 18:35:11] [INFO    ] [DataAcquisitionPlugin|DataAcquisitionPlugin.__init__] 초기화 완료
[26-01-20 18:35:11] [INFO    ] [DataAcquisitionPlugin|DataAcquisitionPlugin.acquire_and_save] 시작 params={'args': (<candle_data_manager.Core.Models.Symbol.Symbol object at 0x0000027D60022050>, 1609459200, 1609545600)}
[26-01-20 18:35:11] [INFO    ] [DataAcquisitionPlugin|DataAcquisitionPlugin.acquire_and_save] 종료 result=None
[26-01-20 18:35:11] [INFO    ] [DataAcquisitionPlugin|DataAcquisitionPlugin.__init__] 초기화 시작 params={'args': (<Mock spec='DataFetchService' id='2737504920304'>, <Mock spec='DataSaveService' id='2737504920256'>)}
[26-01-20 18:35:11] [INFO    ] [DataAcquisitionPlugin|DataAcquisitionPlugin.__init__] 초기화 완료
[26-01-20 18:35:11] [INFO    ] [DataAcquisitionPlugin|DataAcquisitionPlugin.acquire_and_save] 시작 params={'args': (<candle_data_manager.Core.Models.Symbol.Symbol object at 0x0000027D60022500>, 1609459200, 1609545600)}
[26-01-20 18:35:11] [ERROR   ] [DataAcquisitionPlugin|DataAcquisitionPlugin.acquire_and_save] 오류 발생
Traceback (most recent call last):

  File "C:\ProgramData\miniconda3\envs\py310\lib\runpy.py", line 196, in _run_module_as_main
    return _run_code(code, main_globals, None,
           │         │     └ {'__name__': '__main__', '__doc__': None, '__package__': '', '__loader__': <zipimporter object "C:\ProgramData\Miniconda3\env...
           │         └ <code object <module> at 0x0000027D3FD187C0, file "C:\ProgramData\Miniconda3\envs\py310\Scripts\pytest.exe\__main__.py", line 1>
           └ <function _run_code at 0x0000027D3FCF5240>

  File "C:\ProgramData\miniconda3\envs\py310\lib\runpy.py", line 86, in _run_code
    exec(code, run_globals)
         │     └ {'__name__': '__main__', '__doc__': None, '__package__': '', '__loader__': <zipimporter object "C:\ProgramData\Miniconda3\env...
         └ <code object <module> at 0x0000027D3FD187C0, file "C:\ProgramData\Miniconda3\envs\py310\Scripts\pytest.exe\__main__.py", line 1>

  File "C:\ProgramData\Miniconda3\envs\py310\Scripts\pytest.exe\__main__.py", line 6, in <module>

  File "C:\ProgramData\miniconda3\envs\py310\lib\site-packages\_pytest\config\__init__.py", line 221, in console_main
    code = main()
           └ <function main at 0x0000027D4087B7F0>

  File "C:\ProgramData\miniconda3\envs\py310\lib\site-packages\_pytest\config\__init__.py", line 197, in main
    ret: ExitCode | int = config.hook.pytest_cmdline_main(config=config)
         │                │      │    │                          └ <_pytest.config.Config object at 0x0000027D40B17580>
         │                │      │    └ <HookCaller 'pytest_cmdline_main'>
         │                │      └ <_pytest.config.compat.PathAwareHookProxy object at 0x0000027D40B50550>
         │                └ <_pytest.config.Config object at 0x0000027D40B17580>
         └ <enum 'ExitCode'>

  File "C:\ProgramData\miniconda3\envs\py310\lib\site-packages\pluggy\_hooks.py", line 512, in __call__
    return self._hookexec(self.name, self._hookimpls.copy(), kwargs, firstresult)
           │    │         │    │     │    │                  │       └ True
           │    │         │    │     │    │                  └ {'config': <_pytest.config.Config object at 0x0000027D40B17580>}
           │    │         │    │     │    └ <member '_hookimpls' of 'HookCaller' objects>
           │    │         │    │     └ <HookCaller 'pytest_cmdline_main'>
           │    │         │    └ <member 'name' of 'HookCaller' objects>
           │    │         └ <HookCaller 'pytest_cmdline_main'>
           │    └ <member '_hookexec' of 'HookCaller' objects>
           └ <HookCaller 'pytest_cmdline_main'>

  File "C:\ProgramData\miniconda3\envs\py310\lib\site-packages\pluggy\_manager.py", line 120, in _hookexec
    return self._inner_hookexec(hook_name, methods, kwargs, firstresult)
           │    │               │          │        │       └ True
           │    │               │          │        └ {'config': <_pytest.config.Config object at 0x0000027D40B17580>}
           │    │               │          └ [<HookImpl plugin_name='main', plugin=<module '_pytest.main' from 'C:\\ProgramData\\miniconda3\\envs\\py310\\lib\\site-packag...
           │    │               └ 'pytest_cmdline_main'
           │    └ <function _multicall at 0x0000027D40054C10>
           └ <_pytest.config.PytestPluginManager object at 0x0000027D3FCE9210>

  File "C:\ProgramData\miniconda3\envs\py310\lib\site-packages\pluggy\_callers.py", line 121, in _multicall
    res = hook_impl.function(*args)
          │         │         └ [<_pytest.config.Config object at 0x0000027D40B17580>]
          │         └ <member 'function' of 'HookImpl' objects>
          └ <HookImpl plugin_name='main', plugin=<module '_pytest.main' from 'C:\\ProgramData\\miniconda3\\envs\\py310\\lib\\site-package...

  File "C:\ProgramData\miniconda3\envs\py310\lib\site-packages\_pytest\main.py", line 365, in pytest_cmdline_main
    return wrap_session(config, _main)
           │            │       └ <function _main at 0x0000027D4092AC20>
           │            └ <_pytest.config.Config object at 0x0000027D40B17580>
           └ <function wrap_session at 0x0000027D4092AB00>

  File "C:\ProgramData\miniconda3\envs\py310\lib\site-packages\_pytest\main.py", line 318, in wrap_session
    session.exitstatus = doit(config, session) or 0
    │       │            │    │       └ <Session  exitstatus=<ExitCode.OK: 0> testsfailed=0 testscollected=4>
    │       │            │    └ <_pytest.config.Config object at 0x0000027D40B17580>
    │       │            └ <function _main at 0x0000027D4092AC20>
    │       └ <ExitCode.OK: 0>
    └ <Session  exitstatus=<ExitCode.OK: 0> testsfailed=0 testscollected=4>

  File "C:\ProgramData\miniconda3\envs\py310\lib\site-packages\_pytest\main.py", line 372, in _main
    config.hook.pytest_runtestloop(session=session)
    │      │    │                          └ <Session  exitstatus=<ExitCode.OK: 0> testsfailed=0 testscollected=4>
    │      │    └ <HookCaller 'pytest_runtestloop'>
    │      └ <_pytest.config.compat.PathAwareHookProxy object at 0x0000027D40B50550>
    └ <_pytest.config.Config object at 0x0000027D40B17580>

  File "C:\ProgramData\miniconda3\envs\py310\lib\site-packages\pluggy\_hooks.py", line 512, in __call__
    return self._hookexec(self.name, self._hookimpls.copy(), kwargs, firstresult)
           │    │         │    │     │    │                  │       └ True
           │    │         │    │     │    │                  └ {'session': <Session  exitstatus=<ExitCode.OK: 0> testsfailed=0 testscollected=4>}
           │    │         │    │     │    └ <member '_hookimpls' of 'HookCaller' objects>
           │    │         │    │     └ <HookCaller 'pytest_runtestloop'>
           │    │         │    └ <member 'name' of 'HookCaller' objects>
           │    │         └ <HookCaller 'pytest_runtestloop'>
           │    └ <member '_hookexec' of 'HookCaller' objects>
           └ <HookCaller 'pytest_runtestloop'>

  File "C:\ProgramData\miniconda3\envs\py310\lib\site-packages\pluggy\_manager.py", line 120, in _hookexec
    return self._inner_hookexec(hook_name, methods, kwargs, firstresult)
           │    │               │          │        │       └ True
           │    │               │          │        └ {'session': <Session  exitstatus=<ExitCode.OK: 0> testsfailed=0 testscollected=4>}
           │    │               │          └ [<HookImpl plugin_name='main', plugin=<module '_pytest.main' from 'C:\\ProgramData\\miniconda3\\envs\\py310\\lib\\site-packag...
           │    │               └ 'pytest_runtestloop'
           │    └ <function _multicall at 0x0000027D40054C10>
           └ <_pytest.config.PytestPluginManager object at 0x0000027D3FCE9210>

  File "C:\ProgramData\miniconda3\envs\py310\lib\site-packages\pluggy\_callers.py", line 121, in _multicall
    res = hook_impl.function(*args)
          │         │         └ [<Session  exitstatus=<ExitCode.OK: 0> testsfailed=0 testscollected=4>]
          │         └ <member 'function' of 'HookImpl' objects>
          └ <HookImpl plugin_name='main', plugin=<module '_pytest.main' from 'C:\\ProgramData\\miniconda3\\envs\\py310\\lib\\site-package...

  File "C:\ProgramData\miniconda3\envs\py310\lib\site-packages\_pytest\main.py", line 396, in pytest_runtestloop
    item.config.hook.pytest_runtest_protocol(item=item, nextitem=nextitem)
    │    │                                        │              └ <Function test_acquire_and_save_propagates_save_error>
    │    │                                        └ <Function test_acquire_and_save_propagates_fetch_error>
    │    └ <member 'config' of 'Node' objects>
    └ <Function test_acquire_and_save_propagates_fetch_error>

  File "C:\ProgramData\miniconda3\envs\py310\lib\site-packages\pluggy\_hooks.py", line 512, in __call__
    return self._hookexec(self.name, self._hookimpls.copy(), kwargs, firstresult)
           │    │         │    │     │    │                  │       └ True
           │    │         │    │     │    │                  └ {'item': <Function test_acquire_and_save_propagates_fetch_error>, 'nextitem': <Function test_acquire_and_save_propagates_save...
           │    │         │    │     │    └ <member '_hookimpls' of 'HookCaller' objects>
           │    │         │    │     └ <HookCaller 'pytest_runtest_protocol'>
           │    │         │    └ <member 'name' of 'HookCaller' objects>
           │    │         └ <HookCaller 'pytest_runtest_protocol'>
           │    └ <member '_hookexec' of 'HookCaller' objects>
           └ <HookCaller 'pytest_runtest_protocol'>

  File "C:\ProgramData\miniconda3\envs\py310\lib\site-packages\pluggy\_manager.py", line 120, in _hookexec
    return self._inner_hookexec(hook_name, methods, kwargs, firstresult)
           │    │               │          │        │       └ True
           │    │               │          │        └ {'item': <Function test_acquire_and_save_propagates_fetch_error>, 'nextitem': <Function test_acquire_and_save_propagates_save...
           │    │               │          └ [<HookImpl plugin_name='runner', plugin=<module '_pytest.runner' from 'C:\\ProgramData\\miniconda3\\envs\\py310\\lib\\site-pa...
           │    │               └ 'pytest_runtest_protocol'
           │    └ <function _multicall at 0x0000027D40054C10>
           └ <_pytest.config.PytestPluginManager object at 0x0000027D3FCE9210>

  File "C:\ProgramData\miniconda3\envs\py310\lib\site-packages\pluggy\_callers.py", line 121, in _multicall
    res = hook_impl.function(*args)
          │         │         └ [<Function test_acquire_and_save_propagates_fetch_error>, <Function test_acquire_and_save_propagates_save_error>]
          │         └ <member 'function' of 'HookImpl' objects>
          └ <HookImpl plugin_name='runner', plugin=<module '_pytest.runner' from 'C:\\ProgramData\\miniconda3\\envs\\py310\\lib\\site-pac...

  File "C:\ProgramData\miniconda3\envs\py310\lib\site-packages\_pytest\runner.py", line 118, in pytest_runtest_protocol
    runtestprotocol(item, nextitem=nextitem)
    │               │              └ <Function test_acquire_and_save_propagates_save_error>
    │               └ <Function test_acquire_and_save_propagates_fetch_error>
    └ <function runtestprotocol at 0x0000027D40929E10>

  File "C:\ProgramData\miniconda3\envs\py310\lib\site-packages\_pytest\runner.py", line 137, in runtestprotocol
    reports.append(call_and_report(item, "call", log))
    │       │      │               │             └ True
    │       │      │               └ <Function test_acquire_and_save_propagates_fetch_error>
    │       │      └ <function call_and_report at 0x0000027D4092A200>
    │       └ <method 'append' of 'list' objects>
    └ [<TestReport 'tests/Plugin/DataAcquisitionPlugin/test_data_acquisition_plugin.py::test_acquire_and_save_propagates_fetch_erro...

  File "C:\ProgramData\miniconda3\envs\py310\lib\site-packages\_pytest\runner.py", line 244, in call_and_report
    call = CallInfo.from_call(
           │        └ <classmethod(<function CallInfo.from_call at 0x0000027D4092A560>)>
           └ <class '_pytest.runner.CallInfo'>

  File "C:\ProgramData\miniconda3\envs\py310\lib\site-packages\_pytest\runner.py", line 353, in from_call
    result: TResult | None = func()
            │                └ <function call_and_report.<locals>.<lambda> at 0x0000027D42BA4EE0>
            └ +TResult

  File "C:\ProgramData\miniconda3\envs\py310\lib\site-packages\_pytest\runner.py", line 245, in <lambda>
    lambda: runtest_hook(item=item, **kwds),
            │                 │       └ {}
            │                 └ <Function test_acquire_and_save_propagates_fetch_error>
            └ <HookCaller 'pytest_runtest_call'>

  File "C:\ProgramData\miniconda3\envs\py310\lib\site-packages\pluggy\_hooks.py", line 512, in __call__
    return self._hookexec(self.name, self._hookimpls.copy(), kwargs, firstresult)
           │    │         │    │     │    │                  │       └ False
           │    │         │    │     │    │                  └ {'item': <Function test_acquire_and_save_propagates_fetch_error>}
           │    │         │    │     │    └ <member '_hookimpls' of 'HookCaller' objects>
           │    │         │    │     └ <HookCaller 'pytest_runtest_call'>
           │    │         │    └ <member 'name' of 'HookCaller' objects>
           │    │         └ <HookCaller 'pytest_runtest_call'>
           │    └ <member '_hookexec' of 'HookCaller' objects>
           └ <HookCaller 'pytest_runtest_call'>

  File "C:\ProgramData\miniconda3\envs\py310\lib\site-packages\pluggy\_manager.py", line 120, in _hookexec
    return self._inner_hookexec(hook_name, methods, kwargs, firstresult)
           │    │               │          │        │       └ False
           │    │               │          │        └ {'item': <Function test_acquire_and_save_propagates_fetch_error>}
           │    │               │          └ [<HookImpl plugin_name='threadexception', plugin=<module '_pytest.threadexception' from 'C:\\ProgramData\\miniconda3\\envs\\p...
           │    │               └ 'pytest_runtest_call'
           │    └ <function _multicall at 0x0000027D40054C10>
           └ <_pytest.config.PytestPluginManager object at 0x0000027D3FCE9210>

  File "C:\ProgramData\miniconda3\envs\py310\lib\site-packages\pluggy\_callers.py", line 121, in _multicall
    res = hook_impl.function(*args)
          │         │         └ [<Function test_acquire_and_save_propagates_fetch_error>]
          │         └ <member 'function' of 'HookImpl' objects>
          └ <HookImpl plugin_name='runner', plugin=<module '_pytest.runner' from 'C:\\ProgramData\\miniconda3\\envs\\py310\\lib\\site-pac...

  File "C:\ProgramData\miniconda3\envs\py310\lib\site-packages\_pytest\runner.py", line 179, in pytest_runtest_call
    item.runtest()
    │    └ <function Function.runtest at 0x0000027D40A5AE60>
    └ <Function test_acquire_and_save_propagates_fetch_error>

  File "C:\ProgramData\miniconda3\envs\py310\lib\site-packages\_pytest\python.py", line 1720, in runtest
    self.ihook.pytest_pyfunc_call(pyfuncitem=self)
    │    │                                   └ <Function test_acquire_and_save_propagates_fetch_error>
    │    └ <property object at 0x0000027D408A1EE0>
    └ <Function test_acquire_and_save_propagates_fetch_error>

  File "C:\ProgramData\miniconda3\envs\py310\lib\site-packages\pluggy\_hooks.py", line 512, in __call__
    return self._hookexec(self.name, self._hookimpls.copy(), kwargs, firstresult)
           │    │         │    │     │    │                  │       └ True
           │    │         │    │     │    │                  └ {'pyfuncitem': <Function test_acquire_and_save_propagates_fetch_error>}
           │    │         │    │     │    └ <member '_hookimpls' of 'HookCaller' objects>
           │    │         │    │     └ <HookCaller 'pytest_pyfunc_call'>
           │    │         │    └ <member 'name' of 'HookCaller' objects>
           │    │         └ <HookCaller 'pytest_pyfunc_call'>
           │    └ <member '_hookexec' of 'HookCaller' objects>
           └ <HookCaller 'pytest_pyfunc_call'>

  File "C:\ProgramData\miniconda3\envs\py310\lib\site-packages\pluggy\_manager.py", line 120, in _hookexec
    return self._inner_hookexec(hook_name, methods, kwargs, firstresult)
           │    │               │          │        │       └ True
           │    │               │          │        └ {'pyfuncitem': <Function test_acquire_and_save_propagates_fetch_error>}
           │    │               │          └ [<HookImpl plugin_name='python', plugin=<module '_pytest.python' from 'C:\\ProgramData\\miniconda3\\envs\\py310\\lib\\site-pa...
           │    │               └ 'pytest_pyfunc_call'
           │    └ <function _multicall at 0x0000027D40054C10>
           └ <_pytest.config.PytestPluginManager object at 0x0000027D3FCE9210>

  File "C:\ProgramData\miniconda3\envs\py310\lib\site-packages\pluggy\_callers.py", line 121, in _multicall
    res = hook_impl.function(*args)
          │         │         └ [<Function test_acquire_and_save_propagates_fetch_error>]
          │         └ <member 'function' of 'HookImpl' objects>
          └ <HookImpl plugin_name='python', plugin=<module '_pytest.python' from 'C:\\ProgramData\\miniconda3\\envs\\py310\\lib\\site-pac...

  File "C:\ProgramData\miniconda3\envs\py310\lib\site-packages\_pytest\python.py", line 166, in pytest_pyfunc_call
    result = testfunction(**testargs)
             │              └ {'data_acquisition_plugin': <candle_data_manager.Plugin.DataAcquisitionPlugin.DataAcquisitionPlugin.DataAcquisitionPlugin obj...
             └ <function test_acquire_and_save_propagates_fetch_error at 0x0000027D5FFEA560>

  File "C:\Projects\CandleDataManager\tests\Plugin\DataAcquisitionPlugin\test_data_acquisition_plugin.py", line 77, in test_acquire_and_save_propagates_fetch_error
    data_acquisition_plugin.acquire_and_save(sample_symbol, start_at, end_at)
    │                       │                │              │         └ 1609545600
    │                       │                │              └ 1609459200
    │                       │                └ <candle_data_manager.Core.Models.Symbol.Symbol object at 0x0000027D60022500>
    │                       └ <function DataAcquisitionPlugin.acquire_and_save at 0x0000027D5FFEA3B0>
    └ <candle_data_manager.Plugin.DataAcquisitionPlugin.DataAcquisitionPlugin.DataAcquisitionPlugin object at 0x0000027D60021D50>

> File "C:\ProgramData\miniconda3\envs\py310\lib\site-packages\simple_logger\logger.py", line 202, in sync_wrapper
    result = func(*args, **kwargs)
             │     │       └ {}
             │     └ (<candle_data_manager.Plugin.DataAcquisitionPlugin.DataAcquisitionPlugin.DataAcquisitionPlugin object at 0x0000027D60021D50>,...
             └ <function DataAcquisitionPlugin.acquire_and_save at 0x0000027D5FFEA320>

  File "C:\Projects\CandleDataManager\src\candle_data_manager\Plugin\DataAcquisitionPlugin\DataAcquisitionPlugin.py", line 17, in acquire_and_save
    data = self._fetch_service.fetch(symbol, start_at, end_at)
           │    │                    │       │         └ 1609545600
           │    │                    │       └ 1609459200
           │    │                    └ <candle_data_manager.Core.Models.Symbol.Symbol object at 0x0000027D60022500>
           │    └ <Mock spec='DataFetchService' id='2737504920304'>
           └ <candle_data_manager.Plugin.DataAcquisitionPlugin.DataAcquisitionPlugin.DataAcquisitionPlugin object at 0x0000027D60021D50>

  File "C:\ProgramData\miniconda3\envs\py310\lib\unittest\mock.py", line 1114, in __call__
    return self._mock_call(*args, **kwargs)
           │    │           │       └ {}
           │    │           └ (<candle_data_manager.Core.Models.Symbol.Symbol object at 0x0000027D60022500>, 1609459200, 1609545600)
           │    └ <function CallableMixin._mock_call at 0x0000027D42C1D090>
           └ <Mock name='mock.fetch' id='2737504919536'>

  File "C:\ProgramData\miniconda3\envs\py310\lib\unittest\mock.py", line 1118, in _mock_call
    return self._execute_mock_call(*args, **kwargs)
           │    │                   │       └ {}
           │    │                   └ (<candle_data_manager.Core.Models.Symbol.Symbol object at 0x0000027D60022500>, 1609459200, 1609545600)
           │    └ <function CallableMixin._execute_mock_call at 0x0000027D42C1D1B0>
           └ <Mock name='mock.fetch' id='2737504919536'>

  File "C:\ProgramData\miniconda3\envs\py310\lib\unittest\mock.py", line 1173, in _execute_mock_call
    raise effect
          └ Exception('Network error')

Exception: Network error
[26-01-20 18:35:11] [INFO    ] [DataAcquisitionPlugin|DataAcquisitionPlugin.__init__] 초기화 시작 params={'args': (<Mock spec='DataFetchService' id='2737504919680'>, <Mock spec='DataSaveService' id='2737504919296'>)}
[26-01-20 18:35:11] [INFO    ] [DataAcquisitionPlugin|DataAcquisitionPlugin.__init__] 초기화 완료
[26-01-20 18:35:11] [INFO    ] [DataAcquisitionPlugin|DataAcquisitionPlugin.acquire_and_save] 시작 params={'args': (<candle_data_manager.Core.Models.Symbol.Symbol object at 0x0000027D60021A20>, 1609459200, 1609545600)}
[26-01-20 18:35:11] [ERROR   ] [DataAcquisitionPlugin|DataAcquisitionPlugin.acquire_and_save] 오류 발생
Traceback (most recent call last):

  File "C:\ProgramData\miniconda3\envs\py310\lib\runpy.py", line 196, in _run_module_as_main
    return _run_code(code, main_globals, None,
           │         │     └ {'__name__': '__main__', '__doc__': None, '__package__': '', '__loader__': <zipimporter object "C:\ProgramData\Miniconda3\env...
           │         └ <code object <module> at 0x0000027D3FD187C0, file "C:\ProgramData\Miniconda3\envs\py310\Scripts\pytest.exe\__main__.py", line 1>
           └ <function _run_code at 0x0000027D3FCF5240>

  File "C:\ProgramData\miniconda3\envs\py310\lib\runpy.py", line 86, in _run_code
    exec(code, run_globals)
         │     └ {'__name__': '__main__', '__doc__': None, '__package__': '', '__loader__': <zipimporter object "C:\ProgramData\Miniconda3\env...
         └ <code object <module> at 0x0000027D3FD187C0, file "C:\ProgramData\Miniconda3\envs\py310\Scripts\pytest.exe\__main__.py", line 1>

  File "C:\ProgramData\Miniconda3\envs\py310\Scripts\pytest.exe\__main__.py", line 6, in <module>

  File "C:\ProgramData\miniconda3\envs\py310\lib\site-packages\_pytest\config\__init__.py", line 221, in console_main
    code = main()
           └ <function main at 0x0000027D4087B7F0>

  File "C:\ProgramData\miniconda3\envs\py310\lib\site-packages\_pytest\config\__init__.py", line 197, in main
    ret: ExitCode | int = config.hook.pytest_cmdline_main(config=config)
         │                │      │    │                          └ <_pytest.config.Config object at 0x0000027D40B17580>
         │                │      │    └ <HookCaller 'pytest_cmdline_main'>
         │                │      └ <_pytest.config.compat.PathAwareHookProxy object at 0x0000027D40B50550>
         │                └ <_pytest.config.Config object at 0x0000027D40B17580>
         └ <enum 'ExitCode'>

  File "C:\ProgramData\miniconda3\envs\py310\lib\site-packages\pluggy\_hooks.py", line 512, in __call__
    return self._hookexec(self.name, self._hookimpls.copy(), kwargs, firstresult)
           │    │         │    │     │    │                  │       └ True
           │    │         │    │     │    │                  └ {'config': <_pytest.config.Config object at 0x0000027D40B17580>}
           │    │         │    │     │    └ <member '_hookimpls' of 'HookCaller' objects>
           │    │         │    │     └ <HookCaller 'pytest_cmdline_main'>
           │    │         │    └ <member 'name' of 'HookCaller' objects>
           │    │         └ <HookCaller 'pytest_cmdline_main'>
           │    └ <member '_hookexec' of 'HookCaller' objects>
           └ <HookCaller 'pytest_cmdline_main'>

  File "C:\ProgramData\miniconda3\envs\py310\lib\site-packages\pluggy\_manager.py", line 120, in _hookexec
    return self._inner_hookexec(hook_name, methods, kwargs, firstresult)
           │    │               │          │        │       └ True
           │    │               │          │        └ {'config': <_pytest.config.Config object at 0x0000027D40B17580>}
           │    │               │          └ [<HookImpl plugin_name='main', plugin=<module '_pytest.main' from 'C:\\ProgramData\\miniconda3\\envs\\py310\\lib\\site-packag...
           │    │               └ 'pytest_cmdline_main'
           │    └ <function _multicall at 0x0000027D40054C10>
           └ <_pytest.config.PytestPluginManager object at 0x0000027D3FCE9210>

  File "C:\ProgramData\miniconda3\envs\py310\lib\site-packages\pluggy\_callers.py", line 121, in _multicall
    res = hook_impl.function(*args)
          │         │         └ [<_pytest.config.Config object at 0x0000027D40B17580>]
          │         └ <member 'function' of 'HookImpl' objects>
          └ <HookImpl plugin_name='main', plugin=<module '_pytest.main' from 'C:\\ProgramData\\miniconda3\\envs\\py310\\lib\\site-package...

  File "C:\ProgramData\miniconda3\envs\py310\lib\site-packages\_pytest\main.py", line 365, in pytest_cmdline_main
    return wrap_session(config, _main)
           │            │       └ <function _main at 0x0000027D4092AC20>
           │            └ <_pytest.config.Config object at 0x0000027D40B17580>
           └ <function wrap_session at 0x0000027D4092AB00>

  File "C:\ProgramData\miniconda3\envs\py310\lib\site-packages\_pytest\main.py", line 318, in wrap_session
    session.exitstatus = doit(config, session) or 0
    │       │            │    │       └ <Session  exitstatus=<ExitCode.OK: 0> testsfailed=0 testscollected=4>
    │       │            │    └ <_pytest.config.Config object at 0x0000027D40B17580>
    │       │            └ <function _main at 0x0000027D4092AC20>
    │       └ <ExitCode.OK: 0>
    └ <Session  exitstatus=<ExitCode.OK: 0> testsfailed=0 testscollected=4>

  File "C:\ProgramData\miniconda3\envs\py310\lib\site-packages\_pytest\main.py", line 372, in _main
    config.hook.pytest_runtestloop(session=session)
    │      │    │                          └ <Session  exitstatus=<ExitCode.OK: 0> testsfailed=0 testscollected=4>
    │      │    └ <HookCaller 'pytest_runtestloop'>
    │      └ <_pytest.config.compat.PathAwareHookProxy object at 0x0000027D40B50550>
    └ <_pytest.config.Config object at 0x0000027D40B17580>

  File "C:\ProgramData\miniconda3\envs\py310\lib\site-packages\pluggy\_hooks.py", line 512, in __call__
    return self._hookexec(self.name, self._hookimpls.copy(), kwargs, firstresult)
           │    │         │    │     │    │                  │       └ True
           │    │         │    │     │    │                  └ {'session': <Session  exitstatus=<ExitCode.OK: 0> testsfailed=0 testscollected=4>}
           │    │         │    │     │    └ <member '_hookimpls' of 'HookCaller' objects>
           │    │         │    │     └ <HookCaller 'pytest_runtestloop'>
           │    │         │    └ <member 'name' of 'HookCaller' objects>
           │    │         └ <HookCaller 'pytest_runtestloop'>
           │    └ <member '_hookexec' of 'HookCaller' objects>
           └ <HookCaller 'pytest_runtestloop'>

  File "C:\ProgramData\miniconda3\envs\py310\lib\site-packages\pluggy\_manager.py", line 120, in _hookexec
    return self._inner_hookexec(hook_name, methods, kwargs, firstresult)
           │    │               │          │        │       └ True
           │    │               │          │        └ {'session': <Session  exitstatus=<ExitCode.OK: 0> testsfailed=0 testscollected=4>}
           │    │               │          └ [<HookImpl plugin_name='main', plugin=<module '_pytest.main' from 'C:\\ProgramData\\miniconda3\\envs\\py310\\lib\\site-packag...
           │    │               └ 'pytest_runtestloop'
           │    └ <function _multicall at 0x0000027D40054C10>
           └ <_pytest.config.PytestPluginManager object at 0x0000027D3FCE9210>

  File "C:\ProgramData\miniconda3\envs\py310\lib\site-packages\pluggy\_callers.py", line 121, in _multicall
    res = hook_impl.function(*args)
          │         │         └ [<Session  exitstatus=<ExitCode.OK: 0> testsfailed=0 testscollected=4>]
          │         └ <member 'function' of 'HookImpl' objects>
          └ <HookImpl plugin_name='main', plugin=<module '_pytest.main' from 'C:\\ProgramData\\miniconda3\\envs\\py310\\lib\\site-package...

  File "C:\ProgramData\miniconda3\envs\py310\lib\site-packages\_pytest\main.py", line 396, in pytest_runtestloop
    item.config.hook.pytest_runtest_protocol(item=item, nextitem=nextitem)
    │    │                                        │              └ None
    │    │                                        └ <Function test_acquire_and_save_propagates_save_error>
    │    └ <member 'config' of 'Node' objects>
    └ <Function test_acquire_and_save_propagates_save_error>

  File "C:\ProgramData\miniconda3\envs\py310\lib\site-packages\pluggy\_hooks.py", line 512, in __call__
    return self._hookexec(self.name, self._hookimpls.copy(), kwargs, firstresult)
           │    │         │    │     │    │                  │       └ True
           │    │         │    │     │    │                  └ {'item': <Function test_acquire_and_save_propagates_save_error>, 'nextitem': None}
           │    │         │    │     │    └ <member '_hookimpls' of 'HookCaller' objects>
           │    │         │    │     └ <HookCaller 'pytest_runtest_protocol'>
           │    │         │    └ <member 'name' of 'HookCaller' objects>
           │    │         └ <HookCaller 'pytest_runtest_protocol'>
           │    └ <member '_hookexec' of 'HookCaller' objects>
           └ <HookCaller 'pytest_runtest_protocol'>

  File "C:\ProgramData\miniconda3\envs\py310\lib\site-packages\pluggy\_manager.py", line 120, in _hookexec
    return self._inner_hookexec(hook_name, methods, kwargs, firstresult)
           │    │               │          │        │       └ True
           │    │               │          │        └ {'item': <Function test_acquire_and_save_propagates_save_error>, 'nextitem': None}
           │    │               │          └ [<HookImpl plugin_name='runner', plugin=<module '_pytest.runner' from 'C:\\ProgramData\\miniconda3\\envs\\py310\\lib\\site-pa...
           │    │               └ 'pytest_runtest_protocol'
           │    └ <function _multicall at 0x0000027D40054C10>
           └ <_pytest.config.PytestPluginManager object at 0x0000027D3FCE9210>

  File "C:\ProgramData\miniconda3\envs\py310\lib\site-packages\pluggy\_callers.py", line 121, in _multicall
    res = hook_impl.function(*args)
          │         │         └ [<Function test_acquire_and_save_propagates_save_error>, None]
          │         └ <member 'function' of 'HookImpl' objects>
          └ <HookImpl plugin_name='runner', plugin=<module '_pytest.runner' from 'C:\\ProgramData\\miniconda3\\envs\\py310\\lib\\site-pac...

  File "C:\ProgramData\miniconda3\envs\py310\lib\site-packages\_pytest\runner.py", line 118, in pytest_runtest_protocol
    runtestprotocol(item, nextitem=nextitem)
    │               │              └ None
    │               └ <Function test_acquire_and_save_propagates_save_error>
    └ <function runtestprotocol at 0x0000027D40929E10>

  File "C:\ProgramData\miniconda3\envs\py310\lib\site-packages\_pytest\runner.py", line 137, in runtestprotocol
    reports.append(call_and_report(item, "call", log))
    │       │      │               │             └ True
    │       │      │               └ <Function test_acquire_and_save_propagates_save_error>
    │       │      └ <function call_and_report at 0x0000027D4092A200>
    │       └ <method 'append' of 'list' objects>
    └ [<TestReport 'tests/Plugin/DataAcquisitionPlugin/test_data_acquisition_plugin.py::test_acquire_and_save_propagates_save_error...

  File "C:\ProgramData\miniconda3\envs\py310\lib\site-packages\_pytest\runner.py", line 244, in call_and_report
    call = CallInfo.from_call(
           │        └ <classmethod(<function CallInfo.from_call at 0x0000027D4092A560>)>
           └ <class '_pytest.runner.CallInfo'>

  File "C:\ProgramData\miniconda3\envs\py310\lib\site-packages\_pytest\runner.py", line 353, in from_call
    result: TResult | None = func()
            │                └ <function call_and_report.<locals>.<lambda> at 0x0000027D5FFEAC20>
            └ +TResult

  File "C:\ProgramData\miniconda3\envs\py310\lib\site-packages\_pytest\runner.py", line 245, in <lambda>
    lambda: runtest_hook(item=item, **kwds),
            │                 │       └ {}
            │                 └ <Function test_acquire_and_save_propagates_save_error>
            └ <HookCaller 'pytest_runtest_call'>

  File "C:\ProgramData\miniconda3\envs\py310\lib\site-packages\pluggy\_hooks.py", line 512, in __call__
    return self._hookexec(self.name, self._hookimpls.copy(), kwargs, firstresult)
           │    │         │    │     │    │                  │       └ False
           │    │         │    │     │    │                  └ {'item': <Function test_acquire_and_save_propagates_save_error>}
           │    │         │    │     │    └ <member '_hookimpls' of 'HookCaller' objects>
           │    │         │    │     └ <HookCaller 'pytest_runtest_call'>
           │    │         │    └ <member 'name' of 'HookCaller' objects>
           │    │         └ <HookCaller 'pytest_runtest_call'>
           │    └ <member '_hookexec' of 'HookCaller' objects>
           └ <HookCaller 'pytest_runtest_call'>

  File "C:\ProgramData\miniconda3\envs\py310\lib\site-packages\pluggy\_manager.py", line 120, in _hookexec
    return self._inner_hookexec(hook_name, methods, kwargs, firstresult)
           │    │               │          │        │       └ False
           │    │               │          │        └ {'item': <Function test_acquire_and_save_propagates_save_error>}
           │    │               │          └ [<HookImpl plugin_name='threadexception', plugin=<module '_pytest.threadexception' from 'C:\\ProgramData\\miniconda3\\envs\\p...
           │    │               └ 'pytest_runtest_call'
           │    └ <function _multicall at 0x0000027D40054C10>
           └ <_pytest.config.PytestPluginManager object at 0x0000027D3FCE9210>

  File "C:\ProgramData\miniconda3\envs\py310\lib\site-packages\pluggy\_callers.py", line 121, in _multicall
    res = hook_impl.function(*args)
          │         │         └ [<Function test_acquire_and_save_propagates_save_error>]
          │         └ <member 'function' of 'HookImpl' objects>
          └ <HookImpl plugin_name='runner', plugin=<module '_pytest.runner' from 'C:\\ProgramData\\miniconda3\\envs\\py310\\lib\\site-pac...

  File "C:\ProgramData\miniconda3\envs\py310\lib\site-packages\_pytest\runner.py", line 179, in pytest_runtest_call
    item.runtest()
    │    └ <function Function.runtest at 0x0000027D40A5AE60>
    └ <Function test_acquire_and_save_propagates_save_error>

  File "C:\ProgramData\miniconda3\envs\py310\lib\site-packages\_pytest\python.py", line 1720, in runtest
    self.ihook.pytest_pyfunc_call(pyfuncitem=self)
    │    │                                   └ <Function test_acquire_and_save_propagates_save_error>
    │    └ <property object at 0x0000027D408A1EE0>
    └ <Function test_acquire_and_save_propagates_save_error>

  File "C:\ProgramData\miniconda3\envs\py310\lib\site-packages\pluggy\_hooks.py", line 512, in __call__
    return self._hookexec(self.name, self._hookimpls.copy(), kwargs, firstresult)
           │    │         │    │     │    │                  │       └ True
           │    │         │    │     │    │                  └ {'pyfuncitem': <Function test_acquire_and_save_propagates_save_error>}
           │    │         │    │     │    └ <member '_hookimpls' of 'HookCaller' objects>
           │    │         │    │     └ <HookCaller 'pytest_pyfunc_call'>
           │    │         │    └ <member 'name' of 'HookCaller' objects>
           │    │         └ <HookCaller 'pytest_pyfunc_call'>
           │    └ <member '_hookexec' of 'HookCaller' objects>
           └ <HookCaller 'pytest_pyfunc_call'>

  File "C:\ProgramData\miniconda3\envs\py310\lib\site-packages\pluggy\_manager.py", line 120, in _hookexec
    return self._inner_hookexec(hook_name, methods, kwargs, firstresult)
           │    │               │          │        │       └ True
           │    │               │          │        └ {'pyfuncitem': <Function test_acquire_and_save_propagates_save_error>}
           │    │               │          └ [<HookImpl plugin_name='python', plugin=<module '_pytest.python' from 'C:\\ProgramData\\miniconda3\\envs\\py310\\lib\\site-pa...
           │    │               └ 'pytest_pyfunc_call'
           │    └ <function _multicall at 0x0000027D40054C10>
           └ <_pytest.config.PytestPluginManager object at 0x0000027D3FCE9210>

  File "C:\ProgramData\miniconda3\envs\py310\lib\site-packages\pluggy\_callers.py", line 121, in _multicall
    res = hook_impl.function(*args)
          │         │         └ [<Function test_acquire_and_save_propagates_save_error>]
          │         └ <member 'function' of 'HookImpl' objects>
          └ <HookImpl plugin_name='python', plugin=<module '_pytest.python' from 'C:\\ProgramData\\miniconda3\\envs\\py310\\lib\\site-pac...

  File "C:\ProgramData\miniconda3\envs\py310\lib\site-packages\_pytest\python.py", line 166, in pytest_pyfunc_call
    result = testfunction(**testargs)
             │              └ {'data_acquisition_plugin': <candle_data_manager.Plugin.DataAcquisitionPlugin.DataAcquisitionPlugin.DataAcquisitionPlugin obj...
             └ <function test_acquire_and_save_propagates_save_error at 0x0000027D5FFEA5F0>

  File "C:\Projects\CandleDataManager\tests\Plugin\DataAcquisitionPlugin\test_data_acquisition_plugin.py", line 95, in test_acquire_and_save_propagates_save_error
    data_acquisition_plugin.acquire_and_save(sample_symbol, start_at, end_at)
    │                       │                │              │         └ 1609545600
    │                       │                │              └ 1609459200
    │                       │                └ <candle_data_manager.Core.Models.Symbol.Symbol object at 0x0000027D60021A20>
    │                       └ <function DataAcquisitionPlugin.acquire_and_save at 0x0000027D5FFEA3B0>
    └ <candle_data_manager.Plugin.DataAcquisitionPlugin.DataAcquisitionPlugin.DataAcquisitionPlugin object at 0x0000027D60021570>

> File "C:\ProgramData\miniconda3\envs\py310\lib\site-packages\simple_logger\logger.py", line 202, in sync_wrapper
    result = func(*args, **kwargs)
             │     │       └ {}
             │     └ (<candle_data_manager.Plugin.DataAcquisitionPlugin.DataAcquisitionPlugin.DataAcquisitionPlugin object at 0x0000027D60021570>,...
             └ <function DataAcquisitionPlugin.acquire_and_save at 0x0000027D5FFEA320>

  File "C:\Projects\CandleDataManager\src\candle_data_manager\Plugin\DataAcquisitionPlugin\DataAcquisitionPlugin.py", line 20, in acquire_and_save
    self._save_service.save(symbol, data)
    │    │                  │       └ [{'timestamp': 1609459200, 'open': 29000, 'high': 29500, 'low': 28500, 'close': 29200, 'volume': 1000}]
    │    │                  └ <candle_data_manager.Core.Models.Symbol.Symbol object at 0x0000027D60021A20>
    │    └ <Mock spec='DataSaveService' id='2737504919296'>
    └ <candle_data_manager.Plugin.DataAcquisitionPlugin.DataAcquisitionPlugin.DataAcquisitionPlugin object at 0x0000027D60021570>

  File "C:\ProgramData\miniconda3\envs\py310\lib\unittest\mock.py", line 1114, in __call__
    return self._mock_call(*args, **kwargs)
           │    │           │       └ {}
           │    │           └ (<candle_data_manager.Core.Models.Symbol.Symbol object at 0x0000027D60021A20>, [{'timestamp': 1609459200, 'open': 29000, 'hig...
           │    └ <function CallableMixin._mock_call at 0x0000027D42C1D090>
           └ <Mock name='mock.save' id='2737504927120'>

  File "C:\ProgramData\miniconda3\envs\py310\lib\unittest\mock.py", line 1118, in _mock_call
    return self._execute_mock_call(*args, **kwargs)
           │    │                   │       └ {}
           │    │                   └ (<candle_data_manager.Core.Models.Symbol.Symbol object at 0x0000027D60021A20>, [{'timestamp': 1609459200, 'open': 29000, 'hig...
           │    └ <function CallableMixin._execute_mock_call at 0x0000027D42C1D1B0>
           └ <Mock name='mock.save' id='2737504927120'>

  File "C:\ProgramData\miniconda3\envs\py310\lib\unittest\mock.py", line 1173, in _execute_mock_call
    raise effect
          └ Exception('Database error')

Exception: Database error
