[26-01-20 18:29:00] [INFO    ] [DataFetchService|DataFetchService.__init__] 초기화 시작 params={'args': (<Mock spec='ProviderRegistry' id='2097387913760'>,)}
[26-01-20 18:29:00] [INFO    ] [DataFetchService|DataFetchService.__init__] 초기화 완료
[26-01-20 18:29:00] [INFO    ] [DataFetchService|DataFetchService.fetch] 시작 params={'args': (<candle_data_manager.Core.Models.Symbol.Symbol object at 0x000001E8560FFE20>, 1609459200, 1609466400)}
[26-01-20 18:29:00] [INFO    ] [DataFetchService|DataFetchService.fetch] 종료 result=[{'timestamp': 1609459200, 'open': 29000, 'high': 29500, 'low': 28500, 'close': 29200, 'volume': 1000}, {'timestamp': 1609462800, 'open': 29200, 'high': 29800, 'low': 29000, 'close': 29500, 'volume': 1200}]
[26-01-20 18:29:00] [INFO    ] [DataFetchService|DataFetchService.__init__] 초기화 시작 params={'args': (<Mock spec='ProviderRegistry' id='2097388419632'>,)}
[26-01-20 18:29:00] [INFO    ] [DataFetchService|DataFetchService.__init__] 초기화 완료
[26-01-20 18:29:00] [INFO    ] [DataFetchService|DataFetchService.fetch] 시작 params={'args': (<candle_data_manager.Core.Models.Symbol.Symbol object at 0x000001E856177BB0>, 1609459200, 1609466400)}
[26-01-20 18:29:00] [INFO    ] [DataFetchService|DataFetchService.fetch] 종료 result=[]
[26-01-20 18:29:00] [INFO    ] [DataFetchService|DataFetchService.__init__] 초기화 시작 params={'args': (<Mock spec='ProviderRegistry' id='2097388534416'>,)}
[26-01-20 18:29:00] [INFO    ] [DataFetchService|DataFetchService.__init__] 초기화 완료
[26-01-20 18:29:00] [INFO    ] [DataFetchService|DataFetchService.fetch] 시작 params={'args': (<candle_data_manager.Core.Models.Symbol.Symbol object at 0x000001E856193C70>, 1609459200, 1609466400)}
[26-01-20 18:29:00] [ERROR   ] [DataFetchService|DataFetchService.fetch] 오류 발생
Traceback (most recent call last):

  File "C:\ProgramData\Miniconda3\envs\py310\lib\runpy.py", line 196, in _run_module_as_main
    return _run_code(code, main_globals, None,
           │         │     └ {'__name__': '__main__', '__doc__': 'The pytest entry point.', '__package__': 'pytest', '__loader__': <_frozen_importlib_exte...
           │         └ <code object <module> at 0x000001E835D69B00, file "C:\ProgramData\Miniconda3\envs\py310\lib\site-packages\pytest\__main__.py"...
           └ <function _run_code at 0x000001E835D65240>

  File "C:\ProgramData\Miniconda3\envs\py310\lib\runpy.py", line 86, in _run_code
    exec(code, run_globals)
         │     └ {'__name__': '__main__', '__doc__': 'The pytest entry point.', '__package__': 'pytest', '__loader__': <_frozen_importlib_exte...
         └ <code object <module> at 0x000001E835D69B00, file "C:\ProgramData\Miniconda3\envs\py310\lib\site-packages\pytest\__main__.py"...

  File "C:\ProgramData\Miniconda3\envs\py310\lib\site-packages\pytest\__main__.py", line 9, in <module>
    raise SystemExit(pytest.console_main())
                     │      └ <function console_main at 0x000001E8365777F0>
                     └ <module 'pytest' from 'C:\\ProgramData\\Miniconda3\\envs\\py310\\lib\\site-packages\\pytest\\__init__.py'>

  File "C:\ProgramData\Miniconda3\envs\py310\lib\site-packages\_pytest\config\__init__.py", line 221, in console_main
    code = main()
           └ <function main at 0x000001E836577760>

  File "C:\ProgramData\Miniconda3\envs\py310\lib\site-packages\_pytest\config\__init__.py", line 197, in main
    ret: ExitCode | int = config.hook.pytest_cmdline_main(config=config)
         │                │      │    │                          └ <_pytest.config.Config object at 0x000001E836C176D0>
         │                │      │    └ <HookCaller 'pytest_cmdline_main'>
         │                │      └ <_pytest.config.compat.PathAwareHookProxy object at 0x000001E836C50D90>
         │                └ <_pytest.config.Config object at 0x000001E836C176D0>
         └ <enum 'ExitCode'>

  File "C:\ProgramData\Miniconda3\envs\py310\lib\site-packages\pluggy\_hooks.py", line 512, in __call__
    return self._hookexec(self.name, self._hookimpls.copy(), kwargs, firstresult)
           │    │         │    │     │    │                  │       └ True
           │    │         │    │     │    │                  └ {'config': <_pytest.config.Config object at 0x000001E836C176D0>}
           │    │         │    │     │    └ <member '_hookimpls' of 'HookCaller' objects>
           │    │         │    │     └ <HookCaller 'pytest_cmdline_main'>
           │    │         │    └ <member 'name' of 'HookCaller' objects>
           │    │         └ <HookCaller 'pytest_cmdline_main'>
           │    └ <member '_hookexec' of 'HookCaller' objects>
           └ <HookCaller 'pytest_cmdline_main'>

  File "C:\ProgramData\Miniconda3\envs\py310\lib\site-packages\pluggy\_manager.py", line 120, in _hookexec
    return self._inner_hookexec(hook_name, methods, kwargs, firstresult)
           │    │               │          │        │       └ True
           │    │               │          │        └ {'config': <_pytest.config.Config object at 0x000001E836C176D0>}
           │    │               │          └ [<HookImpl plugin_name='main', plugin=<module '_pytest.main' from 'C:\\ProgramData\\Miniconda3\\envs\\py310\\lib\\site-packag...
           │    │               └ 'pytest_cmdline_main'
           │    └ <function _multicall at 0x000001E8360C4B80>
           └ <_pytest.config.PytestPluginManager object at 0x000001E835D59150>

  File "C:\ProgramData\Miniconda3\envs\py310\lib\site-packages\pluggy\_callers.py", line 121, in _multicall
    res = hook_impl.function(*args)
          │         │         └ [<_pytest.config.Config object at 0x000001E836C176D0>]
          │         └ <member 'function' of 'HookImpl' objects>
          └ <HookImpl plugin_name='main', plugin=<module '_pytest.main' from 'C:\\ProgramData\\Miniconda3\\envs\\py310\\lib\\site-package...

  File "C:\ProgramData\Miniconda3\envs\py310\lib\site-packages\_pytest\main.py", line 365, in pytest_cmdline_main
    return wrap_session(config, _main)
           │            │       └ <function _main at 0x000001E836A2AB90>
           │            └ <_pytest.config.Config object at 0x000001E836C176D0>
           └ <function wrap_session at 0x000001E836A2AA70>

  File "C:\ProgramData\Miniconda3\envs\py310\lib\site-packages\_pytest\main.py", line 318, in wrap_session
    session.exitstatus = doit(config, session) or 0
    │       │            │    │       └ <Session  exitstatus=<ExitCode.OK: 0> testsfailed=0 testscollected=51>
    │       │            │    └ <_pytest.config.Config object at 0x000001E836C176D0>
    │       │            └ <function _main at 0x000001E836A2AB90>
    │       └ <ExitCode.OK: 0>
    └ <Session  exitstatus=<ExitCode.OK: 0> testsfailed=0 testscollected=51>

  File "C:\ProgramData\Miniconda3\envs\py310\lib\site-packages\_pytest\main.py", line 372, in _main
    config.hook.pytest_runtestloop(session=session)
    │      │    │                          └ <Session  exitstatus=<ExitCode.OK: 0> testsfailed=0 testscollected=51>
    │      │    └ <HookCaller 'pytest_runtestloop'>
    │      └ <_pytest.config.compat.PathAwareHookProxy object at 0x000001E836C50D90>
    └ <_pytest.config.Config object at 0x000001E836C176D0>

  File "C:\ProgramData\Miniconda3\envs\py310\lib\site-packages\pluggy\_hooks.py", line 512, in __call__
    return self._hookexec(self.name, self._hookimpls.copy(), kwargs, firstresult)
           │    │         │    │     │    │                  │       └ True
           │    │         │    │     │    │                  └ {'session': <Session  exitstatus=<ExitCode.OK: 0> testsfailed=0 testscollected=51>}
           │    │         │    │     │    └ <member '_hookimpls' of 'HookCaller' objects>
           │    │         │    │     └ <HookCaller 'pytest_runtestloop'>
           │    │         │    └ <member 'name' of 'HookCaller' objects>
           │    │         └ <HookCaller 'pytest_runtestloop'>
           │    └ <member '_hookexec' of 'HookCaller' objects>
           └ <HookCaller 'pytest_runtestloop'>

  File "C:\ProgramData\Miniconda3\envs\py310\lib\site-packages\pluggy\_manager.py", line 120, in _hookexec
    return self._inner_hookexec(hook_name, methods, kwargs, firstresult)
           │    │               │          │        │       └ True
           │    │               │          │        └ {'session': <Session  exitstatus=<ExitCode.OK: 0> testsfailed=0 testscollected=51>}
           │    │               │          └ [<HookImpl plugin_name='main', plugin=<module '_pytest.main' from 'C:\\ProgramData\\Miniconda3\\envs\\py310\\lib\\site-packag...
           │    │               └ 'pytest_runtestloop'
           │    └ <function _multicall at 0x000001E8360C4B80>
           └ <_pytest.config.PytestPluginManager object at 0x000001E835D59150>

  File "C:\ProgramData\Miniconda3\envs\py310\lib\site-packages\pluggy\_callers.py", line 121, in _multicall
    res = hook_impl.function(*args)
          │         │         └ [<Session  exitstatus=<ExitCode.OK: 0> testsfailed=0 testscollected=51>]
          │         └ <member 'function' of 'HookImpl' objects>
          └ <HookImpl plugin_name='main', plugin=<module '_pytest.main' from 'C:\\ProgramData\\Miniconda3\\envs\\py310\\lib\\site-package...

  File "C:\ProgramData\Miniconda3\envs\py310\lib\site-packages\_pytest\main.py", line 396, in pytest_runtestloop
    item.config.hook.pytest_runtest_protocol(item=item, nextitem=nextitem)
    │    │                                        │              └ <Function test_fetch_all_data_returns_full_range>
    │    │                                        └ <Function test_fetch_with_provider_not_implemented_error>
    │    └ <member 'config' of 'Node' objects>
    └ <Function test_fetch_with_provider_not_implemented_error>

  File "C:\ProgramData\Miniconda3\envs\py310\lib\site-packages\pluggy\_hooks.py", line 512, in __call__
    return self._hookexec(self.name, self._hookimpls.copy(), kwargs, firstresult)
           │    │         │    │     │    │                  │       └ True
           │    │         │    │     │    │                  └ {'item': <Function test_fetch_with_provider_not_implemented_error>, 'nextitem': <Function test_fetch_all_data_returns_full_ra...
           │    │         │    │     │    └ <member '_hookimpls' of 'HookCaller' objects>
           │    │         │    │     └ <HookCaller 'pytest_runtest_protocol'>
           │    │         │    └ <member 'name' of 'HookCaller' objects>
           │    │         └ <HookCaller 'pytest_runtest_protocol'>
           │    └ <member '_hookexec' of 'HookCaller' objects>
           └ <HookCaller 'pytest_runtest_protocol'>

  File "C:\ProgramData\Miniconda3\envs\py310\lib\site-packages\pluggy\_manager.py", line 120, in _hookexec
    return self._inner_hookexec(hook_name, methods, kwargs, firstresult)
           │    │               │          │        │       └ True
           │    │               │          │        └ {'item': <Function test_fetch_with_provider_not_implemented_error>, 'nextitem': <Function test_fetch_all_data_returns_full_ra...
           │    │               │          └ [<HookImpl plugin_name='runner', plugin=<module '_pytest.runner' from 'C:\\ProgramData\\Miniconda3\\envs\\py310\\lib\\site-pa...
           │    │               └ 'pytest_runtest_protocol'
           │    └ <function _multicall at 0x000001E8360C4B80>
           └ <_pytest.config.PytestPluginManager object at 0x000001E835D59150>

  File "C:\ProgramData\Miniconda3\envs\py310\lib\site-packages\pluggy\_callers.py", line 121, in _multicall
    res = hook_impl.function(*args)
          │         │         └ [<Function test_fetch_with_provider_not_implemented_error>, <Function test_fetch_all_data_returns_full_range>]
          │         └ <member 'function' of 'HookImpl' objects>
          └ <HookImpl plugin_name='runner', plugin=<module '_pytest.runner' from 'C:\\ProgramData\\Miniconda3\\envs\\py310\\lib\\site-pac...

  File "C:\ProgramData\Miniconda3\envs\py310\lib\site-packages\_pytest\runner.py", line 118, in pytest_runtest_protocol
    runtestprotocol(item, nextitem=nextitem)
    │               │              └ <Function test_fetch_all_data_returns_full_range>
    │               └ <Function test_fetch_with_provider_not_implemented_error>
    └ <function runtestprotocol at 0x000001E836A29D80>

  File "C:\ProgramData\Miniconda3\envs\py310\lib\site-packages\_pytest\runner.py", line 137, in runtestprotocol
    reports.append(call_and_report(item, "call", log))
    │       │      │               │             └ True
    │       │      │               └ <Function test_fetch_with_provider_not_implemented_error>
    │       │      └ <function call_and_report at 0x000001E836A2A170>
    │       └ <method 'append' of 'list' objects>
    └ [<TestReport 'tests/Service/DataFetchService/test_data_fetch_service.py::test_fetch_with_provider_not_implemented_error' when...

  File "C:\ProgramData\Miniconda3\envs\py310\lib\site-packages\_pytest\runner.py", line 244, in call_and_report
    call = CallInfo.from_call(
           │        └ <classmethod(<function CallInfo.from_call at 0x000001E836A2A4D0>)>
           └ <class '_pytest.runner.CallInfo'>

  File "C:\ProgramData\Miniconda3\envs\py310\lib\site-packages\_pytest\runner.py", line 353, in from_call
    result: TResult | None = func()
            │                └ <function call_and_report.<locals>.<lambda> at 0x000001E8560E5BD0>
            └ +TResult

  File "C:\ProgramData\Miniconda3\envs\py310\lib\site-packages\_pytest\runner.py", line 245, in <lambda>
    lambda: runtest_hook(item=item, **kwds),
            │                 │       └ {}
            │                 └ <Function test_fetch_with_provider_not_implemented_error>
            └ <HookCaller 'pytest_runtest_call'>

  File "C:\ProgramData\Miniconda3\envs\py310\lib\site-packages\pluggy\_hooks.py", line 512, in __call__
    return self._hookexec(self.name, self._hookimpls.copy(), kwargs, firstresult)
           │    │         │    │     │    │                  │       └ False
           │    │         │    │     │    │                  └ {'item': <Function test_fetch_with_provider_not_implemented_error>}
           │    │         │    │     │    └ <member '_hookimpls' of 'HookCaller' objects>
           │    │         │    │     └ <HookCaller 'pytest_runtest_call'>
           │    │         │    └ <member 'name' of 'HookCaller' objects>
           │    │         └ <HookCaller 'pytest_runtest_call'>
           │    └ <member '_hookexec' of 'HookCaller' objects>
           └ <HookCaller 'pytest_runtest_call'>

  File "C:\ProgramData\Miniconda3\envs\py310\lib\site-packages\pluggy\_manager.py", line 120, in _hookexec
    return self._inner_hookexec(hook_name, methods, kwargs, firstresult)
           │    │               │          │        │       └ False
           │    │               │          │        └ {'item': <Function test_fetch_with_provider_not_implemented_error>}
           │    │               │          └ [<HookImpl plugin_name='threadexception', plugin=<module '_pytest.threadexception' from 'C:\\ProgramData\\Miniconda3\\envs\\p...
           │    │               └ 'pytest_runtest_call'
           │    └ <function _multicall at 0x000001E8360C4B80>
           └ <_pytest.config.PytestPluginManager object at 0x000001E835D59150>

  File "C:\ProgramData\Miniconda3\envs\py310\lib\site-packages\pluggy\_callers.py", line 121, in _multicall
    res = hook_impl.function(*args)
          │         │         └ [<Function test_fetch_with_provider_not_implemented_error>]
          │         └ <member 'function' of 'HookImpl' objects>
          └ <HookImpl plugin_name='runner', plugin=<module '_pytest.runner' from 'C:\\ProgramData\\Miniconda3\\envs\\py310\\lib\\site-pac...

  File "C:\ProgramData\Miniconda3\envs\py310\lib\site-packages\_pytest\runner.py", line 179, in pytest_runtest_call
    item.runtest()
    │    └ <function Function.runtest at 0x000001E836B5ADD0>
    └ <Function test_fetch_with_provider_not_implemented_error>

  File "C:\ProgramData\Miniconda3\envs\py310\lib\site-packages\_pytest\python.py", line 1720, in runtest
    self.ihook.pytest_pyfunc_call(pyfuncitem=self)
    │    │                                   └ <Function test_fetch_with_provider_not_implemented_error>
    │    └ <property object at 0x000001E8365A60C0>
    └ <Function test_fetch_with_provider_not_implemented_error>

  File "C:\ProgramData\Miniconda3\envs\py310\lib\site-packages\pluggy\_hooks.py", line 512, in __call__
    return self._hookexec(self.name, self._hookimpls.copy(), kwargs, firstresult)
           │    │         │    │     │    │                  │       └ True
           │    │         │    │     │    │                  └ {'pyfuncitem': <Function test_fetch_with_provider_not_implemented_error>}
           │    │         │    │     │    └ <member '_hookimpls' of 'HookCaller' objects>
           │    │         │    │     └ <HookCaller 'pytest_pyfunc_call'>
           │    │         │    └ <member 'name' of 'HookCaller' objects>
           │    │         └ <HookCaller 'pytest_pyfunc_call'>
           │    └ <member '_hookexec' of 'HookCaller' objects>
           └ <HookCaller 'pytest_pyfunc_call'>

  File "C:\ProgramData\Miniconda3\envs\py310\lib\site-packages\pluggy\_manager.py", line 120, in _hookexec
    return self._inner_hookexec(hook_name, methods, kwargs, firstresult)
           │    │               │          │        │       └ True
           │    │               │          │        └ {'pyfuncitem': <Function test_fetch_with_provider_not_implemented_error>}
           │    │               │          └ [<HookImpl plugin_name='python', plugin=<module '_pytest.python' from 'C:\\ProgramData\\Miniconda3\\envs\\py310\\lib\\site-pa...
           │    │               └ 'pytest_pyfunc_call'
           │    └ <function _multicall at 0x000001E8360C4B80>
           └ <_pytest.config.PytestPluginManager object at 0x000001E835D59150>

  File "C:\ProgramData\Miniconda3\envs\py310\lib\site-packages\pluggy\_callers.py", line 121, in _multicall
    res = hook_impl.function(*args)
          │         │         └ [<Function test_fetch_with_provider_not_implemented_error>]
          │         └ <member 'function' of 'HookImpl' objects>
          └ <HookImpl plugin_name='python', plugin=<module '_pytest.python' from 'C:\\ProgramData\\Miniconda3\\envs\\py310\\lib\\site-pac...

  File "C:\ProgramData\Miniconda3\envs\py310\lib\site-packages\_pytest\python.py", line 166, in pytest_pyfunc_call
    result = testfunction(**testargs)
             │              └ {'data_fetch_service': <candle_data_manager.Service.DataFetchService.DataFetchService.DataFetchService object at 0x000001E856...
             └ <function test_fetch_with_provider_not_implemented_error at 0x000001E855F3D2D0>

  File "C:\Projects\CandleDataManager\tests\Service\DataFetchService\test_data_fetch_service.py", line 64, in test_fetch_with_provider_not_implemented_error
    data_fetch_service.fetch(sample_symbol, 1609459200, 1609466400)
    │                  │     └ <candle_data_manager.Core.Models.Symbol.Symbol object at 0x000001E856193C70>
    │                  └ <function DataFetchService.fetch at 0x000001E855F3C790>
    └ <candle_data_manager.Service.DataFetchService.DataFetchService.DataFetchService object at 0x000001E856193AC0>

> File "C:\ProgramData\Miniconda3\envs\py310\lib\site-packages\simple_logger\logger.py", line 202, in sync_wrapper
    result = func(*args, **kwargs)
             │     │       └ {}
             │     └ (<candle_data_manager.Service.DataFetchService.DataFetchService.DataFetchService object at 0x000001E856193AC0>, <candle_data_...
             └ <function DataFetchService.fetch at 0x000001E853831240>

  File "C:\Projects\CandleDataManager\src\candle_data_manager\Service\DataFetchService\DataFetchService.py", line 15, in fetch
    provider = self._provider_registry.get_provider(symbol)
               │    │                               └ <candle_data_manager.Core.Models.Symbol.Symbol object at 0x000001E856193C70>
               │    └ <Mock spec='ProviderRegistry' id='2097388534416'>
               └ <candle_data_manager.Service.DataFetchService.DataFetchService.DataFetchService object at 0x000001E856193AC0>

  File "C:\ProgramData\Miniconda3\envs\py310\lib\unittest\mock.py", line 1114, in __call__
    return self._mock_call(*args, **kwargs)
           │    │           │       └ {}
           │    │           └ (<candle_data_manager.Core.Models.Symbol.Symbol object at 0x000001E856193C70>,)
           │    └ <function CallableMixin._mock_call at 0x000001E838D10E50>
           └ <Mock name='mock.get_provider' id='2097388534512'>

  File "C:\ProgramData\Miniconda3\envs\py310\lib\unittest\mock.py", line 1118, in _mock_call
    return self._execute_mock_call(*args, **kwargs)
           │    │                   │       └ {}
           │    │                   └ (<candle_data_manager.Core.Models.Symbol.Symbol object at 0x000001E856193C70>,)
           │    └ <function CallableMixin._execute_mock_call at 0x000001E838D10F70>
           └ <Mock name='mock.get_provider' id='2097388534512'>

  File "C:\ProgramData\Miniconda3\envs\py310\lib\unittest\mock.py", line 1173, in _execute_mock_call
    raise effect
          └ ProviderNotImplementedError("Provider for exchange 'CRYPTO-UNKNOWN-SPOT' is not implemented")

candle_data_manager.Particles.ProviderNotImplementedError.ProviderNotImplementedError: Provider for exchange 'CRYPTO-UNKNOWN-SPOT' is not implemented
[26-01-20 18:29:00] [INFO    ] [DataFetchService|DataFetchService.__init__] 초기화 시작 params={'args': (<Mock spec='ProviderRegistry' id='2097388420208'>,)}
[26-01-20 18:29:00] [INFO    ] [DataFetchService|DataFetchService.__init__] 초기화 완료
[26-01-20 18:29:00] [INFO    ] [DataFetchService|DataFetchService.fetch_all_data] 시작 params={'args': (<candle_data_manager.Core.Models.Symbol.Symbol object at 0x000001E856177AF0>,)}
[26-01-20 18:29:00] [INFO    ] [DataFetchService|DataFetchService.fetch_all_data] 종료 result=[{'timestamp': 1577836800, 'open': 7000, 'high': 7100, 'low': 6900, 'close': 7050, 'volume': 500}]
[26-01-20 18:29:00] [INFO    ] [DataFetchService|DataFetchService.__init__] 초기화 시작 params={'args': (<Mock spec='ProviderRegistry' id='2097388560416'>,)}
[26-01-20 18:29:00] [INFO    ] [DataFetchService|DataFetchService.__init__] 초기화 완료
[26-01-20 18:29:00] [INFO    ] [DataFetchService|DataFetchService.fetch_all_data] 시작 params={'args': (<candle_data_manager.Core.Models.Symbol.Symbol object at 0x000001E85619A200>,)}
[26-01-20 18:29:00] [INFO    ] [DataFetchService|DataFetchService.fetch_all_data] 종료 result=[]
[26-01-20 18:29:00] [INFO    ] [DataFetchService|DataFetchService.__init__] 초기화 시작 params={'args': (<Mock spec='ProviderRegistry' id='2097388559792'>,)}
[26-01-20 18:29:00] [INFO    ] [DataFetchService|DataFetchService.__init__] 초기화 완료
[26-01-20 18:29:00] [INFO    ] [DataFetchService|DataFetchService.fetch_all_data] 시작 params={'args': (<candle_data_manager.Core.Models.Symbol.Symbol object at 0x000001E856199D20>,)}
[26-01-20 18:29:00] [INFO    ] [DataFetchService|DataFetchService.fetch_all_data] 종료 result=[]
[26-01-20 18:29:00] [INFO    ] [DataFetchService|DataFetchService.__init__] 초기화 시작 params={'args': (<Mock spec='ProviderRegistry' id='2097389633840'>,)}
[26-01-20 18:29:00] [INFO    ] [DataFetchService|DataFetchService.__init__] 초기화 완료
[26-01-20 18:29:00] [INFO    ] [DataFetchService|DataFetchService.get_market_list] 시작 params={'args': ('CRYPTO', 'BINANCE', 'SPOT')}
[26-01-20 18:29:00] [INFO    ] [DataFetchService|DataFetchService.get_market_list] 종료 result=[{'base': 'BTC', 'quote': 'USDT', 'timeframes': ['1m', '1h', '1d'], 'listed_at': None, 'full_name': 'Bitcoin'}, {'base': 'ETH', 'quote': 'USDT', 'timeframes': ['1m', '1h', '1d'], 'listed_at': None, 'full_name': 'Ethereum'}]
[26-01-20 18:29:00] [INFO    ] [DataFetchService|DataFetchService.__init__] 초기화 시작 params={'args': (<Mock spec='ProviderRegistry' id='2097389666560'>,)}
[26-01-20 18:29:00] [INFO    ] [DataFetchService|DataFetchService.__init__] 초기화 완료
[26-01-20 18:29:00] [INFO    ] [DataFetchService|DataFetchService.get_market_list] 시작 params={'args': ('CRYPTO', 'UPBIT', 'SPOT')}
[26-01-20 18:29:00] [INFO    ] [DataFetchService|DataFetchService.get_market_list] 종료 result=[]
[26-01-20 18:29:00] [INFO    ] [DataFetchService|DataFetchService.__init__] 초기화 시작 params={'args': (<Mock spec='ProviderRegistry' id='2097389715904'>,)}
[26-01-20 18:29:00] [INFO    ] [DataFetchService|DataFetchService.__init__] 초기화 완료
[26-01-20 18:29:00] [INFO    ] [DataFetchService|DataFetchService.get_market_list] 시작 params={'args': ('CRYPTO', 'UNKNOWN', 'SPOT')}
[26-01-20 18:29:00] [ERROR   ] [DataFetchService|DataFetchService.get_market_list] 오류 발생
Traceback (most recent call last):

  File "C:\ProgramData\Miniconda3\envs\py310\lib\runpy.py", line 196, in _run_module_as_main
    return _run_code(code, main_globals, None,
           │         │     └ {'__name__': '__main__', '__doc__': 'The pytest entry point.', '__package__': 'pytest', '__loader__': <_frozen_importlib_exte...
           │         └ <code object <module> at 0x000001E835D69B00, file "C:\ProgramData\Miniconda3\envs\py310\lib\site-packages\pytest\__main__.py"...
           └ <function _run_code at 0x000001E835D65240>

  File "C:\ProgramData\Miniconda3\envs\py310\lib\runpy.py", line 86, in _run_code
    exec(code, run_globals)
         │     └ {'__name__': '__main__', '__doc__': 'The pytest entry point.', '__package__': 'pytest', '__loader__': <_frozen_importlib_exte...
         └ <code object <module> at 0x000001E835D69B00, file "C:\ProgramData\Miniconda3\envs\py310\lib\site-packages\pytest\__main__.py"...

  File "C:\ProgramData\Miniconda3\envs\py310\lib\site-packages\pytest\__main__.py", line 9, in <module>
    raise SystemExit(pytest.console_main())
                     │      └ <function console_main at 0x000001E8365777F0>
                     └ <module 'pytest' from 'C:\\ProgramData\\Miniconda3\\envs\\py310\\lib\\site-packages\\pytest\\__init__.py'>

  File "C:\ProgramData\Miniconda3\envs\py310\lib\site-packages\_pytest\config\__init__.py", line 221, in console_main
    code = main()
           └ <function main at 0x000001E836577760>

  File "C:\ProgramData\Miniconda3\envs\py310\lib\site-packages\_pytest\config\__init__.py", line 197, in main
    ret: ExitCode | int = config.hook.pytest_cmdline_main(config=config)
         │                │      │    │                          └ <_pytest.config.Config object at 0x000001E836C176D0>
         │                │      │    └ <HookCaller 'pytest_cmdline_main'>
         │                │      └ <_pytest.config.compat.PathAwareHookProxy object at 0x000001E836C50D90>
         │                └ <_pytest.config.Config object at 0x000001E836C176D0>
         └ <enum 'ExitCode'>

  File "C:\ProgramData\Miniconda3\envs\py310\lib\site-packages\pluggy\_hooks.py", line 512, in __call__
    return self._hookexec(self.name, self._hookimpls.copy(), kwargs, firstresult)
           │    │         │    │     │    │                  │       └ True
           │    │         │    │     │    │                  └ {'config': <_pytest.config.Config object at 0x000001E836C176D0>}
           │    │         │    │     │    └ <member '_hookimpls' of 'HookCaller' objects>
           │    │         │    │     └ <HookCaller 'pytest_cmdline_main'>
           │    │         │    └ <member 'name' of 'HookCaller' objects>
           │    │         └ <HookCaller 'pytest_cmdline_main'>
           │    └ <member '_hookexec' of 'HookCaller' objects>
           └ <HookCaller 'pytest_cmdline_main'>

  File "C:\ProgramData\Miniconda3\envs\py310\lib\site-packages\pluggy\_manager.py", line 120, in _hookexec
    return self._inner_hookexec(hook_name, methods, kwargs, firstresult)
           │    │               │          │        │       └ True
           │    │               │          │        └ {'config': <_pytest.config.Config object at 0x000001E836C176D0>}
           │    │               │          └ [<HookImpl plugin_name='main', plugin=<module '_pytest.main' from 'C:\\ProgramData\\Miniconda3\\envs\\py310\\lib\\site-packag...
           │    │               └ 'pytest_cmdline_main'
           │    └ <function _multicall at 0x000001E8360C4B80>
           └ <_pytest.config.PytestPluginManager object at 0x000001E835D59150>

  File "C:\ProgramData\Miniconda3\envs\py310\lib\site-packages\pluggy\_callers.py", line 121, in _multicall
    res = hook_impl.function(*args)
          │         │         └ [<_pytest.config.Config object at 0x000001E836C176D0>]
          │         └ <member 'function' of 'HookImpl' objects>
          └ <HookImpl plugin_name='main', plugin=<module '_pytest.main' from 'C:\\ProgramData\\Miniconda3\\envs\\py310\\lib\\site-package...

  File "C:\ProgramData\Miniconda3\envs\py310\lib\site-packages\_pytest\main.py", line 365, in pytest_cmdline_main
    return wrap_session(config, _main)
           │            │       └ <function _main at 0x000001E836A2AB90>
           │            └ <_pytest.config.Config object at 0x000001E836C176D0>
           └ <function wrap_session at 0x000001E836A2AA70>

  File "C:\ProgramData\Miniconda3\envs\py310\lib\site-packages\_pytest\main.py", line 318, in wrap_session
    session.exitstatus = doit(config, session) or 0
    │       │            │    │       └ <Session  exitstatus=<ExitCode.OK: 0> testsfailed=0 testscollected=51>
    │       │            │    └ <_pytest.config.Config object at 0x000001E836C176D0>
    │       │            └ <function _main at 0x000001E836A2AB90>
    │       └ <ExitCode.OK: 0>
    └ <Session  exitstatus=<ExitCode.OK: 0> testsfailed=0 testscollected=51>

  File "C:\ProgramData\Miniconda3\envs\py310\lib\site-packages\_pytest\main.py", line 372, in _main
    config.hook.pytest_runtestloop(session=session)
    │      │    │                          └ <Session  exitstatus=<ExitCode.OK: 0> testsfailed=0 testscollected=51>
    │      │    └ <HookCaller 'pytest_runtestloop'>
    │      └ <_pytest.config.compat.PathAwareHookProxy object at 0x000001E836C50D90>
    └ <_pytest.config.Config object at 0x000001E836C176D0>

  File "C:\ProgramData\Miniconda3\envs\py310\lib\site-packages\pluggy\_hooks.py", line 512, in __call__
    return self._hookexec(self.name, self._hookimpls.copy(), kwargs, firstresult)
           │    │         │    │     │    │                  │       └ True
           │    │         │    │     │    │                  └ {'session': <Session  exitstatus=<ExitCode.OK: 0> testsfailed=0 testscollected=51>}
           │    │         │    │     │    └ <member '_hookimpls' of 'HookCaller' objects>
           │    │         │    │     └ <HookCaller 'pytest_runtestloop'>
           │    │         │    └ <member 'name' of 'HookCaller' objects>
           │    │         └ <HookCaller 'pytest_runtestloop'>
           │    └ <member '_hookexec' of 'HookCaller' objects>
           └ <HookCaller 'pytest_runtestloop'>

  File "C:\ProgramData\Miniconda3\envs\py310\lib\site-packages\pluggy\_manager.py", line 120, in _hookexec
    return self._inner_hookexec(hook_name, methods, kwargs, firstresult)
           │    │               │          │        │       └ True
           │    │               │          │        └ {'session': <Session  exitstatus=<ExitCode.OK: 0> testsfailed=0 testscollected=51>}
           │    │               │          └ [<HookImpl plugin_name='main', plugin=<module '_pytest.main' from 'C:\\ProgramData\\Miniconda3\\envs\\py310\\lib\\site-packag...
           │    │               └ 'pytest_runtestloop'
           │    └ <function _multicall at 0x000001E8360C4B80>
           └ <_pytest.config.PytestPluginManager object at 0x000001E835D59150>

  File "C:\ProgramData\Miniconda3\envs\py310\lib\site-packages\pluggy\_callers.py", line 121, in _multicall
    res = hook_impl.function(*args)
          │         │         └ [<Session  exitstatus=<ExitCode.OK: 0> testsfailed=0 testscollected=51>]
          │         └ <member 'function' of 'HookImpl' objects>
          └ <HookImpl plugin_name='main', plugin=<module '_pytest.main' from 'C:\\ProgramData\\Miniconda3\\envs\\py310\\lib\\site-package...

  File "C:\ProgramData\Miniconda3\envs\py310\lib\site-packages\_pytest\main.py", line 396, in pytest_runtestloop
    item.config.hook.pytest_runtest_protocol(item=item, nextitem=nextitem)
    │    │                                        │              └ <Function test_load_individual_all_data>
    │    │                                        └ <Function test_get_market_list_with_provider_not_implemented_error>
    │    └ <member 'config' of 'Node' objects>
    └ <Function test_get_market_list_with_provider_not_implemented_error>

  File "C:\ProgramData\Miniconda3\envs\py310\lib\site-packages\pluggy\_hooks.py", line 512, in __call__
    return self._hookexec(self.name, self._hookimpls.copy(), kwargs, firstresult)
           │    │         │    │     │    │                  │       └ True
           │    │         │    │     │    │                  └ {'item': <Function test_get_market_list_with_provider_not_implemented_error>, 'nextitem': <Function test_load_individual_all_...
           │    │         │    │     │    └ <member '_hookimpls' of 'HookCaller' objects>
           │    │         │    │     └ <HookCaller 'pytest_runtest_protocol'>
           │    │         │    └ <member 'name' of 'HookCaller' objects>
           │    │         └ <HookCaller 'pytest_runtest_protocol'>
           │    └ <member '_hookexec' of 'HookCaller' objects>
           └ <HookCaller 'pytest_runtest_protocol'>

  File "C:\ProgramData\Miniconda3\envs\py310\lib\site-packages\pluggy\_manager.py", line 120, in _hookexec
    return self._inner_hookexec(hook_name, methods, kwargs, firstresult)
           │    │               │          │        │       └ True
           │    │               │          │        └ {'item': <Function test_get_market_list_with_provider_not_implemented_error>, 'nextitem': <Function test_load_individual_all_...
           │    │               │          └ [<HookImpl plugin_name='runner', plugin=<module '_pytest.runner' from 'C:\\ProgramData\\Miniconda3\\envs\\py310\\lib\\site-pa...
           │    │               └ 'pytest_runtest_protocol'
           │    └ <function _multicall at 0x000001E8360C4B80>
           └ <_pytest.config.PytestPluginManager object at 0x000001E835D59150>

  File "C:\ProgramData\Miniconda3\envs\py310\lib\site-packages\pluggy\_callers.py", line 121, in _multicall
    res = hook_impl.function(*args)
          │         │         └ [<Function test_get_market_list_with_provider_not_implemented_error>, <Function test_load_individual_all_data>]
          │         └ <member 'function' of 'HookImpl' objects>
          └ <HookImpl plugin_name='runner', plugin=<module '_pytest.runner' from 'C:\\ProgramData\\Miniconda3\\envs\\py310\\lib\\site-pac...

  File "C:\ProgramData\Miniconda3\envs\py310\lib\site-packages\_pytest\runner.py", line 118, in pytest_runtest_protocol
    runtestprotocol(item, nextitem=nextitem)
    │               │              └ <Function test_load_individual_all_data>
    │               └ <Function test_get_market_list_with_provider_not_implemented_error>
    └ <function runtestprotocol at 0x000001E836A29D80>

  File "C:\ProgramData\Miniconda3\envs\py310\lib\site-packages\_pytest\runner.py", line 137, in runtestprotocol
    reports.append(call_and_report(item, "call", log))
    │       │      │               │             └ True
    │       │      │               └ <Function test_get_market_list_with_provider_not_implemented_error>
    │       │      └ <function call_and_report at 0x000001E836A2A170>
    │       └ <method 'append' of 'list' objects>
    └ [<TestReport 'tests/Service/DataFetchService/test_data_fetch_service.py::test_get_market_list_with_provider_not_implemented_e...

  File "C:\ProgramData\Miniconda3\envs\py310\lib\site-packages\_pytest\runner.py", line 244, in call_and_report
    call = CallInfo.from_call(
           │        └ <classmethod(<function CallInfo.from_call at 0x000001E836A2A4D0>)>
           └ <class '_pytest.runner.CallInfo'>

  File "C:\ProgramData\Miniconda3\envs\py310\lib\site-packages\_pytest\runner.py", line 353, in from_call
    result: TResult | None = func()
            │                └ <function call_and_report.<locals>.<lambda> at 0x000001E856111990>
            └ +TResult

  File "C:\ProgramData\Miniconda3\envs\py310\lib\site-packages\_pytest\runner.py", line 245, in <lambda>
    lambda: runtest_hook(item=item, **kwds),
            │                 │       └ {}
            │                 └ <Function test_get_market_list_with_provider_not_implemented_error>
            └ <HookCaller 'pytest_runtest_call'>

  File "C:\ProgramData\Miniconda3\envs\py310\lib\site-packages\pluggy\_hooks.py", line 512, in __call__
    return self._hookexec(self.name, self._hookimpls.copy(), kwargs, firstresult)
           │    │         │    │     │    │                  │       └ False
           │    │         │    │     │    │                  └ {'item': <Function test_get_market_list_with_provider_not_implemented_error>}
           │    │         │    │     │    └ <member '_hookimpls' of 'HookCaller' objects>
           │    │         │    │     └ <HookCaller 'pytest_runtest_call'>
           │    │         │    └ <member 'name' of 'HookCaller' objects>
           │    │         └ <HookCaller 'pytest_runtest_call'>
           │    └ <member '_hookexec' of 'HookCaller' objects>
           └ <HookCaller 'pytest_runtest_call'>

  File "C:\ProgramData\Miniconda3\envs\py310\lib\site-packages\pluggy\_manager.py", line 120, in _hookexec
    return self._inner_hookexec(hook_name, methods, kwargs, firstresult)
           │    │               │          │        │       └ False
           │    │               │          │        └ {'item': <Function test_get_market_list_with_provider_not_implemented_error>}
           │    │               │          └ [<HookImpl plugin_name='threadexception', plugin=<module '_pytest.threadexception' from 'C:\\ProgramData\\Miniconda3\\envs\\p...
           │    │               └ 'pytest_runtest_call'
           │    └ <function _multicall at 0x000001E8360C4B80>
           └ <_pytest.config.PytestPluginManager object at 0x000001E835D59150>

  File "C:\ProgramData\Miniconda3\envs\py310\lib\site-packages\pluggy\_callers.py", line 121, in _multicall
    res = hook_impl.function(*args)
          │         │         └ [<Function test_get_market_list_with_provider_not_implemented_error>]
          │         └ <member 'function' of 'HookImpl' objects>
          └ <HookImpl plugin_name='runner', plugin=<module '_pytest.runner' from 'C:\\ProgramData\\Miniconda3\\envs\\py310\\lib\\site-pac...

  File "C:\ProgramData\Miniconda3\envs\py310\lib\site-packages\_pytest\runner.py", line 179, in pytest_runtest_call
    item.runtest()
    │    └ <function Function.runtest at 0x000001E836B5ADD0>
    └ <Function test_get_market_list_with_provider_not_implemented_error>

  File "C:\ProgramData\Miniconda3\envs\py310\lib\site-packages\_pytest\python.py", line 1720, in runtest
    self.ihook.pytest_pyfunc_call(pyfuncitem=self)
    │    │                                   └ <Function test_get_market_list_with_provider_not_implemented_error>
    │    └ <property object at 0x000001E8365A60C0>
    └ <Function test_get_market_list_with_provider_not_implemented_error>

  File "C:\ProgramData\Miniconda3\envs\py310\lib\site-packages\pluggy\_hooks.py", line 512, in __call__
    return self._hookexec(self.name, self._hookimpls.copy(), kwargs, firstresult)
           │    │         │    │     │    │                  │       └ True
           │    │         │    │     │    │                  └ {'pyfuncitem': <Function test_get_market_list_with_provider_not_implemented_error>}
           │    │         │    │     │    └ <member '_hookimpls' of 'HookCaller' objects>
           │    │         │    │     └ <HookCaller 'pytest_pyfunc_call'>
           │    │         │    └ <member 'name' of 'HookCaller' objects>
           │    │         └ <HookCaller 'pytest_pyfunc_call'>
           │    └ <member '_hookexec' of 'HookCaller' objects>
           └ <HookCaller 'pytest_pyfunc_call'>

  File "C:\ProgramData\Miniconda3\envs\py310\lib\site-packages\pluggy\_manager.py", line 120, in _hookexec
    return self._inner_hookexec(hook_name, methods, kwargs, firstresult)
           │    │               │          │        │       └ True
           │    │               │          │        └ {'pyfuncitem': <Function test_get_market_list_with_provider_not_implemented_error>}
           │    │               │          └ [<HookImpl plugin_name='python', plugin=<module '_pytest.python' from 'C:\\ProgramData\\Miniconda3\\envs\\py310\\lib\\site-pa...
           │    │               └ 'pytest_pyfunc_call'
           │    └ <function _multicall at 0x000001E8360C4B80>
           └ <_pytest.config.PytestPluginManager object at 0x000001E835D59150>

  File "C:\ProgramData\Miniconda3\envs\py310\lib\site-packages\pluggy\_callers.py", line 121, in _multicall
    res = hook_impl.function(*args)
          │         │         └ [<Function test_get_market_list_with_provider_not_implemented_error>]
          │         └ <member 'function' of 'HookImpl' objects>
          └ <HookImpl plugin_name='python', plugin=<module '_pytest.python' from 'C:\\ProgramData\\Miniconda3\\envs\\py310\\lib\\site-pac...

  File "C:\ProgramData\Miniconda3\envs\py310\lib\site-packages\_pytest\python.py", line 166, in pytest_pyfunc_call
    result = testfunction(**testargs)
             │              └ {'data_fetch_service': <candle_data_manager.Service.DataFetchService.DataFetchService.DataFetchService object at 0x000001E856...
             └ <function test_get_market_list_with_provider_not_implemented_error at 0x000001E855F3D630>

  File "C:\Projects\CandleDataManager\tests\Service\DataFetchService\test_data_fetch_service.py", line 159, in test_get_market_list_with_provider_not_implemented_error
    data_fetch_service.get_market_list("CRYPTO", "UNKNOWN", "SPOT")
    │                  └ <function DataFetchService.get_market_list at 0x000001E855F3D240>
    └ <candle_data_manager.Service.DataFetchService.DataFetchService.DataFetchService object at 0x000001E8562B4280>

> File "C:\ProgramData\Miniconda3\envs\py310\lib\site-packages\simple_logger\logger.py", line 202, in sync_wrapper
    result = func(*args, **kwargs)
             │     │       └ {}
             │     └ (<candle_data_manager.Service.DataFetchService.DataFetchService.DataFetchService object at 0x000001E8562B4280>, 'CRYPTO', 'UN...
             └ <function DataFetchService.get_market_list at 0x000001E855F3D1B0>

  File "C:\Projects\CandleDataManager\src\candle_data_manager\Service\DataFetchService\DataFetchService.py", line 52, in get_market_list
    provider = self._provider_registry.get_provider(temp_symbol)
               │    │                               └ <candle_data_manager.Core.Models.Symbol.Symbol object at 0x000001E8562B4460>
               │    └ <Mock spec='ProviderRegistry' id='2097389715904'>
               └ <candle_data_manager.Service.DataFetchService.DataFetchService.DataFetchService object at 0x000001E8562B4280>

  File "C:\ProgramData\Miniconda3\envs\py310\lib\unittest\mock.py", line 1114, in __call__
    return self._mock_call(*args, **kwargs)
           │    │           │       └ {}
           │    │           └ (<candle_data_manager.Core.Models.Symbol.Symbol object at 0x000001E8562B4460>,)
           │    └ <function CallableMixin._mock_call at 0x000001E838D10E50>
           └ <Mock name='mock.get_provider' id='2097389715952'>

  File "C:\ProgramData\Miniconda3\envs\py310\lib\unittest\mock.py", line 1118, in _mock_call
    return self._execute_mock_call(*args, **kwargs)
           │    │                   │       └ {}
           │    │                   └ (<candle_data_manager.Core.Models.Symbol.Symbol object at 0x000001E8562B4460>,)
           │    └ <function CallableMixin._execute_mock_call at 0x000001E838D10F70>
           └ <Mock name='mock.get_provider' id='2097389715952'>

  File "C:\ProgramData\Miniconda3\envs\py310\lib\unittest\mock.py", line 1173, in _execute_mock_call
    raise effect
          └ ProviderNotImplementedError("Provider for exchange 'CRYPTO-UNKNOWN-SPOT' is not implemented")

candle_data_manager.Particles.ProviderNotImplementedError.ProviderNotImplementedError: Provider for exchange 'CRYPTO-UNKNOWN-SPOT' is not implemented
[26-01-20 18:29:00] [INFO    ] [DataLoadService|DataLoadService.__init__] 초기화 시작 params={'args': (<MagicMock id='2097389717248'>,)}
[26-01-20 18:29:00] [INFO    ] [DataLoadService|DataLoadService.__init__] 초기화 완료
[26-01-20 18:29:00] [INFO    ] [DataLoadService|DataLoadService.load] 시작 params={'args': (<candle_data_manager.Core.Models.Symbol.Symbol object at 0x000001E8562AA890>,)}
[26-01-20 18:29:00] [INFO    ] [DataLoadService|DataLoadService.load] 종료 result=    timestamp     open     high      low    close  volume
0  1600000000  10000.0  10200.0   9900.0  10100.0   100.0
1  1600000060  10100.0  10300.0  10000.0  10200.0   150.0
[26-01-20 18:29:00] [INFO    ] [DataLoadService|DataLoadService.__init__] 초기화 시작 params={'args': (<MagicMock id='2097389668432'>,)}
[26-01-20 18:29:00] [INFO    ] [DataLoadService|DataLoadService.__init__] 초기화 완료
[26-01-20 18:29:00] [INFO    ] [DataLoadService|DataLoadService.load] 시작 params={'args': (<candle_data_manager.Core.Models.Symbol.Symbol object at 0x000001E8562CD480>,), 'kwargs': {'start_at': 1600000000, 'end_at': 1600001000}}
[26-01-20 18:29:00] [INFO    ] [DataLoadService|DataLoadService.load] 종료 result=    timestamp     open     high     low    close  volume
0  1600000000  10000.0  10200.0  9900.0  10100.0   100.0
[26-01-20 18:29:00] [INFO    ] [DataLoadService|DataLoadService.__init__] 초기화 시작 params={'args': (<MagicMock id='2097389761680'>,)}
[26-01-20 18:29:00] [INFO    ] [DataLoadService|DataLoadService.__init__] 초기화 완료
[26-01-20 18:29:00] [INFO    ] [DataLoadService|DataLoadService.load] 시작 params={'args': (<candle_data_manager.Core.Models.Symbol.Symbol object at 0x000001E8562BD8D0>,), 'kwargs': {'limit': 3}}
[26-01-20 18:29:00] [INFO    ] [DataLoadService|DataLoadService.load] 종료 result=    timestamp     open     high     low    close  volume
0  1600000000  10000.0  10200.0  9900.0  10100.0   100.0
1  1600000060  10000.0  10200.0  9900.0  10100.0   100.0
2  1600000120  10000.0  10200.0  9900.0  10100.0   100.0
[26-01-20 18:29:00] [INFO    ] [DataLoadService|DataLoadService.__init__] 초기화 시작 params={'args': (<MagicMock id='2097390025216'>,)}
[26-01-20 18:29:00] [INFO    ] [DataLoadService|DataLoadService.__init__] 초기화 완료
[26-01-20 18:29:00] [INFO    ] [DataLoadService|DataLoadService.load] 시작 params={'args': (<candle_data_manager.Core.Models.Symbol.Symbol object at 0x000001E8562B7D90>,)}
[26-01-20 18:29:00] [INFO    ] [DataLoadService|DataLoadService.load] 종료 result=   symbol_id   timestamp     open     high      low    close  volume
0          2  1600000000  10000.0  10200.0   9900.0  10100.0   100.0
1          2  1600003600  10100.0  10300.0  10000.0  10200.0   150.0
[26-01-20 18:29:00] [INFO    ] [DataLoadService|DataLoadService.__init__] 초기화 시작 params={'args': (<MagicMock id='2097386201600'>,)}
[26-01-20 18:29:00] [INFO    ] [DataLoadService|DataLoadService.__init__] 초기화 완료
[26-01-20 18:29:00] [INFO    ] [DataLoadService|DataLoadService.load] 시작 params={'args': (<candle_data_manager.Core.Models.Symbol.Symbol object at 0x000001E8560C3820>,)}
[26-01-20 18:29:00] [INFO    ] [DataLoadService|DataLoadService.load] 종료 result=Empty DataFrame
Columns: []
Index: []
[26-01-20 18:29:00] [INFO    ] [DataLoadService|DataLoadService.__init__] 초기화 시작 params={'args': (<MagicMock id='2097388530432'>,)}
[26-01-20 18:29:00] [INFO    ] [DataLoadService|DataLoadService.__init__] 초기화 완료
[26-01-20 18:29:00] [INFO    ] [DataLoadService|DataLoadService.load] 시작 params={'args': (<candle_data_manager.Core.Models.Symbol.Symbol object at 0x000001E856297460>,), 'kwargs': {'limit': 1000}}
[26-01-20 18:29:00] [INFO    ] [DataLoadService|DataLoadService.load] 종료 result=    timestamp     open     high      low    close  volume
0  1600000000  10000.0  10200.0   9900.0  10100.0   100.0
1  1600000060  10100.0  10300.0  10000.0  10200.0   150.0
[26-01-20 18:29:00] [INFO    ] [DataSaveService|DataSaveService.__init__] 초기화 시작 params={'args': (<MagicMock id='2097390025984'>,)}
[26-01-20 18:29:00] [INFO    ] [DataSaveService|DataSaveService.__init__] 초기화 완료
[26-01-20 18:29:00] [INFO    ] [DataSaveService|DataSaveService.save] 시작 params={'args': (<candle_data_manager.Core.Models.Symbol.Symbol object at 0x000001E856310070>, [{'timestamp': 1600000000, 'open': 10000.5, 'high': 10100.0, 'low': 9900.0, 'close': 10050.0, 'volume': 1000.0}, {'timestamp': 1600003600, 'open': 10050.0, 'high': 10200.0, 'low': 10000.0, 'close': 10150.0, 'volume': 1500.0}])}
[26-01-20 18:29:00] [INFO    ] [DataSaveService|DataSaveService.save] 종료 result=None
[26-01-20 18:29:00] [INFO    ] [DataSaveService|DataSaveService.__init__] 초기화 시작 params={'args': (<MagicMock id='2097390072496'>,)}
[26-01-20 18:29:00] [INFO    ] [DataSaveService|DataSaveService.__init__] 초기화 완료
[26-01-20 18:29:00] [INFO    ] [DataSaveService|DataSaveService.save] 시작 params={'args': (<candle_data_manager.Core.Models.Symbol.Symbol object at 0x000001E856309210>, [{'timestamp': 1600000000, 'open': 10000.5, 'high': 10100.0, 'low': 9900.0, 'close': 10050.0, 'volume': 1000.0}, {'timestamp': 1600003600, 'open': 10050.0, 'high': 10200.0, 'low': 10000.0, 'close': 10150.0, 'volume': 1500.0}])}
[26-01-20 18:29:00] [INFO    ] [DataSaveService|DataSaveService.save] 종료 result=None
[26-01-20 18:29:00] [INFO    ] [DataSaveService|DataSaveService.__init__] 초기화 시작 params={'args': (<MagicMock id='2097390076256'>,)}
[26-01-20 18:29:00] [INFO    ] [DataSaveService|DataSaveService.__init__] 초기화 완료
[26-01-20 18:29:00] [INFO    ] [DataSaveService|DataSaveService.save] 시작 params={'args': (<candle_data_manager.Core.Models.Symbol.Symbol object at 0x000001E856315CF0>, [])}
[26-01-20 18:29:00] [INFO    ] [DataSaveService|DataSaveService.save] 종료 result=None
[26-01-20 18:29:00] [INFO    ] [DataSaveService|DataSaveService.__init__] 초기화 시작 params={'args': (<MagicMock id='2097390116176'>,)}
[26-01-20 18:29:00] [INFO    ] [DataSaveService|DataSaveService.__init__] 초기화 완료
[26-01-20 18:29:00] [INFO    ] [DataSaveService|DataSaveService.bulk_save] 시작 params={'args': ({<candle_data_manager.Core.Models.Symbol.Symbol object at 0x000001E856340940>: [{'timestamp': 1600000000, 'open': 10000.5, 'high': 10100.0, 'low': 9900.0, 'close': 10050.0, 'volume': 1000.0}, {'timestamp': 1600003600, 'open': 10050.0, 'high': 10200.0, 'low': 10000.0, 'close': 10150.0, 'volume': 1500.0}], <candle_data_manager.Core.Models.Symbol.Symbol object at 0x000001E856340A00>: [{'timestamp': 1600000000, 'open': 10000.5, 'high': 10100.0, 'low': 9900.0, 'close': 10050.0, 'volume': 1000.0}, {'timestamp': 1600003600, 'open': 10050.0, 'high': 10200.0, 'low': 10000.0, 'close': 10150.0, 'volume': 1500.0}]},)}
[26-01-20 18:29:00] [DEBUG   ] [DataSaveService|DataSaveService.bulk_save] Bulk inserting 4 rows to crypto_binance_spot_1h
[26-01-20 18:29:00] [INFO    ] [DataSaveService|DataSaveService.bulk_save] 종료 result=None
[26-01-20 18:29:00] [INFO    ] [DataSaveService|DataSaveService.__init__] 초기화 시작 params={'args': (<MagicMock id='2097390291552'>,)}
[26-01-20 18:29:00] [INFO    ] [DataSaveService|DataSaveService.__init__] 초기화 완료
[26-01-20 18:29:00] [INFO    ] [DataSaveService|DataSaveService.bulk_save] 시작 params={'args': ({<candle_data_manager.Core.Models.Symbol.Symbol object at 0x000001E85637F760>: [{'timestamp': 1600000000, 'open': 10000.5, 'high': 10100.0, 'low': 9900.0, 'close': 10050.0, 'volume': 1000.0}, {'timestamp': 1600003600, 'open': 10050.0, 'high': 10200.0, 'low': 10000.0, 'close': 10150.0, 'volume': 1500.0}], <candle_data_manager.Core.Models.Symbol.Symbol object at 0x000001E85637F820>: [{'timestamp': 1600000000, 'open': 10000.5, 'high': 10100.0, 'low': 9900.0, 'close': 10050.0, 'volume': 1000.0}, {'timestamp': 1600003600, 'open': 10050.0, 'high': 10200.0, 'low': 10000.0, 'close': 10150.0, 'volume': 1500.0}]},)}
[26-01-20 18:29:00] [DEBUG   ] [DataSaveService|DataSaveService.bulk_save] Bulk inserting 2 rows to crypto_binance_spot_btc_usdt_1m
[26-01-20 18:29:00] [DEBUG   ] [DataSaveService|DataSaveService.bulk_save] Bulk inserting 2 rows to crypto_binance_spot_eth_usdt_1m
[26-01-20 18:29:00] [INFO    ] [DataSaveService|DataSaveService.bulk_save] 종료 result=None
[26-01-20 18:29:00] [INFO    ] [DataSaveService|DataSaveService.__init__] 초기화 시작 params={'args': (<MagicMock id='2097390502624'>,)}
[26-01-20 18:29:00] [INFO    ] [DataSaveService|DataSaveService.__init__] 초기화 완료
[26-01-20 18:29:00] [INFO    ] [DataSaveService|DataSaveService.bulk_save] 시작 params={'args': ({<candle_data_manager.Core.Models.Symbol.Symbol object at 0x000001E85637DA20>: [{'timestamp': 1600000000, 'open': 10000.5, 'high': 10100.0, 'low': 9900.0, 'close': 10050.0, 'volume': 1000.0}, {'timestamp': 1600003600, 'open': 10050.0, 'high': 10200.0, 'low': 10000.0, 'close': 10150.0, 'volume': 1500.0}], <candle_data_manager.Core.Models.Symbol.Symbol object at 0x000001E85637D9F0>: [{'timestamp': 1600000000, 'open': 10000.5, 'high': 10100.0, 'low': 9900.0, 'close': 10050.0, 'volume': 1000.0}, {'timestamp': 1600003600, 'open': 10050.0, 'high': 10200.0, 'low': 10000.0, 'close': 10150.0, 'volume': 1500.0}], <candle_data_manager.Core.Models.Symbol.Symbol object at 0x000001E85633AC20>: [{'timestamp': 1600000000, 'open': 10000.5, 'high': 10100.0, 'low': 9900.0, 'close': 10050.0, 'volume': 1000.0}, {'timestamp': 1600003600, 'open': 10050.0, 'high': 10200.0, 'low': 10000.0, 'close': 10150.0, 'volume': 1500.0}], <candle_data_manager.Core.Models.Symbol.Symbol object at 0x000001E85633AB30>: [{'timestamp': 1600000000, 'open': 10000.5, 'high': 10100.0, 'low': 9900.0, 'close': 10050.0, 'volume': 1000.0}, {'timestamp': 1600003600, 'open': 10050.0, 'high': 10200.0, 'low': 10000.0, 'close': 10150.0, 'volume': 1500.0}]},)}
[26-01-20 18:29:00] [DEBUG   ] [DataSaveService|DataSaveService.bulk_save] Bulk inserting 4 rows to crypto_binance_spot_1h
[26-01-20 18:29:00] [DEBUG   ] [DataSaveService|DataSaveService.bulk_save] Bulk inserting 2 rows to crypto_binance_spot_btc_usdt_1m
[26-01-20 18:29:00] [DEBUG   ] [DataSaveService|DataSaveService.bulk_save] Bulk inserting 2 rows to crypto_binance_spot_eth_usdt_1m
[26-01-20 18:29:00] [INFO    ] [DataSaveService|DataSaveService.bulk_save] 종료 result=None
[26-01-20 18:29:00] [INFO    ] [DataSaveService|DataSaveService.__init__] 초기화 시작 params={'args': (<MagicMock id='2097390541392'>,)}
[26-01-20 18:29:00] [INFO    ] [DataSaveService|DataSaveService.__init__] 초기화 완료
[26-01-20 18:29:00] [INFO    ] [DataSaveService|DataSaveService.bulk_save] 시작 params={'args': ({},)}
[26-01-20 18:29:00] [INFO    ] [DataSaveService|DataSaveService.bulk_save] 종료 result=None
[26-01-20 18:29:00] [INFO    ] [DataSaveService|DataSaveService.__init__] 초기화 시작 params={'args': (<MagicMock id='2097390059824'>,)}
[26-01-20 18:29:00] [INFO    ] [DataSaveService|DataSaveService.__init__] 초기화 완료
[26-01-20 18:29:00] [INFO    ] [DataSaveService|DataSaveService.bulk_save] 시작 params={'args': ({<candle_data_manager.Core.Models.Symbol.Symbol object at 0x000001E856297D30>: [{'timestamp': 1600000000, 'open': 10000.5, 'high': 10100.0, 'low': 9900.0, 'close': 10050.0, 'volume': 1000.0}, {'timestamp': 1600003600, 'open': 10050.0, 'high': 10200.0, 'low': 10000.0, 'close': 10150.0, 'volume': 1500.0}], <candle_data_manager.Core.Models.Symbol.Symbol object at 0x000001E856297DF0>: []},)}
[26-01-20 18:29:00] [DEBUG   ] [DataSaveService|DataSaveService.bulk_save] Bulk inserting 2 rows to crypto_binance_spot_1h
[26-01-20 18:29:00] [INFO    ] [DataSaveService|DataSaveService.bulk_save] 종료 result=None
[26-01-20 18:29:00] [INFO    ] [MarketFactoryService|MarketFactoryService.__init__] 초기화 시작
[26-01-20 18:29:00] [INFO    ] [MarketFactoryService|MarketFactoryService.__init__] 초기화 완료
[26-01-20 18:29:01] [INFO    ] [MarketFactoryService|MarketFactoryService.create_market] 시작 params={'args': (<candle_data_manager.Core.Models.Symbol.Symbol object at 0x000001E85630CDC0>,     timestamp     open     high      low    close  volume
0  1700000000  50000.0  50500.0  49500.0  50050.0  1000.0
1  1700003600  50100.0  50600.0  49600.0  50150.0  1100.0
2  1700007200  50200.0  50700.0  49700.0  50250.0  1200.0)}
[26-01-20 18:29:01] [INFO    ] [MarketFactoryService|MarketFactoryService.create_market] 종료 result=Market(symbol=<candle_data_manager.Core.Models.Symbol.Symbol object at 0x000001E85630CDC0>, candles=    timestamp     open     high      low    close  volume
0  1700000000  50000.0  50500.0  49500.0  50050.0  1000.0
1  1700003600  50100.0  50600.0  49600.0  50150.0  1100.0
2  1700007200  50200.0  50700.0  49700.0  50250.0  1200.0)
[26-01-20 18:29:01] [INFO    ] [MarketFactoryService|MarketFactoryService.__init__] 초기화 시작
[26-01-20 18:29:01] [INFO    ] [MarketFactoryService|MarketFactoryService.__init__] 초기화 완료
[26-01-20 18:29:01] [INFO    ] [MarketFactoryService|MarketFactoryService.create_market] 시작 params={'args': (<candle_data_manager.Core.Models.Symbol.Symbol object at 0x000001E85630D0C0>, Empty DataFrame
Columns: []
Index: [])}
[26-01-20 18:29:01] [INFO    ] [MarketFactoryService|MarketFactoryService.create_market] 종료 result=Market(symbol=<candle_data_manager.Core.Models.Symbol.Symbol object at 0x000001E85630D0C0>, candles=Empty DataFrame
Columns: []
Index: [])
[26-01-20 18:29:01] [INFO    ] [MarketFactoryService|MarketFactoryService.__init__] 초기화 시작
[26-01-20 18:29:01] [INFO    ] [MarketFactoryService|MarketFactoryService.__init__] 초기화 완료
[26-01-20 18:29:01] [INFO    ] [MarketFactoryService|MarketFactoryService.create_market] 시작 params={'args': (<candle_data_manager.Core.Models.Symbol.Symbol object at 0x000001E85630CE20>,     timestamp     open     high      low    close  volume
0  1700000000  50000.0  50500.0  49500.0  50050.0  1000.0
1  1700003600  50100.0  50600.0  49600.0  50150.0  1100.0
2  1700007200  50200.0  50700.0  49700.0  50250.0  1200.0)}
[26-01-20 18:29:01] [INFO    ] [MarketFactoryService|MarketFactoryService.create_market] 종료 result=Market(symbol=<candle_data_manager.Core.Models.Symbol.Symbol object at 0x000001E85630CE20>, candles=    timestamp     open     high      low    close  volume
0  1700000000  50000.0  50500.0  49500.0  50050.0  1000.0
1  1700003600  50100.0  50600.0  49600.0  50150.0  1100.0
2  1700007200  50200.0  50700.0  49700.0  50250.0  1200.0)
[26-01-20 18:29:01] [INFO    ] [MarketFactoryService|MarketFactoryService.__init__] 초기화 시작
[26-01-20 18:29:01] [INFO    ] [MarketFactoryService|MarketFactoryService.__init__] 초기화 완료
[26-01-20 18:29:01] [INFO    ] [MarketFactoryService|MarketFactoryService.create_market] 시작 params={'args': (<candle_data_manager.Core.Models.Symbol.Symbol object at 0x000001E85630CB80>,     timestamp     open     high      low    close  volume
0  1700000000  50000.0  50500.0  49500.0  50050.0  1000.0
1  1700003600  50100.0  50600.0  49600.0  50150.0  1100.0
2  1700007200  50200.0  50700.0  49700.0  50250.0  1200.0)}
[26-01-20 18:29:01] [INFO    ] [MarketFactoryService|MarketFactoryService.create_market] 종료 result=Market(symbol=<candle_data_manager.Core.Models.Symbol.Symbol object at 0x000001E85630CB80>, candles=    timestamp     open     high      low    close  volume
0  1700000000  50000.0  50500.0  49500.0  50050.0  1000.0
1  1700003600  50100.0  50600.0  49600.0  50150.0  1100.0
2  1700007200  50200.0  50700.0  49700.0  50250.0  1200.0)
[26-01-20 18:29:01] [INFO    ] [MarketFactoryService|MarketFactoryService.create_market] 시작 params={'args': (<candle_data_manager.Core.Models.Symbol.Symbol object at 0x000001E85630CDF0>,     timestamp     open     high      low    close  volume
0  1700000000  50000.0  50500.0  49500.0  50050.0  1000.0
1  1700003600  50100.0  50600.0  49600.0  50150.0  1100.0
2  1700007200  50200.0  50700.0  49700.0  50250.0  1200.0)}
[26-01-20 18:29:01] [INFO    ] [MarketFactoryService|MarketFactoryService.create_market] 종료 result=Market(symbol=<candle_data_manager.Core.Models.Symbol.Symbol object at 0x000001E85630CDF0>, candles=    timestamp     open     high      low    close  volume
0  1700000000  50000.0  50500.0  49500.0  50050.0  1000.0
1  1700003600  50100.0  50600.0  49600.0  50150.0  1100.0
2  1700007200  50200.0  50700.0  49700.0  50250.0  1200.0)
[26-01-20 18:29:01] [INFO    ] [MarketFactoryService|MarketFactoryService.create_market] 시작 params={'args': (<candle_data_manager.Core.Models.Symbol.Symbol object at 0x000001E85630CE50>,     timestamp     open     high      low    close  volume
0  1700000000  50000.0  50500.0  49500.0  50050.0  1000.0
1  1700003600  50100.0  50600.0  49600.0  50150.0  1100.0
2  1700007200  50200.0  50700.0  49700.0  50250.0  1200.0)}
[26-01-20 18:29:01] [INFO    ] [MarketFactoryService|MarketFactoryService.create_market] 종료 result=Market(symbol=<candle_data_manager.Core.Models.Symbol.Symbol object at 0x000001E85630CE50>, candles=    timestamp     open     high      low    close  volume
0  1700000000  50000.0  50500.0  49500.0  50050.0  1000.0
1  1700003600  50100.0  50600.0  49600.0  50150.0  1100.0
2  1700007200  50200.0  50700.0  49700.0  50250.0  1200.0)
[26-01-20 18:29:01] [INFO    ] [-|-] SymbolService 초기화 완료
[26-01-20 18:29:01] [DEBUG   ] [-|-] Symbol 등록: CRYPTO-BINANCE-SPOT-BTC-USDT-1h
[26-01-20 18:29:01] [INFO    ] [-|-] 새로운 Symbol 생성: CRYPTO-BINANCE-SPOT-BTC-USDT-1h
[26-01-20 18:29:01] [INFO    ] [-|-] SymbolService 초기화 완료
[26-01-20 18:29:01] [DEBUG   ] [-|-] Symbol 등록: CRYPTO-BINANCE-SPOT-BTC-USDT-1h
[26-01-20 18:29:01] [INFO    ] [-|-] 새로운 Symbol 생성: CRYPTO-BINANCE-SPOT-BTC-USDT-1h
[26-01-20 18:29:01] [DEBUG   ] [-|-] Symbol 등록: CRYPTO-BINANCE-SPOT-BTC-USDT-1h
[26-01-20 18:29:01] [DEBUG   ] [-|-] 기존 Symbol 반환: CRYPTO-BINANCE-SPOT-BTC-USDT-1h
[26-01-20 18:29:01] [INFO    ] [-|-] SymbolService 초기화 완료
[26-01-20 18:29:01] [DEBUG   ] [-|-] Symbol 등록: CRYPTO-BINANCE-SPOT-BTC-USDT-1h
[26-01-20 18:29:01] [INFO    ] [-|-] 새로운 Symbol 생성: CRYPTO-BINANCE-SPOT-BTC-USDT-1h
[26-01-20 18:29:01] [INFO    ] [-|-] SymbolService 초기화 완료
[26-01-20 18:29:01] [DEBUG   ] [-|-] Symbol 등록: CRYPTO-BINANCE-SPOT-BTC-USDT-1h
[26-01-20 18:29:01] [INFO    ] [-|-] 새로운 Symbol 생성: CRYPTO-BINANCE-SPOT-BTC-USDT-1h
[26-01-20 18:29:01] [INFO    ] [-|-] SymbolService 초기화 완료
[26-01-20 18:29:01] [DEBUG   ] [-|-] Symbol 등록: CRYPTO-BINANCE-SPOT-BTC-USDT-1h
[26-01-20 18:29:01] [INFO    ] [-|-] 새로운 Symbol 생성: CRYPTO-BINANCE-SPOT-BTC-USDT-1h
[26-01-20 18:29:01] [DEBUG   ] [-|-] Symbol 등록: CRYPTO-BINANCE-SPOT-ETH-USDT-1h
[26-01-20 18:29:01] [INFO    ] [-|-] 새로운 Symbol 생성: CRYPTO-BINANCE-SPOT-ETH-USDT-1h
[26-01-20 18:29:01] [DEBUG   ] [-|-] Symbol 등록: CRYPTO-BINANCE-FUTURES-BTC-USDT-1h
[26-01-20 18:29:01] [INFO    ] [-|-] 새로운 Symbol 생성: CRYPTO-BINANCE-FUTURES-BTC-USDT-1h
[26-01-20 18:29:01] [DEBUG   ] [-|-] Symbol 등록: CRYPTO-UPBIT-SPOT-BTC-KRW-1d
[26-01-20 18:29:01] [INFO    ] [-|-] 새로운 Symbol 생성: CRYPTO-UPBIT-SPOT-BTC-KRW-1d
[26-01-20 18:29:01] [DEBUG   ] [-|-] Symbol 등록: STOCK-KRX-SPOT-005930-KRW-1d
[26-01-20 18:29:01] [INFO    ] [-|-] 새로운 Symbol 생성: STOCK-KRX-SPOT-005930-KRW-1d
[26-01-20 18:29:01] [DEBUG   ] [-|-] Symbol 검색: archetype=None, exchange=None, tradetype=None, base=None, quote=None, timeframe=None
[26-01-20 18:29:01] [INFO    ] [-|-] Symbol 검색 결과: 5개
[26-01-20 18:29:01] [INFO    ] [-|-] SymbolService 초기화 완료
[26-01-20 18:29:01] [DEBUG   ] [-|-] Symbol 등록: CRYPTO-BINANCE-SPOT-BTC-USDT-1h
[26-01-20 18:29:01] [INFO    ] [-|-] 새로운 Symbol 생성: CRYPTO-BINANCE-SPOT-BTC-USDT-1h
[26-01-20 18:29:01] [DEBUG   ] [-|-] Symbol 등록: CRYPTO-BINANCE-SPOT-ETH-USDT-1h
[26-01-20 18:29:01] [INFO    ] [-|-] 새로운 Symbol 생성: CRYPTO-BINANCE-SPOT-ETH-USDT-1h
[26-01-20 18:29:01] [DEBUG   ] [-|-] Symbol 등록: CRYPTO-BINANCE-FUTURES-BTC-USDT-1h
[26-01-20 18:29:01] [INFO    ] [-|-] 새로운 Symbol 생성: CRYPTO-BINANCE-FUTURES-BTC-USDT-1h
[26-01-20 18:29:01] [DEBUG   ] [-|-] Symbol 등록: CRYPTO-UPBIT-SPOT-BTC-KRW-1d
[26-01-20 18:29:01] [INFO    ] [-|-] 새로운 Symbol 생성: CRYPTO-UPBIT-SPOT-BTC-KRW-1d
[26-01-20 18:29:01] [DEBUG   ] [-|-] Symbol 등록: STOCK-KRX-SPOT-005930-KRW-1d
[26-01-20 18:29:01] [INFO    ] [-|-] 새로운 Symbol 생성: STOCK-KRX-SPOT-005930-KRW-1d
[26-01-20 18:29:01] [DEBUG   ] [-|-] Symbol 검색: archetype=CRYPTO, exchange=None, tradetype=None, base=None, quote=None, timeframe=None
[26-01-20 18:29:01] [INFO    ] [-|-] Symbol 검색 결과: 4개
[26-01-20 18:29:01] [INFO    ] [-|-] SymbolService 초기화 완료
[26-01-20 18:29:01] [DEBUG   ] [-|-] Symbol 등록: CRYPTO-BINANCE-SPOT-BTC-USDT-1h
[26-01-20 18:29:01] [INFO    ] [-|-] 새로운 Symbol 생성: CRYPTO-BINANCE-SPOT-BTC-USDT-1h
[26-01-20 18:29:01] [DEBUG   ] [-|-] Symbol 등록: CRYPTO-BINANCE-SPOT-ETH-USDT-1h
[26-01-20 18:29:01] [INFO    ] [-|-] 새로운 Symbol 생성: CRYPTO-BINANCE-SPOT-ETH-USDT-1h
[26-01-20 18:29:01] [DEBUG   ] [-|-] Symbol 등록: CRYPTO-BINANCE-FUTURES-BTC-USDT-1h
[26-01-20 18:29:01] [INFO    ] [-|-] 새로운 Symbol 생성: CRYPTO-BINANCE-FUTURES-BTC-USDT-1h
[26-01-20 18:29:01] [DEBUG   ] [-|-] Symbol 등록: CRYPTO-UPBIT-SPOT-BTC-KRW-1d
[26-01-20 18:29:01] [INFO    ] [-|-] 새로운 Symbol 생성: CRYPTO-UPBIT-SPOT-BTC-KRW-1d
[26-01-20 18:29:01] [DEBUG   ] [-|-] Symbol 등록: STOCK-KRX-SPOT-005930-KRW-1d
[26-01-20 18:29:01] [INFO    ] [-|-] 새로운 Symbol 생성: STOCK-KRX-SPOT-005930-KRW-1d
[26-01-20 18:29:01] [DEBUG   ] [-|-] Symbol 검색: archetype=None, exchange=BINANCE, tradetype=None, base=None, quote=None, timeframe=None
[26-01-20 18:29:01] [INFO    ] [-|-] Symbol 검색 결과: 3개
[26-01-20 18:29:01] [INFO    ] [-|-] SymbolService 초기화 완료
[26-01-20 18:29:01] [DEBUG   ] [-|-] Symbol 등록: CRYPTO-BINANCE-SPOT-BTC-USDT-1h
[26-01-20 18:29:01] [INFO    ] [-|-] 새로운 Symbol 생성: CRYPTO-BINANCE-SPOT-BTC-USDT-1h
[26-01-20 18:29:01] [DEBUG   ] [-|-] Symbol 등록: CRYPTO-BINANCE-SPOT-ETH-USDT-1h
[26-01-20 18:29:01] [INFO    ] [-|-] 새로운 Symbol 생성: CRYPTO-BINANCE-SPOT-ETH-USDT-1h
[26-01-20 18:29:01] [DEBUG   ] [-|-] Symbol 등록: CRYPTO-BINANCE-FUTURES-BTC-USDT-1h
[26-01-20 18:29:01] [INFO    ] [-|-] 새로운 Symbol 생성: CRYPTO-BINANCE-FUTURES-BTC-USDT-1h
[26-01-20 18:29:01] [DEBUG   ] [-|-] Symbol 등록: CRYPTO-UPBIT-SPOT-BTC-KRW-1d
[26-01-20 18:29:01] [INFO    ] [-|-] 새로운 Symbol 생성: CRYPTO-UPBIT-SPOT-BTC-KRW-1d
[26-01-20 18:29:01] [DEBUG   ] [-|-] Symbol 등록: STOCK-KRX-SPOT-005930-KRW-1d
[26-01-20 18:29:01] [INFO    ] [-|-] 새로운 Symbol 생성: STOCK-KRX-SPOT-005930-KRW-1d
[26-01-20 18:29:01] [DEBUG   ] [-|-] Symbol 검색: archetype=None, exchange=None, tradetype=FUTURES, base=None, quote=None, timeframe=None
[26-01-20 18:29:01] [INFO    ] [-|-] Symbol 검색 결과: 1개
[26-01-20 18:29:01] [INFO    ] [-|-] SymbolService 초기화 완료
[26-01-20 18:29:01] [DEBUG   ] [-|-] Symbol 등록: CRYPTO-BINANCE-SPOT-BTC-USDT-1h
[26-01-20 18:29:01] [INFO    ] [-|-] 새로운 Symbol 생성: CRYPTO-BINANCE-SPOT-BTC-USDT-1h
[26-01-20 18:29:01] [DEBUG   ] [-|-] Symbol 등록: CRYPTO-BINANCE-SPOT-ETH-USDT-1h
[26-01-20 18:29:01] [INFO    ] [-|-] 새로운 Symbol 생성: CRYPTO-BINANCE-SPOT-ETH-USDT-1h
[26-01-20 18:29:01] [DEBUG   ] [-|-] Symbol 등록: CRYPTO-BINANCE-FUTURES-BTC-USDT-1h
[26-01-20 18:29:01] [INFO    ] [-|-] 새로운 Symbol 생성: CRYPTO-BINANCE-FUTURES-BTC-USDT-1h
[26-01-20 18:29:01] [DEBUG   ] [-|-] Symbol 등록: CRYPTO-UPBIT-SPOT-BTC-KRW-1d
[26-01-20 18:29:01] [INFO    ] [-|-] 새로운 Symbol 생성: CRYPTO-UPBIT-SPOT-BTC-KRW-1d
[26-01-20 18:29:01] [DEBUG   ] [-|-] Symbol 등록: STOCK-KRX-SPOT-005930-KRW-1d
[26-01-20 18:29:01] [INFO    ] [-|-] 새로운 Symbol 생성: STOCK-KRX-SPOT-005930-KRW-1d
[26-01-20 18:29:01] [DEBUG   ] [-|-] Symbol 검색: archetype=None, exchange=None, tradetype=None, base=None, quote=None, timeframe=1h
[26-01-20 18:29:01] [INFO    ] [-|-] Symbol 검색 결과: 3개
[26-01-20 18:29:01] [INFO    ] [-|-] SymbolService 초기화 완료
[26-01-20 18:29:01] [DEBUG   ] [-|-] Symbol 등록: CRYPTO-BINANCE-SPOT-BTC-USDT-1h
[26-01-20 18:29:01] [INFO    ] [-|-] 새로운 Symbol 생성: CRYPTO-BINANCE-SPOT-BTC-USDT-1h
[26-01-20 18:29:01] [DEBUG   ] [-|-] Symbol 등록: CRYPTO-BINANCE-SPOT-ETH-USDT-1h
[26-01-20 18:29:01] [INFO    ] [-|-] 새로운 Symbol 생성: CRYPTO-BINANCE-SPOT-ETH-USDT-1h
[26-01-20 18:29:01] [DEBUG   ] [-|-] Symbol 등록: CRYPTO-BINANCE-FUTURES-BTC-USDT-1h
[26-01-20 18:29:01] [INFO    ] [-|-] 새로운 Symbol 생성: CRYPTO-BINANCE-FUTURES-BTC-USDT-1h
[26-01-20 18:29:01] [DEBUG   ] [-|-] Symbol 등록: CRYPTO-UPBIT-SPOT-BTC-KRW-1d
[26-01-20 18:29:01] [INFO    ] [-|-] 새로운 Symbol 생성: CRYPTO-UPBIT-SPOT-BTC-KRW-1d
[26-01-20 18:29:01] [DEBUG   ] [-|-] Symbol 등록: STOCK-KRX-SPOT-005930-KRW-1d
[26-01-20 18:29:01] [INFO    ] [-|-] 새로운 Symbol 생성: STOCK-KRX-SPOT-005930-KRW-1d
[26-01-20 18:29:01] [DEBUG   ] [-|-] Symbol 검색: archetype=None, exchange=None, tradetype=None, base=BTC, quote=None, timeframe=None
[26-01-20 18:29:01] [INFO    ] [-|-] Symbol 검색 결과: 3개
[26-01-20 18:29:01] [INFO    ] [-|-] SymbolService 초기화 완료
[26-01-20 18:29:01] [DEBUG   ] [-|-] Symbol 등록: CRYPTO-BINANCE-SPOT-BTC-USDT-1h
[26-01-20 18:29:01] [INFO    ] [-|-] 새로운 Symbol 생성: CRYPTO-BINANCE-SPOT-BTC-USDT-1h
[26-01-20 18:29:01] [DEBUG   ] [-|-] Symbol 등록: CRYPTO-BINANCE-SPOT-ETH-USDT-1h
[26-01-20 18:29:01] [INFO    ] [-|-] 새로운 Symbol 생성: CRYPTO-BINANCE-SPOT-ETH-USDT-1h
[26-01-20 18:29:01] [DEBUG   ] [-|-] Symbol 등록: CRYPTO-BINANCE-FUTURES-BTC-USDT-1h
[26-01-20 18:29:01] [INFO    ] [-|-] 새로운 Symbol 생성: CRYPTO-BINANCE-FUTURES-BTC-USDT-1h
[26-01-20 18:29:01] [DEBUG   ] [-|-] Symbol 등록: CRYPTO-UPBIT-SPOT-BTC-KRW-1d
[26-01-20 18:29:01] [INFO    ] [-|-] 새로운 Symbol 생성: CRYPTO-UPBIT-SPOT-BTC-KRW-1d
[26-01-20 18:29:01] [DEBUG   ] [-|-] Symbol 등록: STOCK-KRX-SPOT-005930-KRW-1d
[26-01-20 18:29:01] [INFO    ] [-|-] 새로운 Symbol 생성: STOCK-KRX-SPOT-005930-KRW-1d
[26-01-20 18:29:01] [DEBUG   ] [-|-] Symbol 검색: archetype=None, exchange=None, tradetype=None, base=None, quote=USDT, timeframe=None
[26-01-20 18:29:01] [INFO    ] [-|-] Symbol 검색 결과: 3개
[26-01-20 18:29:01] [INFO    ] [-|-] SymbolService 초기화 완료
[26-01-20 18:29:01] [DEBUG   ] [-|-] Symbol 등록: CRYPTO-BINANCE-SPOT-BTC-USDT-1h
[26-01-20 18:29:01] [INFO    ] [-|-] 새로운 Symbol 생성: CRYPTO-BINANCE-SPOT-BTC-USDT-1h
[26-01-20 18:29:01] [DEBUG   ] [-|-] Symbol 등록: CRYPTO-BINANCE-SPOT-ETH-USDT-1h
[26-01-20 18:29:01] [INFO    ] [-|-] 새로운 Symbol 생성: CRYPTO-BINANCE-SPOT-ETH-USDT-1h
[26-01-20 18:29:01] [DEBUG   ] [-|-] Symbol 등록: CRYPTO-BINANCE-FUTURES-BTC-USDT-1h
[26-01-20 18:29:01] [INFO    ] [-|-] 새로운 Symbol 생성: CRYPTO-BINANCE-FUTURES-BTC-USDT-1h
[26-01-20 18:29:01] [DEBUG   ] [-|-] Symbol 등록: CRYPTO-UPBIT-SPOT-BTC-KRW-1d
[26-01-20 18:29:01] [INFO    ] [-|-] 새로운 Symbol 생성: CRYPTO-UPBIT-SPOT-BTC-KRW-1d
[26-01-20 18:29:01] [DEBUG   ] [-|-] Symbol 등록: STOCK-KRX-SPOT-005930-KRW-1d
[26-01-20 18:29:01] [INFO    ] [-|-] 새로운 Symbol 생성: STOCK-KRX-SPOT-005930-KRW-1d
[26-01-20 18:29:01] [DEBUG   ] [-|-] Symbol 검색: archetype=CRYPTO, exchange=BINANCE, tradetype=SPOT, base=None, quote=None, timeframe=None
[26-01-20 18:29:01] [INFO    ] [-|-] Symbol 검색 결과: 2개
[26-01-20 18:29:01] [INFO    ] [-|-] SymbolService 초기화 완료
[26-01-20 18:29:01] [DEBUG   ] [-|-] Symbol 등록: CRYPTO-BINANCE-SPOT-BTC-USDT-1h
[26-01-20 18:29:01] [INFO    ] [-|-] 새로운 Symbol 생성: CRYPTO-BINANCE-SPOT-BTC-USDT-1h
[26-01-20 18:29:01] [DEBUG   ] [-|-] Symbol 등록: CRYPTO-BINANCE-SPOT-ETH-USDT-1h
[26-01-20 18:29:01] [INFO    ] [-|-] 새로운 Symbol 생성: CRYPTO-BINANCE-SPOT-ETH-USDT-1h
[26-01-20 18:29:01] [DEBUG   ] [-|-] Symbol 등록: CRYPTO-BINANCE-FUTURES-BTC-USDT-1h
[26-01-20 18:29:01] [INFO    ] [-|-] 새로운 Symbol 생성: CRYPTO-BINANCE-FUTURES-BTC-USDT-1h
[26-01-20 18:29:01] [DEBUG   ] [-|-] Symbol 등록: CRYPTO-UPBIT-SPOT-BTC-KRW-1d
[26-01-20 18:29:01] [INFO    ] [-|-] 새로운 Symbol 생성: CRYPTO-UPBIT-SPOT-BTC-KRW-1d
[26-01-20 18:29:01] [DEBUG   ] [-|-] Symbol 등록: STOCK-KRX-SPOT-005930-KRW-1d
[26-01-20 18:29:01] [INFO    ] [-|-] 새로운 Symbol 생성: STOCK-KRX-SPOT-005930-KRW-1d
[26-01-20 18:29:01] [DEBUG   ] [-|-] Symbol 검색: archetype=None, exchange=KRAKEN, tradetype=None, base=None, quote=None, timeframe=None
[26-01-20 18:29:01] [INFO    ] [-|-] Symbol 검색 결과: 0개
[26-01-20 18:29:01] [INFO    ] [-|-] SymbolService 초기화 완료
[26-01-20 18:29:01] [DEBUG   ] [-|-] Symbol 등록: CRYPTO-BINANCE-SPOT-BTC-USDT-1h
[26-01-20 18:29:01] [INFO    ] [-|-] 새로운 Symbol 생성: CRYPTO-BINANCE-SPOT-BTC-USDT-1h
[26-01-20 18:29:01] [DEBUG   ] [-|-] Symbol 등록: CRYPTO-BINANCE-SPOT-ETH-USDT-1h
[26-01-20 18:29:01] [INFO    ] [-|-] 새로운 Symbol 생성: CRYPTO-BINANCE-SPOT-ETH-USDT-1h
[26-01-20 18:29:01] [DEBUG   ] [-|-] Symbol 등록: CRYPTO-BINANCE-FUTURES-BTC-USDT-1h
[26-01-20 18:29:01] [INFO    ] [-|-] 새로운 Symbol 생성: CRYPTO-BINANCE-FUTURES-BTC-USDT-1h
[26-01-20 18:29:01] [DEBUG   ] [-|-] Symbol 등록: CRYPTO-UPBIT-SPOT-BTC-KRW-1d
[26-01-20 18:29:01] [INFO    ] [-|-] 새로운 Symbol 생성: CRYPTO-UPBIT-SPOT-BTC-KRW-1d
[26-01-20 18:29:01] [DEBUG   ] [-|-] Symbol 등록: STOCK-KRX-SPOT-005930-KRW-1d
[26-01-20 18:29:01] [INFO    ] [-|-] 새로운 Symbol 생성: STOCK-KRX-SPOT-005930-KRW-1d
[26-01-20 18:29:01] [DEBUG   ] [-|-] Symbol 검색: archetype=CRYPTO, exchange=BINANCE, tradetype=None, base=None, quote=None, timeframe=None
[26-01-20 18:29:01] [INFO    ] [-|-] Symbol 검색 결과: 3개
[26-01-20 18:29:01] [INFO    ] [-|-] SymbolService 초기화 완료
[26-01-20 18:29:01] [DEBUG   ] [-|-] Symbol 등록: CRYPTO-BINANCE-SPOT-BTC-USDT-1h
[26-01-20 18:29:01] [INFO    ] [-|-] 새로운 Symbol 생성: CRYPTO-BINANCE-SPOT-BTC-USDT-1h
[26-01-20 18:29:01] [DEBUG   ] [-|-] 문자열로 Symbol 조회: CRYPTO-BINANCE-SPOT-BTC-USDT-1h
[26-01-20 18:29:01] [INFO    ] [-|-] Symbol 조회 성공: CRYPTO-BINANCE-SPOT-BTC-USDT-1h
[26-01-20 18:29:01] [INFO    ] [-|-] SymbolService 초기화 완료
[26-01-20 18:29:01] [DEBUG   ] [-|-] Symbol 등록: CRYPTO-BINANCE-SPOT-BTC-USDT-1h
[26-01-20 18:29:01] [INFO    ] [-|-] 새로운 Symbol 생성: CRYPTO-BINANCE-SPOT-BTC-USDT-1h
[26-01-20 18:29:01] [DEBUG   ] [-|-] 문자열로 Symbol 조회: CRYPTO-BINANCE-SPOT-ETH-USDT-1h
[26-01-20 18:29:01] [WARNING ] [-|-] Symbol 조회 실패 (존재하지 않음): CRYPTO-BINANCE-SPOT-ETH-USDT-1h
[26-01-20 18:29:01] [INFO    ] [-|-] SymbolService 초기화 완료
[26-01-20 18:29:01] [DEBUG   ] [-|-] Symbol 등록: CRYPTO-BINANCE-SPOT-BTC-USDT-1h
[26-01-20 18:29:01] [INFO    ] [-|-] 새로운 Symbol 생성: CRYPTO-BINANCE-SPOT-BTC-USDT-1h
[26-01-20 18:29:01] [DEBUG   ] [-|-] 문자열로 Symbol 조회: INVALID-FORMAT
[26-01-20 18:29:01] [ERROR   ] [-|-] Symbol 문자열 파싱 실패: Invalid symbol string format: INVALID-FORMAT. Expected format: ARCHETYPE-EXCHANGE-TRADETYPE-BASE-QUOTE-TIMEFRAME
[26-01-20 18:29:01] [INFO    ] [-|-] SymbolService 초기화 완료
[26-01-20 18:29:01] [DEBUG   ] [-|-] Symbol 등록: CRYPTO-BINANCE-SPOT-BTC-USDT-1h
[26-01-20 18:29:01] [INFO    ] [-|-] 새로운 Symbol 생성: CRYPTO-BINANCE-SPOT-BTC-USDT-1h
[26-01-20 18:29:01] [DEBUG   ] [-|-] 문자열로 Symbol 조회: crypto-binance-spot-btc-usdt-1h
[26-01-20 18:29:01] [INFO    ] [-|-] Symbol 조회 성공: CRYPTO-BINANCE-SPOT-BTC-USDT-1h
