[26-01-20 18:26:37] [INFO    ] [DataFetchService|DataFetchService.__init__] 초기화 시작 params={'args': (<Mock spec='ProviderRegistry' id='2493618923136'>,)}
[26-01-20 18:26:37] [INFO    ] [DataFetchService|DataFetchService.__init__] 초기화 완료
[26-01-20 18:26:37] [INFO    ] [DataFetchService|DataFetchService.fetch] 시작 params={'args': (<candle_data_manager.Core.Models.Symbol.Symbol object at 0x0000024497452860>, 1609459200, 1609466400)}
[26-01-20 18:26:37] [INFO    ] [DataFetchService|DataFetchService.fetch] 종료 result=[{'timestamp': 1609459200, 'open': 29000, 'high': 29500, 'low': 28500, 'close': 29200, 'volume': 1000}, {'timestamp': 1609462800, 'open': 29200, 'high': 29800, 'low': 29000, 'close': 29500, 'volume': 1200}]
[26-01-20 18:26:37] [INFO    ] [DataFetchService|DataFetchService.__init__] 초기화 시작 params={'args': (<Mock spec='ProviderRegistry' id='2493619308432'>,)}
[26-01-20 18:26:37] [INFO    ] [DataFetchService|DataFetchService.__init__] 초기화 완료
[26-01-20 18:26:37] [INFO    ] [DataFetchService|DataFetchService.fetch] 시작 params={'args': (<candle_data_manager.Core.Models.Symbol.Symbol object at 0x00000244974B0910>, 1609459200, 1609466400)}
[26-01-20 18:26:37] [INFO    ] [DataFetchService|DataFetchService.fetch] 종료 result=[]
[26-01-20 18:26:37] [INFO    ] [DataFetchService|DataFetchService.__init__] 초기화 시작 params={'args': (<Mock spec='ProviderRegistry' id='2493619357680'>,)}
[26-01-20 18:26:37] [INFO    ] [DataFetchService|DataFetchService.__init__] 초기화 완료
[26-01-20 18:26:37] [INFO    ] [DataFetchService|DataFetchService.fetch] 시작 params={'args': (<candle_data_manager.Core.Models.Symbol.Symbol object at 0x00000244974BC9D0>, 1609459200, 1609466400)}
[26-01-20 18:26:37] [ERROR   ] [DataFetchService|DataFetchService.fetch] 오류 발생
Traceback (most recent call last):

  File "C:\ProgramData\Miniconda3\envs\py310\lib\runpy.py", line 196, in _run_module_as_main
    return _run_code(code, main_globals, None,
           │         │     └ {'__name__': '__main__', '__doc__': 'The pytest entry point.', '__package__': 'pytest', '__loader__': <_frozen_importlib_exte...
           │         └ <code object <module> at 0x00000244F6429B00, file "C:\ProgramData\Miniconda3\envs\py310\lib\site-packages\pytest\__main__.py"...
           └ <function _run_code at 0x00000244F6425240>

  File "C:\ProgramData\Miniconda3\envs\py310\lib\runpy.py", line 86, in _run_code
    exec(code, run_globals)
         │     └ {'__name__': '__main__', '__doc__': 'The pytest entry point.', '__package__': 'pytest', '__loader__': <_frozen_importlib_exte...
         └ <code object <module> at 0x00000244F6429B00, file "C:\ProgramData\Miniconda3\envs\py310\lib\site-packages\pytest\__main__.py"...

  File "C:\ProgramData\Miniconda3\envs\py310\lib\site-packages\pytest\__main__.py", line 9, in <module>
    raise SystemExit(pytest.console_main())
                     │      └ <function console_main at 0x00000244F6FF77F0>
                     └ <module 'pytest' from 'C:\\ProgramData\\Miniconda3\\envs\\py310\\lib\\site-packages\\pytest\\__init__.py'>

  File "C:\ProgramData\Miniconda3\envs\py310\lib\site-packages\_pytest\config\__init__.py", line 221, in console_main
    code = main()
           └ <function main at 0x00000244F6FF7760>

  File "C:\ProgramData\Miniconda3\envs\py310\lib\site-packages\_pytest\config\__init__.py", line 197, in main
    ret: ExitCode | int = config.hook.pytest_cmdline_main(config=config)
         │                │      │    │                          └ <_pytest.config.Config object at 0x00000244F72976D0>
         │                │      │    └ <HookCaller 'pytest_cmdline_main'>
         │                │      └ <_pytest.config.compat.PathAwareHookProxy object at 0x00000244F72D0D90>
         │                └ <_pytest.config.Config object at 0x00000244F72976D0>
         └ <enum 'ExitCode'>

  File "C:\ProgramData\Miniconda3\envs\py310\lib\site-packages\pluggy\_hooks.py", line 512, in __call__
    return self._hookexec(self.name, self._hookimpls.copy(), kwargs, firstresult)
           │    │         │    │     │    │                  │       └ True
           │    │         │    │     │    │                  └ {'config': <_pytest.config.Config object at 0x00000244F72976D0>}
           │    │         │    │     │    └ <member '_hookimpls' of 'HookCaller' objects>
           │    │         │    │     └ <HookCaller 'pytest_cmdline_main'>
           │    │         │    └ <member 'name' of 'HookCaller' objects>
           │    │         └ <HookCaller 'pytest_cmdline_main'>
           │    └ <member '_hookexec' of 'HookCaller' objects>
           └ <HookCaller 'pytest_cmdline_main'>

  File "C:\ProgramData\Miniconda3\envs\py310\lib\site-packages\pluggy\_manager.py", line 120, in _hookexec
    return self._inner_hookexec(hook_name, methods, kwargs, firstresult)
           │    │               │          │        │       └ True
           │    │               │          │        └ {'config': <_pytest.config.Config object at 0x00000244F72976D0>}
           │    │               │          └ [<HookImpl plugin_name='main', plugin=<module '_pytest.main' from 'C:\\ProgramData\\Miniconda3\\envs\\py310\\lib\\site-packag...
           │    │               └ 'pytest_cmdline_main'
           │    └ <function _multicall at 0x00000244F6784B80>
           └ <_pytest.config.PytestPluginManager object at 0x00000244F6419150>

  File "C:\ProgramData\Miniconda3\envs\py310\lib\site-packages\pluggy\_callers.py", line 121, in _multicall
    res = hook_impl.function(*args)
          │         │         └ [<_pytest.config.Config object at 0x00000244F72976D0>]
          │         └ <member 'function' of 'HookImpl' objects>
          └ <HookImpl plugin_name='main', plugin=<module '_pytest.main' from 'C:\\ProgramData\\Miniconda3\\envs\\py310\\lib\\site-package...

  File "C:\ProgramData\Miniconda3\envs\py310\lib\site-packages\_pytest\main.py", line 365, in pytest_cmdline_main
    return wrap_session(config, _main)
           │            │       └ <function _main at 0x00000244F70AAB90>
           │            └ <_pytest.config.Config object at 0x00000244F72976D0>
           └ <function wrap_session at 0x00000244F70AAA70>

  File "C:\ProgramData\Miniconda3\envs\py310\lib\site-packages\_pytest\main.py", line 318, in wrap_session
    session.exitstatus = doit(config, session) or 0
    │       │            │    │       └ <Session  exitstatus=<ExitCode.OK: 0> testsfailed=0 testscollected=9>
    │       │            │    └ <_pytest.config.Config object at 0x00000244F72976D0>
    │       │            └ <function _main at 0x00000244F70AAB90>
    │       └ <ExitCode.OK: 0>
    └ <Session  exitstatus=<ExitCode.OK: 0> testsfailed=0 testscollected=9>

  File "C:\ProgramData\Miniconda3\envs\py310\lib\site-packages\_pytest\main.py", line 372, in _main
    config.hook.pytest_runtestloop(session=session)
    │      │    │                          └ <Session  exitstatus=<ExitCode.OK: 0> testsfailed=0 testscollected=9>
    │      │    └ <HookCaller 'pytest_runtestloop'>
    │      └ <_pytest.config.compat.PathAwareHookProxy object at 0x00000244F72D0D90>
    └ <_pytest.config.Config object at 0x00000244F72976D0>

  File "C:\ProgramData\Miniconda3\envs\py310\lib\site-packages\pluggy\_hooks.py", line 512, in __call__
    return self._hookexec(self.name, self._hookimpls.copy(), kwargs, firstresult)
           │    │         │    │     │    │                  │       └ True
           │    │         │    │     │    │                  └ {'session': <Session  exitstatus=<ExitCode.OK: 0> testsfailed=0 testscollected=9>}
           │    │         │    │     │    └ <member '_hookimpls' of 'HookCaller' objects>
           │    │         │    │     └ <HookCaller 'pytest_runtestloop'>
           │    │         │    └ <member 'name' of 'HookCaller' objects>
           │    │         └ <HookCaller 'pytest_runtestloop'>
           │    └ <member '_hookexec' of 'HookCaller' objects>
           └ <HookCaller 'pytest_runtestloop'>

  File "C:\ProgramData\Miniconda3\envs\py310\lib\site-packages\pluggy\_manager.py", line 120, in _hookexec
    return self._inner_hookexec(hook_name, methods, kwargs, firstresult)
           │    │               │          │        │       └ True
           │    │               │          │        └ {'session': <Session  exitstatus=<ExitCode.OK: 0> testsfailed=0 testscollected=9>}
           │    │               │          └ [<HookImpl plugin_name='main', plugin=<module '_pytest.main' from 'C:\\ProgramData\\Miniconda3\\envs\\py310\\lib\\site-packag...
           │    │               └ 'pytest_runtestloop'
           │    └ <function _multicall at 0x00000244F6784B80>
           └ <_pytest.config.PytestPluginManager object at 0x00000244F6419150>

  File "C:\ProgramData\Miniconda3\envs\py310\lib\site-packages\pluggy\_callers.py", line 121, in _multicall
    res = hook_impl.function(*args)
          │         │         └ [<Session  exitstatus=<ExitCode.OK: 0> testsfailed=0 testscollected=9>]
          │         └ <member 'function' of 'HookImpl' objects>
          └ <HookImpl plugin_name='main', plugin=<module '_pytest.main' from 'C:\\ProgramData\\Miniconda3\\envs\\py310\\lib\\site-package...

  File "C:\ProgramData\Miniconda3\envs\py310\lib\site-packages\_pytest\main.py", line 396, in pytest_runtestloop
    item.config.hook.pytest_runtest_protocol(item=item, nextitem=nextitem)
    │    │                                        │              └ <Function test_fetch_all_data_returns_full_range>
    │    │                                        └ <Function test_fetch_with_provider_not_implemented_error>
    │    └ <member 'config' of 'Node' objects>
    └ <Function test_fetch_with_provider_not_implemented_error>

  File "C:\ProgramData\Miniconda3\envs\py310\lib\site-packages\pluggy\_hooks.py", line 512, in __call__
    return self._hookexec(self.name, self._hookimpls.copy(), kwargs, firstresult)
           │    │         │    │     │    │                  │       └ True
           │    │         │    │     │    │                  └ {'item': <Function test_fetch_with_provider_not_implemented_error>, 'nextitem': <Function test_fetch_all_data_returns_full_ra...
           │    │         │    │     │    └ <member '_hookimpls' of 'HookCaller' objects>
           │    │         │    │     └ <HookCaller 'pytest_runtest_protocol'>
           │    │         │    └ <member 'name' of 'HookCaller' objects>
           │    │         └ <HookCaller 'pytest_runtest_protocol'>
           │    └ <member '_hookexec' of 'HookCaller' objects>
           └ <HookCaller 'pytest_runtest_protocol'>

  File "C:\ProgramData\Miniconda3\envs\py310\lib\site-packages\pluggy\_manager.py", line 120, in _hookexec
    return self._inner_hookexec(hook_name, methods, kwargs, firstresult)
           │    │               │          │        │       └ True
           │    │               │          │        └ {'item': <Function test_fetch_with_provider_not_implemented_error>, 'nextitem': <Function test_fetch_all_data_returns_full_ra...
           │    │               │          └ [<HookImpl plugin_name='runner', plugin=<module '_pytest.runner' from 'C:\\ProgramData\\Miniconda3\\envs\\py310\\lib\\site-pa...
           │    │               └ 'pytest_runtest_protocol'
           │    └ <function _multicall at 0x00000244F6784B80>
           └ <_pytest.config.PytestPluginManager object at 0x00000244F6419150>

  File "C:\ProgramData\Miniconda3\envs\py310\lib\site-packages\pluggy\_callers.py", line 121, in _multicall
    res = hook_impl.function(*args)
          │         │         └ [<Function test_fetch_with_provider_not_implemented_error>, <Function test_fetch_all_data_returns_full_range>]
          │         └ <member 'function' of 'HookImpl' objects>
          └ <HookImpl plugin_name='runner', plugin=<module '_pytest.runner' from 'C:\\ProgramData\\Miniconda3\\envs\\py310\\lib\\site-pac...

  File "C:\ProgramData\Miniconda3\envs\py310\lib\site-packages\_pytest\runner.py", line 118, in pytest_runtest_protocol
    runtestprotocol(item, nextitem=nextitem)
    │               │              └ <Function test_fetch_all_data_returns_full_range>
    │               └ <Function test_fetch_with_provider_not_implemented_error>
    └ <function runtestprotocol at 0x00000244F70A9D80>

  File "C:\ProgramData\Miniconda3\envs\py310\lib\site-packages\_pytest\runner.py", line 137, in runtestprotocol
    reports.append(call_and_report(item, "call", log))
    │       │      │               │             └ True
    │       │      │               └ <Function test_fetch_with_provider_not_implemented_error>
    │       │      └ <function call_and_report at 0x00000244F70AA170>
    │       └ <method 'append' of 'list' objects>
    └ [<TestReport 'tests/Service/DataFetchService/test_data_fetch_service.py::test_fetch_with_provider_not_implemented_error' when...

  File "C:\ProgramData\Miniconda3\envs\py310\lib\site-packages\_pytest\runner.py", line 244, in call_and_report
    call = CallInfo.from_call(
           │        └ <classmethod(<function CallInfo.from_call at 0x00000244F70AA4D0>)>
           └ <class '_pytest.runner.CallInfo'>

  File "C:\ProgramData\Miniconda3\envs\py310\lib\site-packages\_pytest\runner.py", line 353, in from_call
    result: TResult | None = func()
            │                └ <function call_and_report.<locals>.<lambda> at 0x00000244F9324CA0>
            └ +TResult

  File "C:\ProgramData\Miniconda3\envs\py310\lib\site-packages\_pytest\runner.py", line 245, in <lambda>
    lambda: runtest_hook(item=item, **kwds),
            │                 │       └ {}
            │                 └ <Function test_fetch_with_provider_not_implemented_error>
            └ <HookCaller 'pytest_runtest_call'>

  File "C:\ProgramData\Miniconda3\envs\py310\lib\site-packages\pluggy\_hooks.py", line 512, in __call__
    return self._hookexec(self.name, self._hookimpls.copy(), kwargs, firstresult)
           │    │         │    │     │    │                  │       └ False
           │    │         │    │     │    │                  └ {'item': <Function test_fetch_with_provider_not_implemented_error>}
           │    │         │    │     │    └ <member '_hookimpls' of 'HookCaller' objects>
           │    │         │    │     └ <HookCaller 'pytest_runtest_call'>
           │    │         │    └ <member 'name' of 'HookCaller' objects>
           │    │         └ <HookCaller 'pytest_runtest_call'>
           │    └ <member '_hookexec' of 'HookCaller' objects>
           └ <HookCaller 'pytest_runtest_call'>

  File "C:\ProgramData\Miniconda3\envs\py310\lib\site-packages\pluggy\_manager.py", line 120, in _hookexec
    return self._inner_hookexec(hook_name, methods, kwargs, firstresult)
           │    │               │          │        │       └ False
           │    │               │          │        └ {'item': <Function test_fetch_with_provider_not_implemented_error>}
           │    │               │          └ [<HookImpl plugin_name='threadexception', plugin=<module '_pytest.threadexception' from 'C:\\ProgramData\\Miniconda3\\envs\\p...
           │    │               └ 'pytest_runtest_call'
           │    └ <function _multicall at 0x00000244F6784B80>
           └ <_pytest.config.PytestPluginManager object at 0x00000244F6419150>

  File "C:\ProgramData\Miniconda3\envs\py310\lib\site-packages\pluggy\_callers.py", line 121, in _multicall
    res = hook_impl.function(*args)
          │         │         └ [<Function test_fetch_with_provider_not_implemented_error>]
          │         └ <member 'function' of 'HookImpl' objects>
          └ <HookImpl plugin_name='runner', plugin=<module '_pytest.runner' from 'C:\\ProgramData\\Miniconda3\\envs\\py310\\lib\\site-pac...

  File "C:\ProgramData\Miniconda3\envs\py310\lib\site-packages\_pytest\runner.py", line 179, in pytest_runtest_call
    item.runtest()
    │    └ <function Function.runtest at 0x00000244F71DADD0>
    └ <Function test_fetch_with_provider_not_implemented_error>

  File "C:\ProgramData\Miniconda3\envs\py310\lib\site-packages\_pytest\python.py", line 1720, in runtest
    self.ihook.pytest_pyfunc_call(pyfuncitem=self)
    │    │                                   └ <Function test_fetch_with_provider_not_implemented_error>
    │    └ <property object at 0x00000244F70260C0>
    └ <Function test_fetch_with_provider_not_implemented_error>

  File "C:\ProgramData\Miniconda3\envs\py310\lib\site-packages\pluggy\_hooks.py", line 512, in __call__
    return self._hookexec(self.name, self._hookimpls.copy(), kwargs, firstresult)
           │    │         │    │     │    │                  │       └ True
           │    │         │    │     │    │                  └ {'pyfuncitem': <Function test_fetch_with_provider_not_implemented_error>}
           │    │         │    │     │    └ <member '_hookimpls' of 'HookCaller' objects>
           │    │         │    │     └ <HookCaller 'pytest_pyfunc_call'>
           │    │         │    └ <member 'name' of 'HookCaller' objects>
           │    │         └ <HookCaller 'pytest_pyfunc_call'>
           │    └ <member '_hookexec' of 'HookCaller' objects>
           └ <HookCaller 'pytest_pyfunc_call'>

  File "C:\ProgramData\Miniconda3\envs\py310\lib\site-packages\pluggy\_manager.py", line 120, in _hookexec
    return self._inner_hookexec(hook_name, methods, kwargs, firstresult)
           │    │               │          │        │       └ True
           │    │               │          │        └ {'pyfuncitem': <Function test_fetch_with_provider_not_implemented_error>}
           │    │               │          └ [<HookImpl plugin_name='python', plugin=<module '_pytest.python' from 'C:\\ProgramData\\Miniconda3\\envs\\py310\\lib\\site-pa...
           │    │               └ 'pytest_pyfunc_call'
           │    └ <function _multicall at 0x00000244F6784B80>
           └ <_pytest.config.PytestPluginManager object at 0x00000244F6419150>

  File "C:\ProgramData\Miniconda3\envs\py310\lib\site-packages\pluggy\_callers.py", line 121, in _multicall
    res = hook_impl.function(*args)
          │         │         └ [<Function test_fetch_with_provider_not_implemented_error>]
          │         └ <member 'function' of 'HookImpl' objects>
          └ <HookImpl plugin_name='python', plugin=<module '_pytest.python' from 'C:\\ProgramData\\Miniconda3\\envs\\py310\\lib\\site-pac...

  File "C:\ProgramData\Miniconda3\envs\py310\lib\site-packages\_pytest\python.py", line 166, in pytest_pyfunc_call
    result = testfunction(**testargs)
             │              └ {'data_fetch_service': <candle_data_manager.Service.DataFetchService.DataFetchService.DataFetchService object at 0x0000024497...
             └ <function test_fetch_with_provider_not_implemented_error at 0x00000244972CD510>

  File "C:\Projects\CandleDataManager\tests\Service\DataFetchService\test_data_fetch_service.py", line 64, in test_fetch_with_provider_not_implemented_error
    data_fetch_service.fetch(sample_symbol, 1609459200, 1609466400)
    │                  │     └ <candle_data_manager.Core.Models.Symbol.Symbol object at 0x00000244974BC9D0>
    │                  └ <function DataFetchService.fetch at 0x00000244972CC9D0>
    └ <candle_data_manager.Service.DataFetchService.DataFetchService.DataFetchService object at 0x00000244974BC820>

> File "C:\ProgramData\Miniconda3\envs\py310\lib\site-packages\simple_logger\logger.py", line 202, in sync_wrapper
    result = func(*args, **kwargs)
             │     │       └ {}
             │     └ (<candle_data_manager.Service.DataFetchService.DataFetchService.DataFetchService object at 0x00000244974BC820>, <candle_data_...
             └ <function DataFetchService.fetch at 0x0000024494BB1480>

  File "C:\Projects\CandleDataManager\src\candle_data_manager\Service\DataFetchService\DataFetchService.py", line 15, in fetch
    provider = self._provider_registry.get_provider(symbol)
               │    │                               └ <candle_data_manager.Core.Models.Symbol.Symbol object at 0x00000244974BC9D0>
               │    └ <Mock spec='ProviderRegistry' id='2493619357680'>
               └ <candle_data_manager.Service.DataFetchService.DataFetchService.DataFetchService object at 0x00000244974BC820>

  File "C:\ProgramData\Miniconda3\envs\py310\lib\unittest\mock.py", line 1114, in __call__
    return self._mock_call(*args, **kwargs)
           │    │           │       └ {}
           │    │           └ (<candle_data_manager.Core.Models.Symbol.Symbol object at 0x00000244974BC9D0>,)
           │    └ <function CallableMixin._mock_call at 0x00000244F9395090>
           └ <Mock name='mock.get_provider' id='2493619357776'>

  File "C:\ProgramData\Miniconda3\envs\py310\lib\unittest\mock.py", line 1118, in _mock_call
    return self._execute_mock_call(*args, **kwargs)
           │    │                   │       └ {}
           │    │                   └ (<candle_data_manager.Core.Models.Symbol.Symbol object at 0x00000244974BC9D0>,)
           │    └ <function CallableMixin._execute_mock_call at 0x00000244F93951B0>
           └ <Mock name='mock.get_provider' id='2493619357776'>

  File "C:\ProgramData\Miniconda3\envs\py310\lib\unittest\mock.py", line 1173, in _execute_mock_call
    raise effect
          └ ProviderNotImplementedError("Provider for exchange 'CRYPTO-UNKNOWN-SPOT' is not implemented")

candle_data_manager.Particles.ProviderNotImplementedError.ProviderNotImplementedError: Provider for exchange 'CRYPTO-UNKNOWN-SPOT' is not implemented
[26-01-20 18:26:38] [INFO    ] [DataFetchService|DataFetchService.__init__] 초기화 시작 params={'args': (<Mock spec='ProviderRegistry' id='2493619311888'>,)}
[26-01-20 18:26:38] [INFO    ] [DataFetchService|DataFetchService.__init__] 초기화 완료
[26-01-20 18:26:38] [INFO    ] [DataFetchService|DataFetchService.fetch_all_data] 시작 params={'args': (<candle_data_manager.Core.Models.Symbol.Symbol object at 0x00000244974B17B0>,)}
[26-01-20 18:26:38] [INFO    ] [DataFetchService|DataFetchService.fetch_all_data] 종료 result=[{'timestamp': 1577836800, 'open': 7000, 'high': 7100, 'low': 6900, 'close': 7050, 'volume': 500}]
[26-01-20 18:26:38] [INFO    ] [DataFetchService|DataFetchService.__init__] 초기화 시작 params={'args': (<Mock spec='ProviderRegistry' id='2493619367232'>,)}
[26-01-20 18:26:38] [INFO    ] [DataFetchService|DataFetchService.__init__] 초기화 완료
[26-01-20 18:26:38] [INFO    ] [DataFetchService|DataFetchService.fetch_all_data] 시작 params={'args': (<candle_data_manager.Core.Models.Symbol.Symbol object at 0x00000244974BEF20>,)}
[26-01-20 18:26:38] [INFO    ] [DataFetchService|DataFetchService.fetch_all_data] 종료 result=[]
[26-01-20 18:26:38] [INFO    ] [DataFetchService|DataFetchService.__init__] 초기화 시작 params={'args': (<Mock spec='ProviderRegistry' id='2493619369440'>,)}
[26-01-20 18:26:38] [INFO    ] [DataFetchService|DataFetchService.__init__] 초기화 완료
[26-01-20 18:26:38] [INFO    ] [DataFetchService|DataFetchService.fetch_all_data] 시작 params={'args': (<candle_data_manager.Core.Models.Symbol.Symbol object at 0x00000244974BF550>,)}
[26-01-20 18:26:38] [INFO    ] [DataFetchService|DataFetchService.fetch_all_data] 종료 result=[]
[26-01-20 18:26:38] [INFO    ] [DataFetchService|DataFetchService.__init__] 초기화 시작 params={'args': (<Mock spec='ProviderRegistry' id='2493619220928'>,)}
[26-01-20 18:26:38] [INFO    ] [DataFetchService|DataFetchService.__init__] 초기화 완료
[26-01-20 18:26:38] [INFO    ] [DataFetchService|DataFetchService.get_market_list] 시작 params={'args': ('CRYPTO', 'BINANCE', 'SPOT')}
[26-01-20 18:26:38] [INFO    ] [DataFetchService|DataFetchService.get_market_list] 종료 result=[{'base': 'BTC', 'quote': 'USDT', 'timeframes': ['1m', '1h', '1d'], 'listed_at': None, 'full_name': 'Bitcoin'}, {'base': 'ETH', 'quote': 'USDT', 'timeframes': ['1m', '1h', '1d'], 'listed_at': None, 'full_name': 'Ethereum'}]
[26-01-20 18:26:38] [INFO    ] [DataFetchService|DataFetchService.__init__] 초기화 시작 params={'args': (<Mock spec='ProviderRegistry' id='2493619319808'>,)}
[26-01-20 18:26:38] [INFO    ] [DataFetchService|DataFetchService.__init__] 초기화 완료
[26-01-20 18:26:38] [INFO    ] [DataFetchService|DataFetchService.get_market_list] 시작 params={'args': ('CRYPTO', 'UPBIT', 'SPOT')}
[26-01-20 18:26:38] [INFO    ] [DataFetchService|DataFetchService.get_market_list] 종료 result=[]
[26-01-20 18:26:38] [INFO    ] [DataFetchService|DataFetchService.__init__] 초기화 시작 params={'args': (<Mock spec='ProviderRegistry' id='2493619312464'>,)}
[26-01-20 18:26:38] [INFO    ] [DataFetchService|DataFetchService.__init__] 초기화 완료
[26-01-20 18:26:38] [INFO    ] [DataFetchService|DataFetchService.get_market_list] 시작 params={'args': ('CRYPTO', 'UNKNOWN', 'SPOT')}
[26-01-20 18:26:38] [ERROR   ] [DataFetchService|DataFetchService.get_market_list] 오류 발생
Traceback (most recent call last):

  File "C:\ProgramData\Miniconda3\envs\py310\lib\runpy.py", line 196, in _run_module_as_main
    return _run_code(code, main_globals, None,
           │         │     └ {'__name__': '__main__', '__doc__': 'The pytest entry point.', '__package__': 'pytest', '__loader__': <_frozen_importlib_exte...
           │         └ <code object <module> at 0x00000244F6429B00, file "C:\ProgramData\Miniconda3\envs\py310\lib\site-packages\pytest\__main__.py"...
           └ <function _run_code at 0x00000244F6425240>

  File "C:\ProgramData\Miniconda3\envs\py310\lib\runpy.py", line 86, in _run_code
    exec(code, run_globals)
         │     └ {'__name__': '__main__', '__doc__': 'The pytest entry point.', '__package__': 'pytest', '__loader__': <_frozen_importlib_exte...
         └ <code object <module> at 0x00000244F6429B00, file "C:\ProgramData\Miniconda3\envs\py310\lib\site-packages\pytest\__main__.py"...

  File "C:\ProgramData\Miniconda3\envs\py310\lib\site-packages\pytest\__main__.py", line 9, in <module>
    raise SystemExit(pytest.console_main())
                     │      └ <function console_main at 0x00000244F6FF77F0>
                     └ <module 'pytest' from 'C:\\ProgramData\\Miniconda3\\envs\\py310\\lib\\site-packages\\pytest\\__init__.py'>

  File "C:\ProgramData\Miniconda3\envs\py310\lib\site-packages\_pytest\config\__init__.py", line 221, in console_main
    code = main()
           └ <function main at 0x00000244F6FF7760>

  File "C:\ProgramData\Miniconda3\envs\py310\lib\site-packages\_pytest\config\__init__.py", line 197, in main
    ret: ExitCode | int = config.hook.pytest_cmdline_main(config=config)
         │                │      │    │                          └ <_pytest.config.Config object at 0x00000244F72976D0>
         │                │      │    └ <HookCaller 'pytest_cmdline_main'>
         │                │      └ <_pytest.config.compat.PathAwareHookProxy object at 0x00000244F72D0D90>
         │                └ <_pytest.config.Config object at 0x00000244F72976D0>
         └ <enum 'ExitCode'>

  File "C:\ProgramData\Miniconda3\envs\py310\lib\site-packages\pluggy\_hooks.py", line 512, in __call__
    return self._hookexec(self.name, self._hookimpls.copy(), kwargs, firstresult)
           │    │         │    │     │    │                  │       └ True
           │    │         │    │     │    │                  └ {'config': <_pytest.config.Config object at 0x00000244F72976D0>}
           │    │         │    │     │    └ <member '_hookimpls' of 'HookCaller' objects>
           │    │         │    │     └ <HookCaller 'pytest_cmdline_main'>
           │    │         │    └ <member 'name' of 'HookCaller' objects>
           │    │         └ <HookCaller 'pytest_cmdline_main'>
           │    └ <member '_hookexec' of 'HookCaller' objects>
           └ <HookCaller 'pytest_cmdline_main'>

  File "C:\ProgramData\Miniconda3\envs\py310\lib\site-packages\pluggy\_manager.py", line 120, in _hookexec
    return self._inner_hookexec(hook_name, methods, kwargs, firstresult)
           │    │               │          │        │       └ True
           │    │               │          │        └ {'config': <_pytest.config.Config object at 0x00000244F72976D0>}
           │    │               │          └ [<HookImpl plugin_name='main', plugin=<module '_pytest.main' from 'C:\\ProgramData\\Miniconda3\\envs\\py310\\lib\\site-packag...
           │    │               └ 'pytest_cmdline_main'
           │    └ <function _multicall at 0x00000244F6784B80>
           └ <_pytest.config.PytestPluginManager object at 0x00000244F6419150>

  File "C:\ProgramData\Miniconda3\envs\py310\lib\site-packages\pluggy\_callers.py", line 121, in _multicall
    res = hook_impl.function(*args)
          │         │         └ [<_pytest.config.Config object at 0x00000244F72976D0>]
          │         └ <member 'function' of 'HookImpl' objects>
          └ <HookImpl plugin_name='main', plugin=<module '_pytest.main' from 'C:\\ProgramData\\Miniconda3\\envs\\py310\\lib\\site-package...

  File "C:\ProgramData\Miniconda3\envs\py310\lib\site-packages\_pytest\main.py", line 365, in pytest_cmdline_main
    return wrap_session(config, _main)
           │            │       └ <function _main at 0x00000244F70AAB90>
           │            └ <_pytest.config.Config object at 0x00000244F72976D0>
           └ <function wrap_session at 0x00000244F70AAA70>

  File "C:\ProgramData\Miniconda3\envs\py310\lib\site-packages\_pytest\main.py", line 318, in wrap_session
    session.exitstatus = doit(config, session) or 0
    │       │            │    │       └ <Session  exitstatus=<ExitCode.OK: 0> testsfailed=0 testscollected=9>
    │       │            │    └ <_pytest.config.Config object at 0x00000244F72976D0>
    │       │            └ <function _main at 0x00000244F70AAB90>
    │       └ <ExitCode.OK: 0>
    └ <Session  exitstatus=<ExitCode.OK: 0> testsfailed=0 testscollected=9>

  File "C:\ProgramData\Miniconda3\envs\py310\lib\site-packages\_pytest\main.py", line 372, in _main
    config.hook.pytest_runtestloop(session=session)
    │      │    │                          └ <Session  exitstatus=<ExitCode.OK: 0> testsfailed=0 testscollected=9>
    │      │    └ <HookCaller 'pytest_runtestloop'>
    │      └ <_pytest.config.compat.PathAwareHookProxy object at 0x00000244F72D0D90>
    └ <_pytest.config.Config object at 0x00000244F72976D0>

  File "C:\ProgramData\Miniconda3\envs\py310\lib\site-packages\pluggy\_hooks.py", line 512, in __call__
    return self._hookexec(self.name, self._hookimpls.copy(), kwargs, firstresult)
           │    │         │    │     │    │                  │       └ True
           │    │         │    │     │    │                  └ {'session': <Session  exitstatus=<ExitCode.OK: 0> testsfailed=0 testscollected=9>}
           │    │         │    │     │    └ <member '_hookimpls' of 'HookCaller' objects>
           │    │         │    │     └ <HookCaller 'pytest_runtestloop'>
           │    │         │    └ <member 'name' of 'HookCaller' objects>
           │    │         └ <HookCaller 'pytest_runtestloop'>
           │    └ <member '_hookexec' of 'HookCaller' objects>
           └ <HookCaller 'pytest_runtestloop'>

  File "C:\ProgramData\Miniconda3\envs\py310\lib\site-packages\pluggy\_manager.py", line 120, in _hookexec
    return self._inner_hookexec(hook_name, methods, kwargs, firstresult)
           │    │               │          │        │       └ True
           │    │               │          │        └ {'session': <Session  exitstatus=<ExitCode.OK: 0> testsfailed=0 testscollected=9>}
           │    │               │          └ [<HookImpl plugin_name='main', plugin=<module '_pytest.main' from 'C:\\ProgramData\\Miniconda3\\envs\\py310\\lib\\site-packag...
           │    │               └ 'pytest_runtestloop'
           │    └ <function _multicall at 0x00000244F6784B80>
           └ <_pytest.config.PytestPluginManager object at 0x00000244F6419150>

  File "C:\ProgramData\Miniconda3\envs\py310\lib\site-packages\pluggy\_callers.py", line 121, in _multicall
    res = hook_impl.function(*args)
          │         │         └ [<Session  exitstatus=<ExitCode.OK: 0> testsfailed=0 testscollected=9>]
          │         └ <member 'function' of 'HookImpl' objects>
          └ <HookImpl plugin_name='main', plugin=<module '_pytest.main' from 'C:\\ProgramData\\Miniconda3\\envs\\py310\\lib\\site-package...

  File "C:\ProgramData\Miniconda3\envs\py310\lib\site-packages\_pytest\main.py", line 396, in pytest_runtestloop
    item.config.hook.pytest_runtest_protocol(item=item, nextitem=nextitem)
    │    │                                        │              └ None
    │    │                                        └ <Function test_get_market_list_with_provider_not_implemented_error>
    │    └ <member 'config' of 'Node' objects>
    └ <Function test_get_market_list_with_provider_not_implemented_error>

  File "C:\ProgramData\Miniconda3\envs\py310\lib\site-packages\pluggy\_hooks.py", line 512, in __call__
    return self._hookexec(self.name, self._hookimpls.copy(), kwargs, firstresult)
           │    │         │    │     │    │                  │       └ True
           │    │         │    │     │    │                  └ {'item': <Function test_get_market_list_with_provider_not_implemented_error>, 'nextitem': None}
           │    │         │    │     │    └ <member '_hookimpls' of 'HookCaller' objects>
           │    │         │    │     └ <HookCaller 'pytest_runtest_protocol'>
           │    │         │    └ <member 'name' of 'HookCaller' objects>
           │    │         └ <HookCaller 'pytest_runtest_protocol'>
           │    └ <member '_hookexec' of 'HookCaller' objects>
           └ <HookCaller 'pytest_runtest_protocol'>

  File "C:\ProgramData\Miniconda3\envs\py310\lib\site-packages\pluggy\_manager.py", line 120, in _hookexec
    return self._inner_hookexec(hook_name, methods, kwargs, firstresult)
           │    │               │          │        │       └ True
           │    │               │          │        └ {'item': <Function test_get_market_list_with_provider_not_implemented_error>, 'nextitem': None}
           │    │               │          └ [<HookImpl plugin_name='runner', plugin=<module '_pytest.runner' from 'C:\\ProgramData\\Miniconda3\\envs\\py310\\lib\\site-pa...
           │    │               └ 'pytest_runtest_protocol'
           │    └ <function _multicall at 0x00000244F6784B80>
           └ <_pytest.config.PytestPluginManager object at 0x00000244F6419150>

  File "C:\ProgramData\Miniconda3\envs\py310\lib\site-packages\pluggy\_callers.py", line 121, in _multicall
    res = hook_impl.function(*args)
          │         │         └ [<Function test_get_market_list_with_provider_not_implemented_error>, None]
          │         └ <member 'function' of 'HookImpl' objects>
          └ <HookImpl plugin_name='runner', plugin=<module '_pytest.runner' from 'C:\\ProgramData\\Miniconda3\\envs\\py310\\lib\\site-pac...

  File "C:\ProgramData\Miniconda3\envs\py310\lib\site-packages\_pytest\runner.py", line 118, in pytest_runtest_protocol
    runtestprotocol(item, nextitem=nextitem)
    │               │              └ None
    │               └ <Function test_get_market_list_with_provider_not_implemented_error>
    └ <function runtestprotocol at 0x00000244F70A9D80>

  File "C:\ProgramData\Miniconda3\envs\py310\lib\site-packages\_pytest\runner.py", line 137, in runtestprotocol
    reports.append(call_and_report(item, "call", log))
    │       │      │               │             └ True
    │       │      │               └ <Function test_get_market_list_with_provider_not_implemented_error>
    │       │      └ <function call_and_report at 0x00000244F70AA170>
    │       └ <method 'append' of 'list' objects>
    └ [<TestReport 'tests/Service/DataFetchService/test_data_fetch_service.py::test_get_market_list_with_provider_not_implemented_e...

  File "C:\ProgramData\Miniconda3\envs\py310\lib\site-packages\_pytest\runner.py", line 244, in call_and_report
    call = CallInfo.from_call(
           │        └ <classmethod(<function CallInfo.from_call at 0x00000244F70AA4D0>)>
           └ <class '_pytest.runner.CallInfo'>

  File "C:\ProgramData\Miniconda3\envs\py310\lib\site-packages\_pytest\runner.py", line 353, in from_call
    result: TResult | None = func()
            │                └ <function call_and_report.<locals>.<lambda> at 0x00000244972CEDD0>
            └ +TResult

  File "C:\ProgramData\Miniconda3\envs\py310\lib\site-packages\_pytest\runner.py", line 245, in <lambda>
    lambda: runtest_hook(item=item, **kwds),
            │                 │       └ {}
            │                 └ <Function test_get_market_list_with_provider_not_implemented_error>
            └ <HookCaller 'pytest_runtest_call'>

  File "C:\ProgramData\Miniconda3\envs\py310\lib\site-packages\pluggy\_hooks.py", line 512, in __call__
    return self._hookexec(self.name, self._hookimpls.copy(), kwargs, firstresult)
           │    │         │    │     │    │                  │       └ False
           │    │         │    │     │    │                  └ {'item': <Function test_get_market_list_with_provider_not_implemented_error>}
           │    │         │    │     │    └ <member '_hookimpls' of 'HookCaller' objects>
           │    │         │    │     └ <HookCaller 'pytest_runtest_call'>
           │    │         │    └ <member 'name' of 'HookCaller' objects>
           │    │         └ <HookCaller 'pytest_runtest_call'>
           │    └ <member '_hookexec' of 'HookCaller' objects>
           └ <HookCaller 'pytest_runtest_call'>

  File "C:\ProgramData\Miniconda3\envs\py310\lib\site-packages\pluggy\_manager.py", line 120, in _hookexec
    return self._inner_hookexec(hook_name, methods, kwargs, firstresult)
           │    │               │          │        │       └ False
           │    │               │          │        └ {'item': <Function test_get_market_list_with_provider_not_implemented_error>}
           │    │               │          └ [<HookImpl plugin_name='threadexception', plugin=<module '_pytest.threadexception' from 'C:\\ProgramData\\Miniconda3\\envs\\p...
           │    │               └ 'pytest_runtest_call'
           │    └ <function _multicall at 0x00000244F6784B80>
           └ <_pytest.config.PytestPluginManager object at 0x00000244F6419150>

  File "C:\ProgramData\Miniconda3\envs\py310\lib\site-packages\pluggy\_callers.py", line 121, in _multicall
    res = hook_impl.function(*args)
          │         │         └ [<Function test_get_market_list_with_provider_not_implemented_error>]
          │         └ <member 'function' of 'HookImpl' objects>
          └ <HookImpl plugin_name='runner', plugin=<module '_pytest.runner' from 'C:\\ProgramData\\Miniconda3\\envs\\py310\\lib\\site-pac...

  File "C:\ProgramData\Miniconda3\envs\py310\lib\site-packages\_pytest\runner.py", line 179, in pytest_runtest_call
    item.runtest()
    │    └ <function Function.runtest at 0x00000244F71DADD0>
    └ <Function test_get_market_list_with_provider_not_implemented_error>

  File "C:\ProgramData\Miniconda3\envs\py310\lib\site-packages\_pytest\python.py", line 1720, in runtest
    self.ihook.pytest_pyfunc_call(pyfuncitem=self)
    │    │                                   └ <Function test_get_market_list_with_provider_not_implemented_error>
    │    └ <property object at 0x00000244F70260C0>
    └ <Function test_get_market_list_with_provider_not_implemented_error>

  File "C:\ProgramData\Miniconda3\envs\py310\lib\site-packages\pluggy\_hooks.py", line 512, in __call__
    return self._hookexec(self.name, self._hookimpls.copy(), kwargs, firstresult)
           │    │         │    │     │    │                  │       └ True
           │    │         │    │     │    │                  └ {'pyfuncitem': <Function test_get_market_list_with_provider_not_implemented_error>}
           │    │         │    │     │    └ <member '_hookimpls' of 'HookCaller' objects>
           │    │         │    │     └ <HookCaller 'pytest_pyfunc_call'>
           │    │         │    └ <member 'name' of 'HookCaller' objects>
           │    │         └ <HookCaller 'pytest_pyfunc_call'>
           │    └ <member '_hookexec' of 'HookCaller' objects>
           └ <HookCaller 'pytest_pyfunc_call'>

  File "C:\ProgramData\Miniconda3\envs\py310\lib\site-packages\pluggy\_manager.py", line 120, in _hookexec
    return self._inner_hookexec(hook_name, methods, kwargs, firstresult)
           │    │               │          │        │       └ True
           │    │               │          │        └ {'pyfuncitem': <Function test_get_market_list_with_provider_not_implemented_error>}
           │    │               │          └ [<HookImpl plugin_name='python', plugin=<module '_pytest.python' from 'C:\\ProgramData\\Miniconda3\\envs\\py310\\lib\\site-pa...
           │    │               └ 'pytest_pyfunc_call'
           │    └ <function _multicall at 0x00000244F6784B80>
           └ <_pytest.config.PytestPluginManager object at 0x00000244F6419150>

  File "C:\ProgramData\Miniconda3\envs\py310\lib\site-packages\pluggy\_callers.py", line 121, in _multicall
    res = hook_impl.function(*args)
          │         │         └ [<Function test_get_market_list_with_provider_not_implemented_error>]
          │         └ <member 'function' of 'HookImpl' objects>
          └ <HookImpl plugin_name='python', plugin=<module '_pytest.python' from 'C:\\ProgramData\\Miniconda3\\envs\\py310\\lib\\site-pac...

  File "C:\ProgramData\Miniconda3\envs\py310\lib\site-packages\_pytest\python.py", line 166, in pytest_pyfunc_call
    result = testfunction(**testargs)
             │              └ {'data_fetch_service': <candle_data_manager.Service.DataFetchService.DataFetchService.DataFetchService object at 0x0000024497...
             └ <function test_get_market_list_with_provider_not_implemented_error at 0x00000244972CD870>

  File "C:\Projects\CandleDataManager\tests\Service\DataFetchService\test_data_fetch_service.py", line 159, in test_get_market_list_with_provider_not_implemented_error
    data_fetch_service.get_market_list("CRYPTO", "UNKNOWN", "SPOT")
    │                  └ <function DataFetchService.get_market_list at 0x00000244972CD480>
    └ <candle_data_manager.Service.DataFetchService.DataFetchService.DataFetchService object at 0x00000244974B1BD0>

> File "C:\ProgramData\Miniconda3\envs\py310\lib\site-packages\simple_logger\logger.py", line 202, in sync_wrapper
    result = func(*args, **kwargs)
             │     │       └ {}
             │     └ (<candle_data_manager.Service.DataFetchService.DataFetchService.DataFetchService object at 0x00000244974B1BD0>, 'CRYPTO', 'UN...
             └ <function DataFetchService.get_market_list at 0x00000244972CD3F0>

  File "C:\Projects\CandleDataManager\src\candle_data_manager\Service\DataFetchService\DataFetchService.py", line 52, in get_market_list
    provider = self._provider_registry.get_provider(temp_symbol)
               │    │                               └ <candle_data_manager.Core.Models.Symbol.Symbol object at 0x00000244974B13C0>
               │    └ <Mock spec='ProviderRegistry' id='2493619312464'>
               └ <candle_data_manager.Service.DataFetchService.DataFetchService.DataFetchService object at 0x00000244974B1BD0>

  File "C:\ProgramData\Miniconda3\envs\py310\lib\unittest\mock.py", line 1114, in __call__
    return self._mock_call(*args, **kwargs)
           │    │           │       └ {}
           │    │           └ (<candle_data_manager.Core.Models.Symbol.Symbol object at 0x00000244974B13C0>,)
           │    └ <function CallableMixin._mock_call at 0x00000244F9395090>
           └ <Mock name='mock.get_provider' id='2493619312848'>

  File "C:\ProgramData\Miniconda3\envs\py310\lib\unittest\mock.py", line 1118, in _mock_call
    return self._execute_mock_call(*args, **kwargs)
           │    │                   │       └ {}
           │    │                   └ (<candle_data_manager.Core.Models.Symbol.Symbol object at 0x00000244974B13C0>,)
           │    └ <function CallableMixin._execute_mock_call at 0x00000244F93951B0>
           └ <Mock name='mock.get_provider' id='2493619312848'>

  File "C:\ProgramData\Miniconda3\envs\py310\lib\unittest\mock.py", line 1173, in _execute_mock_call
    raise effect
          └ ProviderNotImplementedError("Provider for exchange 'CRYPTO-UNKNOWN-SPOT' is not implemented")

candle_data_manager.Particles.ProviderNotImplementedError.ProviderNotImplementedError: Provider for exchange 'CRYPTO-UNKNOWN-SPOT' is not implemented
