[26-01-20 18:42:00] [INFO    ] [DataAcquisitionPlugin|DataAcquisitionPlugin.__init__] 초기화 시작 params={'args': (<Mock spec='DataFetchService' id='2779343996432'>, <Mock spec='DataSaveService' id='2779344000416'>)}
[26-01-20 18:42:00] [INFO    ] [DataAcquisitionPlugin|DataAcquisitionPlugin.__init__] 초기화 완료
[26-01-20 18:42:00] [INFO    ] [DataAcquisitionPlugin|DataAcquisitionPlugin.acquire_and_save] 시작 params={'args': (<candle_data_manager.Core.Models.Symbol.Symbol object at 0x000002871DCFCD60>, 1609459200, 1609545600)}
[26-01-20 18:42:00] [INFO    ] [DataAcquisitionPlugin|DataAcquisitionPlugin.acquire_and_save] 종료 result=None
[26-01-20 18:42:00] [INFO    ] [DataAcquisitionPlugin|DataAcquisitionPlugin.__init__] 초기화 시작 params={'args': (<Mock spec='DataFetchService' id='2779344291488'>, <Mock spec='DataSaveService' id='2779344290672'>)}
[26-01-20 18:42:00] [INFO    ] [DataAcquisitionPlugin|DataAcquisitionPlugin.__init__] 초기화 완료
[26-01-20 18:42:00] [INFO    ] [DataAcquisitionPlugin|DataAcquisitionPlugin.acquire_and_save] 시작 params={'args': (<candle_data_manager.Core.Models.Symbol.Symbol object at 0x000002871DD449A0>, 1609459200, 1609545600)}
[26-01-20 18:42:00] [INFO    ] [DataAcquisitionPlugin|DataAcquisitionPlugin.acquire_and_save] 종료 result=None
[26-01-20 18:42:00] [INFO    ] [DataAcquisitionPlugin|DataAcquisitionPlugin.__init__] 초기화 시작 params={'args': (<Mock spec='DataFetchService' id='2779344292928'>, <Mock spec='DataSaveService' id='2779344292880'>)}
[26-01-20 18:42:00] [INFO    ] [DataAcquisitionPlugin|DataAcquisitionPlugin.__init__] 초기화 완료
[26-01-20 18:42:00] [INFO    ] [DataAcquisitionPlugin|DataAcquisitionPlugin.acquire_and_save] 시작 params={'args': (<candle_data_manager.Core.Models.Symbol.Symbol object at 0x000002871DD44E50>, 1609459200, 1609545600)}
[26-01-20 18:42:00] [ERROR   ] [DataAcquisitionPlugin|DataAcquisitionPlugin.acquire_and_save] 오류 발생
Traceback (most recent call last):

  File "C:\ProgramData\Miniconda3\envs\py310\lib\runpy.py", line 196, in _run_module_as_main
    return _run_code(code, main_globals, None,
           │         │     └ {'__name__': '__main__', '__doc__': 'The pytest entry point.', '__package__': 'pytest', '__loader__': <_frozen_importlib_exte...
           │         └ <code object <module> at 0x000002877D669B00, file "C:\ProgramData\Miniconda3\envs\py310\lib\site-packages\pytest\__main__.py"...
           └ <function _run_code at 0x000002877D665240>

  File "C:\ProgramData\Miniconda3\envs\py310\lib\runpy.py", line 86, in _run_code
    exec(code, run_globals)
         │     └ {'__name__': '__main__', '__doc__': 'The pytest entry point.', '__package__': 'pytest', '__loader__': <_frozen_importlib_exte...
         └ <code object <module> at 0x000002877D669B00, file "C:\ProgramData\Miniconda3\envs\py310\lib\site-packages\pytest\__main__.py"...

  File "C:\ProgramData\Miniconda3\envs\py310\lib\site-packages\pytest\__main__.py", line 9, in <module>
    raise SystemExit(pytest.console_main())
                     │      └ <function console_main at 0x000002877E2577F0>
                     └ <module 'pytest' from 'C:\\ProgramData\\Miniconda3\\envs\\py310\\lib\\site-packages\\pytest\\__init__.py'>

  File "C:\ProgramData\Miniconda3\envs\py310\lib\site-packages\_pytest\config\__init__.py", line 221, in console_main
    code = main()
           └ <function main at 0x000002877E257760>

  File "C:\ProgramData\Miniconda3\envs\py310\lib\site-packages\_pytest\config\__init__.py", line 197, in main
    ret: ExitCode | int = config.hook.pytest_cmdline_main(config=config)
         │                │      │    │                          └ <_pytest.config.Config object at 0x000002877E4F76D0>
         │                │      │    └ <HookCaller 'pytest_cmdline_main'>
         │                │      └ <_pytest.config.compat.PathAwareHookProxy object at 0x000002877E530D90>
         │                └ <_pytest.config.Config object at 0x000002877E4F76D0>
         └ <enum 'ExitCode'>

  File "C:\ProgramData\Miniconda3\envs\py310\lib\site-packages\pluggy\_hooks.py", line 512, in __call__
    return self._hookexec(self.name, self._hookimpls.copy(), kwargs, firstresult)
           │    │         │    │     │    │                  │       └ True
           │    │         │    │     │    │                  └ {'config': <_pytest.config.Config object at 0x000002877E4F76D0>}
           │    │         │    │     │    └ <member '_hookimpls' of 'HookCaller' objects>
           │    │         │    │     └ <HookCaller 'pytest_cmdline_main'>
           │    │         │    └ <member 'name' of 'HookCaller' objects>
           │    │         └ <HookCaller 'pytest_cmdline_main'>
           │    └ <member '_hookexec' of 'HookCaller' objects>
           └ <HookCaller 'pytest_cmdline_main'>

  File "C:\ProgramData\Miniconda3\envs\py310\lib\site-packages\pluggy\_manager.py", line 120, in _hookexec
    return self._inner_hookexec(hook_name, methods, kwargs, firstresult)
           │    │               │          │        │       └ True
           │    │               │          │        └ {'config': <_pytest.config.Config object at 0x000002877E4F76D0>}
           │    │               │          └ [<HookImpl plugin_name='main', plugin=<module '_pytest.main' from 'C:\\ProgramData\\Miniconda3\\envs\\py310\\lib\\site-packag...
           │    │               └ 'pytest_cmdline_main'
           │    └ <function _multicall at 0x000002877D9C4B80>
           └ <_pytest.config.PytestPluginManager object at 0x000002877D659150>

  File "C:\ProgramData\Miniconda3\envs\py310\lib\site-packages\pluggy\_callers.py", line 121, in _multicall
    res = hook_impl.function(*args)
          │         │         └ [<_pytest.config.Config object at 0x000002877E4F76D0>]
          │         └ <member 'function' of 'HookImpl' objects>
          └ <HookImpl plugin_name='main', plugin=<module '_pytest.main' from 'C:\\ProgramData\\Miniconda3\\envs\\py310\\lib\\site-package...

  File "C:\ProgramData\Miniconda3\envs\py310\lib\site-packages\_pytest\main.py", line 365, in pytest_cmdline_main
    return wrap_session(config, _main)
           │            │       └ <function _main at 0x000002877E30AB90>
           │            └ <_pytest.config.Config object at 0x000002877E4F76D0>
           └ <function wrap_session at 0x000002877E30AA70>

  File "C:\ProgramData\Miniconda3\envs\py310\lib\site-packages\_pytest\main.py", line 318, in wrap_session
    session.exitstatus = doit(config, session) or 0
    │       │            │    │       └ <Session  exitstatus=<ExitCode.OK: 0> testsfailed=0 testscollected=26>
    │       │            │    └ <_pytest.config.Config object at 0x000002877E4F76D0>
    │       │            └ <function _main at 0x000002877E30AB90>
    │       └ <ExitCode.OK: 0>
    └ <Session  exitstatus=<ExitCode.OK: 0> testsfailed=0 testscollected=26>

  File "C:\ProgramData\Miniconda3\envs\py310\lib\site-packages\_pytest\main.py", line 372, in _main
    config.hook.pytest_runtestloop(session=session)
    │      │    │                          └ <Session  exitstatus=<ExitCode.OK: 0> testsfailed=0 testscollected=26>
    │      │    └ <HookCaller 'pytest_runtestloop'>
    │      └ <_pytest.config.compat.PathAwareHookProxy object at 0x000002877E530D90>
    └ <_pytest.config.Config object at 0x000002877E4F76D0>

  File "C:\ProgramData\Miniconda3\envs\py310\lib\site-packages\pluggy\_hooks.py", line 512, in __call__
    return self._hookexec(self.name, self._hookimpls.copy(), kwargs, firstresult)
           │    │         │    │     │    │                  │       └ True
           │    │         │    │     │    │                  └ {'session': <Session  exitstatus=<ExitCode.OK: 0> testsfailed=0 testscollected=26>}
           │    │         │    │     │    └ <member '_hookimpls' of 'HookCaller' objects>
           │    │         │    │     └ <HookCaller 'pytest_runtestloop'>
           │    │         │    └ <member 'name' of 'HookCaller' objects>
           │    │         └ <HookCaller 'pytest_runtestloop'>
           │    └ <member '_hookexec' of 'HookCaller' objects>
           └ <HookCaller 'pytest_runtestloop'>

  File "C:\ProgramData\Miniconda3\envs\py310\lib\site-packages\pluggy\_manager.py", line 120, in _hookexec
    return self._inner_hookexec(hook_name, methods, kwargs, firstresult)
           │    │               │          │        │       └ True
           │    │               │          │        └ {'session': <Session  exitstatus=<ExitCode.OK: 0> testsfailed=0 testscollected=26>}
           │    │               │          └ [<HookImpl plugin_name='main', plugin=<module '_pytest.main' from 'C:\\ProgramData\\Miniconda3\\envs\\py310\\lib\\site-packag...
           │    │               └ 'pytest_runtestloop'
           │    └ <function _multicall at 0x000002877D9C4B80>
           └ <_pytest.config.PytestPluginManager object at 0x000002877D659150>

  File "C:\ProgramData\Miniconda3\envs\py310\lib\site-packages\pluggy\_callers.py", line 121, in _multicall
    res = hook_impl.function(*args)
          │         │         └ [<Session  exitstatus=<ExitCode.OK: 0> testsfailed=0 testscollected=26>]
          │         └ <member 'function' of 'HookImpl' objects>
          └ <HookImpl plugin_name='main', plugin=<module '_pytest.main' from 'C:\\ProgramData\\Miniconda3\\envs\\py310\\lib\\site-package...

  File "C:\ProgramData\Miniconda3\envs\py310\lib\site-packages\_pytest\main.py", line 396, in pytest_runtestloop
    item.config.hook.pytest_runtest_protocol(item=item, nextitem=nextitem)
    │    │                                        │              └ <Function test_acquire_and_save_propagates_save_error>
    │    │                                        └ <Function test_acquire_and_save_propagates_fetch_error>
    │    └ <member 'config' of 'Node' objects>
    └ <Function test_acquire_and_save_propagates_fetch_error>

  File "C:\ProgramData\Miniconda3\envs\py310\lib\site-packages\pluggy\_hooks.py", line 512, in __call__
    return self._hookexec(self.name, self._hookimpls.copy(), kwargs, firstresult)
           │    │         │    │     │    │                  │       └ True
           │    │         │    │     │    │                  └ {'item': <Function test_acquire_and_save_propagates_fetch_error>, 'nextitem': <Function test_acquire_and_save_propagates_save...
           │    │         │    │     │    └ <member '_hookimpls' of 'HookCaller' objects>
           │    │         │    │     └ <HookCaller 'pytest_runtest_protocol'>
           │    │         │    └ <member 'name' of 'HookCaller' objects>
           │    │         └ <HookCaller 'pytest_runtest_protocol'>
           │    └ <member '_hookexec' of 'HookCaller' objects>
           └ <HookCaller 'pytest_runtest_protocol'>

  File "C:\ProgramData\Miniconda3\envs\py310\lib\site-packages\pluggy\_manager.py", line 120, in _hookexec
    return self._inner_hookexec(hook_name, methods, kwargs, firstresult)
           │    │               │          │        │       └ True
           │    │               │          │        └ {'item': <Function test_acquire_and_save_propagates_fetch_error>, 'nextitem': <Function test_acquire_and_save_propagates_save...
           │    │               │          └ [<HookImpl plugin_name='runner', plugin=<module '_pytest.runner' from 'C:\\ProgramData\\Miniconda3\\envs\\py310\\lib\\site-pa...
           │    │               └ 'pytest_runtest_protocol'
           │    └ <function _multicall at 0x000002877D9C4B80>
           └ <_pytest.config.PytestPluginManager object at 0x000002877D659150>

  File "C:\ProgramData\Miniconda3\envs\py310\lib\site-packages\pluggy\_callers.py", line 121, in _multicall
    res = hook_impl.function(*args)
          │         │         └ [<Function test_acquire_and_save_propagates_fetch_error>, <Function test_acquire_and_save_propagates_save_error>]
          │         └ <member 'function' of 'HookImpl' objects>
          └ <HookImpl plugin_name='runner', plugin=<module '_pytest.runner' from 'C:\\ProgramData\\Miniconda3\\envs\\py310\\lib\\site-pac...

  File "C:\ProgramData\Miniconda3\envs\py310\lib\site-packages\_pytest\runner.py", line 118, in pytest_runtest_protocol
    runtestprotocol(item, nextitem=nextitem)
    │               │              └ <Function test_acquire_and_save_propagates_save_error>
    │               └ <Function test_acquire_and_save_propagates_fetch_error>
    └ <function runtestprotocol at 0x000002877E309D80>

  File "C:\ProgramData\Miniconda3\envs\py310\lib\site-packages\_pytest\runner.py", line 137, in runtestprotocol
    reports.append(call_and_report(item, "call", log))
    │       │      │               │             └ True
    │       │      │               └ <Function test_acquire_and_save_propagates_fetch_error>
    │       │      └ <function call_and_report at 0x000002877E30A170>
    │       └ <method 'append' of 'list' objects>
    └ [<TestReport 'tests/Plugin/DataAcquisitionPlugin/test_data_acquisition_plugin.py::test_acquire_and_save_propagates_fetch_erro...

  File "C:\ProgramData\Miniconda3\envs\py310\lib\site-packages\_pytest\runner.py", line 244, in call_and_report
    call = CallInfo.from_call(
           │        └ <classmethod(<function CallInfo.from_call at 0x000002877E30A4D0>)>
           └ <class '_pytest.runner.CallInfo'>

  File "C:\ProgramData\Miniconda3\envs\py310\lib\site-packages\_pytest\runner.py", line 353, in from_call
    result: TResult | None = func()
            │                └ <function call_and_report.<locals>.<lambda> at 0x000002877F174A60>
            └ +TResult

  File "C:\ProgramData\Miniconda3\envs\py310\lib\site-packages\_pytest\runner.py", line 245, in <lambda>
    lambda: runtest_hook(item=item, **kwds),
            │                 │       └ {}
            │                 └ <Function test_acquire_and_save_propagates_fetch_error>
            └ <HookCaller 'pytest_runtest_call'>

  File "C:\ProgramData\Miniconda3\envs\py310\lib\site-packages\pluggy\_hooks.py", line 512, in __call__
    return self._hookexec(self.name, self._hookimpls.copy(), kwargs, firstresult)
           │    │         │    │     │    │                  │       └ False
           │    │         │    │     │    │                  └ {'item': <Function test_acquire_and_save_propagates_fetch_error>}
           │    │         │    │     │    └ <member '_hookimpls' of 'HookCaller' objects>
           │    │         │    │     └ <HookCaller 'pytest_runtest_call'>
           │    │         │    └ <member 'name' of 'HookCaller' objects>
           │    │         └ <HookCaller 'pytest_runtest_call'>
           │    └ <member '_hookexec' of 'HookCaller' objects>
           └ <HookCaller 'pytest_runtest_call'>

  File "C:\ProgramData\Miniconda3\envs\py310\lib\site-packages\pluggy\_manager.py", line 120, in _hookexec
    return self._inner_hookexec(hook_name, methods, kwargs, firstresult)
           │    │               │          │        │       └ False
           │    │               │          │        └ {'item': <Function test_acquire_and_save_propagates_fetch_error>}
           │    │               │          └ [<HookImpl plugin_name='threadexception', plugin=<module '_pytest.threadexception' from 'C:\\ProgramData\\Miniconda3\\envs\\p...
           │    │               └ 'pytest_runtest_call'
           │    └ <function _multicall at 0x000002877D9C4B80>
           └ <_pytest.config.PytestPluginManager object at 0x000002877D659150>

  File "C:\ProgramData\Miniconda3\envs\py310\lib\site-packages\pluggy\_callers.py", line 121, in _multicall
    res = hook_impl.function(*args)
          │         │         └ [<Function test_acquire_and_save_propagates_fetch_error>]
          │         └ <member 'function' of 'HookImpl' objects>
          └ <HookImpl plugin_name='runner', plugin=<module '_pytest.runner' from 'C:\\ProgramData\\Miniconda3\\envs\\py310\\lib\\site-pac...

  File "C:\ProgramData\Miniconda3\envs\py310\lib\site-packages\_pytest\runner.py", line 179, in pytest_runtest_call
    item.runtest()
    │    └ <function Function.runtest at 0x000002877E43ADD0>
    └ <Function test_acquire_and_save_propagates_fetch_error>

  File "C:\ProgramData\Miniconda3\envs\py310\lib\site-packages\_pytest\python.py", line 1720, in runtest
    self.ihook.pytest_pyfunc_call(pyfuncitem=self)
    │    │                                   └ <Function test_acquire_and_save_propagates_fetch_error>
    │    └ <property object at 0x000002877E2860C0>
    └ <Function test_acquire_and_save_propagates_fetch_error>

  File "C:\ProgramData\Miniconda3\envs\py310\lib\site-packages\pluggy\_hooks.py", line 512, in __call__
    return self._hookexec(self.name, self._hookimpls.copy(), kwargs, firstresult)
           │    │         │    │     │    │                  │       └ True
           │    │         │    │     │    │                  └ {'pyfuncitem': <Function test_acquire_and_save_propagates_fetch_error>}
           │    │         │    │     │    └ <member '_hookimpls' of 'HookCaller' objects>
           │    │         │    │     └ <HookCaller 'pytest_pyfunc_call'>
           │    │         │    └ <member 'name' of 'HookCaller' objects>
           │    │         └ <HookCaller 'pytest_pyfunc_call'>
           │    └ <member '_hookexec' of 'HookCaller' objects>
           └ <HookCaller 'pytest_pyfunc_call'>

  File "C:\ProgramData\Miniconda3\envs\py310\lib\site-packages\pluggy\_manager.py", line 120, in _hookexec
    return self._inner_hookexec(hook_name, methods, kwargs, firstresult)
           │    │               │          │        │       └ True
           │    │               │          │        └ {'pyfuncitem': <Function test_acquire_and_save_propagates_fetch_error>}
           │    │               │          └ [<HookImpl plugin_name='python', plugin=<module '_pytest.python' from 'C:\\ProgramData\\Miniconda3\\envs\\py310\\lib\\site-pa...
           │    │               └ 'pytest_pyfunc_call'
           │    └ <function _multicall at 0x000002877D9C4B80>
           └ <_pytest.config.PytestPluginManager object at 0x000002877D659150>

  File "C:\ProgramData\Miniconda3\envs\py310\lib\site-packages\pluggy\_callers.py", line 121, in _multicall
    res = hook_impl.function(*args)
          │         │         └ [<Function test_acquire_and_save_propagates_fetch_error>]
          │         └ <member 'function' of 'HookImpl' objects>
          └ <HookImpl plugin_name='python', plugin=<module '_pytest.python' from 'C:\\ProgramData\\Miniconda3\\envs\\py310\\lib\\site-pac...

  File "C:\ProgramData\Miniconda3\envs\py310\lib\site-packages\_pytest\python.py", line 166, in pytest_pyfunc_call
    result = testfunction(**testargs)
             │              └ {'data_acquisition_plugin': <candle_data_manager.Plugin.DataAcquisitionPlugin.DataAcquisitionPlugin.DataAcquisitionPlugin obj...
             └ <function test_acquire_and_save_propagates_fetch_error at 0x000002871BF01FC0>

  File "C:\Projects\CandleDataManager\tests\Plugin\DataAcquisitionPlugin\test_data_acquisition_plugin.py", line 77, in test_acquire_and_save_propagates_fetch_error
    data_acquisition_plugin.acquire_and_save(sample_symbol, start_at, end_at)
    │                       │                │              │         └ 1609545600
    │                       │                │              └ 1609459200
    │                       │                └ <candle_data_manager.Core.Models.Symbol.Symbol object at 0x000002871DD44E50>
    │                       └ <function DataAcquisitionPlugin.acquire_and_save at 0x000002871BF01EA0>
    └ <candle_data_manager.Plugin.DataAcquisitionPlugin.DataAcquisitionPlugin.DataAcquisitionPlugin object at 0x000002871DD44940>

> File "C:\ProgramData\Miniconda3\envs\py310\lib\site-packages\simple_logger\logger.py", line 202, in sync_wrapper
    result = func(*args, **kwargs)
             │     │       └ {}
             │     └ (<candle_data_manager.Plugin.DataAcquisitionPlugin.DataAcquisitionPlugin.DataAcquisitionPlugin object at 0x000002871DD44940>,...
             └ <function DataAcquisitionPlugin.acquire_and_save at 0x000002871BF01E10>

  File "C:\Projects\CandleDataManager\src\candle_data_manager\Plugin\DataAcquisitionPlugin\DataAcquisitionPlugin.py", line 17, in acquire_and_save
    data = self._fetch_service.fetch(symbol, start_at, end_at)
           │    │                    │       │         └ 1609545600
           │    │                    │       └ 1609459200
           │    │                    └ <candle_data_manager.Core.Models.Symbol.Symbol object at 0x000002871DD44E50>
           │    └ <Mock spec='DataFetchService' id='2779344292928'>
           └ <candle_data_manager.Plugin.DataAcquisitionPlugin.DataAcquisitionPlugin.DataAcquisitionPlugin object at 0x000002871DD44940>

  File "C:\ProgramData\Miniconda3\envs\py310\lib\unittest\mock.py", line 1114, in __call__
    return self._mock_call(*args, **kwargs)
           │    │           │       └ {}
           │    │           └ (<candle_data_manager.Core.Models.Symbol.Symbol object at 0x000002871DD44E50>, 1609459200, 1609545600)
           │    └ <function CallableMixin._mock_call at 0x000002877F1DCCA0>
           └ <Mock name='mock.fetch' id='2779344293120'>

  File "C:\ProgramData\Miniconda3\envs\py310\lib\unittest\mock.py", line 1118, in _mock_call
    return self._execute_mock_call(*args, **kwargs)
           │    │                   │       └ {}
           │    │                   └ (<candle_data_manager.Core.Models.Symbol.Symbol object at 0x000002871DD44E50>, 1609459200, 1609545600)
           │    └ <function CallableMixin._execute_mock_call at 0x000002877F1DCDC0>
           └ <Mock name='mock.fetch' id='2779344293120'>

  File "C:\ProgramData\Miniconda3\envs\py310\lib\unittest\mock.py", line 1173, in _execute_mock_call
    raise effect
          └ Exception('Network error')

Exception: Network error
[26-01-20 18:42:00] [INFO    ] [DataAcquisitionPlugin|DataAcquisitionPlugin.__init__] 초기화 시작 params={'args': (<Mock spec='DataFetchService' id='2779343644768'>, <Mock spec='DataSaveService' id='2779343644288'>)}
[26-01-20 18:42:00] [INFO    ] [DataAcquisitionPlugin|DataAcquisitionPlugin.__init__] 초기화 완료
[26-01-20 18:42:00] [INFO    ] [DataAcquisitionPlugin|DataAcquisitionPlugin.acquire_and_save] 시작 params={'args': (<candle_data_manager.Core.Models.Symbol.Symbol object at 0x000002871DD44FD0>, 1609459200, 1609545600)}
[26-01-20 18:42:00] [ERROR   ] [DataAcquisitionPlugin|DataAcquisitionPlugin.acquire_and_save] 오류 발생
Traceback (most recent call last):

  File "C:\ProgramData\Miniconda3\envs\py310\lib\runpy.py", line 196, in _run_module_as_main
    return _run_code(code, main_globals, None,
           │         │     └ {'__name__': '__main__', '__doc__': 'The pytest entry point.', '__package__': 'pytest', '__loader__': <_frozen_importlib_exte...
           │         └ <code object <module> at 0x000002877D669B00, file "C:\ProgramData\Miniconda3\envs\py310\lib\site-packages\pytest\__main__.py"...
           └ <function _run_code at 0x000002877D665240>

  File "C:\ProgramData\Miniconda3\envs\py310\lib\runpy.py", line 86, in _run_code
    exec(code, run_globals)
         │     └ {'__name__': '__main__', '__doc__': 'The pytest entry point.', '__package__': 'pytest', '__loader__': <_frozen_importlib_exte...
         └ <code object <module> at 0x000002877D669B00, file "C:\ProgramData\Miniconda3\envs\py310\lib\site-packages\pytest\__main__.py"...

  File "C:\ProgramData\Miniconda3\envs\py310\lib\site-packages\pytest\__main__.py", line 9, in <module>
    raise SystemExit(pytest.console_main())
                     │      └ <function console_main at 0x000002877E2577F0>
                     └ <module 'pytest' from 'C:\\ProgramData\\Miniconda3\\envs\\py310\\lib\\site-packages\\pytest\\__init__.py'>

  File "C:\ProgramData\Miniconda3\envs\py310\lib\site-packages\_pytest\config\__init__.py", line 221, in console_main
    code = main()
           └ <function main at 0x000002877E257760>

  File "C:\ProgramData\Miniconda3\envs\py310\lib\site-packages\_pytest\config\__init__.py", line 197, in main
    ret: ExitCode | int = config.hook.pytest_cmdline_main(config=config)
         │                │      │    │                          └ <_pytest.config.Config object at 0x000002877E4F76D0>
         │                │      │    └ <HookCaller 'pytest_cmdline_main'>
         │                │      └ <_pytest.config.compat.PathAwareHookProxy object at 0x000002877E530D90>
         │                └ <_pytest.config.Config object at 0x000002877E4F76D0>
         └ <enum 'ExitCode'>

  File "C:\ProgramData\Miniconda3\envs\py310\lib\site-packages\pluggy\_hooks.py", line 512, in __call__
    return self._hookexec(self.name, self._hookimpls.copy(), kwargs, firstresult)
           │    │         │    │     │    │                  │       └ True
           │    │         │    │     │    │                  └ {'config': <_pytest.config.Config object at 0x000002877E4F76D0>}
           │    │         │    │     │    └ <member '_hookimpls' of 'HookCaller' objects>
           │    │         │    │     └ <HookCaller 'pytest_cmdline_main'>
           │    │         │    └ <member 'name' of 'HookCaller' objects>
           │    │         └ <HookCaller 'pytest_cmdline_main'>
           │    └ <member '_hookexec' of 'HookCaller' objects>
           └ <HookCaller 'pytest_cmdline_main'>

  File "C:\ProgramData\Miniconda3\envs\py310\lib\site-packages\pluggy\_manager.py", line 120, in _hookexec
    return self._inner_hookexec(hook_name, methods, kwargs, firstresult)
           │    │               │          │        │       └ True
           │    │               │          │        └ {'config': <_pytest.config.Config object at 0x000002877E4F76D0>}
           │    │               │          └ [<HookImpl plugin_name='main', plugin=<module '_pytest.main' from 'C:\\ProgramData\\Miniconda3\\envs\\py310\\lib\\site-packag...
           │    │               └ 'pytest_cmdline_main'
           │    └ <function _multicall at 0x000002877D9C4B80>
           └ <_pytest.config.PytestPluginManager object at 0x000002877D659150>

  File "C:\ProgramData\Miniconda3\envs\py310\lib\site-packages\pluggy\_callers.py", line 121, in _multicall
    res = hook_impl.function(*args)
          │         │         └ [<_pytest.config.Config object at 0x000002877E4F76D0>]
          │         └ <member 'function' of 'HookImpl' objects>
          └ <HookImpl plugin_name='main', plugin=<module '_pytest.main' from 'C:\\ProgramData\\Miniconda3\\envs\\py310\\lib\\site-package...

  File "C:\ProgramData\Miniconda3\envs\py310\lib\site-packages\_pytest\main.py", line 365, in pytest_cmdline_main
    return wrap_session(config, _main)
           │            │       └ <function _main at 0x000002877E30AB90>
           │            └ <_pytest.config.Config object at 0x000002877E4F76D0>
           └ <function wrap_session at 0x000002877E30AA70>

  File "C:\ProgramData\Miniconda3\envs\py310\lib\site-packages\_pytest\main.py", line 318, in wrap_session
    session.exitstatus = doit(config, session) or 0
    │       │            │    │       └ <Session  exitstatus=<ExitCode.OK: 0> testsfailed=0 testscollected=26>
    │       │            │    └ <_pytest.config.Config object at 0x000002877E4F76D0>
    │       │            └ <function _main at 0x000002877E30AB90>
    │       └ <ExitCode.OK: 0>
    └ <Session  exitstatus=<ExitCode.OK: 0> testsfailed=0 testscollected=26>

  File "C:\ProgramData\Miniconda3\envs\py310\lib\site-packages\_pytest\main.py", line 372, in _main
    config.hook.pytest_runtestloop(session=session)
    │      │    │                          └ <Session  exitstatus=<ExitCode.OK: 0> testsfailed=0 testscollected=26>
    │      │    └ <HookCaller 'pytest_runtestloop'>
    │      └ <_pytest.config.compat.PathAwareHookProxy object at 0x000002877E530D90>
    └ <_pytest.config.Config object at 0x000002877E4F76D0>

  File "C:\ProgramData\Miniconda3\envs\py310\lib\site-packages\pluggy\_hooks.py", line 512, in __call__
    return self._hookexec(self.name, self._hookimpls.copy(), kwargs, firstresult)
           │    │         │    │     │    │                  │       └ True
           │    │         │    │     │    │                  └ {'session': <Session  exitstatus=<ExitCode.OK: 0> testsfailed=0 testscollected=26>}
           │    │         │    │     │    └ <member '_hookimpls' of 'HookCaller' objects>
           │    │         │    │     └ <HookCaller 'pytest_runtestloop'>
           │    │         │    └ <member 'name' of 'HookCaller' objects>
           │    │         └ <HookCaller 'pytest_runtestloop'>
           │    └ <member '_hookexec' of 'HookCaller' objects>
           └ <HookCaller 'pytest_runtestloop'>

  File "C:\ProgramData\Miniconda3\envs\py310\lib\site-packages\pluggy\_manager.py", line 120, in _hookexec
    return self._inner_hookexec(hook_name, methods, kwargs, firstresult)
           │    │               │          │        │       └ True
           │    │               │          │        └ {'session': <Session  exitstatus=<ExitCode.OK: 0> testsfailed=0 testscollected=26>}
           │    │               │          └ [<HookImpl plugin_name='main', plugin=<module '_pytest.main' from 'C:\\ProgramData\\Miniconda3\\envs\\py310\\lib\\site-packag...
           │    │               └ 'pytest_runtestloop'
           │    └ <function _multicall at 0x000002877D9C4B80>
           └ <_pytest.config.PytestPluginManager object at 0x000002877D659150>

  File "C:\ProgramData\Miniconda3\envs\py310\lib\site-packages\pluggy\_callers.py", line 121, in _multicall
    res = hook_impl.function(*args)
          │         │         └ [<Session  exitstatus=<ExitCode.OK: 0> testsfailed=0 testscollected=26>]
          │         └ <member 'function' of 'HookImpl' objects>
          └ <HookImpl plugin_name='main', plugin=<module '_pytest.main' from 'C:\\ProgramData\\Miniconda3\\envs\\py310\\lib\\site-package...

  File "C:\ProgramData\Miniconda3\envs\py310\lib\site-packages\_pytest\main.py", line 396, in pytest_runtestloop
    item.config.hook.pytest_runtest_protocol(item=item, nextitem=nextitem)
    │    │                                        │              └ <Function test_load_with_auto_fetch_returns_existing_data>
    │    │                                        └ <Function test_acquire_and_save_propagates_save_error>
    │    └ <member 'config' of 'Node' objects>
    └ <Function test_acquire_and_save_propagates_save_error>

  File "C:\ProgramData\Miniconda3\envs\py310\lib\site-packages\pluggy\_hooks.py", line 512, in __call__
    return self._hookexec(self.name, self._hookimpls.copy(), kwargs, firstresult)
           │    │         │    │     │    │                  │       └ True
           │    │         │    │     │    │                  └ {'item': <Function test_acquire_and_save_propagates_save_error>, 'nextitem': <Function test_load_with_auto_fetch_returns_exis...
           │    │         │    │     │    └ <member '_hookimpls' of 'HookCaller' objects>
           │    │         │    │     └ <HookCaller 'pytest_runtest_protocol'>
           │    │         │    └ <member 'name' of 'HookCaller' objects>
           │    │         └ <HookCaller 'pytest_runtest_protocol'>
           │    └ <member '_hookexec' of 'HookCaller' objects>
           └ <HookCaller 'pytest_runtest_protocol'>

  File "C:\ProgramData\Miniconda3\envs\py310\lib\site-packages\pluggy\_manager.py", line 120, in _hookexec
    return self._inner_hookexec(hook_name, methods, kwargs, firstresult)
           │    │               │          │        │       └ True
           │    │               │          │        └ {'item': <Function test_acquire_and_save_propagates_save_error>, 'nextitem': <Function test_load_with_auto_fetch_returns_exis...
           │    │               │          └ [<HookImpl plugin_name='runner', plugin=<module '_pytest.runner' from 'C:\\ProgramData\\Miniconda3\\envs\\py310\\lib\\site-pa...
           │    │               └ 'pytest_runtest_protocol'
           │    └ <function _multicall at 0x000002877D9C4B80>
           └ <_pytest.config.PytestPluginManager object at 0x000002877D659150>

  File "C:\ProgramData\Miniconda3\envs\py310\lib\site-packages\pluggy\_callers.py", line 121, in _multicall
    res = hook_impl.function(*args)
          │         │         └ [<Function test_acquire_and_save_propagates_save_error>, <Function test_load_with_auto_fetch_returns_existing_data>]
          │         └ <member 'function' of 'HookImpl' objects>
          └ <HookImpl plugin_name='runner', plugin=<module '_pytest.runner' from 'C:\\ProgramData\\Miniconda3\\envs\\py310\\lib\\site-pac...

  File "C:\ProgramData\Miniconda3\envs\py310\lib\site-packages\_pytest\runner.py", line 118, in pytest_runtest_protocol
    runtestprotocol(item, nextitem=nextitem)
    │               │              └ <Function test_load_with_auto_fetch_returns_existing_data>
    │               └ <Function test_acquire_and_save_propagates_save_error>
    └ <function runtestprotocol at 0x000002877E309D80>

  File "C:\ProgramData\Miniconda3\envs\py310\lib\site-packages\_pytest\runner.py", line 137, in runtestprotocol
    reports.append(call_and_report(item, "call", log))
    │       │      │               │             └ True
    │       │      │               └ <Function test_acquire_and_save_propagates_save_error>
    │       │      └ <function call_and_report at 0x000002877E30A170>
    │       └ <method 'append' of 'list' objects>
    └ [<TestReport 'tests/Plugin/DataAcquisitionPlugin/test_data_acquisition_plugin.py::test_acquire_and_save_propagates_save_error...

  File "C:\ProgramData\Miniconda3\envs\py310\lib\site-packages\_pytest\runner.py", line 244, in call_and_report
    call = CallInfo.from_call(
           │        └ <classmethod(<function CallInfo.from_call at 0x000002877E30A4D0>)>
           └ <class '_pytest.runner.CallInfo'>

  File "C:\ProgramData\Miniconda3\envs\py310\lib\site-packages\_pytest\runner.py", line 353, in from_call
    result: TResult | None = func()
            │                └ <function call_and_report.<locals>.<lambda> at 0x000002871DCDAD40>
            └ +TResult

  File "C:\ProgramData\Miniconda3\envs\py310\lib\site-packages\_pytest\runner.py", line 245, in <lambda>
    lambda: runtest_hook(item=item, **kwds),
            │                 │       └ {}
            │                 └ <Function test_acquire_and_save_propagates_save_error>
            └ <HookCaller 'pytest_runtest_call'>

  File "C:\ProgramData\Miniconda3\envs\py310\lib\site-packages\pluggy\_hooks.py", line 512, in __call__
    return self._hookexec(self.name, self._hookimpls.copy(), kwargs, firstresult)
           │    │         │    │     │    │                  │       └ False
           │    │         │    │     │    │                  └ {'item': <Function test_acquire_and_save_propagates_save_error>}
           │    │         │    │     │    └ <member '_hookimpls' of 'HookCaller' objects>
           │    │         │    │     └ <HookCaller 'pytest_runtest_call'>
           │    │         │    └ <member 'name' of 'HookCaller' objects>
           │    │         └ <HookCaller 'pytest_runtest_call'>
           │    └ <member '_hookexec' of 'HookCaller' objects>
           └ <HookCaller 'pytest_runtest_call'>

  File "C:\ProgramData\Miniconda3\envs\py310\lib\site-packages\pluggy\_manager.py", line 120, in _hookexec
    return self._inner_hookexec(hook_name, methods, kwargs, firstresult)
           │    │               │          │        │       └ False
           │    │               │          │        └ {'item': <Function test_acquire_and_save_propagates_save_error>}
           │    │               │          └ [<HookImpl plugin_name='threadexception', plugin=<module '_pytest.threadexception' from 'C:\\ProgramData\\Miniconda3\\envs\\p...
           │    │               └ 'pytest_runtest_call'
           │    └ <function _multicall at 0x000002877D9C4B80>
           └ <_pytest.config.PytestPluginManager object at 0x000002877D659150>

  File "C:\ProgramData\Miniconda3\envs\py310\lib\site-packages\pluggy\_callers.py", line 121, in _multicall
    res = hook_impl.function(*args)
          │         │         └ [<Function test_acquire_and_save_propagates_save_error>]
          │         └ <member 'function' of 'HookImpl' objects>
          └ <HookImpl plugin_name='runner', plugin=<module '_pytest.runner' from 'C:\\ProgramData\\Miniconda3\\envs\\py310\\lib\\site-pac...

  File "C:\ProgramData\Miniconda3\envs\py310\lib\site-packages\_pytest\runner.py", line 179, in pytest_runtest_call
    item.runtest()
    │    └ <function Function.runtest at 0x000002877E43ADD0>
    └ <Function test_acquire_and_save_propagates_save_error>

  File "C:\ProgramData\Miniconda3\envs\py310\lib\site-packages\_pytest\python.py", line 1720, in runtest
    self.ihook.pytest_pyfunc_call(pyfuncitem=self)
    │    │                                   └ <Function test_acquire_and_save_propagates_save_error>
    │    └ <property object at 0x000002877E2860C0>
    └ <Function test_acquire_and_save_propagates_save_error>

  File "C:\ProgramData\Miniconda3\envs\py310\lib\site-packages\pluggy\_hooks.py", line 512, in __call__
    return self._hookexec(self.name, self._hookimpls.copy(), kwargs, firstresult)
           │    │         │    │     │    │                  │       └ True
           │    │         │    │     │    │                  └ {'pyfuncitem': <Function test_acquire_and_save_propagates_save_error>}
           │    │         │    │     │    └ <member '_hookimpls' of 'HookCaller' objects>
           │    │         │    │     └ <HookCaller 'pytest_pyfunc_call'>
           │    │         │    └ <member 'name' of 'HookCaller' objects>
           │    │         └ <HookCaller 'pytest_pyfunc_call'>
           │    └ <member '_hookexec' of 'HookCaller' objects>
           └ <HookCaller 'pytest_pyfunc_call'>

  File "C:\ProgramData\Miniconda3\envs\py310\lib\site-packages\pluggy\_manager.py", line 120, in _hookexec
    return self._inner_hookexec(hook_name, methods, kwargs, firstresult)
           │    │               │          │        │       └ True
           │    │               │          │        └ {'pyfuncitem': <Function test_acquire_and_save_propagates_save_error>}
           │    │               │          └ [<HookImpl plugin_name='python', plugin=<module '_pytest.python' from 'C:\\ProgramData\\Miniconda3\\envs\\py310\\lib\\site-pa...
           │    │               └ 'pytest_pyfunc_call'
           │    └ <function _multicall at 0x000002877D9C4B80>
           └ <_pytest.config.PytestPluginManager object at 0x000002877D659150>

  File "C:\ProgramData\Miniconda3\envs\py310\lib\site-packages\pluggy\_callers.py", line 121, in _multicall
    res = hook_impl.function(*args)
          │         │         └ [<Function test_acquire_and_save_propagates_save_error>]
          │         └ <member 'function' of 'HookImpl' objects>
          └ <HookImpl plugin_name='python', plugin=<module '_pytest.python' from 'C:\\ProgramData\\Miniconda3\\envs\\py310\\lib\\site-pac...

  File "C:\ProgramData\Miniconda3\envs\py310\lib\site-packages\_pytest\python.py", line 166, in pytest_pyfunc_call
    result = testfunction(**testargs)
             │              └ {'data_acquisition_plugin': <candle_data_manager.Plugin.DataAcquisitionPlugin.DataAcquisitionPlugin.DataAcquisitionPlugin obj...
             └ <function test_acquire_and_save_propagates_save_error at 0x000002871BF02050>

  File "C:\Projects\CandleDataManager\tests\Plugin\DataAcquisitionPlugin\test_data_acquisition_plugin.py", line 95, in test_acquire_and_save_propagates_save_error
    data_acquisition_plugin.acquire_and_save(sample_symbol, start_at, end_at)
    │                       │                │              │         └ 1609545600
    │                       │                │              └ 1609459200
    │                       │                └ <candle_data_manager.Core.Models.Symbol.Symbol object at 0x000002871DD44FD0>
    │                       └ <function DataAcquisitionPlugin.acquire_and_save at 0x000002871BF01EA0>
    └ <candle_data_manager.Plugin.DataAcquisitionPlugin.DataAcquisitionPlugin.DataAcquisitionPlugin object at 0x000002871DCA64D0>

> File "C:\ProgramData\Miniconda3\envs\py310\lib\site-packages\simple_logger\logger.py", line 202, in sync_wrapper
    result = func(*args, **kwargs)
             │     │       └ {}
             │     └ (<candle_data_manager.Plugin.DataAcquisitionPlugin.DataAcquisitionPlugin.DataAcquisitionPlugin object at 0x000002871DCA64D0>,...
             └ <function DataAcquisitionPlugin.acquire_and_save at 0x000002871BF01E10>

  File "C:\Projects\CandleDataManager\src\candle_data_manager\Plugin\DataAcquisitionPlugin\DataAcquisitionPlugin.py", line 20, in acquire_and_save
    self._save_service.save(symbol, data)
    │    │                  │       └ [{'timestamp': 1609459200, 'open': 29000, 'high': 29500, 'low': 28500, 'close': 29200, 'volume': 1000}]
    │    │                  └ <candle_data_manager.Core.Models.Symbol.Symbol object at 0x000002871DD44FD0>
    │    └ <Mock spec='DataSaveService' id='2779343644288'>
    └ <candle_data_manager.Plugin.DataAcquisitionPlugin.DataAcquisitionPlugin.DataAcquisitionPlugin object at 0x000002871DCA64D0>

  File "C:\ProgramData\Miniconda3\envs\py310\lib\unittest\mock.py", line 1114, in __call__
    return self._mock_call(*args, **kwargs)
           │    │           │       └ {}
           │    │           └ (<candle_data_manager.Core.Models.Symbol.Symbol object at 0x000002871DD44FD0>, [{'timestamp': 1609459200, 'open': 29000, 'hig...
           │    └ <function CallableMixin._mock_call at 0x000002877F1DCCA0>
           └ <Mock name='mock.save' id='2779343649040'>

  File "C:\ProgramData\Miniconda3\envs\py310\lib\unittest\mock.py", line 1118, in _mock_call
    return self._execute_mock_call(*args, **kwargs)
           │    │                   │       └ {}
           │    │                   └ (<candle_data_manager.Core.Models.Symbol.Symbol object at 0x000002871DD44FD0>, [{'timestamp': 1609459200, 'open': 29000, 'hig...
           │    └ <function CallableMixin._execute_mock_call at 0x000002877F1DCDC0>
           └ <Mock name='mock.save' id='2779343649040'>

  File "C:\ProgramData\Miniconda3\envs\py310\lib\unittest\mock.py", line 1173, in _execute_mock_call
    raise effect
          └ Exception('Database error')

Exception: Database error
[26-01-20 18:42:00] [INFO    ] [DataRetrievalPlugin|DataRetrievalPlugin.__init__] 초기화 시작 params={'args': (<Mock spec='DataLoadService' id='2779344303584'>, <Mock spec='DataAcquisitionPlugin' id='2779344303248'>)}
[26-01-20 18:42:00] [INFO    ] [DataRetrievalPlugin|DataRetrievalPlugin.__init__] 초기화 완료
[26-01-20 18:42:00] [INFO    ] [DataRetrievalPlugin|DataRetrievalPlugin.load_with_auto_fetch] 시작 params={'args': (<candle_data_manager.Core.Models.Symbol.Symbol object at 0x000002871DD47040>, 1609459200, 1609545600)}
[26-01-20 18:42:00] [INFO    ] [DataRetrievalPlugin|DataRetrievalPlugin.load_with_auto_fetch] 종료 result=    timestamp     open     high      low    close  volume
0  1609459200  29000.0  29500.0  28500.0  29200.0  1000.0
1  1609462800  29200.0  29800.0  29000.0  29500.0  1200.0
[26-01-20 18:42:00] [INFO    ] [DataRetrievalPlugin|DataRetrievalPlugin.__init__] 초기화 시작 params={'args': (<Mock spec='DataLoadService' id='2779344303392'>, <Mock spec='DataAcquisitionPlugin' id='2779344297008'>)}
[26-01-20 18:42:00] [INFO    ] [DataRetrievalPlugin|DataRetrievalPlugin.__init__] 초기화 완료
[26-01-20 18:42:00] [INFO    ] [DataRetrievalPlugin|DataRetrievalPlugin.load_with_auto_fetch] 시작 params={'args': (<candle_data_manager.Core.Models.Symbol.Symbol object at 0x000002871DD46A70>, 1609459200, 1609545600)}
[26-01-20 18:42:00] [INFO    ] [DataRetrievalPlugin|DataRetrievalPlugin.load_with_auto_fetch] 종료 result=    timestamp     open     high      low    close  volume
0  1609459200  29000.0  29500.0  28500.0  29200.0  1000.0
1  1609462800  29200.0  29800.0  29000.0  29500.0  1200.0
[26-01-20 18:42:00] [INFO    ] [DataRetrievalPlugin|DataRetrievalPlugin.__init__] 초기화 시작 params={'args': (<Mock spec='DataLoadService' id='2779344303056'>, <Mock spec='DataAcquisitionPlugin' id='2779344298496'>)}
[26-01-20 18:42:00] [INFO    ] [DataRetrievalPlugin|DataRetrievalPlugin.__init__] 초기화 완료
[26-01-20 18:42:00] [INFO    ] [DataRetrievalPlugin|DataRetrievalPlugin.load_with_auto_fetch] 시작 params={'args': (<candle_data_manager.Core.Models.Symbol.Symbol object at 0x000002871DD462C0>, 1609459200, 1609545600)}
[26-01-20 18:42:00] [INFO    ] [DataRetrievalPlugin|DataRetrievalPlugin.load_with_auto_fetch] 종료 result=    timestamp     open     high      low    close  volume
0  1609459200  29000.0  29500.0  28500.0  29200.0  1000.0
[26-01-20 18:42:00] [INFO    ] [DataRetrievalPlugin|DataRetrievalPlugin.__init__] 초기화 시작 params={'args': (<Mock spec='DataLoadService' id='2779344299216'>, <Mock spec='DataAcquisitionPlugin' id='2779344295712'>)}
[26-01-20 18:42:00] [INFO    ] [DataRetrievalPlugin|DataRetrievalPlugin.__init__] 초기화 완료
[26-01-20 18:42:00] [INFO    ] [DataRetrievalPlugin|DataRetrievalPlugin.load_with_auto_fetch] 시작 params={'args': (<candle_data_manager.Core.Models.Symbol.Symbol object at 0x000002871DD463B0>, 1609459200, 1609545600)}
[26-01-20 18:42:00] [ERROR   ] [DataRetrievalPlugin|DataRetrievalPlugin.load_with_auto_fetch] 오류 발생
Traceback (most recent call last):

  File "C:\ProgramData\Miniconda3\envs\py310\lib\runpy.py", line 196, in _run_module_as_main
    return _run_code(code, main_globals, None,
           │         │     └ {'__name__': '__main__', '__doc__': 'The pytest entry point.', '__package__': 'pytest', '__loader__': <_frozen_importlib_exte...
           │         └ <code object <module> at 0x000002877D669B00, file "C:\ProgramData\Miniconda3\envs\py310\lib\site-packages\pytest\__main__.py"...
           └ <function _run_code at 0x000002877D665240>

  File "C:\ProgramData\Miniconda3\envs\py310\lib\runpy.py", line 86, in _run_code
    exec(code, run_globals)
         │     └ {'__name__': '__main__', '__doc__': 'The pytest entry point.', '__package__': 'pytest', '__loader__': <_frozen_importlib_exte...
         └ <code object <module> at 0x000002877D669B00, file "C:\ProgramData\Miniconda3\envs\py310\lib\site-packages\pytest\__main__.py"...

  File "C:\ProgramData\Miniconda3\envs\py310\lib\site-packages\pytest\__main__.py", line 9, in <module>
    raise SystemExit(pytest.console_main())
                     │      └ <function console_main at 0x000002877E2577F0>
                     └ <module 'pytest' from 'C:\\ProgramData\\Miniconda3\\envs\\py310\\lib\\site-packages\\pytest\\__init__.py'>

  File "C:\ProgramData\Miniconda3\envs\py310\lib\site-packages\_pytest\config\__init__.py", line 221, in console_main
    code = main()
           └ <function main at 0x000002877E257760>

  File "C:\ProgramData\Miniconda3\envs\py310\lib\site-packages\_pytest\config\__init__.py", line 197, in main
    ret: ExitCode | int = config.hook.pytest_cmdline_main(config=config)
         │                │      │    │                          └ <_pytest.config.Config object at 0x000002877E4F76D0>
         │                │      │    └ <HookCaller 'pytest_cmdline_main'>
         │                │      └ <_pytest.config.compat.PathAwareHookProxy object at 0x000002877E530D90>
         │                └ <_pytest.config.Config object at 0x000002877E4F76D0>
         └ <enum 'ExitCode'>

  File "C:\ProgramData\Miniconda3\envs\py310\lib\site-packages\pluggy\_hooks.py", line 512, in __call__
    return self._hookexec(self.name, self._hookimpls.copy(), kwargs, firstresult)
           │    │         │    │     │    │                  │       └ True
           │    │         │    │     │    │                  └ {'config': <_pytest.config.Config object at 0x000002877E4F76D0>}
           │    │         │    │     │    └ <member '_hookimpls' of 'HookCaller' objects>
           │    │         │    │     └ <HookCaller 'pytest_cmdline_main'>
           │    │         │    └ <member 'name' of 'HookCaller' objects>
           │    │         └ <HookCaller 'pytest_cmdline_main'>
           │    └ <member '_hookexec' of 'HookCaller' objects>
           └ <HookCaller 'pytest_cmdline_main'>

  File "C:\ProgramData\Miniconda3\envs\py310\lib\site-packages\pluggy\_manager.py", line 120, in _hookexec
    return self._inner_hookexec(hook_name, methods, kwargs, firstresult)
           │    │               │          │        │       └ True
           │    │               │          │        └ {'config': <_pytest.config.Config object at 0x000002877E4F76D0>}
           │    │               │          └ [<HookImpl plugin_name='main', plugin=<module '_pytest.main' from 'C:\\ProgramData\\Miniconda3\\envs\\py310\\lib\\site-packag...
           │    │               └ 'pytest_cmdline_main'
           │    └ <function _multicall at 0x000002877D9C4B80>
           └ <_pytest.config.PytestPluginManager object at 0x000002877D659150>

  File "C:\ProgramData\Miniconda3\envs\py310\lib\site-packages\pluggy\_callers.py", line 121, in _multicall
    res = hook_impl.function(*args)
          │         │         └ [<_pytest.config.Config object at 0x000002877E4F76D0>]
          │         └ <member 'function' of 'HookImpl' objects>
          └ <HookImpl plugin_name='main', plugin=<module '_pytest.main' from 'C:\\ProgramData\\Miniconda3\\envs\\py310\\lib\\site-package...

  File "C:\ProgramData\Miniconda3\envs\py310\lib\site-packages\_pytest\main.py", line 365, in pytest_cmdline_main
    return wrap_session(config, _main)
           │            │       └ <function _main at 0x000002877E30AB90>
           │            └ <_pytest.config.Config object at 0x000002877E4F76D0>
           └ <function wrap_session at 0x000002877E30AA70>

  File "C:\ProgramData\Miniconda3\envs\py310\lib\site-packages\_pytest\main.py", line 318, in wrap_session
    session.exitstatus = doit(config, session) or 0
    │       │            │    │       └ <Session  exitstatus=<ExitCode.OK: 0> testsfailed=0 testscollected=26>
    │       │            │    └ <_pytest.config.Config object at 0x000002877E4F76D0>
    │       │            └ <function _main at 0x000002877E30AB90>
    │       └ <ExitCode.OK: 0>
    └ <Session  exitstatus=<ExitCode.OK: 0> testsfailed=0 testscollected=26>

  File "C:\ProgramData\Miniconda3\envs\py310\lib\site-packages\_pytest\main.py", line 372, in _main
    config.hook.pytest_runtestloop(session=session)
    │      │    │                          └ <Session  exitstatus=<ExitCode.OK: 0> testsfailed=0 testscollected=26>
    │      │    └ <HookCaller 'pytest_runtestloop'>
    │      └ <_pytest.config.compat.PathAwareHookProxy object at 0x000002877E530D90>
    └ <_pytest.config.Config object at 0x000002877E4F76D0>

  File "C:\ProgramData\Miniconda3\envs\py310\lib\site-packages\pluggy\_hooks.py", line 512, in __call__
    return self._hookexec(self.name, self._hookimpls.copy(), kwargs, firstresult)
           │    │         │    │     │    │                  │       └ True
           │    │         │    │     │    │                  └ {'session': <Session  exitstatus=<ExitCode.OK: 0> testsfailed=0 testscollected=26>}
           │    │         │    │     │    └ <member '_hookimpls' of 'HookCaller' objects>
           │    │         │    │     └ <HookCaller 'pytest_runtestloop'>
           │    │         │    └ <member 'name' of 'HookCaller' objects>
           │    │         └ <HookCaller 'pytest_runtestloop'>
           │    └ <member '_hookexec' of 'HookCaller' objects>
           └ <HookCaller 'pytest_runtestloop'>

  File "C:\ProgramData\Miniconda3\envs\py310\lib\site-packages\pluggy\_manager.py", line 120, in _hookexec
    return self._inner_hookexec(hook_name, methods, kwargs, firstresult)
           │    │               │          │        │       └ True
           │    │               │          │        └ {'session': <Session  exitstatus=<ExitCode.OK: 0> testsfailed=0 testscollected=26>}
           │    │               │          └ [<HookImpl plugin_name='main', plugin=<module '_pytest.main' from 'C:\\ProgramData\\Miniconda3\\envs\\py310\\lib\\site-packag...
           │    │               └ 'pytest_runtestloop'
           │    └ <function _multicall at 0x000002877D9C4B80>
           └ <_pytest.config.PytestPluginManager object at 0x000002877D659150>

  File "C:\ProgramData\Miniconda3\envs\py310\lib\site-packages\pluggy\_callers.py", line 121, in _multicall
    res = hook_impl.function(*args)
          │         │         └ [<Session  exitstatus=<ExitCode.OK: 0> testsfailed=0 testscollected=26>]
          │         └ <member 'function' of 'HookImpl' objects>
          └ <HookImpl plugin_name='main', plugin=<module '_pytest.main' from 'C:\\ProgramData\\Miniconda3\\envs\\py310\\lib\\site-package...

  File "C:\ProgramData\Miniconda3\envs\py310\lib\site-packages\_pytest\main.py", line 396, in pytest_runtestloop
    item.config.hook.pytest_runtest_protocol(item=item, nextitem=nextitem)
    │    │                                        │              └ <Function test_load_with_auto_fetch_propagates_acquisition_error>
    │    │                                        └ <Function test_load_with_auto_fetch_propagates_load_error>
    │    └ <member 'config' of 'Node' objects>
    └ <Function test_load_with_auto_fetch_propagates_load_error>

  File "C:\ProgramData\Miniconda3\envs\py310\lib\site-packages\pluggy\_hooks.py", line 512, in __call__
    return self._hookexec(self.name, self._hookimpls.copy(), kwargs, firstresult)
           │    │         │    │     │    │                  │       └ True
           │    │         │    │     │    │                  └ {'item': <Function test_load_with_auto_fetch_propagates_load_error>, 'nextitem': <Function test_load_with_auto_fetch_propagat...
           │    │         │    │     │    └ <member '_hookimpls' of 'HookCaller' objects>
           │    │         │    │     └ <HookCaller 'pytest_runtest_protocol'>
           │    │         │    └ <member 'name' of 'HookCaller' objects>
           │    │         └ <HookCaller 'pytest_runtest_protocol'>
           │    └ <member '_hookexec' of 'HookCaller' objects>
           └ <HookCaller 'pytest_runtest_protocol'>

  File "C:\ProgramData\Miniconda3\envs\py310\lib\site-packages\pluggy\_manager.py", line 120, in _hookexec
    return self._inner_hookexec(hook_name, methods, kwargs, firstresult)
           │    │               │          │        │       └ True
           │    │               │          │        └ {'item': <Function test_load_with_auto_fetch_propagates_load_error>, 'nextitem': <Function test_load_with_auto_fetch_propagat...
           │    │               │          └ [<HookImpl plugin_name='runner', plugin=<module '_pytest.runner' from 'C:\\ProgramData\\Miniconda3\\envs\\py310\\lib\\site-pa...
           │    │               └ 'pytest_runtest_protocol'
           │    └ <function _multicall at 0x000002877D9C4B80>
           └ <_pytest.config.PytestPluginManager object at 0x000002877D659150>

  File "C:\ProgramData\Miniconda3\envs\py310\lib\site-packages\pluggy\_callers.py", line 121, in _multicall
    res = hook_impl.function(*args)
          │         │         └ [<Function test_load_with_auto_fetch_propagates_load_error>, <Function test_load_with_auto_fetch_propagates_acquisition_error>]
          │         └ <member 'function' of 'HookImpl' objects>
          └ <HookImpl plugin_name='runner', plugin=<module '_pytest.runner' from 'C:\\ProgramData\\Miniconda3\\envs\\py310\\lib\\site-pac...

  File "C:\ProgramData\Miniconda3\envs\py310\lib\site-packages\_pytest\runner.py", line 118, in pytest_runtest_protocol
    runtestprotocol(item, nextitem=nextitem)
    │               │              └ <Function test_load_with_auto_fetch_propagates_acquisition_error>
    │               └ <Function test_load_with_auto_fetch_propagates_load_error>
    └ <function runtestprotocol at 0x000002877E309D80>

  File "C:\ProgramData\Miniconda3\envs\py310\lib\site-packages\_pytest\runner.py", line 137, in runtestprotocol
    reports.append(call_and_report(item, "call", log))
    │       │      │               │             └ True
    │       │      │               └ <Function test_load_with_auto_fetch_propagates_load_error>
    │       │      └ <function call_and_report at 0x000002877E30A170>
    │       └ <method 'append' of 'list' objects>
    └ [<TestReport 'tests/Plugin/DataRetrievalPlugin/test_data_retrieval_plugin.py::test_load_with_auto_fetch_propagates_load_error...

  File "C:\ProgramData\Miniconda3\envs\py310\lib\site-packages\_pytest\runner.py", line 244, in call_and_report
    call = CallInfo.from_call(
           │        └ <classmethod(<function CallInfo.from_call at 0x000002877E30A4D0>)>
           └ <class '_pytest.runner.CallInfo'>

  File "C:\ProgramData\Miniconda3\envs\py310\lib\site-packages\_pytest\runner.py", line 353, in from_call
    result: TResult | None = func()
            │                └ <function call_and_report.<locals>.<lambda> at 0x000002871DCDA560>
            └ +TResult

  File "C:\ProgramData\Miniconda3\envs\py310\lib\site-packages\_pytest\runner.py", line 245, in <lambda>
    lambda: runtest_hook(item=item, **kwds),
            │                 │       └ {}
            │                 └ <Function test_load_with_auto_fetch_propagates_load_error>
            └ <HookCaller 'pytest_runtest_call'>

  File "C:\ProgramData\Miniconda3\envs\py310\lib\site-packages\pluggy\_hooks.py", line 512, in __call__
    return self._hookexec(self.name, self._hookimpls.copy(), kwargs, firstresult)
           │    │         │    │     │    │                  │       └ False
           │    │         │    │     │    │                  └ {'item': <Function test_load_with_auto_fetch_propagates_load_error>}
           │    │         │    │     │    └ <member '_hookimpls' of 'HookCaller' objects>
           │    │         │    │     └ <HookCaller 'pytest_runtest_call'>
           │    │         │    └ <member 'name' of 'HookCaller' objects>
           │    │         └ <HookCaller 'pytest_runtest_call'>
           │    └ <member '_hookexec' of 'HookCaller' objects>
           └ <HookCaller 'pytest_runtest_call'>

  File "C:\ProgramData\Miniconda3\envs\py310\lib\site-packages\pluggy\_manager.py", line 120, in _hookexec
    return self._inner_hookexec(hook_name, methods, kwargs, firstresult)
           │    │               │          │        │       └ False
           │    │               │          │        └ {'item': <Function test_load_with_auto_fetch_propagates_load_error>}
           │    │               │          └ [<HookImpl plugin_name='threadexception', plugin=<module '_pytest.threadexception' from 'C:\\ProgramData\\Miniconda3\\envs\\p...
           │    │               └ 'pytest_runtest_call'
           │    └ <function _multicall at 0x000002877D9C4B80>
           └ <_pytest.config.PytestPluginManager object at 0x000002877D659150>

  File "C:\ProgramData\Miniconda3\envs\py310\lib\site-packages\pluggy\_callers.py", line 121, in _multicall
    res = hook_impl.function(*args)
          │         │         └ [<Function test_load_with_auto_fetch_propagates_load_error>]
          │         └ <member 'function' of 'HookImpl' objects>
          └ <HookImpl plugin_name='runner', plugin=<module '_pytest.runner' from 'C:\\ProgramData\\Miniconda3\\envs\\py310\\lib\\site-pac...

  File "C:\ProgramData\Miniconda3\envs\py310\lib\site-packages\_pytest\runner.py", line 179, in pytest_runtest_call
    item.runtest()
    │    └ <function Function.runtest at 0x000002877E43ADD0>
    └ <Function test_load_with_auto_fetch_propagates_load_error>

  File "C:\ProgramData\Miniconda3\envs\py310\lib\site-packages\_pytest\python.py", line 1720, in runtest
    self.ihook.pytest_pyfunc_call(pyfuncitem=self)
    │    │                                   └ <Function test_load_with_auto_fetch_propagates_load_error>
    │    └ <property object at 0x000002877E2860C0>
    └ <Function test_load_with_auto_fetch_propagates_load_error>

  File "C:\ProgramData\Miniconda3\envs\py310\lib\site-packages\pluggy\_hooks.py", line 512, in __call__
    return self._hookexec(self.name, self._hookimpls.copy(), kwargs, firstresult)
           │    │         │    │     │    │                  │       └ True
           │    │         │    │     │    │                  └ {'pyfuncitem': <Function test_load_with_auto_fetch_propagates_load_error>}
           │    │         │    │     │    └ <member '_hookimpls' of 'HookCaller' objects>
           │    │         │    │     └ <HookCaller 'pytest_pyfunc_call'>
           │    │         │    └ <member 'name' of 'HookCaller' objects>
           │    │         └ <HookCaller 'pytest_pyfunc_call'>
           │    └ <member '_hookexec' of 'HookCaller' objects>
           └ <HookCaller 'pytest_pyfunc_call'>

  File "C:\ProgramData\Miniconda3\envs\py310\lib\site-packages\pluggy\_manager.py", line 120, in _hookexec
    return self._inner_hookexec(hook_name, methods, kwargs, firstresult)
           │    │               │          │        │       └ True
           │    │               │          │        └ {'pyfuncitem': <Function test_load_with_auto_fetch_propagates_load_error>}
           │    │               │          └ [<HookImpl plugin_name='python', plugin=<module '_pytest.python' from 'C:\\ProgramData\\Miniconda3\\envs\\py310\\lib\\site-pa...
           │    │               └ 'pytest_pyfunc_call'
           │    └ <function _multicall at 0x000002877D9C4B80>
           └ <_pytest.config.PytestPluginManager object at 0x000002877D659150>

  File "C:\ProgramData\Miniconda3\envs\py310\lib\site-packages\pluggy\_callers.py", line 121, in _multicall
    res = hook_impl.function(*args)
          │         │         └ [<Function test_load_with_auto_fetch_propagates_load_error>]
          │         └ <member 'function' of 'HookImpl' objects>
          └ <HookImpl plugin_name='python', plugin=<module '_pytest.python' from 'C:\\ProgramData\\Miniconda3\\envs\\py310\\lib\\site-pac...

  File "C:\ProgramData\Miniconda3\envs\py310\lib\site-packages\_pytest\python.py", line 166, in pytest_pyfunc_call
    result = testfunction(**testargs)
             │              └ {'data_retrieval_plugin': <candle_data_manager.Plugin.DataRetrievalPlugin.DataRetrievalPlugin.DataRetrievalPlugin object at 0...
             └ <function test_load_with_auto_fetch_propagates_load_error at 0x000002871BF03490>

  File "C:\Projects\CandleDataManager\tests\Plugin\DataRetrievalPlugin\test_data_retrieval_plugin.py", line 151, in test_load_with_auto_fetch_propagates_load_error
    data_retrieval_plugin.load_with_auto_fetch(sample_symbol, start_at, end_at)
    │                     │                    │              │         └ 1609545600
    │                     │                    │              └ 1609459200
    │                     │                    └ <candle_data_manager.Core.Models.Symbol.Symbol object at 0x000002871DD463B0>
    │                     └ <function DataRetrievalPlugin.load_with_auto_fetch at 0x000002871BF032E0>
    └ <candle_data_manager.Plugin.DataRetrievalPlugin.DataRetrievalPlugin.DataRetrievalPlugin object at 0x000002871DD472E0>

> File "C:\ProgramData\Miniconda3\envs\py310\lib\site-packages\simple_logger\logger.py", line 202, in sync_wrapper
    result = func(*args, **kwargs)
             │     │       └ {}
             │     └ (<candle_data_manager.Plugin.DataRetrievalPlugin.DataRetrievalPlugin.DataRetrievalPlugin object at 0x000002871DD472E0>, <cand...
             └ <function DataRetrievalPlugin.load_with_auto_fetch at 0x000002871BF03250>

  File "C:\Projects\CandleDataManager\src\candle_data_manager\Plugin\DataRetrievalPlugin\DataRetrievalPlugin.py", line 27, in load_with_auto_fetch
    df = self._load_service.load(symbol, start_at, end_at)
         │    │                  │       │         └ 1609545600
         │    │                  │       └ 1609459200
         │    │                  └ <candle_data_manager.Core.Models.Symbol.Symbol object at 0x000002871DD463B0>
         │    └ <Mock spec='DataLoadService' id='2779344299216'>
         └ <candle_data_manager.Plugin.DataRetrievalPlugin.DataRetrievalPlugin.DataRetrievalPlugin object at 0x000002871DD472E0>

  File "C:\ProgramData\Miniconda3\envs\py310\lib\unittest\mock.py", line 1114, in __call__
    return self._mock_call(*args, **kwargs)
           │    │           │       └ {}
           │    │           └ (<candle_data_manager.Core.Models.Symbol.Symbol object at 0x000002871DD463B0>, 1609459200, 1609545600)
           │    └ <function CallableMixin._mock_call at 0x000002877F1DCCA0>
           └ <Mock name='mock.load' id='2779344298784'>

  File "C:\ProgramData\Miniconda3\envs\py310\lib\unittest\mock.py", line 1118, in _mock_call
    return self._execute_mock_call(*args, **kwargs)
           │    │                   │       └ {}
           │    │                   └ (<candle_data_manager.Core.Models.Symbol.Symbol object at 0x000002871DD463B0>, 1609459200, 1609545600)
           │    └ <function CallableMixin._execute_mock_call at 0x000002877F1DCDC0>
           └ <Mock name='mock.load' id='2779344298784'>

  File "C:\ProgramData\Miniconda3\envs\py310\lib\unittest\mock.py", line 1173, in _execute_mock_call
    raise effect
          └ Exception('Database error')

Exception: Database error
[26-01-20 18:42:00] [INFO    ] [DataRetrievalPlugin|DataRetrievalPlugin.__init__] 초기화 시작 params={'args': (<Mock spec='DataLoadService' id='2779345635264'>, <Mock spec='DataAcquisitionPlugin' id='2779345635408'>)}
[26-01-20 18:42:00] [INFO    ] [DataRetrievalPlugin|DataRetrievalPlugin.__init__] 초기화 완료
[26-01-20 18:42:00] [INFO    ] [DataRetrievalPlugin|DataRetrievalPlugin.load_with_auto_fetch] 시작 params={'args': (<candle_data_manager.Core.Models.Symbol.Symbol object at 0x000002871DE8CA30>, 1609459200, 1609545600)}
[26-01-20 18:42:00] [ERROR   ] [DataRetrievalPlugin|DataRetrievalPlugin.load_with_auto_fetch] 오류 발생
Traceback (most recent call last):

  File "C:\ProgramData\Miniconda3\envs\py310\lib\runpy.py", line 196, in _run_module_as_main
    return _run_code(code, main_globals, None,
           │         │     └ {'__name__': '__main__', '__doc__': 'The pytest entry point.', '__package__': 'pytest', '__loader__': <_frozen_importlib_exte...
           │         └ <code object <module> at 0x000002877D669B00, file "C:\ProgramData\Miniconda3\envs\py310\lib\site-packages\pytest\__main__.py"...
           └ <function _run_code at 0x000002877D665240>

  File "C:\ProgramData\Miniconda3\envs\py310\lib\runpy.py", line 86, in _run_code
    exec(code, run_globals)
         │     └ {'__name__': '__main__', '__doc__': 'The pytest entry point.', '__package__': 'pytest', '__loader__': <_frozen_importlib_exte...
         └ <code object <module> at 0x000002877D669B00, file "C:\ProgramData\Miniconda3\envs\py310\lib\site-packages\pytest\__main__.py"...

  File "C:\ProgramData\Miniconda3\envs\py310\lib\site-packages\pytest\__main__.py", line 9, in <module>
    raise SystemExit(pytest.console_main())
                     │      └ <function console_main at 0x000002877E2577F0>
                     └ <module 'pytest' from 'C:\\ProgramData\\Miniconda3\\envs\\py310\\lib\\site-packages\\pytest\\__init__.py'>

  File "C:\ProgramData\Miniconda3\envs\py310\lib\site-packages\_pytest\config\__init__.py", line 221, in console_main
    code = main()
           └ <function main at 0x000002877E257760>

  File "C:\ProgramData\Miniconda3\envs\py310\lib\site-packages\_pytest\config\__init__.py", line 197, in main
    ret: ExitCode | int = config.hook.pytest_cmdline_main(config=config)
         │                │      │    │                          └ <_pytest.config.Config object at 0x000002877E4F76D0>
         │                │      │    └ <HookCaller 'pytest_cmdline_main'>
         │                │      └ <_pytest.config.compat.PathAwareHookProxy object at 0x000002877E530D90>
         │                └ <_pytest.config.Config object at 0x000002877E4F76D0>
         └ <enum 'ExitCode'>

  File "C:\ProgramData\Miniconda3\envs\py310\lib\site-packages\pluggy\_hooks.py", line 512, in __call__
    return self._hookexec(self.name, self._hookimpls.copy(), kwargs, firstresult)
           │    │         │    │     │    │                  │       └ True
           │    │         │    │     │    │                  └ {'config': <_pytest.config.Config object at 0x000002877E4F76D0>}
           │    │         │    │     │    └ <member '_hookimpls' of 'HookCaller' objects>
           │    │         │    │     └ <HookCaller 'pytest_cmdline_main'>
           │    │         │    └ <member 'name' of 'HookCaller' objects>
           │    │         └ <HookCaller 'pytest_cmdline_main'>
           │    └ <member '_hookexec' of 'HookCaller' objects>
           └ <HookCaller 'pytest_cmdline_main'>

  File "C:\ProgramData\Miniconda3\envs\py310\lib\site-packages\pluggy\_manager.py", line 120, in _hookexec
    return self._inner_hookexec(hook_name, methods, kwargs, firstresult)
           │    │               │          │        │       └ True
           │    │               │          │        └ {'config': <_pytest.config.Config object at 0x000002877E4F76D0>}
           │    │               │          └ [<HookImpl plugin_name='main', plugin=<module '_pytest.main' from 'C:\\ProgramData\\Miniconda3\\envs\\py310\\lib\\site-packag...
           │    │               └ 'pytest_cmdline_main'
           │    └ <function _multicall at 0x000002877D9C4B80>
           └ <_pytest.config.PytestPluginManager object at 0x000002877D659150>

  File "C:\ProgramData\Miniconda3\envs\py310\lib\site-packages\pluggy\_callers.py", line 121, in _multicall
    res = hook_impl.function(*args)
          │         │         └ [<_pytest.config.Config object at 0x000002877E4F76D0>]
          │         └ <member 'function' of 'HookImpl' objects>
          └ <HookImpl plugin_name='main', plugin=<module '_pytest.main' from 'C:\\ProgramData\\Miniconda3\\envs\\py310\\lib\\site-package...

  File "C:\ProgramData\Miniconda3\envs\py310\lib\site-packages\_pytest\main.py", line 365, in pytest_cmdline_main
    return wrap_session(config, _main)
           │            │       └ <function _main at 0x000002877E30AB90>
           │            └ <_pytest.config.Config object at 0x000002877E4F76D0>
           └ <function wrap_session at 0x000002877E30AA70>

  File "C:\ProgramData\Miniconda3\envs\py310\lib\site-packages\_pytest\main.py", line 318, in wrap_session
    session.exitstatus = doit(config, session) or 0
    │       │            │    │       └ <Session  exitstatus=<ExitCode.OK: 0> testsfailed=0 testscollected=26>
    │       │            │    └ <_pytest.config.Config object at 0x000002877E4F76D0>
    │       │            └ <function _main at 0x000002877E30AB90>
    │       └ <ExitCode.OK: 0>
    └ <Session  exitstatus=<ExitCode.OK: 0> testsfailed=0 testscollected=26>

  File "C:\ProgramData\Miniconda3\envs\py310\lib\site-packages\_pytest\main.py", line 372, in _main
    config.hook.pytest_runtestloop(session=session)
    │      │    │                          └ <Session  exitstatus=<ExitCode.OK: 0> testsfailed=0 testscollected=26>
    │      │    └ <HookCaller 'pytest_runtestloop'>
    │      └ <_pytest.config.compat.PathAwareHookProxy object at 0x000002877E530D90>
    └ <_pytest.config.Config object at 0x000002877E4F76D0>

  File "C:\ProgramData\Miniconda3\envs\py310\lib\site-packages\pluggy\_hooks.py", line 512, in __call__
    return self._hookexec(self.name, self._hookimpls.copy(), kwargs, firstresult)
           │    │         │    │     │    │                  │       └ True
           │    │         │    │     │    │                  └ {'session': <Session  exitstatus=<ExitCode.OK: 0> testsfailed=0 testscollected=26>}
           │    │         │    │     │    └ <member '_hookimpls' of 'HookCaller' objects>
           │    │         │    │     └ <HookCaller 'pytest_runtestloop'>
           │    │         │    └ <member 'name' of 'HookCaller' objects>
           │    │         └ <HookCaller 'pytest_runtestloop'>
           │    └ <member '_hookexec' of 'HookCaller' objects>
           └ <HookCaller 'pytest_runtestloop'>

  File "C:\ProgramData\Miniconda3\envs\py310\lib\site-packages\pluggy\_manager.py", line 120, in _hookexec
    return self._inner_hookexec(hook_name, methods, kwargs, firstresult)
           │    │               │          │        │       └ True
           │    │               │          │        └ {'session': <Session  exitstatus=<ExitCode.OK: 0> testsfailed=0 testscollected=26>}
           │    │               │          └ [<HookImpl plugin_name='main', plugin=<module '_pytest.main' from 'C:\\ProgramData\\Miniconda3\\envs\\py310\\lib\\site-packag...
           │    │               └ 'pytest_runtestloop'
           │    └ <function _multicall at 0x000002877D9C4B80>
           └ <_pytest.config.PytestPluginManager object at 0x000002877D659150>

  File "C:\ProgramData\Miniconda3\envs\py310\lib\site-packages\pluggy\_callers.py", line 121, in _multicall
    res = hook_impl.function(*args)
          │         │         └ [<Session  exitstatus=<ExitCode.OK: 0> testsfailed=0 testscollected=26>]
          │         └ <member 'function' of 'HookImpl' objects>
          └ <HookImpl plugin_name='main', plugin=<module '_pytest.main' from 'C:\\ProgramData\\Miniconda3\\envs\\py310\\lib\\site-package...

  File "C:\ProgramData\Miniconda3\envs\py310\lib\site-packages\_pytest\main.py", line 396, in pytest_runtestloop
    item.config.hook.pytest_runtest_protocol(item=item, nextitem=nextitem)
    │    │                                        │              └ <Function test_register_and_prepare_new_symbol>
    │    │                                        └ <Function test_load_with_auto_fetch_propagates_acquisition_error>
    │    └ <member 'config' of 'Node' objects>
    └ <Function test_load_with_auto_fetch_propagates_acquisition_error>

  File "C:\ProgramData\Miniconda3\envs\py310\lib\site-packages\pluggy\_hooks.py", line 512, in __call__
    return self._hookexec(self.name, self._hookimpls.copy(), kwargs, firstresult)
           │    │         │    │     │    │                  │       └ True
           │    │         │    │     │    │                  └ {'item': <Function test_load_with_auto_fetch_propagates_acquisition_error>, 'nextitem': <Function test_register_and_prepare_n...
           │    │         │    │     │    └ <member '_hookimpls' of 'HookCaller' objects>
           │    │         │    │     └ <HookCaller 'pytest_runtest_protocol'>
           │    │         │    └ <member 'name' of 'HookCaller' objects>
           │    │         └ <HookCaller 'pytest_runtest_protocol'>
           │    └ <member '_hookexec' of 'HookCaller' objects>
           └ <HookCaller 'pytest_runtest_protocol'>

  File "C:\ProgramData\Miniconda3\envs\py310\lib\site-packages\pluggy\_manager.py", line 120, in _hookexec
    return self._inner_hookexec(hook_name, methods, kwargs, firstresult)
           │    │               │          │        │       └ True
           │    │               │          │        └ {'item': <Function test_load_with_auto_fetch_propagates_acquisition_error>, 'nextitem': <Function test_register_and_prepare_n...
           │    │               │          └ [<HookImpl plugin_name='runner', plugin=<module '_pytest.runner' from 'C:\\ProgramData\\Miniconda3\\envs\\py310\\lib\\site-pa...
           │    │               └ 'pytest_runtest_protocol'
           │    └ <function _multicall at 0x000002877D9C4B80>
           └ <_pytest.config.PytestPluginManager object at 0x000002877D659150>

  File "C:\ProgramData\Miniconda3\envs\py310\lib\site-packages\pluggy\_callers.py", line 121, in _multicall
    res = hook_impl.function(*args)
          │         │         └ [<Function test_load_with_auto_fetch_propagates_acquisition_error>, <Function test_register_and_prepare_new_symbol>]
          │         └ <member 'function' of 'HookImpl' objects>
          └ <HookImpl plugin_name='runner', plugin=<module '_pytest.runner' from 'C:\\ProgramData\\Miniconda3\\envs\\py310\\lib\\site-pac...

  File "C:\ProgramData\Miniconda3\envs\py310\lib\site-packages\_pytest\runner.py", line 118, in pytest_runtest_protocol
    runtestprotocol(item, nextitem=nextitem)
    │               │              └ <Function test_register_and_prepare_new_symbol>
    │               └ <Function test_load_with_auto_fetch_propagates_acquisition_error>
    └ <function runtestprotocol at 0x000002877E309D80>

  File "C:\ProgramData\Miniconda3\envs\py310\lib\site-packages\_pytest\runner.py", line 137, in runtestprotocol
    reports.append(call_and_report(item, "call", log))
    │       │      │               │             └ True
    │       │      │               └ <Function test_load_with_auto_fetch_propagates_acquisition_error>
    │       │      └ <function call_and_report at 0x000002877E30A170>
    │       └ <method 'append' of 'list' objects>
    └ [<TestReport 'tests/Plugin/DataRetrievalPlugin/test_data_retrieval_plugin.py::test_load_with_auto_fetch_propagates_acquisitio...

  File "C:\ProgramData\Miniconda3\envs\py310\lib\site-packages\_pytest\runner.py", line 244, in call_and_report
    call = CallInfo.from_call(
           │        └ <classmethod(<function CallInfo.from_call at 0x000002877E30A4D0>)>
           └ <class '_pytest.runner.CallInfo'>

  File "C:\ProgramData\Miniconda3\envs\py310\lib\site-packages\_pytest\runner.py", line 353, in from_call
    result: TResult | None = func()
            │                └ <function call_and_report.<locals>.<lambda> at 0x000002871DCDAD40>
            └ +TResult

  File "C:\ProgramData\Miniconda3\envs\py310\lib\site-packages\_pytest\runner.py", line 245, in <lambda>
    lambda: runtest_hook(item=item, **kwds),
            │                 │       └ {}
            │                 └ <Function test_load_with_auto_fetch_propagates_acquisition_error>
            └ <HookCaller 'pytest_runtest_call'>

  File "C:\ProgramData\Miniconda3\envs\py310\lib\site-packages\pluggy\_hooks.py", line 512, in __call__
    return self._hookexec(self.name, self._hookimpls.copy(), kwargs, firstresult)
           │    │         │    │     │    │                  │       └ False
           │    │         │    │     │    │                  └ {'item': <Function test_load_with_auto_fetch_propagates_acquisition_error>}
           │    │         │    │     │    └ <member '_hookimpls' of 'HookCaller' objects>
           │    │         │    │     └ <HookCaller 'pytest_runtest_call'>
           │    │         │    └ <member 'name' of 'HookCaller' objects>
           │    │         └ <HookCaller 'pytest_runtest_call'>
           │    └ <member '_hookexec' of 'HookCaller' objects>
           └ <HookCaller 'pytest_runtest_call'>

  File "C:\ProgramData\Miniconda3\envs\py310\lib\site-packages\pluggy\_manager.py", line 120, in _hookexec
    return self._inner_hookexec(hook_name, methods, kwargs, firstresult)
           │    │               │          │        │       └ False
           │    │               │          │        └ {'item': <Function test_load_with_auto_fetch_propagates_acquisition_error>}
           │    │               │          └ [<HookImpl plugin_name='threadexception', plugin=<module '_pytest.threadexception' from 'C:\\ProgramData\\Miniconda3\\envs\\p...
           │    │               └ 'pytest_runtest_call'
           │    └ <function _multicall at 0x000002877D9C4B80>
           └ <_pytest.config.PytestPluginManager object at 0x000002877D659150>

  File "C:\ProgramData\Miniconda3\envs\py310\lib\site-packages\pluggy\_callers.py", line 121, in _multicall
    res = hook_impl.function(*args)
          │         │         └ [<Function test_load_with_auto_fetch_propagates_acquisition_error>]
          │         └ <member 'function' of 'HookImpl' objects>
          └ <HookImpl plugin_name='runner', plugin=<module '_pytest.runner' from 'C:\\ProgramData\\Miniconda3\\envs\\py310\\lib\\site-pac...

  File "C:\ProgramData\Miniconda3\envs\py310\lib\site-packages\_pytest\runner.py", line 179, in pytest_runtest_call
    item.runtest()
    │    └ <function Function.runtest at 0x000002877E43ADD0>
    └ <Function test_load_with_auto_fetch_propagates_acquisition_error>

  File "C:\ProgramData\Miniconda3\envs\py310\lib\site-packages\_pytest\python.py", line 1720, in runtest
    self.ihook.pytest_pyfunc_call(pyfuncitem=self)
    │    │                                   └ <Function test_load_with_auto_fetch_propagates_acquisition_error>
    │    └ <property object at 0x000002877E2860C0>
    └ <Function test_load_with_auto_fetch_propagates_acquisition_error>

  File "C:\ProgramData\Miniconda3\envs\py310\lib\site-packages\pluggy\_hooks.py", line 512, in __call__
    return self._hookexec(self.name, self._hookimpls.copy(), kwargs, firstresult)
           │    │         │    │     │    │                  │       └ True
           │    │         │    │     │    │                  └ {'pyfuncitem': <Function test_load_with_auto_fetch_propagates_acquisition_error>}
           │    │         │    │     │    └ <member '_hookimpls' of 'HookCaller' objects>
           │    │         │    │     └ <HookCaller 'pytest_pyfunc_call'>
           │    │         │    └ <member 'name' of 'HookCaller' objects>
           │    │         └ <HookCaller 'pytest_pyfunc_call'>
           │    └ <member '_hookexec' of 'HookCaller' objects>
           └ <HookCaller 'pytest_pyfunc_call'>

  File "C:\ProgramData\Miniconda3\envs\py310\lib\site-packages\pluggy\_manager.py", line 120, in _hookexec
    return self._inner_hookexec(hook_name, methods, kwargs, firstresult)
           │    │               │          │        │       └ True
           │    │               │          │        └ {'pyfuncitem': <Function test_load_with_auto_fetch_propagates_acquisition_error>}
           │    │               │          └ [<HookImpl plugin_name='python', plugin=<module '_pytest.python' from 'C:\\ProgramData\\Miniconda3\\envs\\py310\\lib\\site-pa...
           │    │               └ 'pytest_pyfunc_call'
           │    └ <function _multicall at 0x000002877D9C4B80>
           └ <_pytest.config.PytestPluginManager object at 0x000002877D659150>

  File "C:\ProgramData\Miniconda3\envs\py310\lib\site-packages\pluggy\_callers.py", line 121, in _multicall
    res = hook_impl.function(*args)
          │         │         └ [<Function test_load_with_auto_fetch_propagates_acquisition_error>]
          │         └ <member 'function' of 'HookImpl' objects>
          └ <HookImpl plugin_name='python', plugin=<module '_pytest.python' from 'C:\\ProgramData\\Miniconda3\\envs\\py310\\lib\\site-pac...

  File "C:\ProgramData\Miniconda3\envs\py310\lib\site-packages\_pytest\python.py", line 166, in pytest_pyfunc_call
    result = testfunction(**testargs)
             │              └ {'data_retrieval_plugin': <candle_data_manager.Plugin.DataRetrievalPlugin.DataRetrievalPlugin.DataRetrievalPlugin object at 0...
             └ <function test_load_with_auto_fetch_propagates_acquisition_error at 0x000002871BF03520>

  File "C:\Projects\CandleDataManager\tests\Plugin\DataRetrievalPlugin\test_data_retrieval_plugin.py", line 170, in test_load_with_auto_fetch_propagates_acquisition_error
    data_retrieval_plugin.load_with_auto_fetch(sample_symbol, start_at, end_at)
    │                     │                    │              │         └ 1609545600
    │                     │                    │              └ 1609459200
    │                     │                    └ <candle_data_manager.Core.Models.Symbol.Symbol object at 0x000002871DE8CA30>
    │                     └ <function DataRetrievalPlugin.load_with_auto_fetch at 0x000002871BF032E0>
    └ <candle_data_manager.Plugin.DataRetrievalPlugin.DataRetrievalPlugin.DataRetrievalPlugin object at 0x000002871DE8C730>

> File "C:\ProgramData\Miniconda3\envs\py310\lib\site-packages\simple_logger\logger.py", line 202, in sync_wrapper
    result = func(*args, **kwargs)
             │     │       └ {}
             │     └ (<candle_data_manager.Plugin.DataRetrievalPlugin.DataRetrievalPlugin.DataRetrievalPlugin object at 0x000002871DE8C730>, <cand...
             └ <function DataRetrievalPlugin.load_with_auto_fetch at 0x000002871BF03250>

  File "C:\Projects\CandleDataManager\src\candle_data_manager\Plugin\DataRetrievalPlugin\DataRetrievalPlugin.py", line 31, in load_with_auto_fetch
    self._acquisition_plugin.acquire_and_save(symbol, start_at, end_at)
    │    │                                    │       │         └ 1609545600
    │    │                                    │       └ 1609459200
    │    │                                    └ <candle_data_manager.Core.Models.Symbol.Symbol object at 0x000002871DE8CA30>
    │    └ <Mock spec='DataAcquisitionPlugin' id='2779345635408'>
    └ <candle_data_manager.Plugin.DataRetrievalPlugin.DataRetrievalPlugin.DataRetrievalPlugin object at 0x000002871DE8C730>

  File "C:\ProgramData\Miniconda3\envs\py310\lib\unittest\mock.py", line 1114, in __call__
    return self._mock_call(*args, **kwargs)
           │    │           │       └ {}
           │    │           └ (<candle_data_manager.Core.Models.Symbol.Symbol object at 0x000002871DE8CA30>, 1609459200, 1609545600)
           │    └ <function CallableMixin._mock_call at 0x000002877F1DCCA0>
           └ <Mock name='mock.acquire_and_save' id='2779345635168'>

  File "C:\ProgramData\Miniconda3\envs\py310\lib\unittest\mock.py", line 1118, in _mock_call
    return self._execute_mock_call(*args, **kwargs)
           │    │                   │       └ {}
           │    │                   └ (<candle_data_manager.Core.Models.Symbol.Symbol object at 0x000002871DE8CA30>, 1609459200, 1609545600)
           │    └ <function CallableMixin._execute_mock_call at 0x000002877F1DCDC0>
           └ <Mock name='mock.acquire_and_save' id='2779345635168'>

  File "C:\ProgramData\Miniconda3\envs\py310\lib\unittest\mock.py", line 1173, in _execute_mock_call
    raise effect
          └ Exception('Fetch error')

Exception: Fetch error
[26-01-20 18:42:00] [INFO    ] [-|-] SymbolService 초기화 완료
[26-01-20 18:42:00] [INFO    ] [-|-] SymbolPreparationPlugin 초기화 완료
[26-01-20 18:42:00] [DEBUG   ] [-|-] Symbol 등록 및 준비: CRYPTO-BINANCE-SPOT-BTC-USDT-1h
[26-01-20 18:42:00] [DEBUG   ] [-|-] Symbol 등록: CRYPTO-BINANCE-SPOT-BTC-USDT-1h
[26-01-20 18:42:00] [INFO    ] [-|-] 새로운 Symbol 생성: CRYPTO-BINANCE-SPOT-BTC-USDT-1h
[26-01-20 18:42:00] [INFO    ] [-|-] Symbol 등록 및 테이블 준비 완료: CRYPTO-BINANCE-SPOT-BTC-USDT-1h
[26-01-20 18:42:00] [INFO    ] [-|-] SymbolService 초기화 완료
[26-01-20 18:42:00] [INFO    ] [-|-] SymbolPreparationPlugin 초기화 완료
[26-01-20 18:42:00] [DEBUG   ] [-|-] Symbol 등록 및 준비: CRYPTO-BINANCE-SPOT-BTC-USDT-1h
[26-01-20 18:42:00] [DEBUG   ] [-|-] Symbol 등록: CRYPTO-BINANCE-SPOT-BTC-USDT-1h
[26-01-20 18:42:00] [INFO    ] [-|-] 새로운 Symbol 생성: CRYPTO-BINANCE-SPOT-BTC-USDT-1h
[26-01-20 18:42:00] [INFO    ] [-|-] Symbol 등록 및 테이블 준비 완료: CRYPTO-BINANCE-SPOT-BTC-USDT-1h
[26-01-20 18:42:00] [DEBUG   ] [-|-] Symbol 등록 및 준비: CRYPTO-BINANCE-SPOT-BTC-USDT-1h
[26-01-20 18:42:00] [DEBUG   ] [-|-] Symbol 등록: CRYPTO-BINANCE-SPOT-BTC-USDT-1h
[26-01-20 18:42:00] [DEBUG   ] [-|-] 기존 Symbol 반환: CRYPTO-BINANCE-SPOT-BTC-USDT-1h
[26-01-20 18:42:00] [INFO    ] [-|-] Symbol 등록 및 테이블 준비 완료: CRYPTO-BINANCE-SPOT-BTC-USDT-1h
[26-01-20 18:42:00] [INFO    ] [-|-] SymbolService 초기화 완료
[26-01-20 18:42:00] [INFO    ] [-|-] SymbolPreparationPlugin 초기화 완료
[26-01-20 18:42:00] [DEBUG   ] [-|-] Symbol 등록 및 준비: CRYPTO-BINANCE-SPOT-BTC-USDT-1h
[26-01-20 18:42:00] [DEBUG   ] [-|-] Symbol 등록: CRYPTO-BINANCE-SPOT-BTC-USDT-1h
[26-01-20 18:42:00] [INFO    ] [-|-] 새로운 Symbol 생성: CRYPTO-BINANCE-SPOT-BTC-USDT-1h
[26-01-20 18:42:00] [INFO    ] [-|-] Symbol 등록 및 테이블 준비 완료: CRYPTO-BINANCE-SPOT-BTC-USDT-1h
[26-01-20 18:42:00] [INFO    ] [-|-] SymbolService 초기화 완료
[26-01-20 18:42:00] [INFO    ] [-|-] SymbolPreparationPlugin 초기화 완료
[26-01-20 18:42:00] [DEBUG   ] [-|-] Symbol 등록 및 준비: CRYPTO-BINANCE-SPOT-BTC-USDT-1h
[26-01-20 18:42:00] [DEBUG   ] [-|-] Symbol 등록: CRYPTO-BINANCE-SPOT-BTC-USDT-1h
[26-01-20 18:42:00] [INFO    ] [-|-] 새로운 Symbol 생성: CRYPTO-BINANCE-SPOT-BTC-USDT-1h
[26-01-20 18:42:00] [INFO    ] [-|-] Symbol 등록 및 테이블 준비 완료: CRYPTO-BINANCE-SPOT-BTC-USDT-1h
[26-01-20 18:42:00] [INFO    ] [-|-] SymbolService 초기화 완료
[26-01-20 18:42:00] [INFO    ] [-|-] SymbolPreparationPlugin 초기화 완료
[26-01-20 18:42:00] [DEBUG   ] [-|-] Symbol 등록 및 준비: CRYPTO-BINANCE-SPOT-BTC-USDT-1h
[26-01-20 18:42:00] [DEBUG   ] [-|-] Symbol 등록: CRYPTO-BINANCE-SPOT-BTC-USDT-1h
[26-01-20 18:42:00] [INFO    ] [-|-] 새로운 Symbol 생성: CRYPTO-BINANCE-SPOT-BTC-USDT-1h
[26-01-20 18:42:00] [INFO    ] [-|-] Symbol 등록 및 테이블 준비 완료: CRYPTO-BINANCE-SPOT-BTC-USDT-1h
[26-01-20 18:42:00] [DEBUG   ] [-|-] Symbol 등록 및 준비: CRYPTO-BINANCE-SPOT-ETH-USDT-1h
[26-01-20 18:42:00] [DEBUG   ] [-|-] Symbol 등록: CRYPTO-BINANCE-SPOT-ETH-USDT-1h
[26-01-20 18:42:00] [INFO    ] [-|-] 새로운 Symbol 생성: CRYPTO-BINANCE-SPOT-ETH-USDT-1h
[26-01-20 18:42:00] [INFO    ] [-|-] Symbol 등록 및 테이블 준비 완료: CRYPTO-BINANCE-SPOT-ETH-USDT-1h
[26-01-20 18:42:00] [DEBUG   ] [-|-] Symbol 등록 및 준비: CRYPTO-UPBIT-SPOT-BTC-KRW-1d
[26-01-20 18:42:00] [DEBUG   ] [-|-] Symbol 등록: CRYPTO-UPBIT-SPOT-BTC-KRW-1d
[26-01-20 18:42:00] [INFO    ] [-|-] 새로운 Symbol 생성: CRYPTO-UPBIT-SPOT-BTC-KRW-1d
[26-01-20 18:42:00] [INFO    ] [-|-] Symbol 등록 및 테이블 준비 완료: CRYPTO-UPBIT-SPOT-BTC-KRW-1d
[26-01-20 18:42:00] [INFO    ] [-|-] SymbolService 초기화 완료
[26-01-20 18:42:00] [INFO    ] [-|-] SymbolPreparationPlugin 초기화 완료
[26-01-20 18:42:00] [DEBUG   ] [-|-] Symbol 등록 및 준비: crypto-binance-spot-btc-usdt-1h
[26-01-20 18:42:00] [DEBUG   ] [-|-] Symbol 등록: CRYPTO-BINANCE-SPOT-BTC-USDT-1h
[26-01-20 18:42:00] [INFO    ] [-|-] 새로운 Symbol 생성: CRYPTO-BINANCE-SPOT-BTC-USDT-1h
[26-01-20 18:42:00] [INFO    ] [-|-] Symbol 등록 및 테이블 준비 완료: CRYPTO-BINANCE-SPOT-BTC-USDT-1h
[26-01-20 18:42:00] [INFO    ] [-|-] SymbolService 초기화 완료
[26-01-20 18:42:00] [INFO    ] [-|-] SymbolPreparationPlugin 초기화 완료
[26-01-20 18:42:00] [DEBUG   ] [-|-] Symbol 등록 및 준비: CRYPTO-BINANCE-SPOT-BTC-USDT-1h
[26-01-20 18:42:00] [DEBUG   ] [-|-] Symbol 등록: CRYPTO-BINANCE-SPOT-BTC-USDT-1h
[26-01-20 18:42:00] [INFO    ] [-|-] 새로운 Symbol 생성: CRYPTO-BINANCE-SPOT-BTC-USDT-1h
[26-01-20 18:42:00] [INFO    ] [-|-] Symbol 등록 및 테이블 준비 완료: CRYPTO-BINANCE-SPOT-BTC-USDT-1h
[26-01-20 18:42:00] [INFO    ] [-|-] SymbolService 초기화 완료
[26-01-20 18:42:00] [INFO    ] [-|-] SymbolPreparationPlugin 초기화 완료
[26-01-20 18:42:00] [DEBUG   ] [-|-] Symbol 등록 및 준비: CRYPTO-BINANCE-SPOT-BTC-USDT-1m
[26-01-20 18:42:00] [DEBUG   ] [-|-] Symbol 등록: CRYPTO-BINANCE-SPOT-BTC-USDT-1m
[26-01-20 18:42:00] [INFO    ] [-|-] 새로운 Symbol 생성: CRYPTO-BINANCE-SPOT-BTC-USDT-1m
[26-01-20 18:42:00] [INFO    ] [-|-] Symbol 등록 및 테이블 준비 완료: CRYPTO-BINANCE-SPOT-BTC-USDT-1m
[26-01-20 18:42:00] [INFO    ] [-|-] UpdateOrchestrationPlugin 초기화 완료 (buffer_size=100000)
[26-01-20 18:42:00] [INFO    ] [-|-] Active Update 시작: CRYPTO-BINANCE-SPOT
[26-01-20 18:42:00] [INFO    ] [-|-] 마켓 리스트 조회 완료: 2개 마켓
[26-01-20 18:42:00] [DEBUG   ] [-|-] 처리 중 (1/2): BTC-USDT-1h
[26-01-20 18:42:00] [DEBUG   ] [-|-] 데이터 조회 완료: CRYPTO-BINANCE-SPOT-BTC-USDT-1h - 1 rows
[26-01-20 18:42:00] [DEBUG   ] [-|-] 처리 중 (2/2): ETH-USDT-1h
[26-01-20 18:42:00] [DEBUG   ] [-|-] 데이터 조회 완료: CRYPTO-BINANCE-SPOT-ETH-USDT-1h - 1 rows
[26-01-20 18:42:00] [INFO    ] [-|-] 마지막 버퍼 flush (2 rows)
[26-01-20 18:42:00] [INFO    ] [-|-] Active Update 완료: 성공 2, 실패 0, 총 2 rows
[26-01-20 18:42:00] [INFO    ] [-|-] UpdateOrchestrationPlugin 초기화 완료 (buffer_size=100000)
[26-01-20 18:42:00] [INFO    ] [-|-] Active Update 시작: CRYPTO-BINANCE-SPOT
[26-01-20 18:42:00] [INFO    ] [-|-] 마켓 리스트 조회 완료: 3개 마켓
[26-01-20 18:42:00] [DEBUG   ] [-|-] 처리 중 (1/3): BTC-USDT-1h
[26-01-20 18:42:00] [DEBUG   ] [-|-] 데이터 조회 완료: CRYPTO-BINANCE-SPOT-BTC-USDT-1h - 6 rows
[26-01-20 18:42:00] [DEBUG   ] [-|-] 처리 중 (2/3): ETH-USDT-1h
[26-01-20 18:42:00] [DEBUG   ] [-|-] 데이터 조회 완료: CRYPTO-BINANCE-SPOT-ETH-USDT-1h - 5 rows
[26-01-20 18:42:00] [INFO    ] [-|-] 버퍼 오버플로우 (11 rows) - bulk_save 실행
[26-01-20 18:42:00] [DEBUG   ] [-|-] 처리 중 (3/3): XRP-USDT-1h
[26-01-20 18:42:00] [DEBUG   ] [-|-] 데이터 조회 완료: CRYPTO-BINANCE-SPOT-XRP-USDT-1h - 4 rows
[26-01-20 18:42:00] [INFO    ] [-|-] 마지막 버퍼 flush (4 rows)
[26-01-20 18:42:00] [INFO    ] [-|-] Active Update 완료: 성공 3, 실패 0, 총 15 rows
[26-01-20 18:42:00] [INFO    ] [-|-] UpdateOrchestrationPlugin 초기화 완료 (buffer_size=100000)
[26-01-20 18:42:00] [INFO    ] [-|-] Active Update 시작: CRYPTO-BINANCE-SPOT
[26-01-20 18:42:00] [INFO    ] [-|-] 마켓 리스트 조회 완료: 3개 마켓
[26-01-20 18:42:00] [DEBUG   ] [-|-] 처리 중 (1/3): BTC-USDT-1h
[26-01-20 18:42:00] [DEBUG   ] [-|-] 데이터 조회 완료: CRYPTO-BINANCE-SPOT-BTC-USDT-1h - 1 rows
[26-01-20 18:42:00] [DEBUG   ] [-|-] 처리 중 (2/3): ETH-USDT-1h
[26-01-20 18:42:00] [ERROR   ] [-|-] Symbol 처리 실패: ETH-USDT-1h - Network error
[26-01-20 18:42:00] [DEBUG   ] [-|-] 처리 중 (3/3): XRP-USDT-1h
[26-01-20 18:42:00] [DEBUG   ] [-|-] 데이터 조회 완료: CRYPTO-BINANCE-SPOT-XRP-USDT-1h - 0 rows
[26-01-20 18:42:00] [INFO    ] [-|-] 마지막 버퍼 flush (1 rows)
[26-01-20 18:42:00] [INFO    ] [-|-] Active Update 완료: 성공 2, 실패 1, 총 1 rows
[26-01-20 18:42:00] [INFO    ] [-|-] UpdateOrchestrationPlugin 초기화 완료 (buffer_size=100000)
[26-01-20 18:42:00] [INFO    ] [-|-] Active Update 시작: CRYPTO-BINANCE-SPOT
[26-01-20 18:42:00] [INFO    ] [-|-] 마켓 리스트 조회 완료: 1개 마켓
[26-01-20 18:42:00] [DEBUG   ] [-|-] 처리 중 (1/3): BTC-USDT-1h
[26-01-20 18:42:00] [DEBUG   ] [-|-] 데이터 조회 완료: CRYPTO-BINANCE-SPOT-BTC-USDT-1h - 1 rows
[26-01-20 18:42:00] [DEBUG   ] [-|-] 처리 중 (2/3): BTC-USDT-1d
[26-01-20 18:42:00] [DEBUG   ] [-|-] 데이터 조회 완료: CRYPTO-BINANCE-SPOT-BTC-USDT-1d - 1 rows
[26-01-20 18:42:00] [DEBUG   ] [-|-] 처리 중 (3/3): BTC-USDT-1m
[26-01-20 18:42:00] [DEBUG   ] [-|-] 데이터 조회 완료: CRYPTO-BINANCE-SPOT-BTC-USDT-1m - 1 rows
[26-01-20 18:42:00] [INFO    ] [-|-] 마지막 버퍼 flush (3 rows)
[26-01-20 18:42:00] [INFO    ] [-|-] Active Update 완료: 성공 3, 실패 0, 총 3 rows
[26-01-20 18:42:00] [INFO    ] [-|-] UpdateOrchestrationPlugin 초기화 완료 (buffer_size=100000)
[26-01-20 18:42:00] [INFO    ] [-|-] Passive Update 시작: archetype=CRYPTO, exchange=BINANCE, tradetype=None
[26-01-20 18:42:00] [INFO    ] [-|-] 조건에 맞는 Symbol 개수: 2
[26-01-20 18:42:00] [DEBUG   ] [-|-] 처리 중 (1/2): CRYPTO-BINANCE-SPOT-BTC-USDT-1h
[26-01-20 18:42:00] [DEBUG   ] [-|-] 데이터 조회 완료: CRYPTO-BINANCE-SPOT-BTC-USDT-1h - 1 rows
[26-01-20 18:42:00] [DEBUG   ] [-|-] 처리 중 (2/2): CRYPTO-BINANCE-SPOT-ETH-USDT-1h
[26-01-20 18:42:00] [DEBUG   ] [-|-] 데이터 조회 완료: CRYPTO-BINANCE-SPOT-ETH-USDT-1h - 1 rows
[26-01-20 18:42:00] [INFO    ] [-|-] 마지막 버퍼 flush (2 rows)
[26-01-20 18:42:00] [INFO    ] [-|-] Passive Update 완료: 성공 2, 실패 0, 총 2 rows
[26-01-20 18:42:00] [INFO    ] [-|-] UpdateOrchestrationPlugin 초기화 완료 (buffer_size=100000)
[26-01-20 18:42:00] [INFO    ] [-|-] Passive Update 시작: archetype=CRYPTO, exchange=None, tradetype=None
[26-01-20 18:42:00] [INFO    ] [-|-] 조건에 맞는 Symbol 개수: 3
[26-01-20 18:42:00] [DEBUG   ] [-|-] 처리 중 (1/3): CRYPTO-BINANCE-SPOT-BTC-USDT-1h
[26-01-20 18:42:00] [DEBUG   ] [-|-] 데이터 조회 완료: CRYPTO-BINANCE-SPOT-BTC-USDT-1h - 5 rows
[26-01-20 18:42:00] [DEBUG   ] [-|-] 처리 중 (2/3): CRYPTO-BINANCE-SPOT-ETH-USDT-1h
[26-01-20 18:42:00] [DEBUG   ] [-|-] 데이터 조회 완료: CRYPTO-BINANCE-SPOT-ETH-USDT-1h - 6 rows
[26-01-20 18:42:00] [INFO    ] [-|-] 버퍼 오버플로우 (11 rows) - bulk_save 실행
[26-01-20 18:42:00] [DEBUG   ] [-|-] 처리 중 (3/3): CRYPTO-BINANCE-SPOT-XRP-USDT-1h
[26-01-20 18:42:00] [DEBUG   ] [-|-] 데이터 조회 완료: CRYPTO-BINANCE-SPOT-XRP-USDT-1h - 4 rows
[26-01-20 18:42:00] [INFO    ] [-|-] 마지막 버퍼 flush (4 rows)
[26-01-20 18:42:00] [INFO    ] [-|-] Passive Update 완료: 성공 3, 실패 0, 총 15 rows
[26-01-20 18:42:00] [INFO    ] [-|-] UpdateOrchestrationPlugin 초기화 완료 (buffer_size=100000)
[26-01-20 18:42:00] [INFO    ] [-|-] Passive Update 시작: archetype=None, exchange=None, tradetype=None
[26-01-20 18:42:00] [INFO    ] [-|-] 조건에 맞는 Symbol 개수: 2
[26-01-20 18:42:00] [DEBUG   ] [-|-] 처리 중 (1/2): CRYPTO-BINANCE-SPOT-BTC-USDT-1h
[26-01-20 18:42:00] [DEBUG   ] [-|-] 데이터 조회 완료: CRYPTO-BINANCE-SPOT-BTC-USDT-1h - 1 rows
[26-01-20 18:42:00] [DEBUG   ] [-|-] 처리 중 (2/2): CRYPTO-BINANCE-SPOT-ETH-USDT-1h
[26-01-20 18:42:00] [ERROR   ] [-|-] Symbol 처리 실패: CRYPTO-BINANCE-SPOT-ETH-USDT-1h - Database connection error
[26-01-20 18:42:00] [INFO    ] [-|-] 마지막 버퍼 flush (1 rows)
[26-01-20 18:42:00] [INFO    ] [-|-] Passive Update 완료: 성공 1, 실패 1, 총 1 rows
[26-01-20 18:42:00] [INFO    ] [-|-] UpdateOrchestrationPlugin 초기화 완료 (buffer_size=100000)
[26-01-20 18:42:00] [INFO    ] [-|-] Passive Update 시작: archetype=None, exchange=None, tradetype=None
[26-01-20 18:42:00] [INFO    ] [-|-] 조건에 맞는 Symbol 개수: 1
[26-01-20 18:42:00] [DEBUG   ] [-|-] 처리 중 (1/1): CRYPTO-BINANCE-SPOT-BTC-USDT-1h
[26-01-20 18:42:00] [DEBUG   ] [-|-] 데이터 조회 완료: CRYPTO-BINANCE-SPOT-BTC-USDT-1h - 0 rows
[26-01-20 18:42:00] [INFO    ] [-|-] Passive Update 완료: 성공 1, 실패 0, 총 0 rows
[26-01-20 18:42:00] [INFO    ] [-|-] UpdateOrchestrationPlugin 초기화 완료 (buffer_size=100000)
[26-01-20 18:42:00] [INFO    ] [-|-] Passive Update 시작: archetype=CRYPTO, exchange=BINANCE, tradetype=SPOT
[26-01-20 18:42:00] [INFO    ] [-|-] 조건에 맞는 Symbol 개수: 1
[26-01-20 18:42:00] [DEBUG   ] [-|-] 처리 중 (1/1): CRYPTO-BINANCE-SPOT-BTC-USDT-1h
[26-01-20 18:42:00] [DEBUG   ] [-|-] 데이터 조회 완료: CRYPTO-BINANCE-SPOT-BTC-USDT-1h - 1 rows
[26-01-20 18:42:00] [INFO    ] [-|-] 마지막 버퍼 flush (1 rows)
[26-01-20 18:42:00] [INFO    ] [-|-] Passive Update 완료: 성공 1, 실패 0, 총 1 rows
