[26-01-20 18:47:19] [INFO    ] [CandleDataAPI|CandleDataAPI.__init__] 초기화 시작 params={'kwargs': {'connection_manager': <Mock spec='ConnectionManager' id='2349201124864'>, 'update_plugin': <Mock spec='UpdateOrchestrationPlugin' id='2349201198576'>, 'retrieval_plugin': <Mock spec='DataRetrievalPlugin' id='2349201198672'>, 'symbol_service': <Mock spec='SymbolService' id='2349201198912'>, 'market_factory': <Mock spec='MarketFactoryService' id='2349201199056'>}}
[26-01-20 18:47:19] [INFO    ] [CandleDataAPI|CandleDataAPI.__init__] 초기화 완료
[26-01-20 18:47:19] [INFO    ] [CandleDataAPI|CandleDataAPI.active_update] 시작 params={'kwargs': {'archetype': 'CRYPTO', 'exchange': 'BINANCE', 'tradetype': 'SPOT'}}
[26-01-20 18:47:19] [INFO    ] [CandleDataAPI|CandleDataAPI.active_update] 종료 result=UpdateResult(success_symbols=[<candle_data_manager.Core.Models.Symbol.Symbol object at 0x00000222F74C53F0>], failed_symbols=[], total_rows=1000)
[26-01-20 18:47:19] [INFO    ] [CandleDataAPI|CandleDataAPI.__init__] 초기화 시작 params={'kwargs': {'connection_manager': <Mock spec='ConnectionManager' id='2349201120304'>, 'update_plugin': <Mock spec='UpdateOrchestrationPlugin' id='2349201561712'>, 'retrieval_plugin': <Mock spec='DataRetrievalPlugin' id='2349201561904'>, 'symbol_service': <Mock spec='SymbolService' id='2349201562240'>, 'market_factory': <Mock spec='MarketFactoryService' id='2349201562384'>}}
[26-01-20 18:47:19] [INFO    ] [CandleDataAPI|CandleDataAPI.__init__] 초기화 완료
[26-01-20 18:47:19] [INFO    ] [CandleDataAPI|CandleDataAPI.passive_update] 시작 params={'kwargs': {'archetype': 'CRYPTO', 'exchange': 'BINANCE', 'tradetype': 'SPOT', 'base': 'BTC', 'quote': 'USDT', 'timeframe': '1h', 'buffer_size': 50000}}
[26-01-20 18:47:19] [INFO    ] [CandleDataAPI|CandleDataAPI.passive_update] 종료 result=UpdateResult(success_symbols=[<candle_data_manager.Core.Models.Symbol.Symbol object at 0x00000222F7531CF0>], failed_symbols=[], total_rows=500)
[26-01-20 18:47:19] [INFO    ] [CandleDataAPI|CandleDataAPI.__init__] 초기화 시작 params={'kwargs': {'connection_manager': <Mock spec='ConnectionManager' id='2349201562816'>, 'update_plugin': <Mock spec='UpdateOrchestrationPlugin' id='2349201571648'>, 'retrieval_plugin': <Mock spec='DataRetrievalPlugin' id='2349201637536'>, 'symbol_service': <Mock spec='SymbolService' id='2349201637776'>, 'market_factory': <Mock spec='MarketFactoryService' id='2349201637920'>}}
[26-01-20 18:47:19] [INFO    ] [CandleDataAPI|CandleDataAPI.__init__] 초기화 완료
[26-01-20 18:47:19] [INFO    ] [CandleDataAPI|CandleDataAPI.passive_update] 시작 params={'kwargs': {'archetype': 'CRYPTO', 'exchange': 'BINANCE'}}
[26-01-20 18:47:19] [INFO    ] [CandleDataAPI|CandleDataAPI.passive_update] 종료 result=UpdateResult(success_symbols=[], failed_symbols=[], total_rows=0)
[26-01-20 18:47:19] [INFO    ] [CandleDataAPI|CandleDataAPI.__init__] 초기화 시작 params={'kwargs': {'connection_manager': <Mock spec='ConnectionManager' id='2349201571696'>, 'update_plugin': <Mock spec='UpdateOrchestrationPlugin' id='2349201198912'>, 'retrieval_plugin': <Mock spec='DataRetrievalPlugin' id='2349201199008'>, 'symbol_service': <Mock spec='SymbolService' id='2349201638112'>, 'market_factory': <Mock spec='MarketFactoryService' id='2349201637872'>}}
[26-01-20 18:47:19] [INFO    ] [CandleDataAPI|CandleDataAPI.__init__] 초기화 완료
[26-01-20 18:47:19] [INFO    ] [CandleDataAPI|CandleDataAPI.load] 시작 params={'kwargs': {'archetype': 'CRYPTO', 'exchange': 'BINANCE', 'tradetype': 'SPOT', 'quote': 'USDT', 'timeframe': '1h', 'start_at': 1609459200, 'end_at': 1609545600, 'limit': 100}}
[26-01-20 18:47:19] [INFO    ] [CandleDataAPI|CandleDataAPI.load] 종료 result=[Market(symbol=<candle_data_manager.Core.Models.Symbol.Symbol object at 0x00000222F74D8E50>, candles=   timestamp  close
0          1  100.0), Market(symbol=<candle_data_manager.Core.Models.Symbol.Symbol object at 0x00000222F74DB9A0>, candles=   timestamp  close
0          1  200.0)]
[26-01-20 18:47:19] [INFO    ] [CandleDataAPI|CandleDataAPI.__init__] 초기화 시작 params={'kwargs': {'connection_manager': <Mock spec='ConnectionManager' id='2349201120304'>, 'update_plugin': <Mock spec='UpdateOrchestrationPlugin' id='2349201835872'>, 'retrieval_plugin': <Mock spec='DataRetrievalPlugin' id='2349201835968'>, 'symbol_service': <Mock spec='SymbolService' id='2349201648048'>, 'market_factory': <Mock spec='MarketFactoryService' id='2349201647568'>}}
[26-01-20 18:47:19] [INFO    ] [CandleDataAPI|CandleDataAPI.__init__] 초기화 완료
[26-01-20 18:47:19] [INFO    ] [CandleDataAPI|CandleDataAPI.load] 시작 params={'kwargs': {'archetype': 'CRYPTO'}}
[26-01-20 18:47:19] [INFO    ] [CandleDataAPI|CandleDataAPI.load] 종료 result=[]
[26-01-20 18:47:19] [INFO    ] [CandleDataAPI|CandleDataAPI.__init__] 초기화 시작 params={'kwargs': {'connection_manager': <Mock spec='ConnectionManager' id='2349201647424'>, 'update_plugin': <Mock spec='UpdateOrchestrationPlugin' id='2349201840912'>, 'retrieval_plugin': <Mock spec='DataRetrievalPlugin' id='2349201841056'>, 'symbol_service': <Mock spec='SymbolService' id='2349201841392'>, 'market_factory': <Mock spec='MarketFactoryService' id='2349201841536'>}}
[26-01-20 18:47:19] [INFO    ] [CandleDataAPI|CandleDataAPI.__init__] 초기화 완료
[26-01-20 18:47:19] [INFO    ] [CandleDataAPI|CandleDataAPI.load] 시작 params={'kwargs': {'limit': 50}}
[26-01-20 18:47:19] [INFO    ] [CandleDataAPI|CandleDataAPI.load] 종료 result=[Market(symbol=<candle_data_manager.Core.Models.Symbol.Symbol object at 0x00000222F7575F60>, candles=   timestamp  close
0          1  100.0)]
[26-01-20 18:47:19] [INFO    ] [CandleDataAPI|CandleDataAPI.__init__] 초기화 시작 params={'kwargs': {'connection_manager': <Mock spec='ConnectionManager' id='2349201841296'>, 'update_plugin': <Mock spec='UpdateOrchestrationPlugin' id='2349201842256'>, 'retrieval_plugin': <Mock spec='DataRetrievalPlugin' id='2349201842304'>, 'symbol_service': <Mock spec='SymbolService' id='2349201842784'>, 'market_factory': <Mock spec='MarketFactoryService' id='2349201842016'>}}
[26-01-20 18:47:19] [INFO    ] [CandleDataAPI|CandleDataAPI.__init__] 초기화 완료
[26-01-20 18:47:19] [INFO    ] [CandleDataAPI|CandleDataAPI.get_symbol] 시작 params={'args': ('CRYPTO-BINANCE-SPOT-BTC-USDT-1h',)}
[26-01-20 18:47:19] [INFO    ] [CandleDataAPI|CandleDataAPI.get_symbol] 종료 result=CRYPTO-BINANCE-SPOT-BTC-USDT-1h
[26-01-20 18:47:19] [INFO    ] [CandleDataAPI|CandleDataAPI.__init__] 초기화 시작 params={'kwargs': {'connection_manager': <Mock spec='ConnectionManager' id='2349201840960'>, 'update_plugin': <Mock spec='UpdateOrchestrationPlugin' id='2349201644352'>, 'retrieval_plugin': <Mock spec='DataRetrievalPlugin' id='2349201644592'>, 'symbol_service': <Mock spec='SymbolService' id='2349201644736'>, 'market_factory': <Mock spec='MarketFactoryService' id='2349201644928'>}}
[26-01-20 18:47:19] [INFO    ] [CandleDataAPI|CandleDataAPI.__init__] 초기화 완료
[26-01-20 18:47:19] [INFO    ] [CandleDataAPI|CandleDataAPI.get_symbol] 시작 params={'args': ('INVALID-SYMBOL-STRING',)}
[26-01-20 18:47:19] [INFO    ] [CandleDataAPI|CandleDataAPI.get_symbol] 종료 result=None
[26-01-20 18:47:19] [INFO    ] [CandleDataAPI|CandleDataAPI.__init__] 초기화 시작 params={'kwargs': {'connection_manager': <Mock spec='ConnectionManager' id='2349201644880'>, 'update_plugin': <Mock spec='UpdateOrchestrationPlugin' id='2349201647664'>, 'retrieval_plugin': <Mock spec='DataRetrievalPlugin' id='2349201646368'>, 'symbol_service': <Mock spec='SymbolService' id='2349201640560'>, 'market_factory': <Mock spec='MarketFactoryService' id='2349201845376'>}}
[26-01-20 18:47:19] [INFO    ] [CandleDataAPI|CandleDataAPI.__init__] 초기화 완료
[26-01-20 18:47:19] [INFO    ] [CandleDataAPI|CandleDataAPI.active_update] 시작 params={'kwargs': {'archetype': 'CRYPTO', 'exchange': 'BINANCE', 'tradetype': 'SPOT'}}
[26-01-20 18:47:19] [ERROR   ] [CandleDataAPI|CandleDataAPI.active_update] 오류 발생
Traceback (most recent call last):

  File "C:\ProgramData\Miniconda3\envs\py310\lib\runpy.py", line 196, in _run_module_as_main
    return _run_code(code, main_globals, None,
           │         │     └ {'__name__': '__main__', '__doc__': 'The pytest entry point.', '__package__': 'pytest', '__loader__': <_frozen_importlib_exte...
           │         └ <code object <module> at 0x00000222D70E9B00, file "C:\ProgramData\Miniconda3\envs\py310\lib\site-packages\pytest\__main__.py"...
           └ <function _run_code at 0x00000222D70E5240>

  File "C:\ProgramData\Miniconda3\envs\py310\lib\runpy.py", line 86, in _run_code
    exec(code, run_globals)
         │     └ {'__name__': '__main__', '__doc__': 'The pytest entry point.', '__package__': 'pytest', '__loader__': <_frozen_importlib_exte...
         └ <code object <module> at 0x00000222D70E9B00, file "C:\ProgramData\Miniconda3\envs\py310\lib\site-packages\pytest\__main__.py"...

  File "C:\ProgramData\Miniconda3\envs\py310\lib\site-packages\pytest\__main__.py", line 9, in <module>
    raise SystemExit(pytest.console_main())
                     │      └ <function console_main at 0x00000222D7CF77F0>
                     └ <module 'pytest' from 'C:\\ProgramData\\Miniconda3\\envs\\py310\\lib\\site-packages\\pytest\\__init__.py'>

  File "C:\ProgramData\Miniconda3\envs\py310\lib\site-packages\_pytest\config\__init__.py", line 221, in console_main
    code = main()
           └ <function main at 0x00000222D7CF7760>

  File "C:\ProgramData\Miniconda3\envs\py310\lib\site-packages\_pytest\config\__init__.py", line 197, in main
    ret: ExitCode | int = config.hook.pytest_cmdline_main(config=config)
         │                │      │    │                          └ <_pytest.config.Config object at 0x00000222D7F976D0>
         │                │      │    └ <HookCaller 'pytest_cmdline_main'>
         │                │      └ <_pytest.config.compat.PathAwareHookProxy object at 0x00000222D7FD0D90>
         │                └ <_pytest.config.Config object at 0x00000222D7F976D0>
         └ <enum 'ExitCode'>

  File "C:\ProgramData\Miniconda3\envs\py310\lib\site-packages\pluggy\_hooks.py", line 512, in __call__
    return self._hookexec(self.name, self._hookimpls.copy(), kwargs, firstresult)
           │    │         │    │     │    │                  │       └ True
           │    │         │    │     │    │                  └ {'config': <_pytest.config.Config object at 0x00000222D7F976D0>}
           │    │         │    │     │    └ <member '_hookimpls' of 'HookCaller' objects>
           │    │         │    │     └ <HookCaller 'pytest_cmdline_main'>
           │    │         │    └ <member 'name' of 'HookCaller' objects>
           │    │         └ <HookCaller 'pytest_cmdline_main'>
           │    └ <member '_hookexec' of 'HookCaller' objects>
           └ <HookCaller 'pytest_cmdline_main'>

  File "C:\ProgramData\Miniconda3\envs\py310\lib\site-packages\pluggy\_manager.py", line 120, in _hookexec
    return self._inner_hookexec(hook_name, methods, kwargs, firstresult)
           │    │               │          │        │       └ True
           │    │               │          │        └ {'config': <_pytest.config.Config object at 0x00000222D7F976D0>}
           │    │               │          └ [<HookImpl plugin_name='main', plugin=<module '_pytest.main' from 'C:\\ProgramData\\Miniconda3\\envs\\py310\\lib\\site-packag...
           │    │               └ 'pytest_cmdline_main'
           │    └ <function _multicall at 0x00000222D7444B80>
           └ <_pytest.config.PytestPluginManager object at 0x00000222D70D9150>

  File "C:\ProgramData\Miniconda3\envs\py310\lib\site-packages\pluggy\_callers.py", line 121, in _multicall
    res = hook_impl.function(*args)
          │         │         └ [<_pytest.config.Config object at 0x00000222D7F976D0>]
          │         └ <member 'function' of 'HookImpl' objects>
          └ <HookImpl plugin_name='main', plugin=<module '_pytest.main' from 'C:\\ProgramData\\Miniconda3\\envs\\py310\\lib\\site-package...

  File "C:\ProgramData\Miniconda3\envs\py310\lib\site-packages\_pytest\main.py", line 365, in pytest_cmdline_main
    return wrap_session(config, _main)
           │            │       └ <function _main at 0x00000222D7DAAB90>
           │            └ <_pytest.config.Config object at 0x00000222D7F976D0>
           └ <function wrap_session at 0x00000222D7DAAA70>

  File "C:\ProgramData\Miniconda3\envs\py310\lib\site-packages\_pytest\main.py", line 318, in wrap_session
    session.exitstatus = doit(config, session) or 0
    │       │            │    │       └ <Session  exitstatus=<ExitCode.OK: 0> testsfailed=0 testscollected=11>
    │       │            │    └ <_pytest.config.Config object at 0x00000222D7F976D0>
    │       │            └ <function _main at 0x00000222D7DAAB90>
    │       └ <ExitCode.OK: 0>
    └ <Session  exitstatus=<ExitCode.OK: 0> testsfailed=0 testscollected=11>

  File "C:\ProgramData\Miniconda3\envs\py310\lib\site-packages\_pytest\main.py", line 372, in _main
    config.hook.pytest_runtestloop(session=session)
    │      │    │                          └ <Session  exitstatus=<ExitCode.OK: 0> testsfailed=0 testscollected=11>
    │      │    └ <HookCaller 'pytest_runtestloop'>
    │      └ <_pytest.config.compat.PathAwareHookProxy object at 0x00000222D7FD0D90>
    └ <_pytest.config.Config object at 0x00000222D7F976D0>

  File "C:\ProgramData\Miniconda3\envs\py310\lib\site-packages\pluggy\_hooks.py", line 512, in __call__
    return self._hookexec(self.name, self._hookimpls.copy(), kwargs, firstresult)
           │    │         │    │     │    │                  │       └ True
           │    │         │    │     │    │                  └ {'session': <Session  exitstatus=<ExitCode.OK: 0> testsfailed=0 testscollected=11>}
           │    │         │    │     │    └ <member '_hookimpls' of 'HookCaller' objects>
           │    │         │    │     └ <HookCaller 'pytest_runtestloop'>
           │    │         │    └ <member 'name' of 'HookCaller' objects>
           │    │         └ <HookCaller 'pytest_runtestloop'>
           │    └ <member '_hookexec' of 'HookCaller' objects>
           └ <HookCaller 'pytest_runtestloop'>

  File "C:\ProgramData\Miniconda3\envs\py310\lib\site-packages\pluggy\_manager.py", line 120, in _hookexec
    return self._inner_hookexec(hook_name, methods, kwargs, firstresult)
           │    │               │          │        │       └ True
           │    │               │          │        └ {'session': <Session  exitstatus=<ExitCode.OK: 0> testsfailed=0 testscollected=11>}
           │    │               │          └ [<HookImpl plugin_name='main', plugin=<module '_pytest.main' from 'C:\\ProgramData\\Miniconda3\\envs\\py310\\lib\\site-packag...
           │    │               └ 'pytest_runtestloop'
           │    └ <function _multicall at 0x00000222D7444B80>
           └ <_pytest.config.PytestPluginManager object at 0x00000222D70D9150>

  File "C:\ProgramData\Miniconda3\envs\py310\lib\site-packages\pluggy\_callers.py", line 121, in _multicall
    res = hook_impl.function(*args)
          │         │         └ [<Session  exitstatus=<ExitCode.OK: 0> testsfailed=0 testscollected=11>]
          │         └ <member 'function' of 'HookImpl' objects>
          └ <HookImpl plugin_name='main', plugin=<module '_pytest.main' from 'C:\\ProgramData\\Miniconda3\\envs\\py310\\lib\\site-package...

  File "C:\ProgramData\Miniconda3\envs\py310\lib\site-packages\_pytest\main.py", line 396, in pytest_runtestloop
    item.config.hook.pytest_runtest_protocol(item=item, nextitem=nextitem)
    │    │                                        │              └ <Function test_load_propagates_exception_from_symbol_service>
    │    │                                        └ <Function test_active_update_propagates_exception>
    │    └ <member 'config' of 'Node' objects>
    └ <Function test_active_update_propagates_exception>

  File "C:\ProgramData\Miniconda3\envs\py310\lib\site-packages\pluggy\_hooks.py", line 512, in __call__
    return self._hookexec(self.name, self._hookimpls.copy(), kwargs, firstresult)
           │    │         │    │     │    │                  │       └ True
           │    │         │    │     │    │                  └ {'item': <Function test_active_update_propagates_exception>, 'nextitem': <Function test_load_propagates_exception_from_symbol...
           │    │         │    │     │    └ <member '_hookimpls' of 'HookCaller' objects>
           │    │         │    │     └ <HookCaller 'pytest_runtest_protocol'>
           │    │         │    └ <member 'name' of 'HookCaller' objects>
           │    │         └ <HookCaller 'pytest_runtest_protocol'>
           │    └ <member '_hookexec' of 'HookCaller' objects>
           └ <HookCaller 'pytest_runtest_protocol'>

  File "C:\ProgramData\Miniconda3\envs\py310\lib\site-packages\pluggy\_manager.py", line 120, in _hookexec
    return self._inner_hookexec(hook_name, methods, kwargs, firstresult)
           │    │               │          │        │       └ True
           │    │               │          │        └ {'item': <Function test_active_update_propagates_exception>, 'nextitem': <Function test_load_propagates_exception_from_symbol...
           │    │               │          └ [<HookImpl plugin_name='runner', plugin=<module '_pytest.runner' from 'C:\\ProgramData\\Miniconda3\\envs\\py310\\lib\\site-pa...
           │    │               └ 'pytest_runtest_protocol'
           │    └ <function _multicall at 0x00000222D7444B80>
           └ <_pytest.config.PytestPluginManager object at 0x00000222D70D9150>

  File "C:\ProgramData\Miniconda3\envs\py310\lib\site-packages\pluggy\_callers.py", line 121, in _multicall
    res = hook_impl.function(*args)
          │         │         └ [<Function test_active_update_propagates_exception>, <Function test_load_propagates_exception_from_symbol_service>]
          │         └ <member 'function' of 'HookImpl' objects>
          └ <HookImpl plugin_name='runner', plugin=<module '_pytest.runner' from 'C:\\ProgramData\\Miniconda3\\envs\\py310\\lib\\site-pac...

  File "C:\ProgramData\Miniconda3\envs\py310\lib\site-packages\_pytest\runner.py", line 118, in pytest_runtest_protocol
    runtestprotocol(item, nextitem=nextitem)
    │               │              └ <Function test_load_propagates_exception_from_symbol_service>
    │               └ <Function test_active_update_propagates_exception>
    └ <function runtestprotocol at 0x00000222D7DA9D80>

  File "C:\ProgramData\Miniconda3\envs\py310\lib\site-packages\_pytest\runner.py", line 137, in runtestprotocol
    reports.append(call_and_report(item, "call", log))
    │       │      │               │             └ True
    │       │      │               └ <Function test_active_update_propagates_exception>
    │       │      └ <function call_and_report at 0x00000222D7DAA170>
    │       └ <method 'append' of 'list' objects>
    └ [<TestReport 'tests/API/CandleDataAPI/test_candle_data_api.py::test_active_update_propagates_exception' when='setup' outcome=...

  File "C:\ProgramData\Miniconda3\envs\py310\lib\site-packages\_pytest\runner.py", line 244, in call_and_report
    call = CallInfo.from_call(
           │        └ <classmethod(<function CallInfo.from_call at 0x00000222D7DAA4D0>)>
           └ <class '_pytest.runner.CallInfo'>

  File "C:\ProgramData\Miniconda3\envs\py310\lib\site-packages\_pytest\runner.py", line 353, in from_call
    result: TResult | None = func()
            │                └ <function call_and_report.<locals>.<lambda> at 0x00000222DA024DC0>
            └ +TResult

  File "C:\ProgramData\Miniconda3\envs\py310\lib\site-packages\_pytest\runner.py", line 245, in <lambda>
    lambda: runtest_hook(item=item, **kwds),
            │                 │       └ {}
            │                 └ <Function test_active_update_propagates_exception>
            └ <HookCaller 'pytest_runtest_call'>

  File "C:\ProgramData\Miniconda3\envs\py310\lib\site-packages\pluggy\_hooks.py", line 512, in __call__
    return self._hookexec(self.name, self._hookimpls.copy(), kwargs, firstresult)
           │    │         │    │     │    │                  │       └ False
           │    │         │    │     │    │                  └ {'item': <Function test_active_update_propagates_exception>}
           │    │         │    │     │    └ <member '_hookimpls' of 'HookCaller' objects>
           │    │         │    │     └ <HookCaller 'pytest_runtest_call'>
           │    │         │    └ <member 'name' of 'HookCaller' objects>
           │    │         └ <HookCaller 'pytest_runtest_call'>
           │    └ <member '_hookexec' of 'HookCaller' objects>
           └ <HookCaller 'pytest_runtest_call'>

  File "C:\ProgramData\Miniconda3\envs\py310\lib\site-packages\pluggy\_manager.py", line 120, in _hookexec
    return self._inner_hookexec(hook_name, methods, kwargs, firstresult)
           │    │               │          │        │       └ False
           │    │               │          │        └ {'item': <Function test_active_update_propagates_exception>}
           │    │               │          └ [<HookImpl plugin_name='threadexception', plugin=<module '_pytest.threadexception' from 'C:\\ProgramData\\Miniconda3\\envs\\p...
           │    │               └ 'pytest_runtest_call'
           │    └ <function _multicall at 0x00000222D7444B80>
           └ <_pytest.config.PytestPluginManager object at 0x00000222D70D9150>

  File "C:\ProgramData\Miniconda3\envs\py310\lib\site-packages\pluggy\_callers.py", line 121, in _multicall
    res = hook_impl.function(*args)
          │         │         └ [<Function test_active_update_propagates_exception>]
          │         └ <member 'function' of 'HookImpl' objects>
          └ <HookImpl plugin_name='runner', plugin=<module '_pytest.runner' from 'C:\\ProgramData\\Miniconda3\\envs\\py310\\lib\\site-pac...

  File "C:\ProgramData\Miniconda3\envs\py310\lib\site-packages\_pytest\runner.py", line 179, in pytest_runtest_call
    item.runtest()
    │    └ <function Function.runtest at 0x00000222D7EDADD0>
    └ <Function test_active_update_propagates_exception>

  File "C:\ProgramData\Miniconda3\envs\py310\lib\site-packages\_pytest\python.py", line 1720, in runtest
    self.ihook.pytest_pyfunc_call(pyfuncitem=self)
    │    │                                   └ <Function test_active_update_propagates_exception>
    │    └ <property object at 0x00000222D7D26200>
    └ <Function test_active_update_propagates_exception>

  File "C:\ProgramData\Miniconda3\envs\py310\lib\site-packages\pluggy\_hooks.py", line 512, in __call__
    return self._hookexec(self.name, self._hookimpls.copy(), kwargs, firstresult)
           │    │         │    │     │    │                  │       └ True
           │    │         │    │     │    │                  └ {'pyfuncitem': <Function test_active_update_propagates_exception>}
           │    │         │    │     │    └ <member '_hookimpls' of 'HookCaller' objects>
           │    │         │    │     └ <HookCaller 'pytest_pyfunc_call'>
           │    │         │    └ <member 'name' of 'HookCaller' objects>
           │    │         └ <HookCaller 'pytest_pyfunc_call'>
           │    └ <member '_hookexec' of 'HookCaller' objects>
           └ <HookCaller 'pytest_pyfunc_call'>

  File "C:\ProgramData\Miniconda3\envs\py310\lib\site-packages\pluggy\_manager.py", line 120, in _hookexec
    return self._inner_hookexec(hook_name, methods, kwargs, firstresult)
           │    │               │          │        │       └ True
           │    │               │          │        └ {'pyfuncitem': <Function test_active_update_propagates_exception>}
           │    │               │          └ [<HookImpl plugin_name='python', plugin=<module '_pytest.python' from 'C:\\ProgramData\\Miniconda3\\envs\\py310\\lib\\site-pa...
           │    │               └ 'pytest_pyfunc_call'
           │    └ <function _multicall at 0x00000222D7444B80>
           └ <_pytest.config.PytestPluginManager object at 0x00000222D70D9150>

  File "C:\ProgramData\Miniconda3\envs\py310\lib\site-packages\pluggy\_callers.py", line 121, in _multicall
    res = hook_impl.function(*args)
          │         │         └ [<Function test_active_update_propagates_exception>]
          │         └ <member 'function' of 'HookImpl' objects>
          └ <HookImpl plugin_name='python', plugin=<module '_pytest.python' from 'C:\\ProgramData\\Miniconda3\\envs\\py310\\lib\\site-pac...

  File "C:\ProgramData\Miniconda3\envs\py310\lib\site-packages\_pytest\python.py", line 166, in pytest_pyfunc_call
    result = testfunction(**testargs)
             │              └ {'candle_data_api': <candle_data_manager.API.CandleDataAPI.CandleDataAPI.CandleDataAPI object at 0x00000222F7576C50>, 'mock_c...
             └ <function test_active_update_propagates_exception at 0x00000222F74BCEE0>

  File "C:\Projects\CandleDataManager\tests\API\CandleDataAPI\test_candle_data_api.py", line 324, in test_active_update_propagates_exception
    candle_data_api.active_update(
    │               └ <function CandleDataAPI.active_update at 0x00000222F74BC430>
    └ <candle_data_manager.API.CandleDataAPI.CandleDataAPI.CandleDataAPI object at 0x00000222F7576C50>

> File "C:\ProgramData\Miniconda3\envs\py310\lib\site-packages\simple_logger\logger.py", line 202, in sync_wrapper
    result = func(*args, **kwargs)
             │     │       └ {'archetype': 'CRYPTO', 'exchange': 'BINANCE', 'tradetype': 'SPOT'}
             │     └ (<candle_data_manager.API.CandleDataAPI.CandleDataAPI.CandleDataAPI object at 0x00000222F7576C50>,)
             └ <function CandleDataAPI.active_update at 0x00000222F74BC0D0>

  File "C:\Projects\CandleDataManager\src\candle_data_manager\API\CandleDataAPI\CandleDataAPI.py", line 39, in active_update
    return self._update_plugin.active_update(
           │    └ <Mock spec='UpdateOrchestrationPlugin' id='2349201647664'>
           └ <candle_data_manager.API.CandleDataAPI.CandleDataAPI.CandleDataAPI object at 0x00000222F7576C50>

  File "C:\ProgramData\Miniconda3\envs\py310\lib\unittest\mock.py", line 1114, in __call__
    return self._mock_call(*args, **kwargs)
           │    │           │       └ {'session': <MagicMock id='2349201645216'>, 'archetype': 'CRYPTO', 'exchange': 'BINANCE', 'tradetype': 'SPOT'}
           │    │           └ ()
           │    └ <function CallableMixin._mock_call at 0x00000222DA0DD000>
           └ <Mock name='mock.active_update' id='2349201840912'>

  File "C:\ProgramData\Miniconda3\envs\py310\lib\unittest\mock.py", line 1118, in _mock_call
    return self._execute_mock_call(*args, **kwargs)
           │    │                   │       └ {'session': <MagicMock id='2349201645216'>, 'archetype': 'CRYPTO', 'exchange': 'BINANCE', 'tradetype': 'SPOT'}
           │    │                   └ ()
           │    └ <function CallableMixin._execute_mock_call at 0x00000222DA0DD120>
           └ <Mock name='mock.active_update' id='2349201840912'>

  File "C:\ProgramData\Miniconda3\envs\py310\lib\unittest\mock.py", line 1173, in _execute_mock_call
    raise effect
          └ Exception('Update failed')

Exception: Update failed
[26-01-20 18:47:19] [INFO    ] [CandleDataAPI|CandleDataAPI.__init__] 초기화 시작 params={'kwargs': {'connection_manager': <Mock spec='ConnectionManager' id='2349173949968'>, 'update_plugin': <Mock spec='UpdateOrchestrationPlugin' id='2349201638256'>, 'retrieval_plugin': <Mock spec='DataRetrievalPlugin' id='2349201638688'>, 'symbol_service': <Mock spec='SymbolService' id='2349201638832'>, 'market_factory': <Mock spec='MarketFactoryService' id='2349201641184'>}}
[26-01-20 18:47:19] [INFO    ] [CandleDataAPI|CandleDataAPI.__init__] 초기화 완료
[26-01-20 18:47:19] [INFO    ] [CandleDataAPI|CandleDataAPI.load] 시작 params={'kwargs': {'archetype': 'CRYPTO'}}
[26-01-20 18:47:19] [ERROR   ] [CandleDataAPI|CandleDataAPI.load] 오류 발생
Traceback (most recent call last):

  File "C:\ProgramData\Miniconda3\envs\py310\lib\runpy.py", line 196, in _run_module_as_main
    return _run_code(code, main_globals, None,
           │         │     └ {'__name__': '__main__', '__doc__': 'The pytest entry point.', '__package__': 'pytest', '__loader__': <_frozen_importlib_exte...
           │         └ <code object <module> at 0x00000222D70E9B00, file "C:\ProgramData\Miniconda3\envs\py310\lib\site-packages\pytest\__main__.py"...
           └ <function _run_code at 0x00000222D70E5240>

  File "C:\ProgramData\Miniconda3\envs\py310\lib\runpy.py", line 86, in _run_code
    exec(code, run_globals)
         │     └ {'__name__': '__main__', '__doc__': 'The pytest entry point.', '__package__': 'pytest', '__loader__': <_frozen_importlib_exte...
         └ <code object <module> at 0x00000222D70E9B00, file "C:\ProgramData\Miniconda3\envs\py310\lib\site-packages\pytest\__main__.py"...

  File "C:\ProgramData\Miniconda3\envs\py310\lib\site-packages\pytest\__main__.py", line 9, in <module>
    raise SystemExit(pytest.console_main())
                     │      └ <function console_main at 0x00000222D7CF77F0>
                     └ <module 'pytest' from 'C:\\ProgramData\\Miniconda3\\envs\\py310\\lib\\site-packages\\pytest\\__init__.py'>

  File "C:\ProgramData\Miniconda3\envs\py310\lib\site-packages\_pytest\config\__init__.py", line 221, in console_main
    code = main()
           └ <function main at 0x00000222D7CF7760>

  File "C:\ProgramData\Miniconda3\envs\py310\lib\site-packages\_pytest\config\__init__.py", line 197, in main
    ret: ExitCode | int = config.hook.pytest_cmdline_main(config=config)
         │                │      │    │                          └ <_pytest.config.Config object at 0x00000222D7F976D0>
         │                │      │    └ <HookCaller 'pytest_cmdline_main'>
         │                │      └ <_pytest.config.compat.PathAwareHookProxy object at 0x00000222D7FD0D90>
         │                └ <_pytest.config.Config object at 0x00000222D7F976D0>
         └ <enum 'ExitCode'>

  File "C:\ProgramData\Miniconda3\envs\py310\lib\site-packages\pluggy\_hooks.py", line 512, in __call__
    return self._hookexec(self.name, self._hookimpls.copy(), kwargs, firstresult)
           │    │         │    │     │    │                  │       └ True
           │    │         │    │     │    │                  └ {'config': <_pytest.config.Config object at 0x00000222D7F976D0>}
           │    │         │    │     │    └ <member '_hookimpls' of 'HookCaller' objects>
           │    │         │    │     └ <HookCaller 'pytest_cmdline_main'>
           │    │         │    └ <member 'name' of 'HookCaller' objects>
           │    │         └ <HookCaller 'pytest_cmdline_main'>
           │    └ <member '_hookexec' of 'HookCaller' objects>
           └ <HookCaller 'pytest_cmdline_main'>

  File "C:\ProgramData\Miniconda3\envs\py310\lib\site-packages\pluggy\_manager.py", line 120, in _hookexec
    return self._inner_hookexec(hook_name, methods, kwargs, firstresult)
           │    │               │          │        │       └ True
           │    │               │          │        └ {'config': <_pytest.config.Config object at 0x00000222D7F976D0>}
           │    │               │          └ [<HookImpl plugin_name='main', plugin=<module '_pytest.main' from 'C:\\ProgramData\\Miniconda3\\envs\\py310\\lib\\site-packag...
           │    │               └ 'pytest_cmdline_main'
           │    └ <function _multicall at 0x00000222D7444B80>
           └ <_pytest.config.PytestPluginManager object at 0x00000222D70D9150>

  File "C:\ProgramData\Miniconda3\envs\py310\lib\site-packages\pluggy\_callers.py", line 121, in _multicall
    res = hook_impl.function(*args)
          │         │         └ [<_pytest.config.Config object at 0x00000222D7F976D0>]
          │         └ <member 'function' of 'HookImpl' objects>
          └ <HookImpl plugin_name='main', plugin=<module '_pytest.main' from 'C:\\ProgramData\\Miniconda3\\envs\\py310\\lib\\site-package...

  File "C:\ProgramData\Miniconda3\envs\py310\lib\site-packages\_pytest\main.py", line 365, in pytest_cmdline_main
    return wrap_session(config, _main)
           │            │       └ <function _main at 0x00000222D7DAAB90>
           │            └ <_pytest.config.Config object at 0x00000222D7F976D0>
           └ <function wrap_session at 0x00000222D7DAAA70>

  File "C:\ProgramData\Miniconda3\envs\py310\lib\site-packages\_pytest\main.py", line 318, in wrap_session
    session.exitstatus = doit(config, session) or 0
    │       │            │    │       └ <Session  exitstatus=<ExitCode.OK: 0> testsfailed=0 testscollected=11>
    │       │            │    └ <_pytest.config.Config object at 0x00000222D7F976D0>
    │       │            └ <function _main at 0x00000222D7DAAB90>
    │       └ <ExitCode.OK: 0>
    └ <Session  exitstatus=<ExitCode.OK: 0> testsfailed=0 testscollected=11>

  File "C:\ProgramData\Miniconda3\envs\py310\lib\site-packages\_pytest\main.py", line 372, in _main
    config.hook.pytest_runtestloop(session=session)
    │      │    │                          └ <Session  exitstatus=<ExitCode.OK: 0> testsfailed=0 testscollected=11>
    │      │    └ <HookCaller 'pytest_runtestloop'>
    │      └ <_pytest.config.compat.PathAwareHookProxy object at 0x00000222D7FD0D90>
    └ <_pytest.config.Config object at 0x00000222D7F976D0>

  File "C:\ProgramData\Miniconda3\envs\py310\lib\site-packages\pluggy\_hooks.py", line 512, in __call__
    return self._hookexec(self.name, self._hookimpls.copy(), kwargs, firstresult)
           │    │         │    │     │    │                  │       └ True
           │    │         │    │     │    │                  └ {'session': <Session  exitstatus=<ExitCode.OK: 0> testsfailed=0 testscollected=11>}
           │    │         │    │     │    └ <member '_hookimpls' of 'HookCaller' objects>
           │    │         │    │     └ <HookCaller 'pytest_runtestloop'>
           │    │         │    └ <member 'name' of 'HookCaller' objects>
           │    │         └ <HookCaller 'pytest_runtestloop'>
           │    └ <member '_hookexec' of 'HookCaller' objects>
           └ <HookCaller 'pytest_runtestloop'>

  File "C:\ProgramData\Miniconda3\envs\py310\lib\site-packages\pluggy\_manager.py", line 120, in _hookexec
    return self._inner_hookexec(hook_name, methods, kwargs, firstresult)
           │    │               │          │        │       └ True
           │    │               │          │        └ {'session': <Session  exitstatus=<ExitCode.OK: 0> testsfailed=0 testscollected=11>}
           │    │               │          └ [<HookImpl plugin_name='main', plugin=<module '_pytest.main' from 'C:\\ProgramData\\Miniconda3\\envs\\py310\\lib\\site-packag...
           │    │               └ 'pytest_runtestloop'
           │    └ <function _multicall at 0x00000222D7444B80>
           └ <_pytest.config.PytestPluginManager object at 0x00000222D70D9150>

  File "C:\ProgramData\Miniconda3\envs\py310\lib\site-packages\pluggy\_callers.py", line 121, in _multicall
    res = hook_impl.function(*args)
          │         │         └ [<Session  exitstatus=<ExitCode.OK: 0> testsfailed=0 testscollected=11>]
          │         └ <member 'function' of 'HookImpl' objects>
          └ <HookImpl plugin_name='main', plugin=<module '_pytest.main' from 'C:\\ProgramData\\Miniconda3\\envs\\py310\\lib\\site-package...

  File "C:\ProgramData\Miniconda3\envs\py310\lib\site-packages\_pytest\main.py", line 396, in pytest_runtestloop
    item.config.hook.pytest_runtest_protocol(item=item, nextitem=nextitem)
    │    │                                        │              └ <Function test_load_propagates_exception_from_retrieval_plugin>
    │    │                                        └ <Function test_load_propagates_exception_from_symbol_service>
    │    └ <member 'config' of 'Node' objects>
    └ <Function test_load_propagates_exception_from_symbol_service>

  File "C:\ProgramData\Miniconda3\envs\py310\lib\site-packages\pluggy\_hooks.py", line 512, in __call__
    return self._hookexec(self.name, self._hookimpls.copy(), kwargs, firstresult)
           │    │         │    │     │    │                  │       └ True
           │    │         │    │     │    │                  └ {'item': <Function test_load_propagates_exception_from_symbol_service>, 'nextitem': <Function test_load_propagates_exception_...
           │    │         │    │     │    └ <member '_hookimpls' of 'HookCaller' objects>
           │    │         │    │     └ <HookCaller 'pytest_runtest_protocol'>
           │    │         │    └ <member 'name' of 'HookCaller' objects>
           │    │         └ <HookCaller 'pytest_runtest_protocol'>
           │    └ <member '_hookexec' of 'HookCaller' objects>
           └ <HookCaller 'pytest_runtest_protocol'>

  File "C:\ProgramData\Miniconda3\envs\py310\lib\site-packages\pluggy\_manager.py", line 120, in _hookexec
    return self._inner_hookexec(hook_name, methods, kwargs, firstresult)
           │    │               │          │        │       └ True
           │    │               │          │        └ {'item': <Function test_load_propagates_exception_from_symbol_service>, 'nextitem': <Function test_load_propagates_exception_...
           │    │               │          └ [<HookImpl plugin_name='runner', plugin=<module '_pytest.runner' from 'C:\\ProgramData\\Miniconda3\\envs\\py310\\lib\\site-pa...
           │    │               └ 'pytest_runtest_protocol'
           │    └ <function _multicall at 0x00000222D7444B80>
           └ <_pytest.config.PytestPluginManager object at 0x00000222D70D9150>

  File "C:\ProgramData\Miniconda3\envs\py310\lib\site-packages\pluggy\_callers.py", line 121, in _multicall
    res = hook_impl.function(*args)
          │         │         └ [<Function test_load_propagates_exception_from_symbol_service>, <Function test_load_propagates_exception_from_retrieval_plugin>]
          │         └ <member 'function' of 'HookImpl' objects>
          └ <HookImpl plugin_name='runner', plugin=<module '_pytest.runner' from 'C:\\ProgramData\\Miniconda3\\envs\\py310\\lib\\site-pac...

  File "C:\ProgramData\Miniconda3\envs\py310\lib\site-packages\_pytest\runner.py", line 118, in pytest_runtest_protocol
    runtestprotocol(item, nextitem=nextitem)
    │               │              └ <Function test_load_propagates_exception_from_retrieval_plugin>
    │               └ <Function test_load_propagates_exception_from_symbol_service>
    └ <function runtestprotocol at 0x00000222D7DA9D80>

  File "C:\ProgramData\Miniconda3\envs\py310\lib\site-packages\_pytest\runner.py", line 137, in runtestprotocol
    reports.append(call_and_report(item, "call", log))
    │       │      │               │             └ True
    │       │      │               └ <Function test_load_propagates_exception_from_symbol_service>
    │       │      └ <function call_and_report at 0x00000222D7DAA170>
    │       └ <method 'append' of 'list' objects>
    └ [<TestReport 'tests/API/CandleDataAPI/test_candle_data_api.py::test_load_propagates_exception_from_symbol_service' when='setu...

  File "C:\ProgramData\Miniconda3\envs\py310\lib\site-packages\_pytest\runner.py", line 244, in call_and_report
    call = CallInfo.from_call(
           │        └ <classmethod(<function CallInfo.from_call at 0x00000222D7DAA4D0>)>
           └ <class '_pytest.runner.CallInfo'>

  File "C:\ProgramData\Miniconda3\envs\py310\lib\site-packages\_pytest\runner.py", line 353, in from_call
    result: TResult | None = func()
            │                └ <function call_and_report.<locals>.<lambda> at 0x00000222F52275B0>
            └ +TResult

  File "C:\ProgramData\Miniconda3\envs\py310\lib\site-packages\_pytest\runner.py", line 245, in <lambda>
    lambda: runtest_hook(item=item, **kwds),
            │                 │       └ {}
            │                 └ <Function test_load_propagates_exception_from_symbol_service>
            └ <HookCaller 'pytest_runtest_call'>

  File "C:\ProgramData\Miniconda3\envs\py310\lib\site-packages\pluggy\_hooks.py", line 512, in __call__
    return self._hookexec(self.name, self._hookimpls.copy(), kwargs, firstresult)
           │    │         │    │     │    │                  │       └ False
           │    │         │    │     │    │                  └ {'item': <Function test_load_propagates_exception_from_symbol_service>}
           │    │         │    │     │    └ <member '_hookimpls' of 'HookCaller' objects>
           │    │         │    │     └ <HookCaller 'pytest_runtest_call'>
           │    │         │    └ <member 'name' of 'HookCaller' objects>
           │    │         └ <HookCaller 'pytest_runtest_call'>
           │    └ <member '_hookexec' of 'HookCaller' objects>
           └ <HookCaller 'pytest_runtest_call'>

  File "C:\ProgramData\Miniconda3\envs\py310\lib\site-packages\pluggy\_manager.py", line 120, in _hookexec
    return self._inner_hookexec(hook_name, methods, kwargs, firstresult)
           │    │               │          │        │       └ False
           │    │               │          │        └ {'item': <Function test_load_propagates_exception_from_symbol_service>}
           │    │               │          └ [<HookImpl plugin_name='threadexception', plugin=<module '_pytest.threadexception' from 'C:\\ProgramData\\Miniconda3\\envs\\p...
           │    │               └ 'pytest_runtest_call'
           │    └ <function _multicall at 0x00000222D7444B80>
           └ <_pytest.config.PytestPluginManager object at 0x00000222D70D9150>

  File "C:\ProgramData\Miniconda3\envs\py310\lib\site-packages\pluggy\_callers.py", line 121, in _multicall
    res = hook_impl.function(*args)
          │         │         └ [<Function test_load_propagates_exception_from_symbol_service>]
          │         └ <member 'function' of 'HookImpl' objects>
          └ <HookImpl plugin_name='runner', plugin=<module '_pytest.runner' from 'C:\\ProgramData\\Miniconda3\\envs\\py310\\lib\\site-pac...

  File "C:\ProgramData\Miniconda3\envs\py310\lib\site-packages\_pytest\runner.py", line 179, in pytest_runtest_call
    item.runtest()
    │    └ <function Function.runtest at 0x00000222D7EDADD0>
    └ <Function test_load_propagates_exception_from_symbol_service>

  File "C:\ProgramData\Miniconda3\envs\py310\lib\site-packages\_pytest\python.py", line 1720, in runtest
    self.ihook.pytest_pyfunc_call(pyfuncitem=self)
    │    │                                   └ <Function test_load_propagates_exception_from_symbol_service>
    │    └ <property object at 0x00000222D7D26200>
    └ <Function test_load_propagates_exception_from_symbol_service>

  File "C:\ProgramData\Miniconda3\envs\py310\lib\site-packages\pluggy\_hooks.py", line 512, in __call__
    return self._hookexec(self.name, self._hookimpls.copy(), kwargs, firstresult)
           │    │         │    │     │    │                  │       └ True
           │    │         │    │     │    │                  └ {'pyfuncitem': <Function test_load_propagates_exception_from_symbol_service>}
           │    │         │    │     │    └ <member '_hookimpls' of 'HookCaller' objects>
           │    │         │    │     └ <HookCaller 'pytest_pyfunc_call'>
           │    │         │    └ <member 'name' of 'HookCaller' objects>
           │    │         └ <HookCaller 'pytest_pyfunc_call'>
           │    └ <member '_hookexec' of 'HookCaller' objects>
           └ <HookCaller 'pytest_pyfunc_call'>

  File "C:\ProgramData\Miniconda3\envs\py310\lib\site-packages\pluggy\_manager.py", line 120, in _hookexec
    return self._inner_hookexec(hook_name, methods, kwargs, firstresult)
           │    │               │          │        │       └ True
           │    │               │          │        └ {'pyfuncitem': <Function test_load_propagates_exception_from_symbol_service>}
           │    │               │          └ [<HookImpl plugin_name='python', plugin=<module '_pytest.python' from 'C:\\ProgramData\\Miniconda3\\envs\\py310\\lib\\site-pa...
           │    │               └ 'pytest_pyfunc_call'
           │    └ <function _multicall at 0x00000222D7444B80>
           └ <_pytest.config.PytestPluginManager object at 0x00000222D70D9150>

  File "C:\ProgramData\Miniconda3\envs\py310\lib\site-packages\pluggy\_callers.py", line 121, in _multicall
    res = hook_impl.function(*args)
          │         │         └ [<Function test_load_propagates_exception_from_symbol_service>]
          │         └ <member 'function' of 'HookImpl' objects>
          └ <HookImpl plugin_name='python', plugin=<module '_pytest.python' from 'C:\\ProgramData\\Miniconda3\\envs\\py310\\lib\\site-pac...

  File "C:\ProgramData\Miniconda3\envs\py310\lib\site-packages\_pytest\python.py", line 166, in pytest_pyfunc_call
    result = testfunction(**testargs)
             │              └ {'candle_data_api': <candle_data_manager.API.CandleDataAPI.CandleDataAPI.CandleDataAPI object at 0x00000222F7544730>, 'mock_c...
             └ <function test_load_propagates_exception_from_symbol_service at 0x00000222F74BCF70>

  File "C:\Projects\CandleDataManager\tests\API\CandleDataAPI\test_candle_data_api.py", line 339, in test_load_propagates_exception_from_symbol_service
    candle_data_api.load(archetype="CRYPTO")
    │               └ <function CandleDataAPI.load at 0x00000222F74BC670>
    └ <candle_data_manager.API.CandleDataAPI.CandleDataAPI.CandleDataAPI object at 0x00000222F7544730>

> File "C:\ProgramData\Miniconda3\envs\py310\lib\site-packages\simple_logger\logger.py", line 202, in sync_wrapper
    result = func(*args, **kwargs)
             │     │       └ {'archetype': 'CRYPTO'}
             │     └ (<candle_data_manager.API.CandleDataAPI.CandleDataAPI.CandleDataAPI object at 0x00000222F7544730>,)
             └ <function CandleDataAPI.load at 0x00000222F74BC5E0>

  File "C:\Projects\CandleDataManager\src\candle_data_manager\API\CandleDataAPI\CandleDataAPI.py", line 85, in load
    symbols = self._symbol_service.find_symbols(
              │    └ <Mock spec='SymbolService' id='2349201638832'>
              └ <candle_data_manager.API.CandleDataAPI.CandleDataAPI.CandleDataAPI object at 0x00000222F7544730>

  File "C:\ProgramData\Miniconda3\envs\py310\lib\unittest\mock.py", line 1114, in __call__
    return self._mock_call(*args, **kwargs)
           │    │           │       └ {'session': <MagicMock id='2349173313056'>, 'archetype': 'CRYPTO', 'exchange': None, 'tradetype': None, 'base': None, 'quote'...
           │    │           └ ()
           │    └ <function CallableMixin._mock_call at 0x00000222DA0DD000>
           └ <Mock name='mock.find_symbols' id='2349173952896'>

  File "C:\ProgramData\Miniconda3\envs\py310\lib\unittest\mock.py", line 1118, in _mock_call
    return self._execute_mock_call(*args, **kwargs)
           │    │                   │       └ {'session': <MagicMock id='2349173313056'>, 'archetype': 'CRYPTO', 'exchange': None, 'tradetype': None, 'base': None, 'quote'...
           │    │                   └ ()
           │    └ <function CallableMixin._execute_mock_call at 0x00000222DA0DD120>
           └ <Mock name='mock.find_symbols' id='2349173952896'>

  File "C:\ProgramData\Miniconda3\envs\py310\lib\unittest\mock.py", line 1173, in _execute_mock_call
    raise effect
          └ Exception('Database error')

Exception: Database error
[26-01-20 18:47:19] [INFO    ] [CandleDataAPI|CandleDataAPI.__init__] 초기화 시작 params={'kwargs': {'connection_manager': <Mock spec='ConnectionManager' id='2349201640992'>, 'update_plugin': <Mock spec='UpdateOrchestrationPlugin' id='2349199847152'>, 'retrieval_plugin': <Mock spec='DataRetrievalPlugin' id='2349199839184'>, 'symbol_service': <Mock spec='SymbolService' id='2348708876432'>, 'market_factory': <Mock spec='MarketFactoryService' id='2348709810896'>}}
[26-01-20 18:47:19] [INFO    ] [CandleDataAPI|CandleDataAPI.__init__] 초기화 완료
[26-01-20 18:47:19] [INFO    ] [CandleDataAPI|CandleDataAPI.load] 시작 params={'kwargs': {'archetype': 'CRYPTO'}}
[26-01-20 18:47:19] [ERROR   ] [CandleDataAPI|CandleDataAPI.load] 오류 발생
Traceback (most recent call last):

  File "C:\ProgramData\Miniconda3\envs\py310\lib\runpy.py", line 196, in _run_module_as_main
    return _run_code(code, main_globals, None,
           │         │     └ {'__name__': '__main__', '__doc__': 'The pytest entry point.', '__package__': 'pytest', '__loader__': <_frozen_importlib_exte...
           │         └ <code object <module> at 0x00000222D70E9B00, file "C:\ProgramData\Miniconda3\envs\py310\lib\site-packages\pytest\__main__.py"...
           └ <function _run_code at 0x00000222D70E5240>

  File "C:\ProgramData\Miniconda3\envs\py310\lib\runpy.py", line 86, in _run_code
    exec(code, run_globals)
         │     └ {'__name__': '__main__', '__doc__': 'The pytest entry point.', '__package__': 'pytest', '__loader__': <_frozen_importlib_exte...
         └ <code object <module> at 0x00000222D70E9B00, file "C:\ProgramData\Miniconda3\envs\py310\lib\site-packages\pytest\__main__.py"...

  File "C:\ProgramData\Miniconda3\envs\py310\lib\site-packages\pytest\__main__.py", line 9, in <module>
    raise SystemExit(pytest.console_main())
                     │      └ <function console_main at 0x00000222D7CF77F0>
                     └ <module 'pytest' from 'C:\\ProgramData\\Miniconda3\\envs\\py310\\lib\\site-packages\\pytest\\__init__.py'>

  File "C:\ProgramData\Miniconda3\envs\py310\lib\site-packages\_pytest\config\__init__.py", line 221, in console_main
    code = main()
           └ <function main at 0x00000222D7CF7760>

  File "C:\ProgramData\Miniconda3\envs\py310\lib\site-packages\_pytest\config\__init__.py", line 197, in main
    ret: ExitCode | int = config.hook.pytest_cmdline_main(config=config)
         │                │      │    │                          └ <_pytest.config.Config object at 0x00000222D7F976D0>
         │                │      │    └ <HookCaller 'pytest_cmdline_main'>
         │                │      └ <_pytest.config.compat.PathAwareHookProxy object at 0x00000222D7FD0D90>
         │                └ <_pytest.config.Config object at 0x00000222D7F976D0>
         └ <enum 'ExitCode'>

  File "C:\ProgramData\Miniconda3\envs\py310\lib\site-packages\pluggy\_hooks.py", line 512, in __call__
    return self._hookexec(self.name, self._hookimpls.copy(), kwargs, firstresult)
           │    │         │    │     │    │                  │       └ True
           │    │         │    │     │    │                  └ {'config': <_pytest.config.Config object at 0x00000222D7F976D0>}
           │    │         │    │     │    └ <member '_hookimpls' of 'HookCaller' objects>
           │    │         │    │     └ <HookCaller 'pytest_cmdline_main'>
           │    │         │    └ <member 'name' of 'HookCaller' objects>
           │    │         └ <HookCaller 'pytest_cmdline_main'>
           │    └ <member '_hookexec' of 'HookCaller' objects>
           └ <HookCaller 'pytest_cmdline_main'>

  File "C:\ProgramData\Miniconda3\envs\py310\lib\site-packages\pluggy\_manager.py", line 120, in _hookexec
    return self._inner_hookexec(hook_name, methods, kwargs, firstresult)
           │    │               │          │        │       └ True
           │    │               │          │        └ {'config': <_pytest.config.Config object at 0x00000222D7F976D0>}
           │    │               │          └ [<HookImpl plugin_name='main', plugin=<module '_pytest.main' from 'C:\\ProgramData\\Miniconda3\\envs\\py310\\lib\\site-packag...
           │    │               └ 'pytest_cmdline_main'
           │    └ <function _multicall at 0x00000222D7444B80>
           └ <_pytest.config.PytestPluginManager object at 0x00000222D70D9150>

  File "C:\ProgramData\Miniconda3\envs\py310\lib\site-packages\pluggy\_callers.py", line 121, in _multicall
    res = hook_impl.function(*args)
          │         │         └ [<_pytest.config.Config object at 0x00000222D7F976D0>]
          │         └ <member 'function' of 'HookImpl' objects>
          └ <HookImpl plugin_name='main', plugin=<module '_pytest.main' from 'C:\\ProgramData\\Miniconda3\\envs\\py310\\lib\\site-package...

  File "C:\ProgramData\Miniconda3\envs\py310\lib\site-packages\_pytest\main.py", line 365, in pytest_cmdline_main
    return wrap_session(config, _main)
           │            │       └ <function _main at 0x00000222D7DAAB90>
           │            └ <_pytest.config.Config object at 0x00000222D7F976D0>
           └ <function wrap_session at 0x00000222D7DAAA70>

  File "C:\ProgramData\Miniconda3\envs\py310\lib\site-packages\_pytest\main.py", line 318, in wrap_session
    session.exitstatus = doit(config, session) or 0
    │       │            │    │       └ <Session  exitstatus=<ExitCode.OK: 0> testsfailed=0 testscollected=11>
    │       │            │    └ <_pytest.config.Config object at 0x00000222D7F976D0>
    │       │            └ <function _main at 0x00000222D7DAAB90>
    │       └ <ExitCode.OK: 0>
    └ <Session  exitstatus=<ExitCode.OK: 0> testsfailed=0 testscollected=11>

  File "C:\ProgramData\Miniconda3\envs\py310\lib\site-packages\_pytest\main.py", line 372, in _main
    config.hook.pytest_runtestloop(session=session)
    │      │    │                          └ <Session  exitstatus=<ExitCode.OK: 0> testsfailed=0 testscollected=11>
    │      │    └ <HookCaller 'pytest_runtestloop'>
    │      └ <_pytest.config.compat.PathAwareHookProxy object at 0x00000222D7FD0D90>
    └ <_pytest.config.Config object at 0x00000222D7F976D0>

  File "C:\ProgramData\Miniconda3\envs\py310\lib\site-packages\pluggy\_hooks.py", line 512, in __call__
    return self._hookexec(self.name, self._hookimpls.copy(), kwargs, firstresult)
           │    │         │    │     │    │                  │       └ True
           │    │         │    │     │    │                  └ {'session': <Session  exitstatus=<ExitCode.OK: 0> testsfailed=0 testscollected=11>}
           │    │         │    │     │    └ <member '_hookimpls' of 'HookCaller' objects>
           │    │         │    │     └ <HookCaller 'pytest_runtestloop'>
           │    │         │    └ <member 'name' of 'HookCaller' objects>
           │    │         └ <HookCaller 'pytest_runtestloop'>
           │    └ <member '_hookexec' of 'HookCaller' objects>
           └ <HookCaller 'pytest_runtestloop'>

  File "C:\ProgramData\Miniconda3\envs\py310\lib\site-packages\pluggy\_manager.py", line 120, in _hookexec
    return self._inner_hookexec(hook_name, methods, kwargs, firstresult)
           │    │               │          │        │       └ True
           │    │               │          │        └ {'session': <Session  exitstatus=<ExitCode.OK: 0> testsfailed=0 testscollected=11>}
           │    │               │          └ [<HookImpl plugin_name='main', plugin=<module '_pytest.main' from 'C:\\ProgramData\\Miniconda3\\envs\\py310\\lib\\site-packag...
           │    │               └ 'pytest_runtestloop'
           │    └ <function _multicall at 0x00000222D7444B80>
           └ <_pytest.config.PytestPluginManager object at 0x00000222D70D9150>

  File "C:\ProgramData\Miniconda3\envs\py310\lib\site-packages\pluggy\_callers.py", line 121, in _multicall
    res = hook_impl.function(*args)
          │         │         └ [<Session  exitstatus=<ExitCode.OK: 0> testsfailed=0 testscollected=11>]
          │         └ <member 'function' of 'HookImpl' objects>
          └ <HookImpl plugin_name='main', plugin=<module '_pytest.main' from 'C:\\ProgramData\\Miniconda3\\envs\\py310\\lib\\site-package...

  File "C:\ProgramData\Miniconda3\envs\py310\lib\site-packages\_pytest\main.py", line 396, in pytest_runtestloop
    item.config.hook.pytest_runtest_protocol(item=item, nextitem=nextitem)
    │    │                                        │              └ None
    │    │                                        └ <Function test_load_propagates_exception_from_retrieval_plugin>
    │    └ <member 'config' of 'Node' objects>
    └ <Function test_load_propagates_exception_from_retrieval_plugin>

  File "C:\ProgramData\Miniconda3\envs\py310\lib\site-packages\pluggy\_hooks.py", line 512, in __call__
    return self._hookexec(self.name, self._hookimpls.copy(), kwargs, firstresult)
           │    │         │    │     │    │                  │       └ True
           │    │         │    │     │    │                  └ {'item': <Function test_load_propagates_exception_from_retrieval_plugin>, 'nextitem': None}
           │    │         │    │     │    └ <member '_hookimpls' of 'HookCaller' objects>
           │    │         │    │     └ <HookCaller 'pytest_runtest_protocol'>
           │    │         │    └ <member 'name' of 'HookCaller' objects>
           │    │         └ <HookCaller 'pytest_runtest_protocol'>
           │    └ <member '_hookexec' of 'HookCaller' objects>
           └ <HookCaller 'pytest_runtest_protocol'>

  File "C:\ProgramData\Miniconda3\envs\py310\lib\site-packages\pluggy\_manager.py", line 120, in _hookexec
    return self._inner_hookexec(hook_name, methods, kwargs, firstresult)
           │    │               │          │        │       └ True
           │    │               │          │        └ {'item': <Function test_load_propagates_exception_from_retrieval_plugin>, 'nextitem': None}
           │    │               │          └ [<HookImpl plugin_name='runner', plugin=<module '_pytest.runner' from 'C:\\ProgramData\\Miniconda3\\envs\\py310\\lib\\site-pa...
           │    │               └ 'pytest_runtest_protocol'
           │    └ <function _multicall at 0x00000222D7444B80>
           └ <_pytest.config.PytestPluginManager object at 0x00000222D70D9150>

  File "C:\ProgramData\Miniconda3\envs\py310\lib\site-packages\pluggy\_callers.py", line 121, in _multicall
    res = hook_impl.function(*args)
          │         │         └ [<Function test_load_propagates_exception_from_retrieval_plugin>, None]
          │         └ <member 'function' of 'HookImpl' objects>
          └ <HookImpl plugin_name='runner', plugin=<module '_pytest.runner' from 'C:\\ProgramData\\Miniconda3\\envs\\py310\\lib\\site-pac...

  File "C:\ProgramData\Miniconda3\envs\py310\lib\site-packages\_pytest\runner.py", line 118, in pytest_runtest_protocol
    runtestprotocol(item, nextitem=nextitem)
    │               │              └ None
    │               └ <Function test_load_propagates_exception_from_retrieval_plugin>
    └ <function runtestprotocol at 0x00000222D7DA9D80>

  File "C:\ProgramData\Miniconda3\envs\py310\lib\site-packages\_pytest\runner.py", line 137, in runtestprotocol
    reports.append(call_and_report(item, "call", log))
    │       │      │               │             └ True
    │       │      │               └ <Function test_load_propagates_exception_from_retrieval_plugin>
    │       │      └ <function call_and_report at 0x00000222D7DAA170>
    │       └ <method 'append' of 'list' objects>
    └ [<TestReport 'tests/API/CandleDataAPI/test_candle_data_api.py::test_load_propagates_exception_from_retrieval_plugin' when='se...

  File "C:\ProgramData\Miniconda3\envs\py310\lib\site-packages\_pytest\runner.py", line 244, in call_and_report
    call = CallInfo.from_call(
           │        └ <classmethod(<function CallInfo.from_call at 0x00000222D7DAA4D0>)>
           └ <class '_pytest.runner.CallInfo'>

  File "C:\ProgramData\Miniconda3\envs\py310\lib\site-packages\_pytest\runner.py", line 353, in from_call
    result: TResult | None = func()
            │                └ <function call_and_report.<locals>.<lambda> at 0x00000222F47231C0>
            └ +TResult

  File "C:\ProgramData\Miniconda3\envs\py310\lib\site-packages\_pytest\runner.py", line 245, in <lambda>
    lambda: runtest_hook(item=item, **kwds),
            │                 │       └ {}
            │                 └ <Function test_load_propagates_exception_from_retrieval_plugin>
            └ <HookCaller 'pytest_runtest_call'>

  File "C:\ProgramData\Miniconda3\envs\py310\lib\site-packages\pluggy\_hooks.py", line 512, in __call__
    return self._hookexec(self.name, self._hookimpls.copy(), kwargs, firstresult)
           │    │         │    │     │    │                  │       └ False
           │    │         │    │     │    │                  └ {'item': <Function test_load_propagates_exception_from_retrieval_plugin>}
           │    │         │    │     │    └ <member '_hookimpls' of 'HookCaller' objects>
           │    │         │    │     └ <HookCaller 'pytest_runtest_call'>
           │    │         │    └ <member 'name' of 'HookCaller' objects>
           │    │         └ <HookCaller 'pytest_runtest_call'>
           │    └ <member '_hookexec' of 'HookCaller' objects>
           └ <HookCaller 'pytest_runtest_call'>

  File "C:\ProgramData\Miniconda3\envs\py310\lib\site-packages\pluggy\_manager.py", line 120, in _hookexec
    return self._inner_hookexec(hook_name, methods, kwargs, firstresult)
           │    │               │          │        │       └ False
           │    │               │          │        └ {'item': <Function test_load_propagates_exception_from_retrieval_plugin>}
           │    │               │          └ [<HookImpl plugin_name='threadexception', plugin=<module '_pytest.threadexception' from 'C:\\ProgramData\\Miniconda3\\envs\\p...
           │    │               └ 'pytest_runtest_call'
           │    └ <function _multicall at 0x00000222D7444B80>
           └ <_pytest.config.PytestPluginManager object at 0x00000222D70D9150>

  File "C:\ProgramData\Miniconda3\envs\py310\lib\site-packages\pluggy\_callers.py", line 121, in _multicall
    res = hook_impl.function(*args)
          │         │         └ [<Function test_load_propagates_exception_from_retrieval_plugin>]
          │         └ <member 'function' of 'HookImpl' objects>
          └ <HookImpl plugin_name='runner', plugin=<module '_pytest.runner' from 'C:\\ProgramData\\Miniconda3\\envs\\py310\\lib\\site-pac...

  File "C:\ProgramData\Miniconda3\envs\py310\lib\site-packages\_pytest\runner.py", line 179, in pytest_runtest_call
    item.runtest()
    │    └ <function Function.runtest at 0x00000222D7EDADD0>
    └ <Function test_load_propagates_exception_from_retrieval_plugin>

  File "C:\ProgramData\Miniconda3\envs\py310\lib\site-packages\_pytest\python.py", line 1720, in runtest
    self.ihook.pytest_pyfunc_call(pyfuncitem=self)
    │    │                                   └ <Function test_load_propagates_exception_from_retrieval_plugin>
    │    └ <property object at 0x00000222D7D26200>
    └ <Function test_load_propagates_exception_from_retrieval_plugin>

  File "C:\ProgramData\Miniconda3\envs\py310\lib\site-packages\pluggy\_hooks.py", line 512, in __call__
    return self._hookexec(self.name, self._hookimpls.copy(), kwargs, firstresult)
           │    │         │    │     │    │                  │       └ True
           │    │         │    │     │    │                  └ {'pyfuncitem': <Function test_load_propagates_exception_from_retrieval_plugin>}
           │    │         │    │     │    └ <member '_hookimpls' of 'HookCaller' objects>
           │    │         │    │     └ <HookCaller 'pytest_pyfunc_call'>
           │    │         │    └ <member 'name' of 'HookCaller' objects>
           │    │         └ <HookCaller 'pytest_pyfunc_call'>
           │    └ <member '_hookexec' of 'HookCaller' objects>
           └ <HookCaller 'pytest_pyfunc_call'>

  File "C:\ProgramData\Miniconda3\envs\py310\lib\site-packages\pluggy\_manager.py", line 120, in _hookexec
    return self._inner_hookexec(hook_name, methods, kwargs, firstresult)
           │    │               │          │        │       └ True
           │    │               │          │        └ {'pyfuncitem': <Function test_load_propagates_exception_from_retrieval_plugin>}
           │    │               │          └ [<HookImpl plugin_name='python', plugin=<module '_pytest.python' from 'C:\\ProgramData\\Miniconda3\\envs\\py310\\lib\\site-pa...
           │    │               └ 'pytest_pyfunc_call'
           │    └ <function _multicall at 0x00000222D7444B80>
           └ <_pytest.config.PytestPluginManager object at 0x00000222D70D9150>

  File "C:\ProgramData\Miniconda3\envs\py310\lib\site-packages\pluggy\_callers.py", line 121, in _multicall
    res = hook_impl.function(*args)
          │         │         └ [<Function test_load_propagates_exception_from_retrieval_plugin>]
          │         └ <member 'function' of 'HookImpl' objects>
          └ <HookImpl plugin_name='python', plugin=<module '_pytest.python' from 'C:\\ProgramData\\Miniconda3\\envs\\py310\\lib\\site-pac...

  File "C:\ProgramData\Miniconda3\envs\py310\lib\site-packages\_pytest\python.py", line 166, in pytest_pyfunc_call
    result = testfunction(**testargs)
             │              └ {'candle_data_api': <candle_data_manager.API.CandleDataAPI.CandleDataAPI.CandleDataAPI object at 0x00000222DA038F10>, 'mock_c...
             └ <function test_load_propagates_exception_from_retrieval_plugin at 0x00000222F74BD000>

  File "C:\Projects\CandleDataManager\tests\API\CandleDataAPI\test_candle_data_api.py", line 357, in test_load_propagates_exception_from_retrieval_plugin
    candle_data_api.load(archetype="CRYPTO")
    │               └ <function CandleDataAPI.load at 0x00000222F74BC670>
    └ <candle_data_manager.API.CandleDataAPI.CandleDataAPI.CandleDataAPI object at 0x00000222DA038F10>

> File "C:\ProgramData\Miniconda3\envs\py310\lib\site-packages\simple_logger\logger.py", line 202, in sync_wrapper
    result = func(*args, **kwargs)
             │     │       └ {'archetype': 'CRYPTO'}
             │     └ (<candle_data_manager.API.CandleDataAPI.CandleDataAPI.CandleDataAPI object at 0x00000222DA038F10>,)
             └ <function CandleDataAPI.load at 0x00000222F74BC5E0>

  File "C:\Projects\CandleDataManager\src\candle_data_manager\API\CandleDataAPI\CandleDataAPI.py", line 103, in load
    df = self._retrieval_plugin.load_with_auto_fetch(
         │    └ <Mock spec='DataRetrievalPlugin' id='2349199839184'>
         └ <candle_data_manager.API.CandleDataAPI.CandleDataAPI.CandleDataAPI object at 0x00000222DA038F10>

  File "C:\ProgramData\Miniconda3\envs\py310\lib\unittest\mock.py", line 1114, in __call__
    return self._mock_call(*args, **kwargs)
           │    │           │       └ {'symbol': <candle_data_manager.Core.Models.Symbol.Symbol object at 0x00000222DA038CA0>, 'start_at': 0, 'end_at': 1768902439}
           │    │           └ ()
           │    └ <function CallableMixin._mock_call at 0x00000222DA0DD000>
           └ <Mock name='mock.load_with_auto_fetch' id='2348709810272'>

  File "C:\ProgramData\Miniconda3\envs\py310\lib\unittest\mock.py", line 1118, in _mock_call
    return self._execute_mock_call(*args, **kwargs)
           │    │                   │       └ {'symbol': <candle_data_manager.Core.Models.Symbol.Symbol object at 0x00000222DA038CA0>, 'start_at': 0, 'end_at': 1768902439}
           │    │                   └ ()
           │    └ <function CallableMixin._execute_mock_call at 0x00000222DA0DD120>
           └ <Mock name='mock.load_with_auto_fetch' id='2348709810272'>

  File "C:\ProgramData\Miniconda3\envs\py310\lib\unittest\mock.py", line 1173, in _execute_mock_call
    raise effect
          └ Exception('Fetch error')

Exception: Fetch error
