<?xml version="1.0" encoding="utf-8"?><testsuites name="pytest tests"><testsuite name="pytest" errors="0" failures="0" skipped="0" tests="27" time="0.538" timestamp="2026-01-20T13:04:13.274347+00:00" hostname="runner-jlguopmmv-project-77833433-concurrent-0"><testcase classname="tests.test_version_calc.TestParseCalverTag" name="test_parse_valid_tag_with_v_prefix" time="0.002" /><testcase classname="tests.test_version_calc.TestParseCalverTag" name="test_parse_valid_tag_without_v_prefix" time="0.001" /><testcase classname="tests.test_version_calc.TestParseCalverTag" name="test_parse_invalid_tag_format" time="0.001" /><testcase classname="tests.test_version_calc.TestParseCalverTag" name="test_parse_invalid_date_values" time="0.001" /><testcase classname="tests.test_version_calc.TestParseCalverTag" name="test_parse_invalid_micro" time="0.001" /><testcase classname="tests.test_version_calc.TestValidateVersionFormat" name="test_validate_valid_versions" time="0.001" /><testcase classname="tests.test_version_calc.TestValidateVersionFormat" name="test_validate_invalid_versions" time="0.001" /><testcase classname="tests.test_version_calc.TestGetCurrentDate" name="test_get_current_date_format" time="0.001" /><testcase classname="tests.test_version_calc.TestGetGitTags" name="test_get_git_tags_success" time="0.005" /><testcase classname="tests.test_version_calc.TestGetGitTags" name="test_get_git_tags_failure" time="0.001" /><testcase classname="tests.test_version_calc.TestCalculateNextVersion" name="test_calculate_next_version_no_tags" time="0.001" /><testcase classname="tests.test_version_calc.TestCalculateNextVersion" name="test_calculate_next_version_with_tags_same_date" time="0.001" /><testcase classname="tests.test_version_calc.TestCalculateNextVersion" name="test_calculate_next_version_with_tags_different_date" time="0.001" /><testcase classname="tests.test_version_calc.TestCalculateNextVersion" name="test_calculate_next_version_ignores_invalid_tags" time="0.001" /><testcase classname="tests.test_version_calc.TestPEP440Compliance" name="test_check_pep440_valid_version" time="0.014" /><testcase classname="tests.test_version_cli.TestVersionCalc" name="test_version_calc_success" time="0.001" /><testcase classname="tests.test_version_cli.TestVersionCalc" name="test_version_calc_json_output" time="0.002" /><testcase classname="tests.test_version_cli.TestVersionCheck" name="test_version_check_package_version" time="0.002" /><testcase classname="tests.test_version_cli.TestVersionCheck" name="test_version_check_no_versions" time="0.002" /><testcase classname="tests.test_version_cli.TestVersionValidate" name="test_version_validate_valid" time="0.001" /><testcase classname="tests.test_version_cli.TestVersionValidate" name="test_version_validate_invalid_format" time="0.001" /><testcase classname="tests.test_version_cli.TestVersionValidate" name="test_version_validate_missing_version" time="0.001" /><testcase classname="tests.test_version_cli.TestVersionCompare" name="test_version_compare_less_than" time="0.001" /><testcase classname="tests.test_version_cli.TestVersionCompare" name="test_version_compare_equal" time="0.001" /><testcase classname="tests.test_version_cli.TestVersionCompare" name="test_version_compare_invalid_version" time="0.001" /><testcase classname="tests.test_version_cli.TestVersionCompare" name="test_version_compare_wrong_number_of_versions" time="0.001" /><testcase classname="tests.test_version_cli.TestVersionInfo" name="test_version_info_success" time="0.002" /></testsuite></testsuites>