[
  {
    "className": "LoginTests",
    "name": "Successful Login",
    "description": "Test login functionality",
    "startTime": 1705658400000,
    "endTime": 1705658402000,
    "status": "pass",
    "categoryList": [
      "smoke"
    ],
    "deviceList": [
      "Chrome"
    ],
    "logList": [
      {
        "status": "pass",
        "details": "Navigated to login page"
      },
      {
        "status": "pass",
        "details": "Entered credentials"
      }
    ]
  },
  {
    "className": "LoginTests",
    "name": "Failed Login",
    "description": "Test login functionality",
    "startTime": 1705658402000,
    "endTime": 1705658405000,
    "status": "fail",
    "categoryList": [
      "smoke"
    ],
    "deviceList": [
      "Chrome"
    ],
    "logList": [
      {
        "status": "pass",
        "details": "Navigated to login page"
      },
      {
        "status": "fail",
        "details": "Invalid credentials error not shown",
        "exceptionInfo": {
          "className": "java.lang.AssertionError",
          "stackTrace": "java.lang.AssertionError: expected [true] but found [false]"
        }
      }
    ]
  }
]